2024-03-12T21:34:22.654+0900 LOG                  app.ts:28 (getOrigins               ) 00000000-0000-0000-0000-000000000000 [] origins: ["http://localhost:3000"]
2024-03-12T21:38:01.701+0900 LOG                  app.ts:28 (getOrigins               ) 00000000-0000-0000-0000-000000000000 [] origins: ["http://localhost:3000"]
2024-03-12T21:38:01.848+0900 LOG                mysql.ts:84 (Object.<anonymous>       ) 00000000-0000-0000-0000-000000000000 [] MySQL Connection has been established successfully.
2024-03-12T21:38:01.849+0900 LOG                  app.ts:68 (Server.<anonymous>       ) 00000000-0000-0000-0000-000000000000 [] [ v1.0.0, .env ] =========================================
2024-03-12T21:38:01.849+0900 LOG                  app.ts:70 (Server.<anonymous>       ) 00000000-0000-0000-0000-000000000000 [] ----------------------------------------------
2024-03-12T21:38:01.849+0900 LOG                  app.ts:71 (Server.<anonymous>       ) 00000000-0000-0000-0000-000000000000 [] 🚀 App listening on the port 3000
2024-03-12T21:38:01.850+0900 LOG                  app.ts:72 (Server.<anonymous>       ) 00000000-0000-0000-0000-000000000000 [] ==============================================
2024-03-12T21:45:16.671+0900 LOG                  app.ts:28 (getOrigins               ) 00000000-0000-0000-0000-000000000000 [] origins: ["http://localhost:3000"]
2024-03-12T21:45:16.781+0900 LOG                mysql.ts:84 (Object.<anonymous>       ) 00000000-0000-0000-0000-000000000000 [] MySQL Connection has been established successfully.
2024-03-12T21:45:16.781+0900 LOG                  app.ts:68 (Server.<anonymous>       ) 00000000-0000-0000-0000-000000000000 [] [ v1.0.0, .env ] =========================================
2024-03-12T21:45:16.782+0900 LOG                  app.ts:70 (Server.<anonymous>       ) 00000000-0000-0000-0000-000000000000 [] ----------------------------------------------
2024-03-12T21:45:16.782+0900 LOG                  app.ts:71 (Server.<anonymous>       ) 00000000-0000-0000-0000-000000000000 [] 🚀 App listening on the port 3000
2024-03-12T21:45:16.782+0900 LOG                  app.ts:72 (Server.<anonymous>       ) 00000000-0000-0000-0000-000000000000 [] ==============================================
2024-03-12T21:45:25.117+0900 LOG                  app.ts:28 (getOrigins               ) 00000000-0000-0000-0000-000000000000 [] origins: ["http://localhost:3000"]
2024-03-12T21:45:25.174+0900 LOG                mysql.ts:84 (Object.<anonymous>       ) 00000000-0000-0000-0000-000000000000 [] MySQL Connection has been established successfully.
2024-03-12T21:45:25.174+0900 LOG                  app.ts:68 (Server.<anonymous>       ) 00000000-0000-0000-0000-000000000000 [] [ v1.0.0, .env ] =========================================
2024-03-12T21:45:25.175+0900 LOG                  app.ts:70 (Server.<anonymous>       ) 00000000-0000-0000-0000-000000000000 [] ----------------------------------------------
2024-03-12T21:45:25.175+0900 LOG                  app.ts:71 (Server.<anonymous>       ) 00000000-0000-0000-0000-000000000000 [] 🚀 App listening on the port 3000
2024-03-12T21:45:25.175+0900 LOG                  app.ts:72 (Server.<anonymous>       ) 00000000-0000-0000-0000-000000000000 [] ==============================================
2024-03-12T21:45:40.230+0900 LOG                  app.ts:28 (getOrigins               ) 00000000-0000-0000-0000-000000000000 [] origins: ["http://localhost:3000"]
2024-03-12T21:45:40.278+0900 LOG                mysql.ts:84 (Object.<anonymous>       ) 00000000-0000-0000-0000-000000000000 [] MySQL Connection has been established successfully.
2024-03-12T21:45:40.279+0900 LOG                  app.ts:68 (Server.<anonymous>       ) 00000000-0000-0000-0000-000000000000 [] [ v1.0.0, .env ] =========================================
2024-03-12T21:45:40.279+0900 LOG                  app.ts:70 (Server.<anonymous>       ) 00000000-0000-0000-0000-000000000000 [] ----------------------------------------------
2024-03-12T21:45:40.279+0900 LOG                  app.ts:71 (Server.<anonymous>       ) 00000000-0000-0000-0000-000000000000 [] 🚀 App listening on the port 3000
2024-03-12T21:45:40.280+0900 LOG                  app.ts:72 (Server.<anonymous>       ) 00000000-0000-0000-0000-000000000000 [] ==============================================
2024-03-12T21:46:22.322+0900 LOG                  app.ts:28 (getOrigins               ) 00000000-0000-0000-0000-000000000000 [] origins: ["http://localhost:3000"]
2024-03-12T21:46:22.372+0900 LOG                mysql.ts:84 (Object.<anonymous>       ) 00000000-0000-0000-0000-000000000000 [] MySQL Connection has been established successfully.
2024-03-12T21:46:22.372+0900 LOG                  app.ts:68 (Server.<anonymous>       ) 00000000-0000-0000-0000-000000000000 [] [ v1.0.0, .env ] =========================================
2024-03-12T21:46:22.372+0900 LOG                  app.ts:70 (Server.<anonymous>       ) 00000000-0000-0000-0000-000000000000 [] ----------------------------------------------
2024-03-12T21:46:22.373+0900 LOG                  app.ts:71 (Server.<anonymous>       ) 00000000-0000-0000-0000-000000000000 [] 🚀 App listening on the port 3000
2024-03-12T21:46:22.373+0900 LOG                  app.ts:72 (Server.<anonymous>       ) 00000000-0000-0000-0000-000000000000 [] ==============================================
2024-03-12T21:46:48.163+0900 LOG                  app.ts:28 (getOrigins               ) 00000000-0000-0000-0000-000000000000 [] origins: ["http://localhost:3000"]
2024-03-12T21:46:48.304+0900 LOG                mysql.ts:84 (Object.<anonymous>       ) 00000000-0000-0000-0000-000000000000 [] MySQL Connection has been established successfully.
2024-03-12T21:46:48.305+0900 LOG                  app.ts:68 (Server.<anonymous>       ) 00000000-0000-0000-0000-000000000000 [] [ v1.0.0, .env ] =========================================
2024-03-12T21:46:48.305+0900 LOG                  app.ts:70 (Server.<anonymous>       ) 00000000-0000-0000-0000-000000000000 [] ----------------------------------------------
2024-03-12T21:46:48.306+0900 LOG                  app.ts:71 (Server.<anonymous>       ) 00000000-0000-0000-0000-000000000000 [] 🚀 App listening on the port 3000
2024-03-12T21:46:48.306+0900 LOG                  app.ts:72 (Server.<anonymous>       ) 00000000-0000-0000-0000-000000000000 [] ==============================================
2024-03-12T21:46:56.443+0900 LOG                  app.ts:28 (getOrigins               ) 00000000-0000-0000-0000-000000000000 [] origins: ["http://localhost:3000"]
2024-03-12T21:46:56.506+0900 LOG                mysql.ts:84 (Object.<anonymous>       ) 00000000-0000-0000-0000-000000000000 [] MySQL Connection has been established successfully.
2024-03-12T21:46:56.506+0900 LOG                  app.ts:68 (Server.<anonymous>       ) 00000000-0000-0000-0000-000000000000 [] [ v1.0.0, .env ] =========================================
2024-03-12T21:46:56.507+0900 LOG                  app.ts:70 (Server.<anonymous>       ) 00000000-0000-0000-0000-000000000000 [] ----------------------------------------------
2024-03-12T21:46:56.507+0900 LOG                  app.ts:71 (Server.<anonymous>       ) 00000000-0000-0000-0000-000000000000 [] 🚀 App listening on the port 3000
2024-03-12T21:46:56.507+0900 LOG                  app.ts:72 (Server.<anonymous>       ) 00000000-0000-0000-0000-000000000000 [] ==============================================
2024-03-12T21:47:04.032+0900 LOG                  app.ts:28 (getOrigins               ) 00000000-0000-0000-0000-000000000000 [] origins: ["http://localhost:3000"]
2024-03-12T21:47:04.090+0900 LOG                mysql.ts:84 (Object.<anonymous>       ) 00000000-0000-0000-0000-000000000000 [] MySQL Connection has been established successfully.
2024-03-12T21:47:04.090+0900 LOG                  app.ts:68 (Server.<anonymous>       ) 00000000-0000-0000-0000-000000000000 [] [ v1.0.0, .env ] =========================================
2024-03-12T21:47:04.091+0900 LOG                  app.ts:70 (Server.<anonymous>       ) 00000000-0000-0000-0000-000000000000 [] ----------------------------------------------
2024-03-12T21:47:04.091+0900 LOG                  app.ts:71 (Server.<anonymous>       ) 00000000-0000-0000-0000-000000000000 [] 🚀 App listening on the port 3000
2024-03-12T21:47:04.091+0900 LOG                  app.ts:72 (Server.<anonymous>       ) 00000000-0000-0000-0000-000000000000 [] ==============================================
2024-03-12T21:47:34.600+0900 LOG                  app.ts:28 (getOrigins               ) 00000000-0000-0000-0000-000000000000 [] origins: ["http://localhost:3000"]
2024-03-12T21:47:34.650+0900 LOG                mysql.ts:84 (Object.<anonymous>       ) 00000000-0000-0000-0000-000000000000 [] MySQL Connection has been established successfully.
2024-03-12T21:47:34.650+0900 LOG                  app.ts:68 (Server.<anonymous>       ) 00000000-0000-0000-0000-000000000000 [] [ v1.0.0, .env ] =========================================
2024-03-12T21:47:34.650+0900 LOG                  app.ts:70 (Server.<anonymous>       ) 00000000-0000-0000-0000-000000000000 [] ----------------------------------------------
2024-03-12T21:47:34.651+0900 LOG                  app.ts:71 (Server.<anonymous>       ) 00000000-0000-0000-0000-000000000000 [] 🚀 App listening on the port 3000
2024-03-12T21:47:34.651+0900 LOG                  app.ts:72 (Server.<anonymous>       ) 00000000-0000-0000-0000-000000000000 [] ==============================================
2024-03-12T21:47:43.862+0900 LOG                  app.ts:28 (getOrigins               ) 00000000-0000-0000-0000-000000000000 [] origins: ["http://localhost:3000"]
2024-03-12T21:47:43.902+0900 LOG                mysql.ts:84 (Object.<anonymous>       ) 00000000-0000-0000-0000-000000000000 [] MySQL Connection has been established successfully.
2024-03-12T21:47:43.903+0900 LOG                  app.ts:68 (Server.<anonymous>       ) 00000000-0000-0000-0000-000000000000 [] [ v1.0.0, .env ] =========================================
2024-03-12T21:47:43.903+0900 LOG                  app.ts:70 (Server.<anonymous>       ) 00000000-0000-0000-0000-000000000000 [] ----------------------------------------------
2024-03-12T21:47:43.903+0900 LOG                  app.ts:71 (Server.<anonymous>       ) 00000000-0000-0000-0000-000000000000 [] 🚀 App listening on the port 3000
2024-03-12T21:47:43.904+0900 LOG                  app.ts:72 (Server.<anonymous>       ) 00000000-0000-0000-0000-000000000000 [] ==============================================
2024-03-12T21:48:30.998+0900 LOG                  app.ts:28 (getOrigins               ) 00000000-0000-0000-0000-000000000000 [] origins: ["http://localhost:3000"]
2024-03-12T21:48:31.055+0900 LOG                mysql.ts:84 (Object.<anonymous>       ) 00000000-0000-0000-0000-000000000000 [] MySQL Connection has been established successfully.
2024-03-12T21:48:31.055+0900 LOG                  app.ts:68 (Server.<anonymous>       ) 00000000-0000-0000-0000-000000000000 [] [ v1.0.0, .env ] =========================================
2024-03-12T21:48:31.056+0900 LOG                  app.ts:70 (Server.<anonymous>       ) 00000000-0000-0000-0000-000000000000 [] ----------------------------------------------
2024-03-12T21:48:31.056+0900 LOG                  app.ts:71 (Server.<anonymous>       ) 00000000-0000-0000-0000-000000000000 [] 🚀 App listening on the port 3000
2024-03-12T21:48:31.056+0900 LOG                  app.ts:72 (Server.<anonymous>       ) 00000000-0000-0000-0000-000000000000 [] ==============================================
2024-03-12T21:50:06.060+0900 LOG                  app.ts:28 (getOrigins               ) 00000000-0000-0000-0000-000000000000 [] origins: ["http://localhost:3000"]
2024-03-12T21:50:06.168+0900 LOG                mysql.ts:84 (Object.<anonymous>       ) 00000000-0000-0000-0000-000000000000 [] MySQL Connection has been established successfully.
2024-03-12T21:50:06.169+0900 LOG                  app.ts:68 (Server.<anonymous>       ) 00000000-0000-0000-0000-000000000000 [] [ v1.0.0, .env ] =========================================
2024-03-12T21:50:06.169+0900 LOG                  app.ts:70 (Server.<anonymous>       ) 00000000-0000-0000-0000-000000000000 [] ----------------------------------------------
2024-03-12T21:50:06.169+0900 LOG                  app.ts:71 (Server.<anonymous>       ) 00000000-0000-0000-0000-000000000000 [] 🚀 App listening on the port 3000
2024-03-12T21:50:06.170+0900 LOG                  app.ts:72 (Server.<anonymous>       ) 00000000-0000-0000-0000-000000000000 [] ==============================================
2024-03-12T21:51:56.376+0900 LOG                  app.ts:28 (getOrigins               ) 00000000-0000-0000-0000-000000000000 [] origins: ["http://localhost:3000"]
2024-03-12T21:51:56.463+0900 LOG                mysql.ts:84 (Object.<anonymous>       ) 00000000-0000-0000-0000-000000000000 [] MySQL Connection has been established successfully.
2024-03-12T21:51:56.463+0900 LOG                  app.ts:68 (Server.<anonymous>       ) 00000000-0000-0000-0000-000000000000 [] [ v1.0.0, .env ] =========================================
2024-03-12T21:51:56.463+0900 LOG                  app.ts:70 (Server.<anonymous>       ) 00000000-0000-0000-0000-000000000000 [] ----------------------------------------------
2024-03-12T21:51:56.464+0900 LOG                  app.ts:71 (Server.<anonymous>       ) 00000000-0000-0000-0000-000000000000 [] 🚀 App listening on the port 3000
2024-03-12T21:51:56.464+0900 LOG                  app.ts:72 (Server.<anonymous>       ) 00000000-0000-0000-0000-000000000000 [] ==============================================
2024-03-12T21:52:37.926+0900 LOG                  app.ts:28 (getOrigins               ) 00000000-0000-0000-0000-000000000000 [] origins: ["http://localhost:3000"]
2024-03-12T21:52:37.983+0900 LOG                mysql.ts:84 (Object.<anonymous>       ) 00000000-0000-0000-0000-000000000000 [] MySQL Connection has been established successfully.
2024-03-12T21:52:37.984+0900 LOG                  app.ts:68 (Server.<anonymous>       ) 00000000-0000-0000-0000-000000000000 [] [ v1.0.0, .env ] =========================================
2024-03-12T21:52:37.984+0900 LOG                  app.ts:70 (Server.<anonymous>       ) 00000000-0000-0000-0000-000000000000 [] ----------------------------------------------
2024-03-12T21:52:37.985+0900 LOG                  app.ts:71 (Server.<anonymous>       ) 00000000-0000-0000-0000-000000000000 [] 🚀 App listening on the port 3000
2024-03-12T21:52:37.985+0900 LOG                  app.ts:72 (Server.<anonymous>       ) 00000000-0000-0000-0000-000000000000 [] ==============================================
2024-03-12T21:52:44.960+0900 LOG                  app.ts:28 (getOrigins               ) 00000000-0000-0000-0000-000000000000 [] origins: ["http://localhost:3000"]
2024-03-12T21:52:45.017+0900 LOG                mysql.ts:84 (Object.<anonymous>       ) 00000000-0000-0000-0000-000000000000 [] MySQL Connection has been established successfully.
2024-03-12T21:52:45.018+0900 LOG                  app.ts:68 (Server.<anonymous>       ) 00000000-0000-0000-0000-000000000000 [] [ v1.0.0, .env ] =========================================
2024-03-12T21:52:45.018+0900 LOG                  app.ts:70 (Server.<anonymous>       ) 00000000-0000-0000-0000-000000000000 [] ----------------------------------------------
2024-03-12T21:52:45.018+0900 LOG                  app.ts:71 (Server.<anonymous>       ) 00000000-0000-0000-0000-000000000000 [] 🚀 App listening on the port 3000
2024-03-12T21:52:45.018+0900 LOG                  app.ts:72 (Server.<anonymous>       ) 00000000-0000-0000-0000-000000000000 [] ==============================================
2024-03-12T21:52:50.573+0900 LOG                  app.ts:28 (getOrigins               ) 00000000-0000-0000-0000-000000000000 [] origins: ["http://localhost:3000"]
2024-03-12T21:52:50.625+0900 LOG                mysql.ts:84 (Object.<anonymous>       ) 00000000-0000-0000-0000-000000000000 [] MySQL Connection has been established successfully.
2024-03-12T21:52:50.626+0900 LOG                  app.ts:68 (Server.<anonymous>       ) 00000000-0000-0000-0000-000000000000 [] [ v1.0.0, .env ] =========================================
2024-03-12T21:52:50.626+0900 LOG                  app.ts:70 (Server.<anonymous>       ) 00000000-0000-0000-0000-000000000000 [] ----------------------------------------------
2024-03-12T21:52:50.626+0900 LOG                  app.ts:71 (Server.<anonymous>       ) 00000000-0000-0000-0000-000000000000 [] 🚀 App listening on the port 3000
2024-03-12T21:52:50.627+0900 LOG                  app.ts:72 (Server.<anonymous>       ) 00000000-0000-0000-0000-000000000000 [] ==============================================
2024-03-12T21:52:56.057+0900 LOG                  app.ts:28 (getOrigins               ) 00000000-0000-0000-0000-000000000000 [] origins: ["http://localhost:3000"]
2024-03-12T21:52:56.095+0900 LOG                mysql.ts:84 (Object.<anonymous>       ) 00000000-0000-0000-0000-000000000000 [] MySQL Connection has been established successfully.
2024-03-12T21:52:56.096+0900 LOG                  app.ts:68 (Server.<anonymous>       ) 00000000-0000-0000-0000-000000000000 [] [ v1.0.0, .env ] =========================================
2024-03-12T21:52:56.096+0900 LOG                  app.ts:70 (Server.<anonymous>       ) 00000000-0000-0000-0000-000000000000 [] ----------------------------------------------
2024-03-12T21:52:56.096+0900 LOG                  app.ts:71 (Server.<anonymous>       ) 00000000-0000-0000-0000-000000000000 [] 🚀 App listening on the port 3000
2024-03-12T21:52:56.097+0900 LOG                  app.ts:72 (Server.<anonymous>       ) 00000000-0000-0000-0000-000000000000 [] ==============================================
2024-03-12T21:53:30.604+0900 LOG                  app.ts:28 (getOrigins               ) 00000000-0000-0000-0000-000000000000 [] origins: ["http://localhost:3000"]
2024-03-12T21:53:30.660+0900 LOG                mysql.ts:84 (Object.<anonymous>       ) 00000000-0000-0000-0000-000000000000 [] MySQL Connection has been established successfully.
2024-03-12T21:53:30.660+0900 LOG                  app.ts:68 (Server.<anonymous>       ) 00000000-0000-0000-0000-000000000000 [] [ v1.0.0, .env ] =========================================
2024-03-12T21:53:30.661+0900 LOG                  app.ts:70 (Server.<anonymous>       ) 00000000-0000-0000-0000-000000000000 [] ----------------------------------------------
2024-03-12T21:53:30.661+0900 LOG                  app.ts:71 (Server.<anonymous>       ) 00000000-0000-0000-0000-000000000000 [] 🚀 App listening on the port 3000
2024-03-12T21:53:30.661+0900 LOG                  app.ts:72 (Server.<anonymous>       ) 00000000-0000-0000-0000-000000000000 [] ==============================================
2024-03-12T21:55:14.871+0900 LOG                  app.ts:28 (getOrigins               ) 00000000-0000-0000-0000-000000000000 [] origins: ["http://localhost:3000"]
2024-03-12T21:55:14.923+0900 LOG                mysql.ts:84 (Object.<anonymous>       ) 00000000-0000-0000-0000-000000000000 [] MySQL Connection has been established successfully.
2024-03-12T21:55:14.924+0900 LOG                  app.ts:68 (Server.<anonymous>       ) 00000000-0000-0000-0000-000000000000 [] [ v1.0.0, .env ] =========================================
2024-03-12T21:55:14.924+0900 LOG                  app.ts:70 (Server.<anonymous>       ) 00000000-0000-0000-0000-000000000000 [] ----------------------------------------------
2024-03-12T21:55:14.924+0900 LOG                  app.ts:71 (Server.<anonymous>       ) 00000000-0000-0000-0000-000000000000 [] 🚀 App listening on the port 3000
2024-03-12T21:55:14.924+0900 LOG                  app.ts:72 (Server.<anonymous>       ) 00000000-0000-0000-0000-000000000000 [] ==============================================
2024-03-12T21:55:41.258+0900 LOG                  app.ts:28 (getOrigins               ) 00000000-0000-0000-0000-000000000000 [] origins: ["http://localhost:3000"]
2024-03-12T21:55:41.315+0900 LOG                mysql.ts:84 (Object.<anonymous>       ) 00000000-0000-0000-0000-000000000000 [] MySQL Connection has been established successfully.
2024-03-12T21:55:41.316+0900 LOG                  app.ts:68 (Server.<anonymous>       ) 00000000-0000-0000-0000-000000000000 [] [ v1.0.0, .env ] =========================================
2024-03-12T21:55:41.316+0900 LOG                  app.ts:70 (Server.<anonymous>       ) 00000000-0000-0000-0000-000000000000 [] ----------------------------------------------
2024-03-12T21:55:41.316+0900 LOG                  app.ts:71 (Server.<anonymous>       ) 00000000-0000-0000-0000-000000000000 [] 🚀 App listening on the port 3000
2024-03-12T21:55:41.316+0900 LOG                  app.ts:72 (Server.<anonymous>       ) 00000000-0000-0000-0000-000000000000 [] ==============================================
2024-03-12T21:55:54.667+0900 LOG                  app.ts:28 (getOrigins               ) 00000000-0000-0000-0000-000000000000 [] origins: ["http://localhost:3000"]
2024-03-12T21:55:54.712+0900 LOG                mysql.ts:84 (Object.<anonymous>       ) 00000000-0000-0000-0000-000000000000 [] MySQL Connection has been established successfully.
2024-03-12T21:55:54.713+0900 LOG                  app.ts:68 (Server.<anonymous>       ) 00000000-0000-0000-0000-000000000000 [] [ v1.0.0, .env ] =========================================
2024-03-12T21:55:54.713+0900 LOG                  app.ts:70 (Server.<anonymous>       ) 00000000-0000-0000-0000-000000000000 [] ----------------------------------------------
2024-03-12T21:55:54.713+0900 LOG                  app.ts:71 (Server.<anonymous>       ) 00000000-0000-0000-0000-000000000000 [] 🚀 App listening on the port 3000
2024-03-12T21:55:54.714+0900 LOG                  app.ts:72 (Server.<anonymous>       ) 00000000-0000-0000-0000-000000000000 [] ==============================================
2024-03-12T21:56:00.670+0900 LOG                  app.ts:28 (getOrigins               ) 00000000-0000-0000-0000-000000000000 [] origins: ["http://localhost:3000"]
2024-03-12T21:56:00.712+0900 LOG                mysql.ts:84 (Object.<anonymous>       ) 00000000-0000-0000-0000-000000000000 [] MySQL Connection has been established successfully.
2024-03-12T21:56:00.712+0900 LOG                  app.ts:68 (Server.<anonymous>       ) 00000000-0000-0000-0000-000000000000 [] [ v1.0.0, .env ] =========================================
2024-03-12T21:56:00.712+0900 LOG                  app.ts:70 (Server.<anonymous>       ) 00000000-0000-0000-0000-000000000000 [] ----------------------------------------------
2024-03-12T21:56:00.713+0900 LOG                  app.ts:71 (Server.<anonymous>       ) 00000000-0000-0000-0000-000000000000 [] 🚀 App listening on the port 3000
2024-03-12T21:56:00.713+0900 LOG                  app.ts:72 (Server.<anonymous>       ) 00000000-0000-0000-0000-000000000000 [] ==============================================
2024-03-12T21:57:55.020+0900 LOG                  app.ts:28 (getOrigins               ) 00000000-0000-0000-0000-000000000000 [] origins: ["http://localhost:3000"]
2024-03-12T21:57:55.084+0900 LOG                mysql.ts:84 (Object.<anonymous>       ) 00000000-0000-0000-0000-000000000000 [] MySQL Connection has been established successfully.
2024-03-12T21:57:55.085+0900 LOG                  app.ts:68 (Server.<anonymous>       ) 00000000-0000-0000-0000-000000000000 [] [ v1.0.0, .env ] =========================================
2024-03-12T21:57:55.085+0900 LOG                  app.ts:70 (Server.<anonymous>       ) 00000000-0000-0000-0000-000000000000 [] ----------------------------------------------
2024-03-12T21:57:55.085+0900 LOG                  app.ts:71 (Server.<anonymous>       ) 00000000-0000-0000-0000-000000000000 [] 🚀 App listening on the port 3000
2024-03-12T21:57:55.086+0900 LOG                  app.ts:72 (Server.<anonymous>       ) 00000000-0000-0000-0000-000000000000 [] ==============================================
2024-03-12T21:58:35.225+0900 LOG                  app.ts:28 (getOrigins               ) 00000000-0000-0000-0000-000000000000 [] origins: ["http://localhost:3000"]
2024-03-12T21:58:35.271+0900 LOG                mysql.ts:84 (Object.<anonymous>       ) 00000000-0000-0000-0000-000000000000 [] MySQL Connection has been established successfully.
2024-03-12T21:58:35.271+0900 LOG                  app.ts:68 (Server.<anonymous>       ) 00000000-0000-0000-0000-000000000000 [] [ v1.0.0, .env ] =========================================
2024-03-12T21:58:35.271+0900 LOG                  app.ts:70 (Server.<anonymous>       ) 00000000-0000-0000-0000-000000000000 [] ----------------------------------------------
2024-03-12T21:58:35.272+0900 LOG                  app.ts:71 (Server.<anonymous>       ) 00000000-0000-0000-0000-000000000000 [] 🚀 App listening on the port 3000
2024-03-12T21:58:35.272+0900 LOG                  app.ts:72 (Server.<anonymous>       ) 00000000-0000-0000-0000-000000000000 [] ==============================================
2024-03-12T22:04:05.475+0900 LOG                  app.ts:28 (getOrigins               ) 00000000-0000-0000-0000-000000000000 [] origins: ["http://localhost:3000"]
2024-03-12T22:04:05.604+0900 LOG                mysql.ts:84 (Object.<anonymous>       ) 00000000-0000-0000-0000-000000000000 [] MySQL Connection has been established successfully.
2024-03-12T22:04:05.605+0900 LOG                  app.ts:68 (Server.<anonymous>       ) 00000000-0000-0000-0000-000000000000 [] [ v1.0.0, .env ] =========================================
2024-03-12T22:04:05.605+0900 LOG                  app.ts:70 (Server.<anonymous>       ) 00000000-0000-0000-0000-000000000000 [] ----------------------------------------------
2024-03-12T22:04:05.605+0900 LOG                  app.ts:71 (Server.<anonymous>       ) 00000000-0000-0000-0000-000000000000 [] 🚀 App listening on the port 3000
2024-03-12T22:04:05.606+0900 LOG                  app.ts:72 (Server.<anonymous>       ) 00000000-0000-0000-0000-000000000000 [] ==============================================
2024-03-12T22:07:17.580+0900 LOG                  app.ts:28 (getOrigins               ) 00000000-0000-0000-0000-000000000000 [] origins: ["http://localhost:3000"]
2024-03-12T22:07:17.717+0900 LOG                mysql.ts:84 (Object.<anonymous>       ) 00000000-0000-0000-0000-000000000000 [] MySQL Connection has been established successfully.
2024-03-12T22:07:17.718+0900 LOG                  app.ts:68 (Server.<anonymous>       ) 00000000-0000-0000-0000-000000000000 [] [ v1.0.0, .env ] =========================================
2024-03-12T22:07:17.718+0900 LOG                  app.ts:70 (Server.<anonymous>       ) 00000000-0000-0000-0000-000000000000 [] ----------------------------------------------
2024-03-12T22:07:17.718+0900 LOG                  app.ts:71 (Server.<anonymous>       ) 00000000-0000-0000-0000-000000000000 [] 🚀 App listening on the port 3000
2024-03-12T22:07:17.719+0900 LOG                  app.ts:72 (Server.<anonymous>       ) 00000000-0000-0000-0000-000000000000 [] ==============================================
2024-03-12T22:08:01.188+0900 LOG                  app.ts:28 (getOrigins               ) 00000000-0000-0000-0000-000000000000 [] origins: ["http://localhost:3000"]
2024-03-12T22:08:01.235+0900 LOG                mysql.ts:84 (Object.<anonymous>       ) 00000000-0000-0000-0000-000000000000 [] MySQL Connection has been established successfully.
2024-03-12T22:08:01.235+0900 LOG                  app.ts:68 (Server.<anonymous>       ) 00000000-0000-0000-0000-000000000000 [] [ v1.0.0, .env ] =========================================
2024-03-12T22:08:01.235+0900 LOG                  app.ts:70 (Server.<anonymous>       ) 00000000-0000-0000-0000-000000000000 [] ----------------------------------------------
2024-03-12T22:08:01.236+0900 LOG                  app.ts:71 (Server.<anonymous>       ) 00000000-0000-0000-0000-000000000000 [] 🚀 App listening on the port 3000
2024-03-12T22:08:01.236+0900 LOG                  app.ts:72 (Server.<anonymous>       ) 00000000-0000-0000-0000-000000000000 [] ==============================================
