2024-03-03T16:23:59.169+0900 LOG                  app.ts:25 (getOrigins               ) 00000000-0000-0000-0000-000000000000 [] origins: ["http://localhost:3000","https://ics.dev.sisoul.kr"]
2024-03-03T16:23:59.280+0900 LOG                mysql.ts:84 (Object.<anonymous>       ) 00000000-0000-0000-0000-000000000000 [] MySQL Connection has been established successfully.
2024-03-03T16:23:59.281+0900 LOG                  app.ts:65 (Server.<anonymous>       ) 00000000-0000-0000-0000-000000000000 [] [ v1.0.0, .env ] =========================================
2024-03-03T16:23:59.281+0900 LOG                  app.ts:67 (Server.<anonymous>       ) 00000000-0000-0000-0000-000000000000 [] ----------------------------------------------
2024-03-03T16:23:59.281+0900 LOG                  app.ts:68 (Server.<anonymous>       ) 00000000-0000-0000-0000-000000000000 [] 🚀 App listening on the port 3000
2024-03-03T16:23:59.282+0900 LOG                  app.ts:69 (Server.<anonymous>       ) 00000000-0000-0000-0000-000000000000 [] ==============================================
2024-03-03T16:47:53.397+0900 LOG                  app.ts:25 (getOrigins               ) 00000000-0000-0000-0000-000000000000 [] origins: ["http://localhost:3000","https://ics.dev.sisoul.kr"]
2024-03-03T16:47:53.534+0900 LOG                mysql.ts:84 (Object.<anonymous>       ) 00000000-0000-0000-0000-000000000000 [] MySQL Connection has been established successfully.
2024-03-03T16:47:53.535+0900 LOG                  app.ts:65 (Server.<anonymous>       ) 00000000-0000-0000-0000-000000000000 [] [ v1.0.0, .env ] =========================================
2024-03-03T16:47:53.536+0900 LOG                  app.ts:67 (Server.<anonymous>       ) 00000000-0000-0000-0000-000000000000 [] ----------------------------------------------
2024-03-03T16:47:53.536+0900 LOG                  app.ts:68 (Server.<anonymous>       ) 00000000-0000-0000-0000-000000000000 [] 🚀 App listening on the port 3000
2024-03-03T16:47:53.536+0900 LOG                  app.ts:69 (Server.<anonymous>       ) 00000000-0000-0000-0000-000000000000 [] ==============================================
2024-03-03T16:51:35.317+0900 LOG                  app.ts:25 (getOrigins               ) 00000000-0000-0000-0000-000000000000 [] origins: ["http://localhost:3000","https://ics.dev.sisoul.kr"]
2024-03-03T16:51:35.434+0900 LOG                mysql.ts:84 (Object.<anonymous>       ) 00000000-0000-0000-0000-000000000000 [] MySQL Connection has been established successfully.
2024-03-03T16:51:35.435+0900 LOG                  app.ts:65 (Server.<anonymous>       ) 00000000-0000-0000-0000-000000000000 [] [ v1.0.0, .env ] =========================================
2024-03-03T16:51:35.435+0900 LOG                  app.ts:67 (Server.<anonymous>       ) 00000000-0000-0000-0000-000000000000 [] ----------------------------------------------
2024-03-03T16:51:35.435+0900 LOG                  app.ts:68 (Server.<anonymous>       ) 00000000-0000-0000-0000-000000000000 [] 🚀 App listening on the port 3000
2024-03-03T16:51:35.436+0900 LOG                  app.ts:69 (Server.<anonymous>       ) 00000000-0000-0000-0000-000000000000 [] ==============================================
2024-03-03T16:53:11.960+0900 LOG                  app.ts:25 (getOrigins               ) 00000000-0000-0000-0000-000000000000 [] origins: ["http://localhost:3000","https://ics.dev.sisoul.kr"]
2024-03-03T16:53:12.091+0900 LOG                mysql.ts:84 (Object.<anonymous>       ) 00000000-0000-0000-0000-000000000000 [] MySQL Connection has been established successfully.
2024-03-03T16:53:12.092+0900 LOG                  app.ts:65 (Server.<anonymous>       ) 00000000-0000-0000-0000-000000000000 [] [ v1.0.0, .env ] =========================================
2024-03-03T16:53:12.093+0900 LOG                  app.ts:67 (Server.<anonymous>       ) 00000000-0000-0000-0000-000000000000 [] ----------------------------------------------
2024-03-03T16:53:12.093+0900 LOG                  app.ts:68 (Server.<anonymous>       ) 00000000-0000-0000-0000-000000000000 [] 🚀 App listening on the port 3000
2024-03-03T16:53:12.093+0900 LOG                  app.ts:69 (Server.<anonymous>       ) 00000000-0000-0000-0000-000000000000 [] ==============================================
2024-03-03T16:53:15.901+0900 LOG                  app.ts:25 (getOrigins               ) 00000000-0000-0000-0000-000000000000 [] origins: ["http://localhost:3000","https://ics.dev.sisoul.kr"]
2024-03-03T16:53:15.940+0900 LOG                mysql.ts:84 (Object.<anonymous>       ) 00000000-0000-0000-0000-000000000000 [] MySQL Connection has been established successfully.
2024-03-03T16:53:15.941+0900 LOG                  app.ts:65 (Server.<anonymous>       ) 00000000-0000-0000-0000-000000000000 [] [ v1.0.0, .env ] =========================================
2024-03-03T16:53:15.941+0900 LOG                  app.ts:67 (Server.<anonymous>       ) 00000000-0000-0000-0000-000000000000 [] ----------------------------------------------
2024-03-03T16:53:15.941+0900 LOG                  app.ts:68 (Server.<anonymous>       ) 00000000-0000-0000-0000-000000000000 [] 🚀 App listening on the port 3000
2024-03-03T16:53:15.941+0900 LOG                  app.ts:69 (Server.<anonymous>       ) 00000000-0000-0000-0000-000000000000 [] ==============================================
2024-03-03T16:56:57.325+0900 LOG                  app.ts:25 (getOrigins               ) 00000000-0000-0000-0000-000000000000 [] origins: ["http://localhost:3000","https://ics.dev.sisoul.kr"]
2024-03-03T16:56:57.699+0900 LOG                mysql.ts:84 (Object.<anonymous>       ) 00000000-0000-0000-0000-000000000000 [] MySQL Connection has been established successfully.
2024-03-03T16:56:57.700+0900 LOG                  app.ts:65 (Server.<anonymous>       ) 00000000-0000-0000-0000-000000000000 [] [ v1.0.0, .env ] =========================================
2024-03-03T16:56:57.700+0900 LOG                  app.ts:67 (Server.<anonymous>       ) 00000000-0000-0000-0000-000000000000 [] ----------------------------------------------
2024-03-03T16:56:57.700+0900 LOG                  app.ts:68 (Server.<anonymous>       ) 00000000-0000-0000-0000-000000000000 [] 🚀 App listening on the port 3000
2024-03-03T16:56:57.700+0900 LOG                  app.ts:69 (Server.<anonymous>       ) 00000000-0000-0000-0000-000000000000 [] ==============================================
2024-03-03T17:00:36.326+0900 LOG                  app.ts:25 (getOrigins               ) 00000000-0000-0000-0000-000000000000 [] origins: ["http://localhost:3000","https://ics.dev.sisoul.kr"]
2024-03-03T17:00:36.409+0900 LOG                mysql.ts:84 (Object.<anonymous>       ) 00000000-0000-0000-0000-000000000000 [] MySQL Connection has been established successfully.
2024-03-03T17:00:36.410+0900 LOG                  app.ts:65 (Server.<anonymous>       ) 00000000-0000-0000-0000-000000000000 [] [ v1.0.0, .env ] =========================================
2024-03-03T17:00:36.410+0900 LOG                  app.ts:67 (Server.<anonymous>       ) 00000000-0000-0000-0000-000000000000 [] ----------------------------------------------
2024-03-03T17:00:36.410+0900 LOG                  app.ts:68 (Server.<anonymous>       ) 00000000-0000-0000-0000-000000000000 [] 🚀 App listening on the port 3000
2024-03-03T17:00:36.411+0900 LOG                  app.ts:69 (Server.<anonymous>       ) 00000000-0000-0000-0000-000000000000 [] ==============================================
2024-03-03T17:07:38.354+0900 LOG                  app.ts:25 (getOrigins               ) 00000000-0000-0000-0000-000000000000 [] origins: ["http://localhost:3000","https://ics.dev.sisoul.kr"]
2024-03-03T17:07:38.498+0900 LOG                mysql.ts:84 (Object.<anonymous>       ) 00000000-0000-0000-0000-000000000000 [] MySQL Connection has been established successfully.
2024-03-03T17:07:38.499+0900 LOG                  app.ts:65 (Server.<anonymous>       ) 00000000-0000-0000-0000-000000000000 [] [ v1.0.0, .env ] =========================================
2024-03-03T17:07:38.500+0900 LOG                  app.ts:67 (Server.<anonymous>       ) 00000000-0000-0000-0000-000000000000 [] ----------------------------------------------
2024-03-03T17:07:38.500+0900 LOG                  app.ts:68 (Server.<anonymous>       ) 00000000-0000-0000-0000-000000000000 [] 🚀 App listening on the port 3000
2024-03-03T17:07:38.500+0900 LOG                  app.ts:69 (Server.<anonymous>       ) 00000000-0000-0000-0000-000000000000 [] ==============================================
2024-03-03T18:08:58.895+0900 LOG                  app.ts:25 (getOrigins               ) 00000000-0000-0000-0000-000000000000 [] origins: ["http://localhost:3000","https://ics.dev.sisoul.kr"]
2024-03-03T18:08:59.020+0900 LOG                mysql.ts:84 (Object.<anonymous>       ) 00000000-0000-0000-0000-000000000000 [] MySQL Connection has been established successfully.
2024-03-03T18:08:59.021+0900 LOG                  app.ts:65 (Server.<anonymous>       ) 00000000-0000-0000-0000-000000000000 [] [ v1.0.0, .env ] =========================================
2024-03-03T18:08:59.021+0900 LOG                  app.ts:67 (Server.<anonymous>       ) 00000000-0000-0000-0000-000000000000 [] ----------------------------------------------
2024-03-03T18:08:59.022+0900 LOG                  app.ts:68 (Server.<anonymous>       ) 00000000-0000-0000-0000-000000000000 [] 🚀 App listening on the port 3000
2024-03-03T18:08:59.022+0900 LOG                  app.ts:69 (Server.<anonymous>       ) 00000000-0000-0000-0000-000000000000 [] ==============================================
2024-03-03T18:47:40.781+0900 LOG                  app.ts:25 (getOrigins               ) 00000000-0000-0000-0000-000000000000 [] origins: ["http://localhost:3000","https://ics.dev.sisoul.kr"]
2024-03-03T18:47:40.929+0900 LOG                mysql.ts:84 (Object.<anonymous>       ) 00000000-0000-0000-0000-000000000000 [] MySQL Connection has been established successfully.
2024-03-03T18:47:40.930+0900 LOG                  app.ts:65 (Server.<anonymous>       ) 00000000-0000-0000-0000-000000000000 [] [ v1.0.0, .env ] =========================================
2024-03-03T18:47:40.930+0900 LOG                  app.ts:67 (Server.<anonymous>       ) 00000000-0000-0000-0000-000000000000 [] ----------------------------------------------
2024-03-03T18:47:40.930+0900 LOG                  app.ts:68 (Server.<anonymous>       ) 00000000-0000-0000-0000-000000000000 [] 🚀 App listening on the port 3000
2024-03-03T18:47:40.931+0900 LOG                  app.ts:69 (Server.<anonymous>       ) 00000000-0000-0000-0000-000000000000 [] ==============================================
2024-03-03T18:51:38.516+0900 LOG                  app.ts:25 (getOrigins               ) 00000000-0000-0000-0000-000000000000 [] origins: ["http://localhost:3000","https://ics.dev.sisoul.kr"]
2024-03-03T18:51:38.621+0900 LOG                mysql.ts:84 (Object.<anonymous>       ) 00000000-0000-0000-0000-000000000000 [] MySQL Connection has been established successfully.
2024-03-03T18:51:38.622+0900 LOG                  app.ts:65 (Server.<anonymous>       ) 00000000-0000-0000-0000-000000000000 [] [ v1.0.0, .env ] =========================================
2024-03-03T18:51:38.622+0900 LOG                  app.ts:67 (Server.<anonymous>       ) 00000000-0000-0000-0000-000000000000 [] ----------------------------------------------
2024-03-03T18:51:38.622+0900 LOG                  app.ts:68 (Server.<anonymous>       ) 00000000-0000-0000-0000-000000000000 [] 🚀 App listening on the port 3000
2024-03-03T18:51:38.622+0900 LOG                  app.ts:69 (Server.<anonymous>       ) 00000000-0000-0000-0000-000000000000 [] ==============================================
2024-03-03T18:51:57.767+0900 LOG                  app.ts:25 (getOrigins               ) 00000000-0000-0000-0000-000000000000 [] origins: ["http://localhost:3000","https://ics.dev.sisoul.kr"]
2024-03-03T18:51:57.879+0900 LOG                mysql.ts:84 (Object.<anonymous>       ) 00000000-0000-0000-0000-000000000000 [] MySQL Connection has been established successfully.
2024-03-03T18:51:57.879+0900 LOG                  app.ts:65 (Server.<anonymous>       ) 00000000-0000-0000-0000-000000000000 [] [ v1.0.0, .env ] =========================================
2024-03-03T18:51:57.880+0900 LOG                  app.ts:67 (Server.<anonymous>       ) 00000000-0000-0000-0000-000000000000 [] ----------------------------------------------
2024-03-03T18:51:57.880+0900 LOG                  app.ts:68 (Server.<anonymous>       ) 00000000-0000-0000-0000-000000000000 [] 🚀 App listening on the port 3000
2024-03-03T18:51:57.880+0900 LOG                  app.ts:69 (Server.<anonymous>       ) 00000000-0000-0000-0000-000000000000 [] ==============================================
2024-03-03T18:52:06.108+0900 LOG                  app.ts:25 (getOrigins               ) 00000000-0000-0000-0000-000000000000 [] origins: ["http://localhost:3000","https://ics.dev.sisoul.kr"]
2024-03-03T18:52:06.167+0900 LOG                mysql.ts:84 (Object.<anonymous>       ) 00000000-0000-0000-0000-000000000000 [] MySQL Connection has been established successfully.
2024-03-03T18:52:06.168+0900 LOG                  app.ts:65 (Server.<anonymous>       ) 00000000-0000-0000-0000-000000000000 [] [ v1.0.0, .env ] =========================================
2024-03-03T18:52:06.168+0900 LOG                  app.ts:67 (Server.<anonymous>       ) 00000000-0000-0000-0000-000000000000 [] ----------------------------------------------
2024-03-03T18:52:06.169+0900 LOG                  app.ts:68 (Server.<anonymous>       ) 00000000-0000-0000-0000-000000000000 [] 🚀 App listening on the port 3000
2024-03-03T18:52:06.169+0900 LOG                  app.ts:69 (Server.<anonymous>       ) 00000000-0000-0000-0000-000000000000 [] ==============================================
2024-03-03T18:56:53.683+0900 LOG                  app.ts:25 (getOrigins               ) 00000000-0000-0000-0000-000000000000 [] origins: ["http://localhost:3000","https://ics.dev.sisoul.kr"]
2024-03-03T18:56:53.805+0900 LOG                mysql.ts:84 (Object.<anonymous>       ) 00000000-0000-0000-0000-000000000000 [] MySQL Connection has been established successfully.
2024-03-03T18:56:53.806+0900 LOG                  app.ts:65 (Server.<anonymous>       ) 00000000-0000-0000-0000-000000000000 [] [ v1.0.0, .env ] =========================================
2024-03-03T18:56:53.807+0900 LOG                  app.ts:67 (Server.<anonymous>       ) 00000000-0000-0000-0000-000000000000 [] ----------------------------------------------
2024-03-03T18:56:53.807+0900 LOG                  app.ts:68 (Server.<anonymous>       ) 00000000-0000-0000-0000-000000000000 [] 🚀 App listening on the port 3000
2024-03-03T18:56:53.807+0900 LOG                  app.ts:69 (Server.<anonymous>       ) 00000000-0000-0000-0000-000000000000 [] ==============================================
2024-03-03T19:03:22.941+0900 LOG                  app.ts:25 (getOrigins               ) 00000000-0000-0000-0000-000000000000 [] origins: ["http://localhost:3000","https://ics.dev.sisoul.kr"]
2024-03-03T19:03:23.069+0900 LOG                mysql.ts:84 (Object.<anonymous>       ) 00000000-0000-0000-0000-000000000000 [] MySQL Connection has been established successfully.
2024-03-03T19:03:23.070+0900 LOG                  app.ts:65 (Server.<anonymous>       ) 00000000-0000-0000-0000-000000000000 [] [ v1.0.0, .env ] =========================================
2024-03-03T19:03:23.070+0900 LOG                  app.ts:67 (Server.<anonymous>       ) 00000000-0000-0000-0000-000000000000 [] ----------------------------------------------
2024-03-03T19:03:23.071+0900 LOG                  app.ts:68 (Server.<anonymous>       ) 00000000-0000-0000-0000-000000000000 [] 🚀 App listening on the port 3000
2024-03-03T19:03:23.071+0900 LOG                  app.ts:69 (Server.<anonymous>       ) 00000000-0000-0000-0000-000000000000 [] ==============================================
2024-03-03T19:04:00.156+0900 LOG                  app.ts:25 (getOrigins               ) 00000000-0000-0000-0000-000000000000 [] origins: ["http://localhost:3000","https://ics.dev.sisoul.kr"]
2024-03-03T19:04:00.214+0900 LOG                mysql.ts:84 (Object.<anonymous>       ) 00000000-0000-0000-0000-000000000000 [] MySQL Connection has been established successfully.
2024-03-03T19:04:00.215+0900 LOG                  app.ts:65 (Server.<anonymous>       ) 00000000-0000-0000-0000-000000000000 [] [ v1.0.0, .env ] =========================================
2024-03-03T19:04:00.215+0900 LOG                  app.ts:67 (Server.<anonymous>       ) 00000000-0000-0000-0000-000000000000 [] ----------------------------------------------
2024-03-03T19:04:00.216+0900 LOG                  app.ts:68 (Server.<anonymous>       ) 00000000-0000-0000-0000-000000000000 [] 🚀 App listening on the port 3000
2024-03-03T19:04:00.216+0900 LOG                  app.ts:69 (Server.<anonymous>       ) 00000000-0000-0000-0000-000000000000 [] ==============================================
2024-03-03T19:07:36.354+0900 LOG                  app.ts:25 (getOrigins               ) 00000000-0000-0000-0000-000000000000 [] origins: ["http://localhost:3000","https://ics.dev.sisoul.kr"]
2024-03-03T19:07:36.415+0900 LOG                mysql.ts:84 (Object.<anonymous>       ) 00000000-0000-0000-0000-000000000000 [] MySQL Connection has been established successfully.
2024-03-03T19:07:36.416+0900 LOG                  app.ts:65 (Server.<anonymous>       ) 00000000-0000-0000-0000-000000000000 [] [ v1.0.0, .env ] =========================================
2024-03-03T19:07:36.416+0900 LOG                  app.ts:67 (Server.<anonymous>       ) 00000000-0000-0000-0000-000000000000 [] ----------------------------------------------
2024-03-03T19:07:36.416+0900 LOG                  app.ts:68 (Server.<anonymous>       ) 00000000-0000-0000-0000-000000000000 [] 🚀 App listening on the port 3000
2024-03-03T19:07:36.417+0900 LOG                  app.ts:69 (Server.<anonymous>       ) 00000000-0000-0000-0000-000000000000 [] ==============================================
2024-03-03T19:07:52.546+0900 LOG                  app.ts:25 (getOrigins               ) 00000000-0000-0000-0000-000000000000 [] origins: ["http://localhost:3000","https://ics.dev.sisoul.kr"]
2024-03-03T19:07:52.600+0900 LOG                mysql.ts:84 (Object.<anonymous>       ) 00000000-0000-0000-0000-000000000000 [] MySQL Connection has been established successfully.
2024-03-03T19:07:52.601+0900 LOG                  app.ts:65 (Server.<anonymous>       ) 00000000-0000-0000-0000-000000000000 [] [ v1.0.0, .env ] =========================================
2024-03-03T19:07:52.601+0900 LOG                  app.ts:67 (Server.<anonymous>       ) 00000000-0000-0000-0000-000000000000 [] ----------------------------------------------
2024-03-03T19:07:52.601+0900 LOG                  app.ts:68 (Server.<anonymous>       ) 00000000-0000-0000-0000-000000000000 [] 🚀 App listening on the port 3000
2024-03-03T19:07:52.602+0900 LOG                  app.ts:69 (Server.<anonymous>       ) 00000000-0000-0000-0000-000000000000 [] ==============================================
2024-03-03T19:08:09.786+0900 LOG                  app.ts:25 (getOrigins               ) 00000000-0000-0000-0000-000000000000 [] origins: ["http://localhost:3000","https://ics.dev.sisoul.kr"]
2024-03-03T19:08:09.837+0900 LOG                mysql.ts:84 (Object.<anonymous>       ) 00000000-0000-0000-0000-000000000000 [] MySQL Connection has been established successfully.
2024-03-03T19:08:09.838+0900 LOG                  app.ts:65 (Server.<anonymous>       ) 00000000-0000-0000-0000-000000000000 [] [ v1.0.0, .env ] =========================================
2024-03-03T19:08:09.838+0900 LOG                  app.ts:67 (Server.<anonymous>       ) 00000000-0000-0000-0000-000000000000 [] ----------------------------------------------
2024-03-03T19:08:09.838+0900 LOG                  app.ts:68 (Server.<anonymous>       ) 00000000-0000-0000-0000-000000000000 [] 🚀 App listening on the port 3000
2024-03-03T19:08:09.839+0900 LOG                  app.ts:69 (Server.<anonymous>       ) 00000000-0000-0000-0000-000000000000 [] ==============================================
2024-03-03T19:08:18.265+0900 LOG                  app.ts:25 (getOrigins               ) 00000000-0000-0000-0000-000000000000 [] origins: ["http://localhost:3000","https://ics.dev.sisoul.kr"]
2024-03-03T19:08:18.310+0900 LOG                mysql.ts:84 (Object.<anonymous>       ) 00000000-0000-0000-0000-000000000000 [] MySQL Connection has been established successfully.
2024-03-03T19:08:18.311+0900 LOG                  app.ts:65 (Server.<anonymous>       ) 00000000-0000-0000-0000-000000000000 [] [ v1.0.0, .env ] =========================================
2024-03-03T19:08:18.311+0900 LOG                  app.ts:67 (Server.<anonymous>       ) 00000000-0000-0000-0000-000000000000 [] ----------------------------------------------
2024-03-03T19:08:18.311+0900 LOG                  app.ts:68 (Server.<anonymous>       ) 00000000-0000-0000-0000-000000000000 [] 🚀 App listening on the port 3000
2024-03-03T19:08:18.312+0900 LOG                  app.ts:69 (Server.<anonymous>       ) 00000000-0000-0000-0000-000000000000 [] ==============================================
2024-03-03T19:09:45.830+0900 LOG                  app.ts:25 (getOrigins               ) 00000000-0000-0000-0000-000000000000 [] origins: ["http://localhost:3000","https://ics.dev.sisoul.kr"]
2024-03-03T19:09:45.971+0900 LOG                mysql.ts:84 (Object.<anonymous>       ) 00000000-0000-0000-0000-000000000000 [] MySQL Connection has been established successfully.
2024-03-03T19:09:45.972+0900 LOG                  app.ts:65 (Server.<anonymous>       ) 00000000-0000-0000-0000-000000000000 [] [ v1.0.0, .env ] =========================================
2024-03-03T19:09:45.972+0900 LOG                  app.ts:67 (Server.<anonymous>       ) 00000000-0000-0000-0000-000000000000 [] ----------------------------------------------
2024-03-03T19:09:45.972+0900 LOG                  app.ts:68 (Server.<anonymous>       ) 00000000-0000-0000-0000-000000000000 [] 🚀 App listening on the port 3000
2024-03-03T19:09:45.973+0900 LOG                  app.ts:69 (Server.<anonymous>       ) 00000000-0000-0000-0000-000000000000 [] ==============================================
2024-03-03T19:09:47.797+0900 LOG                  app.ts:25 (getOrigins               ) 00000000-0000-0000-0000-000000000000 [] origins: ["http://localhost:3000","https://ics.dev.sisoul.kr"]
2024-03-03T19:09:47.836+0900 LOG                mysql.ts:84 (Object.<anonymous>       ) 00000000-0000-0000-0000-000000000000 [] MySQL Connection has been established successfully.
2024-03-03T19:09:47.836+0900 LOG                  app.ts:65 (Server.<anonymous>       ) 00000000-0000-0000-0000-000000000000 [] [ v1.0.0, .env ] =========================================
2024-03-03T19:09:47.836+0900 LOG                  app.ts:67 (Server.<anonymous>       ) 00000000-0000-0000-0000-000000000000 [] ----------------------------------------------
2024-03-03T19:09:47.837+0900 LOG                  app.ts:68 (Server.<anonymous>       ) 00000000-0000-0000-0000-000000000000 [] 🚀 App listening on the port 3000
2024-03-03T19:09:47.837+0900 LOG                  app.ts:69 (Server.<anonymous>       ) 00000000-0000-0000-0000-000000000000 [] ==============================================
2024-03-03T19:09:56.985+0900 LOG                  app.ts:25 (getOrigins               ) 00000000-0000-0000-0000-000000000000 [] origins: ["http://localhost:3000","https://ics.dev.sisoul.kr"]
2024-03-03T19:09:57.041+0900 LOG                mysql.ts:84 (Object.<anonymous>       ) 00000000-0000-0000-0000-000000000000 [] MySQL Connection has been established successfully.
2024-03-03T19:09:57.042+0900 LOG                  app.ts:65 (Server.<anonymous>       ) 00000000-0000-0000-0000-000000000000 [] [ v1.0.0, .env ] =========================================
2024-03-03T19:09:57.042+0900 LOG                  app.ts:67 (Server.<anonymous>       ) 00000000-0000-0000-0000-000000000000 [] ----------------------------------------------
2024-03-03T19:09:57.042+0900 LOG                  app.ts:68 (Server.<anonymous>       ) 00000000-0000-0000-0000-000000000000 [] 🚀 App listening on the port 3000
2024-03-03T19:09:57.043+0900 LOG                  app.ts:69 (Server.<anonymous>       ) 00000000-0000-0000-0000-000000000000 [] ==============================================
2024-03-03T19:13:20.146+0900 LOG                  app.ts:25 (getOrigins               ) 00000000-0000-0000-0000-000000000000 [] origins: ["http://localhost:3000","https://ics.dev.sisoul.kr"]
2024-03-03T19:13:20.210+0900 LOG                mysql.ts:84 (Object.<anonymous>       ) 00000000-0000-0000-0000-000000000000 [] MySQL Connection has been established successfully.
2024-03-03T19:13:20.211+0900 LOG                  app.ts:65 (Server.<anonymous>       ) 00000000-0000-0000-0000-000000000000 [] [ v1.0.0, .env ] =========================================
2024-03-03T19:13:20.211+0900 LOG                  app.ts:67 (Server.<anonymous>       ) 00000000-0000-0000-0000-000000000000 [] ----------------------------------------------
2024-03-03T19:13:20.211+0900 LOG                  app.ts:68 (Server.<anonymous>       ) 00000000-0000-0000-0000-000000000000 [] 🚀 App listening on the port 3000
2024-03-03T19:13:20.212+0900 LOG                  app.ts:69 (Server.<anonymous>       ) 00000000-0000-0000-0000-000000000000 [] ==============================================
2024-03-03T19:14:04.589+0900 LOG                  app.ts:25 (getOrigins               ) 00000000-0000-0000-0000-000000000000 [] origins: ["http://localhost:3000","https://ics.dev.sisoul.kr"]
2024-03-03T19:14:04.634+0900 LOG                mysql.ts:84 (Object.<anonymous>       ) 00000000-0000-0000-0000-000000000000 [] MySQL Connection has been established successfully.
2024-03-03T19:14:04.635+0900 LOG                  app.ts:65 (Server.<anonymous>       ) 00000000-0000-0000-0000-000000000000 [] [ v1.0.0, .env ] =========================================
2024-03-03T19:14:04.635+0900 LOG                  app.ts:67 (Server.<anonymous>       ) 00000000-0000-0000-0000-000000000000 [] ----------------------------------------------
2024-03-03T19:14:04.635+0900 LOG                  app.ts:68 (Server.<anonymous>       ) 00000000-0000-0000-0000-000000000000 [] 🚀 App listening on the port 3000
2024-03-03T19:14:04.635+0900 LOG                  app.ts:69 (Server.<anonymous>       ) 00000000-0000-0000-0000-000000000000 [] ==============================================
2024-03-03T19:16:35.235+0900 LOG                  app.ts:25 (getOrigins               ) 00000000-0000-0000-0000-000000000000 [] origins: ["http://localhost:3000","https://ics.dev.sisoul.kr"]
2024-03-03T19:16:35.282+0900 LOG                mysql.ts:84 (Object.<anonymous>       ) 00000000-0000-0000-0000-000000000000 [] MySQL Connection has been established successfully.
2024-03-03T19:16:35.283+0900 LOG                  app.ts:65 (Server.<anonymous>       ) 00000000-0000-0000-0000-000000000000 [] [ v1.0.0, .env ] =========================================
2024-03-03T19:16:35.283+0900 LOG                  app.ts:67 (Server.<anonymous>       ) 00000000-0000-0000-0000-000000000000 [] ----------------------------------------------
2024-03-03T19:16:35.283+0900 LOG                  app.ts:68 (Server.<anonymous>       ) 00000000-0000-0000-0000-000000000000 [] 🚀 App listening on the port 3000
2024-03-03T19:16:35.284+0900 LOG                  app.ts:69 (Server.<anonymous>       ) 00000000-0000-0000-0000-000000000000 [] ==============================================
2024-03-03T19:16:54.873+0900 LOG                  app.ts:25 (getOrigins               ) 00000000-0000-0000-0000-000000000000 [] origins: ["http://localhost:3000","https://ics.dev.sisoul.kr"]
2024-03-03T19:16:54.924+0900 LOG                mysql.ts:84 (Object.<anonymous>       ) 00000000-0000-0000-0000-000000000000 [] MySQL Connection has been established successfully.
2024-03-03T19:16:54.925+0900 LOG                  app.ts:65 (Server.<anonymous>       ) 00000000-0000-0000-0000-000000000000 [] [ v1.0.0, .env ] =========================================
2024-03-03T19:16:54.925+0900 LOG                  app.ts:67 (Server.<anonymous>       ) 00000000-0000-0000-0000-000000000000 [] ----------------------------------------------
2024-03-03T19:16:54.925+0900 LOG                  app.ts:68 (Server.<anonymous>       ) 00000000-0000-0000-0000-000000000000 [] 🚀 App listening on the port 3000
2024-03-03T19:16:54.925+0900 LOG                  app.ts:69 (Server.<anonymous>       ) 00000000-0000-0000-0000-000000000000 [] ==============================================
2024-03-03T19:18:23.820+0900 LOG                  app.ts:25 (getOrigins               ) 00000000-0000-0000-0000-000000000000 [] origins: ["http://localhost:3000","https://ics.dev.sisoul.kr"]
2024-03-03T19:18:23.889+0900 LOG                mysql.ts:84 (Object.<anonymous>       ) 00000000-0000-0000-0000-000000000000 [] MySQL Connection has been established successfully.
2024-03-03T19:18:23.890+0900 LOG                  app.ts:65 (Server.<anonymous>       ) 00000000-0000-0000-0000-000000000000 [] [ v1.0.0, .env ] =========================================
2024-03-03T19:18:23.890+0900 LOG                  app.ts:67 (Server.<anonymous>       ) 00000000-0000-0000-0000-000000000000 [] ----------------------------------------------
2024-03-03T19:18:23.890+0900 LOG                  app.ts:68 (Server.<anonymous>       ) 00000000-0000-0000-0000-000000000000 [] 🚀 App listening on the port 3000
2024-03-03T19:18:23.891+0900 LOG                  app.ts:69 (Server.<anonymous>       ) 00000000-0000-0000-0000-000000000000 [] ==============================================
2024-03-03T19:20:31.642+0900 LOG                  app.ts:25 (getOrigins               ) 00000000-0000-0000-0000-000000000000 [] origins: ["http://localhost:3000","https://ics.dev.sisoul.kr"]
2024-03-03T19:20:31.689+0900 LOG                mysql.ts:84 (Object.<anonymous>       ) 00000000-0000-0000-0000-000000000000 [] MySQL Connection has been established successfully.
2024-03-03T19:20:31.690+0900 LOG                  app.ts:65 (Server.<anonymous>       ) 00000000-0000-0000-0000-000000000000 [] [ v1.0.0, .env ] =========================================
2024-03-03T19:20:31.690+0900 LOG                  app.ts:67 (Server.<anonymous>       ) 00000000-0000-0000-0000-000000000000 [] ----------------------------------------------
2024-03-03T19:20:31.691+0900 LOG                  app.ts:68 (Server.<anonymous>       ) 00000000-0000-0000-0000-000000000000 [] 🚀 App listening on the port 3000
2024-03-03T19:20:31.691+0900 LOG                  app.ts:69 (Server.<anonymous>       ) 00000000-0000-0000-0000-000000000000 [] ==============================================
2024-03-03T19:26:05.787+0900 LOG                  app.ts:25 (getOrigins               ) 00000000-0000-0000-0000-000000000000 [] origins: ["http://localhost:3000","https://ics.dev.sisoul.kr"]
2024-03-03T19:28:39.952+0900 LOG                  app.ts:25 (getOrigins               ) 00000000-0000-0000-0000-000000000000 [] origins: ["http://localhost:3000","https://ics.dev.sisoul.kr"]
2024-03-03T19:28:40.062+0900 LOG                mysql.ts:84 (Object.<anonymous>       ) 00000000-0000-0000-0000-000000000000 [] MySQL Connection has been established successfully.
2024-03-03T19:28:40.063+0900 LOG                  app.ts:65 (Server.<anonymous>       ) 00000000-0000-0000-0000-000000000000 [] [ v1.0.0, .env ] =========================================
2024-03-03T19:28:40.063+0900 LOG                  app.ts:67 (Server.<anonymous>       ) 00000000-0000-0000-0000-000000000000 [] ----------------------------------------------
2024-03-03T19:28:40.064+0900 LOG                  app.ts:68 (Server.<anonymous>       ) 00000000-0000-0000-0000-000000000000 [] 🚀 App listening on the port 3000
2024-03-03T19:28:40.064+0900 LOG                  app.ts:69 (Server.<anonymous>       ) 00000000-0000-0000-0000-000000000000 [] ==============================================
2024-03-03T19:29:01.797+0900 LOG                  app.ts:25 (getOrigins               ) 00000000-0000-0000-0000-000000000000 [] origins: ["http://localhost:3000","https://ics.dev.sisoul.kr"]
2024-03-03T19:29:01.850+0900 LOG                mysql.ts:84 (Object.<anonymous>       ) 00000000-0000-0000-0000-000000000000 [] MySQL Connection has been established successfully.
2024-03-03T19:29:01.851+0900 LOG                  app.ts:65 (Server.<anonymous>       ) 00000000-0000-0000-0000-000000000000 [] [ v1.0.0, .env ] =========================================
2024-03-03T19:29:01.851+0900 LOG                  app.ts:67 (Server.<anonymous>       ) 00000000-0000-0000-0000-000000000000 [] ----------------------------------------------
2024-03-03T19:29:01.851+0900 LOG                  app.ts:68 (Server.<anonymous>       ) 00000000-0000-0000-0000-000000000000 [] 🚀 App listening on the port 3000
2024-03-03T19:29:01.851+0900 LOG                  app.ts:69 (Server.<anonymous>       ) 00000000-0000-0000-0000-000000000000 [] ==============================================
2024-03-03T19:29:08.132+0900 LOG                  app.ts:25 (getOrigins               ) 00000000-0000-0000-0000-000000000000 [] origins: ["http://localhost:3000","https://ics.dev.sisoul.kr"]
2024-03-03T19:29:08.186+0900 LOG                mysql.ts:84 (Object.<anonymous>       ) 00000000-0000-0000-0000-000000000000 [] MySQL Connection has been established successfully.
2024-03-03T19:29:08.187+0900 LOG                  app.ts:65 (Server.<anonymous>       ) 00000000-0000-0000-0000-000000000000 [] [ v1.0.0, .env ] =========================================
2024-03-03T19:29:08.187+0900 LOG                  app.ts:67 (Server.<anonymous>       ) 00000000-0000-0000-0000-000000000000 [] ----------------------------------------------
2024-03-03T19:29:08.187+0900 LOG                  app.ts:68 (Server.<anonymous>       ) 00000000-0000-0000-0000-000000000000 [] 🚀 App listening on the port 3000
2024-03-03T19:29:08.188+0900 LOG                  app.ts:69 (Server.<anonymous>       ) 00000000-0000-0000-0000-000000000000 [] ==============================================
2024-03-03T19:29:26.264+0900 LOG                  app.ts:25 (getOrigins               ) 00000000-0000-0000-0000-000000000000 [] origins: ["http://localhost:3000","https://ics.dev.sisoul.kr"]
2024-03-03T19:29:26.319+0900 LOG                mysql.ts:84 (Object.<anonymous>       ) 00000000-0000-0000-0000-000000000000 [] MySQL Connection has been established successfully.
2024-03-03T19:29:26.320+0900 LOG                  app.ts:65 (Server.<anonymous>       ) 00000000-0000-0000-0000-000000000000 [] [ v1.0.0, .env ] =========================================
2024-03-03T19:29:26.320+0900 LOG                  app.ts:67 (Server.<anonymous>       ) 00000000-0000-0000-0000-000000000000 [] ----------------------------------------------
2024-03-03T19:29:26.320+0900 LOG                  app.ts:68 (Server.<anonymous>       ) 00000000-0000-0000-0000-000000000000 [] 🚀 App listening on the port 3000
2024-03-03T19:29:26.321+0900 LOG                  app.ts:69 (Server.<anonymous>       ) 00000000-0000-0000-0000-000000000000 [] ==============================================
2024-03-03T19:30:55.827+0900 LOG                  app.ts:25 (getOrigins               ) 00000000-0000-0000-0000-000000000000 [] origins: ["http://localhost:3000","https://ics.dev.sisoul.kr"]
2024-03-03T19:30:55.872+0900 LOG                mysql.ts:84 (Object.<anonymous>       ) 00000000-0000-0000-0000-000000000000 [] MySQL Connection has been established successfully.
2024-03-03T19:30:55.873+0900 LOG                  app.ts:65 (Server.<anonymous>       ) 00000000-0000-0000-0000-000000000000 [] [ v1.0.0, .env ] =========================================
2024-03-03T19:30:55.873+0900 LOG                  app.ts:67 (Server.<anonymous>       ) 00000000-0000-0000-0000-000000000000 [] ----------------------------------------------
2024-03-03T19:30:55.873+0900 LOG                  app.ts:68 (Server.<anonymous>       ) 00000000-0000-0000-0000-000000000000 [] 🚀 App listening on the port 3000
2024-03-03T19:30:55.873+0900 LOG                  app.ts:69 (Server.<anonymous>       ) 00000000-0000-0000-0000-000000000000 [] ==============================================
2024-03-03T19:30:58.280+0900 LOG                  app.ts:25 (getOrigins               ) 00000000-0000-0000-0000-000000000000 [] origins: ["http://localhost:3000","https://ics.dev.sisoul.kr"]
2024-03-03T19:30:58.332+0900 LOG                mysql.ts:84 (Object.<anonymous>       ) 00000000-0000-0000-0000-000000000000 [] MySQL Connection has been established successfully.
2024-03-03T19:30:58.333+0900 LOG                  app.ts:65 (Server.<anonymous>       ) 00000000-0000-0000-0000-000000000000 [] [ v1.0.0, .env ] =========================================
2024-03-03T19:30:58.333+0900 LOG                  app.ts:67 (Server.<anonymous>       ) 00000000-0000-0000-0000-000000000000 [] ----------------------------------------------
2024-03-03T19:30:58.334+0900 LOG                  app.ts:68 (Server.<anonymous>       ) 00000000-0000-0000-0000-000000000000 [] 🚀 App listening on the port 3000
2024-03-03T19:30:58.334+0900 LOG                  app.ts:69 (Server.<anonymous>       ) 00000000-0000-0000-0000-000000000000 [] ==============================================
2024-03-03T19:31:28.514+0900 LOG                  app.ts:25 (getOrigins               ) 00000000-0000-0000-0000-000000000000 [] origins: ["http://localhost:3000","https://ics.dev.sisoul.kr"]
2024-03-03T19:31:28.564+0900 LOG                mysql.ts:84 (Object.<anonymous>       ) 00000000-0000-0000-0000-000000000000 [] MySQL Connection has been established successfully.
2024-03-03T19:31:28.565+0900 LOG                  app.ts:65 (Server.<anonymous>       ) 00000000-0000-0000-0000-000000000000 [] [ v1.0.0, .env ] =========================================
2024-03-03T19:31:28.565+0900 LOG                  app.ts:67 (Server.<anonymous>       ) 00000000-0000-0000-0000-000000000000 [] ----------------------------------------------
2024-03-03T19:31:28.565+0900 LOG                  app.ts:68 (Server.<anonymous>       ) 00000000-0000-0000-0000-000000000000 [] 🚀 App listening on the port 3000
2024-03-03T19:31:28.565+0900 LOG                  app.ts:69 (Server.<anonymous>       ) 00000000-0000-0000-0000-000000000000 [] ==============================================
2024-03-03T19:31:54.156+0900 LOG                  app.ts:25 (getOrigins               ) 00000000-0000-0000-0000-000000000000 [] origins: ["http://localhost:3000","https://ics.dev.sisoul.kr"]
2024-03-03T19:31:54.218+0900 LOG                mysql.ts:84 (Object.<anonymous>       ) 00000000-0000-0000-0000-000000000000 [] MySQL Connection has been established successfully.
2024-03-03T19:31:54.218+0900 LOG                  app.ts:65 (Server.<anonymous>       ) 00000000-0000-0000-0000-000000000000 [] [ v1.0.0, .env ] =========================================
2024-03-03T19:31:54.219+0900 LOG                  app.ts:67 (Server.<anonymous>       ) 00000000-0000-0000-0000-000000000000 [] ----------------------------------------------
2024-03-03T19:31:54.219+0900 LOG                  app.ts:68 (Server.<anonymous>       ) 00000000-0000-0000-0000-000000000000 [] 🚀 App listening on the port 3000
2024-03-03T19:31:54.219+0900 LOG                  app.ts:69 (Server.<anonymous>       ) 00000000-0000-0000-0000-000000000000 [] ==============================================
2024-03-03T19:33:43.507+0900 LOG                  app.ts:25 (getOrigins               ) 00000000-0000-0000-0000-000000000000 [] origins: ["http://localhost:3000","https://ics.dev.sisoul.kr"]
2024-03-03T19:33:43.562+0900 LOG                mysql.ts:84 (Object.<anonymous>       ) 00000000-0000-0000-0000-000000000000 [] MySQL Connection has been established successfully.
2024-03-03T19:33:43.563+0900 LOG                  app.ts:65 (Server.<anonymous>       ) 00000000-0000-0000-0000-000000000000 [] [ v1.0.0, .env ] =========================================
2024-03-03T19:33:43.563+0900 LOG                  app.ts:67 (Server.<anonymous>       ) 00000000-0000-0000-0000-000000000000 [] ----------------------------------------------
2024-03-03T19:33:43.563+0900 LOG                  app.ts:68 (Server.<anonymous>       ) 00000000-0000-0000-0000-000000000000 [] 🚀 App listening on the port 3000
2024-03-03T19:33:43.563+0900 LOG                  app.ts:69 (Server.<anonymous>       ) 00000000-0000-0000-0000-000000000000 [] ==============================================
