2024-03-19T00:01:09.535+0900 LOG                  app.ts:28 (getOrigins               ) 00000000-0000-0000-0000-000000000000 [] origins: ["http://localhost:3000"]
2024-03-19T00:01:09.659+0900 LOG                mysql.ts:84 (Object.<anonymous>       ) 00000000-0000-0000-0000-000000000000 [] MySQL Connection has been established successfully.
2024-03-19T00:01:09.660+0900 LOG                  app.ts:68 (Server.<anonymous>       ) 00000000-0000-0000-0000-000000000000 [] [ v1.0.0, .env ] =========================================
2024-03-19T00:01:09.661+0900 LOG                  app.ts:70 (Server.<anonymous>       ) 00000000-0000-0000-0000-000000000000 [] ----------------------------------------------
2024-03-19T00:01:09.661+0900 LOG                  app.ts:71 (Server.<anonymous>       ) 00000000-0000-0000-0000-000000000000 [] 🚀 App listening on the port 3000
2024-03-19T00:01:09.661+0900 LOG                  app.ts:72 (Server.<anonymous>       ) 00000000-0000-0000-0000-000000000000 [] ==============================================
2024-03-19T00:02:55.737+0900 LOG                  app.ts:28 (getOrigins               ) 00000000-0000-0000-0000-000000000000 [] origins: ["http://localhost:3000"]
2024-03-19T00:02:55.780+0900 LOG                mysql.ts:84 (Object.<anonymous>       ) 00000000-0000-0000-0000-000000000000 [] MySQL Connection has been established successfully.
2024-03-19T00:02:55.781+0900 LOG                  app.ts:68 (Server.<anonymous>       ) 00000000-0000-0000-0000-000000000000 [] [ v1.0.0, .env ] =========================================
2024-03-19T00:02:55.781+0900 LOG                  app.ts:70 (Server.<anonymous>       ) 00000000-0000-0000-0000-000000000000 [] ----------------------------------------------
2024-03-19T00:02:55.782+0900 LOG                  app.ts:71 (Server.<anonymous>       ) 00000000-0000-0000-0000-000000000000 [] 🚀 App listening on the port 3000
2024-03-19T00:02:55.782+0900 LOG                  app.ts:72 (Server.<anonymous>       ) 00000000-0000-0000-0000-000000000000 [] ==============================================
2024-03-19T00:02:57.886+0900 LOG                  app.ts:28 (getOrigins               ) 00000000-0000-0000-0000-000000000000 [] origins: ["http://localhost:3000"]
2024-03-19T00:02:57.925+0900 LOG                mysql.ts:84 (Object.<anonymous>       ) 00000000-0000-0000-0000-000000000000 [] MySQL Connection has been established successfully.
2024-03-19T00:02:57.925+0900 LOG                  app.ts:68 (Server.<anonymous>       ) 00000000-0000-0000-0000-000000000000 [] [ v1.0.0, .env ] =========================================
2024-03-19T00:02:57.926+0900 LOG                  app.ts:70 (Server.<anonymous>       ) 00000000-0000-0000-0000-000000000000 [] ----------------------------------------------
2024-03-19T00:02:57.926+0900 LOG                  app.ts:71 (Server.<anonymous>       ) 00000000-0000-0000-0000-000000000000 [] 🚀 App listening on the port 3000
2024-03-19T00:02:57.926+0900 LOG                  app.ts:72 (Server.<anonymous>       ) 00000000-0000-0000-0000-000000000000 [] ==============================================
2024-03-19T00:03:00.407+0900 LOG                  app.ts:28 (getOrigins               ) 00000000-0000-0000-0000-000000000000 [] origins: ["http://localhost:3000"]
2024-03-19T00:03:00.445+0900 LOG                mysql.ts:84 (Object.<anonymous>       ) 00000000-0000-0000-0000-000000000000 [] MySQL Connection has been established successfully.
2024-03-19T00:03:00.446+0900 LOG                  app.ts:68 (Server.<anonymous>       ) 00000000-0000-0000-0000-000000000000 [] [ v1.0.0, .env ] =========================================
2024-03-19T00:03:00.446+0900 LOG                  app.ts:70 (Server.<anonymous>       ) 00000000-0000-0000-0000-000000000000 [] ----------------------------------------------
2024-03-19T00:03:00.446+0900 LOG                  app.ts:71 (Server.<anonymous>       ) 00000000-0000-0000-0000-000000000000 [] 🚀 App listening on the port 3000
2024-03-19T00:03:00.447+0900 LOG                  app.ts:72 (Server.<anonymous>       ) 00000000-0000-0000-0000-000000000000 [] ==============================================
2024-03-19T00:03:18.569+0900 LOG                  app.ts:28 (getOrigins               ) 00000000-0000-0000-0000-000000000000 [] origins: ["http://localhost:3000"]
2024-03-19T00:03:18.614+0900 LOG                mysql.ts:84 (Object.<anonymous>       ) 00000000-0000-0000-0000-000000000000 [] MySQL Connection has been established successfully.
2024-03-19T00:03:18.614+0900 LOG                  app.ts:68 (Server.<anonymous>       ) 00000000-0000-0000-0000-000000000000 [] [ v1.0.0, .env ] =========================================
2024-03-19T00:03:18.614+0900 LOG                  app.ts:70 (Server.<anonymous>       ) 00000000-0000-0000-0000-000000000000 [] ----------------------------------------------
2024-03-19T00:03:18.615+0900 LOG                  app.ts:71 (Server.<anonymous>       ) 00000000-0000-0000-0000-000000000000 [] 🚀 App listening on the port 3000
2024-03-19T00:03:18.615+0900 LOG                  app.ts:72 (Server.<anonymous>       ) 00000000-0000-0000-0000-000000000000 [] ==============================================
