2024-03-16T14:52:08.086+0900 LOG                  app.ts:28 (getOrigins               ) 00000000-0000-0000-0000-000000000000 [] origins: ["http://localhost:3000"]
2024-03-16T14:52:08.247+0900 LOG                mysql.ts:84 (Object.<anonymous>       ) 00000000-0000-0000-0000-000000000000 [] MySQL Connection has been established successfully.
2024-03-16T14:52:08.248+0900 LOG                  app.ts:68 (Server.<anonymous>       ) 00000000-0000-0000-0000-000000000000 [] [ v1.0.0, .env ] =========================================
2024-03-16T14:52:08.248+0900 LOG                  app.ts:70 (Server.<anonymous>       ) 00000000-0000-0000-0000-000000000000 [] ----------------------------------------------
2024-03-16T14:52:08.248+0900 LOG                  app.ts:71 (Server.<anonymous>       ) 00000000-0000-0000-0000-000000000000 [] 🚀 App listening on the port 3000
2024-03-16T14:52:08.249+0900 LOG                  app.ts:72 (Server.<anonymous>       ) 00000000-0000-0000-0000-000000000000 [] ==============================================
2024-03-16T16:16:28.006+0900 LOG                  app.ts:28 (getOrigins               ) 00000000-0000-0000-0000-000000000000 [] origins: ["http://localhost:3000"]
2024-03-16T16:16:28.143+0900 LOG                mysql.ts:84 (Object.<anonymous>       ) 00000000-0000-0000-0000-000000000000 [] MySQL Connection has been established successfully.
2024-03-16T16:16:28.144+0900 LOG                  app.ts:68 (Server.<anonymous>       ) 00000000-0000-0000-0000-000000000000 [] [ v1.0.0, .env ] =========================================
2024-03-16T16:16:28.144+0900 LOG                  app.ts:70 (Server.<anonymous>       ) 00000000-0000-0000-0000-000000000000 [] ----------------------------------------------
2024-03-16T16:16:28.145+0900 LOG                  app.ts:71 (Server.<anonymous>       ) 00000000-0000-0000-0000-000000000000 [] 🚀 App listening on the port 3000
2024-03-16T16:16:28.145+0900 LOG                  app.ts:72 (Server.<anonymous>       ) 00000000-0000-0000-0000-000000000000 [] ==============================================
2024-03-16T16:17:41.982+0900 LOG                  app.ts:28 (getOrigins               ) 00000000-0000-0000-0000-000000000000 [] origins: ["http://localhost:3000"]
2024-03-16T16:17:42.121+0900 LOG                mysql.ts:84 (Object.<anonymous>       ) 00000000-0000-0000-0000-000000000000 [] MySQL Connection has been established successfully.
2024-03-16T16:17:42.122+0900 LOG                  app.ts:68 (Server.<anonymous>       ) 00000000-0000-0000-0000-000000000000 [] [ v1.0.0, .env ] =========================================
2024-03-16T16:17:42.122+0900 LOG                  app.ts:70 (Server.<anonymous>       ) 00000000-0000-0000-0000-000000000000 [] ----------------------------------------------
2024-03-16T16:17:42.122+0900 LOG                  app.ts:71 (Server.<anonymous>       ) 00000000-0000-0000-0000-000000000000 [] 🚀 App listening on the port 3000
2024-03-16T16:17:42.123+0900 LOG                  app.ts:72 (Server.<anonymous>       ) 00000000-0000-0000-0000-000000000000 [] ==============================================
2024-03-16T16:20:18.338+0900 LOG                  app.ts:28 (getOrigins               ) 00000000-0000-0000-0000-000000000000 [] origins: ["http://localhost:3000"]
2024-03-16T16:20:18.510+0900 LOG                mysql.ts:84 (Object.<anonymous>       ) 00000000-0000-0000-0000-000000000000 [] MySQL Connection has been established successfully.
2024-03-16T16:20:18.511+0900 LOG                  app.ts:68 (Server.<anonymous>       ) 00000000-0000-0000-0000-000000000000 [] [ v1.0.0, .env ] =========================================
2024-03-16T16:20:18.511+0900 LOG                  app.ts:70 (Server.<anonymous>       ) 00000000-0000-0000-0000-000000000000 [] ----------------------------------------------
2024-03-16T16:20:18.512+0900 LOG                  app.ts:71 (Server.<anonymous>       ) 00000000-0000-0000-0000-000000000000 [] 🚀 App listening on the port 3000
2024-03-16T16:20:18.512+0900 LOG                  app.ts:72 (Server.<anonymous>       ) 00000000-0000-0000-0000-000000000000 [] ==============================================
2024-03-16T16:23:06.897+0900 LOG                  app.ts:28 (getOrigins               ) 00000000-0000-0000-0000-000000000000 [] origins: ["http://localhost:3000"]
2024-03-16T16:23:06.987+0900 LOG                mysql.ts:84 (Object.<anonymous>       ) 00000000-0000-0000-0000-000000000000 [] MySQL Connection has been established successfully.
2024-03-16T16:23:06.988+0900 LOG                  app.ts:68 (Server.<anonymous>       ) 00000000-0000-0000-0000-000000000000 [] [ v1.0.0, .env ] =========================================
2024-03-16T16:23:06.988+0900 LOG                  app.ts:70 (Server.<anonymous>       ) 00000000-0000-0000-0000-000000000000 [] ----------------------------------------------
2024-03-16T16:23:06.988+0900 LOG                  app.ts:71 (Server.<anonymous>       ) 00000000-0000-0000-0000-000000000000 [] 🚀 App listening on the port 3000
2024-03-16T16:23:06.988+0900 LOG                  app.ts:72 (Server.<anonymous>       ) 00000000-0000-0000-0000-000000000000 [] ==============================================
2024-03-16T16:23:19.469+0900 LOG                  app.ts:28 (getOrigins               ) 00000000-0000-0000-0000-000000000000 [] origins: ["http://localhost:3000"]
2024-03-16T16:23:19.518+0900 LOG                mysql.ts:84 (Object.<anonymous>       ) 00000000-0000-0000-0000-000000000000 [] MySQL Connection has been established successfully.
2024-03-16T16:23:19.519+0900 LOG                  app.ts:68 (Server.<anonymous>       ) 00000000-0000-0000-0000-000000000000 [] [ v1.0.0, .env ] =========================================
2024-03-16T16:23:19.519+0900 LOG                  app.ts:70 (Server.<anonymous>       ) 00000000-0000-0000-0000-000000000000 [] ----------------------------------------------
2024-03-16T16:23:19.519+0900 LOG                  app.ts:71 (Server.<anonymous>       ) 00000000-0000-0000-0000-000000000000 [] 🚀 App listening on the port 3000
2024-03-16T16:23:19.519+0900 LOG                  app.ts:72 (Server.<anonymous>       ) 00000000-0000-0000-0000-000000000000 [] ==============================================
2024-03-16T16:23:22.933+0900 LOG                  app.ts:28 (getOrigins               ) 00000000-0000-0000-0000-000000000000 [] origins: ["http://localhost:3000"]
2024-03-16T16:23:22.990+0900 LOG                mysql.ts:84 (Object.<anonymous>       ) 00000000-0000-0000-0000-000000000000 [] MySQL Connection has been established successfully.
2024-03-16T16:23:22.990+0900 LOG                  app.ts:68 (Server.<anonymous>       ) 00000000-0000-0000-0000-000000000000 [] [ v1.0.0, .env ] =========================================
2024-03-16T16:23:22.991+0900 LOG                  app.ts:70 (Server.<anonymous>       ) 00000000-0000-0000-0000-000000000000 [] ----------------------------------------------
2024-03-16T16:23:22.991+0900 LOG                  app.ts:71 (Server.<anonymous>       ) 00000000-0000-0000-0000-000000000000 [] 🚀 App listening on the port 3000
2024-03-16T16:23:22.991+0900 LOG                  app.ts:72 (Server.<anonymous>       ) 00000000-0000-0000-0000-000000000000 [] ==============================================
2024-03-16T16:28:31.981+0900 LOG                  app.ts:28 (getOrigins               ) 00000000-0000-0000-0000-000000000000 [] origins: ["http://localhost:3000"]
2024-03-16T16:28:32.104+0900 LOG                mysql.ts:84 (Object.<anonymous>       ) 00000000-0000-0000-0000-000000000000 [] MySQL Connection has been established successfully.
2024-03-16T16:28:32.105+0900 LOG                  app.ts:68 (Server.<anonymous>       ) 00000000-0000-0000-0000-000000000000 [] [ v1.0.0, .env ] =========================================
2024-03-16T16:28:32.105+0900 LOG                  app.ts:70 (Server.<anonymous>       ) 00000000-0000-0000-0000-000000000000 [] ----------------------------------------------
2024-03-16T16:28:32.106+0900 LOG                  app.ts:71 (Server.<anonymous>       ) 00000000-0000-0000-0000-000000000000 [] 🚀 App listening on the port 3000
2024-03-16T16:28:32.106+0900 LOG                  app.ts:72 (Server.<anonymous>       ) 00000000-0000-0000-0000-000000000000 [] ==============================================
2024-03-16T16:28:56.330+0900 LOG                  app.ts:28 (getOrigins               ) 00000000-0000-0000-0000-000000000000 [] origins: ["http://localhost:3000"]
2024-03-16T16:28:56.494+0900 LOG                mysql.ts:84 (Object.<anonymous>       ) 00000000-0000-0000-0000-000000000000 [] MySQL Connection has been established successfully.
2024-03-16T16:28:56.494+0900 LOG                  app.ts:68 (Server.<anonymous>       ) 00000000-0000-0000-0000-000000000000 [] [ v1.0.0, .env ] =========================================
2024-03-16T16:28:56.495+0900 LOG                  app.ts:70 (Server.<anonymous>       ) 00000000-0000-0000-0000-000000000000 [] ----------------------------------------------
2024-03-16T16:28:56.495+0900 LOG                  app.ts:71 (Server.<anonymous>       ) 00000000-0000-0000-0000-000000000000 [] 🚀 App listening on the port 3000
2024-03-16T16:28:56.495+0900 LOG                  app.ts:72 (Server.<anonymous>       ) 00000000-0000-0000-0000-000000000000 [] ==============================================
2024-03-16T16:29:33.650+0900 LOG                  app.ts:28 (getOrigins               ) 00000000-0000-0000-0000-000000000000 [] origins: ["http://localhost:3000"]
2024-03-16T16:29:33.699+0900 LOG                mysql.ts:84 (Object.<anonymous>       ) 00000000-0000-0000-0000-000000000000 [] MySQL Connection has been established successfully.
2024-03-16T16:29:33.700+0900 LOG                  app.ts:68 (Server.<anonymous>       ) 00000000-0000-0000-0000-000000000000 [] [ v1.0.0, .env ] =========================================
2024-03-16T16:29:33.700+0900 LOG                  app.ts:70 (Server.<anonymous>       ) 00000000-0000-0000-0000-000000000000 [] ----------------------------------------------
2024-03-16T16:29:33.700+0900 LOG                  app.ts:71 (Server.<anonymous>       ) 00000000-0000-0000-0000-000000000000 [] 🚀 App listening on the port 3000
2024-03-16T16:29:33.700+0900 LOG                  app.ts:72 (Server.<anonymous>       ) 00000000-0000-0000-0000-000000000000 [] ==============================================
2024-03-16T16:29:36.927+0900 LOG                  app.ts:28 (getOrigins               ) 00000000-0000-0000-0000-000000000000 [] origins: ["http://localhost:3000"]
2024-03-16T16:29:36.971+0900 LOG                mysql.ts:84 (Object.<anonymous>       ) 00000000-0000-0000-0000-000000000000 [] MySQL Connection has been established successfully.
2024-03-16T16:29:36.972+0900 LOG                  app.ts:68 (Server.<anonymous>       ) 00000000-0000-0000-0000-000000000000 [] [ v1.0.0, .env ] =========================================
2024-03-16T16:29:36.972+0900 LOG                  app.ts:70 (Server.<anonymous>       ) 00000000-0000-0000-0000-000000000000 [] ----------------------------------------------
2024-03-16T16:29:36.972+0900 LOG                  app.ts:71 (Server.<anonymous>       ) 00000000-0000-0000-0000-000000000000 [] 🚀 App listening on the port 3000
2024-03-16T16:29:36.973+0900 LOG                  app.ts:72 (Server.<anonymous>       ) 00000000-0000-0000-0000-000000000000 [] ==============================================
2024-03-16T16:29:41.326+0900 LOG                  app.ts:28 (getOrigins               ) 00000000-0000-0000-0000-000000000000 [] origins: ["http://localhost:3000"]
2024-03-16T16:29:41.377+0900 LOG                mysql.ts:84 (Object.<anonymous>       ) 00000000-0000-0000-0000-000000000000 [] MySQL Connection has been established successfully.
2024-03-16T16:29:41.378+0900 LOG                  app.ts:68 (Server.<anonymous>       ) 00000000-0000-0000-0000-000000000000 [] [ v1.0.0, .env ] =========================================
2024-03-16T16:29:41.378+0900 LOG                  app.ts:70 (Server.<anonymous>       ) 00000000-0000-0000-0000-000000000000 [] ----------------------------------------------
2024-03-16T16:29:41.378+0900 LOG                  app.ts:71 (Server.<anonymous>       ) 00000000-0000-0000-0000-000000000000 [] 🚀 App listening on the port 3000
2024-03-16T16:29:41.378+0900 LOG                  app.ts:72 (Server.<anonymous>       ) 00000000-0000-0000-0000-000000000000 [] ==============================================
2024-03-16T16:29:43.412+0900 LOG                  app.ts:28 (getOrigins               ) 00000000-0000-0000-0000-000000000000 [] origins: ["http://localhost:3000"]
2024-03-16T16:29:43.449+0900 LOG                mysql.ts:84 (Object.<anonymous>       ) 00000000-0000-0000-0000-000000000000 [] MySQL Connection has been established successfully.
2024-03-16T16:29:43.450+0900 LOG                  app.ts:68 (Server.<anonymous>       ) 00000000-0000-0000-0000-000000000000 [] [ v1.0.0, .env ] =========================================
2024-03-16T16:29:43.450+0900 LOG                  app.ts:70 (Server.<anonymous>       ) 00000000-0000-0000-0000-000000000000 [] ----------------------------------------------
2024-03-16T16:29:43.450+0900 LOG                  app.ts:71 (Server.<anonymous>       ) 00000000-0000-0000-0000-000000000000 [] 🚀 App listening on the port 3000
2024-03-16T16:29:43.450+0900 LOG                  app.ts:72 (Server.<anonymous>       ) 00000000-0000-0000-0000-000000000000 [] ==============================================
2024-03-16T16:29:46.898+0900 LOG                  app.ts:28 (getOrigins               ) 00000000-0000-0000-0000-000000000000 [] origins: ["http://localhost:3000"]
2024-03-16T16:29:46.938+0900 LOG                mysql.ts:84 (Object.<anonymous>       ) 00000000-0000-0000-0000-000000000000 [] MySQL Connection has been established successfully.
2024-03-16T16:29:46.939+0900 LOG                  app.ts:68 (Server.<anonymous>       ) 00000000-0000-0000-0000-000000000000 [] [ v1.0.0, .env ] =========================================
2024-03-16T16:29:46.939+0900 LOG                  app.ts:70 (Server.<anonymous>       ) 00000000-0000-0000-0000-000000000000 [] ----------------------------------------------
2024-03-16T16:29:46.939+0900 LOG                  app.ts:71 (Server.<anonymous>       ) 00000000-0000-0000-0000-000000000000 [] 🚀 App listening on the port 3000
2024-03-16T16:29:46.940+0900 LOG                  app.ts:72 (Server.<anonymous>       ) 00000000-0000-0000-0000-000000000000 [] ==============================================
2024-03-16T16:29:48.875+0900 LOG                  app.ts:28 (getOrigins               ) 00000000-0000-0000-0000-000000000000 [] origins: ["http://localhost:3000"]
2024-03-16T16:29:48.912+0900 LOG                mysql.ts:84 (Object.<anonymous>       ) 00000000-0000-0000-0000-000000000000 [] MySQL Connection has been established successfully.
2024-03-16T16:29:48.913+0900 LOG                  app.ts:68 (Server.<anonymous>       ) 00000000-0000-0000-0000-000000000000 [] [ v1.0.0, .env ] =========================================
2024-03-16T16:29:48.913+0900 LOG                  app.ts:70 (Server.<anonymous>       ) 00000000-0000-0000-0000-000000000000 [] ----------------------------------------------
2024-03-16T16:29:48.913+0900 LOG                  app.ts:71 (Server.<anonymous>       ) 00000000-0000-0000-0000-000000000000 [] 🚀 App listening on the port 3000
2024-03-16T16:29:48.913+0900 LOG                  app.ts:72 (Server.<anonymous>       ) 00000000-0000-0000-0000-000000000000 [] ==============================================
2024-03-16T16:29:51.224+0900 LOG                  app.ts:28 (getOrigins               ) 00000000-0000-0000-0000-000000000000 [] origins: ["http://localhost:3000"]
2024-03-16T16:29:51.282+0900 LOG                mysql.ts:84 (Object.<anonymous>       ) 00000000-0000-0000-0000-000000000000 [] MySQL Connection has been established successfully.
2024-03-16T16:29:51.283+0900 LOG                  app.ts:68 (Server.<anonymous>       ) 00000000-0000-0000-0000-000000000000 [] [ v1.0.0, .env ] =========================================
2024-03-16T16:29:51.283+0900 LOG                  app.ts:70 (Server.<anonymous>       ) 00000000-0000-0000-0000-000000000000 [] ----------------------------------------------
2024-03-16T16:29:51.283+0900 LOG                  app.ts:71 (Server.<anonymous>       ) 00000000-0000-0000-0000-000000000000 [] 🚀 App listening on the port 3000
2024-03-16T16:29:51.283+0900 LOG                  app.ts:72 (Server.<anonymous>       ) 00000000-0000-0000-0000-000000000000 [] ==============================================
2024-03-16T16:29:52.795+0900 LOG                  app.ts:28 (getOrigins               ) 00000000-0000-0000-0000-000000000000 [] origins: ["http://localhost:3000"]
2024-03-16T16:29:52.838+0900 LOG                mysql.ts:84 (Object.<anonymous>       ) 00000000-0000-0000-0000-000000000000 [] MySQL Connection has been established successfully.
2024-03-16T16:29:52.839+0900 LOG                  app.ts:68 (Server.<anonymous>       ) 00000000-0000-0000-0000-000000000000 [] [ v1.0.0, .env ] =========================================
2024-03-16T16:29:52.839+0900 LOG                  app.ts:70 (Server.<anonymous>       ) 00000000-0000-0000-0000-000000000000 [] ----------------------------------------------
2024-03-16T16:29:52.840+0900 LOG                  app.ts:71 (Server.<anonymous>       ) 00000000-0000-0000-0000-000000000000 [] 🚀 App listening on the port 3000
2024-03-16T16:29:52.840+0900 LOG                  app.ts:72 (Server.<anonymous>       ) 00000000-0000-0000-0000-000000000000 [] ==============================================
2024-03-16T16:29:58.101+0900 LOG                  app.ts:28 (getOrigins               ) 00000000-0000-0000-0000-000000000000 [] origins: ["http://localhost:3000"]
2024-03-16T16:29:58.138+0900 LOG                mysql.ts:84 (Object.<anonymous>       ) 00000000-0000-0000-0000-000000000000 [] MySQL Connection has been established successfully.
2024-03-16T16:29:58.139+0900 LOG                  app.ts:68 (Server.<anonymous>       ) 00000000-0000-0000-0000-000000000000 [] [ v1.0.0, .env ] =========================================
2024-03-16T16:29:58.139+0900 LOG                  app.ts:70 (Server.<anonymous>       ) 00000000-0000-0000-0000-000000000000 [] ----------------------------------------------
2024-03-16T16:29:58.139+0900 LOG                  app.ts:71 (Server.<anonymous>       ) 00000000-0000-0000-0000-000000000000 [] 🚀 App listening on the port 3000
2024-03-16T16:29:58.139+0900 LOG                  app.ts:72 (Server.<anonymous>       ) 00000000-0000-0000-0000-000000000000 [] ==============================================
2024-03-16T16:30:37.629+0900 LOG                  app.ts:28 (getOrigins               ) 00000000-0000-0000-0000-000000000000 [] origins: ["http://localhost:3000"]
2024-03-16T16:30:37.726+0900 LOG                mysql.ts:84 (Object.<anonymous>       ) 00000000-0000-0000-0000-000000000000 [] MySQL Connection has been established successfully.
2024-03-16T16:30:37.727+0900 LOG                  app.ts:68 (Server.<anonymous>       ) 00000000-0000-0000-0000-000000000000 [] [ v1.0.0, .env ] =========================================
2024-03-16T16:30:37.728+0900 LOG                  app.ts:70 (Server.<anonymous>       ) 00000000-0000-0000-0000-000000000000 [] ----------------------------------------------
2024-03-16T16:30:37.728+0900 LOG                  app.ts:71 (Server.<anonymous>       ) 00000000-0000-0000-0000-000000000000 [] 🚀 App listening on the port 3000
2024-03-16T16:30:37.728+0900 LOG                  app.ts:72 (Server.<anonymous>       ) 00000000-0000-0000-0000-000000000000 [] ==============================================
2024-03-16T16:30:40.983+0900 LOG                  app.ts:28 (getOrigins               ) 00000000-0000-0000-0000-000000000000 [] origins: ["http://localhost:3000"]
2024-03-16T16:30:41.021+0900 LOG                mysql.ts:84 (Object.<anonymous>       ) 00000000-0000-0000-0000-000000000000 [] MySQL Connection has been established successfully.
2024-03-16T16:30:41.021+0900 LOG                  app.ts:68 (Server.<anonymous>       ) 00000000-0000-0000-0000-000000000000 [] [ v1.0.0, .env ] =========================================
2024-03-16T16:30:41.021+0900 LOG                  app.ts:70 (Server.<anonymous>       ) 00000000-0000-0000-0000-000000000000 [] ----------------------------------------------
2024-03-16T16:30:41.022+0900 LOG                  app.ts:71 (Server.<anonymous>       ) 00000000-0000-0000-0000-000000000000 [] 🚀 App listening on the port 3000
2024-03-16T16:30:41.022+0900 LOG                  app.ts:72 (Server.<anonymous>       ) 00000000-0000-0000-0000-000000000000 [] ==============================================
2024-03-16T16:30:50.762+0900 LOG                  app.ts:28 (getOrigins               ) 00000000-0000-0000-0000-000000000000 [] origins: ["http://localhost:3000"]
2024-03-16T16:30:50.806+0900 LOG                mysql.ts:84 (Object.<anonymous>       ) 00000000-0000-0000-0000-000000000000 [] MySQL Connection has been established successfully.
2024-03-16T16:30:50.807+0900 LOG                  app.ts:68 (Server.<anonymous>       ) 00000000-0000-0000-0000-000000000000 [] [ v1.0.0, .env ] =========================================
2024-03-16T16:30:50.807+0900 LOG                  app.ts:70 (Server.<anonymous>       ) 00000000-0000-0000-0000-000000000000 [] ----------------------------------------------
2024-03-16T16:30:50.807+0900 LOG                  app.ts:71 (Server.<anonymous>       ) 00000000-0000-0000-0000-000000000000 [] 🚀 App listening on the port 3000
2024-03-16T16:30:50.808+0900 LOG                  app.ts:72 (Server.<anonymous>       ) 00000000-0000-0000-0000-000000000000 [] ==============================================
2024-03-16T16:31:02.751+0900 LOG                  app.ts:28 (getOrigins               ) 00000000-0000-0000-0000-000000000000 [] origins: ["http://localhost:3000"]
2024-03-16T16:31:02.794+0900 LOG                mysql.ts:84 (Object.<anonymous>       ) 00000000-0000-0000-0000-000000000000 [] MySQL Connection has been established successfully.
2024-03-16T16:31:02.795+0900 LOG                  app.ts:68 (Server.<anonymous>       ) 00000000-0000-0000-0000-000000000000 [] [ v1.0.0, .env ] =========================================
2024-03-16T16:31:02.795+0900 LOG                  app.ts:70 (Server.<anonymous>       ) 00000000-0000-0000-0000-000000000000 [] ----------------------------------------------
2024-03-16T16:31:02.795+0900 LOG                  app.ts:71 (Server.<anonymous>       ) 00000000-0000-0000-0000-000000000000 [] 🚀 App listening on the port 3000
2024-03-16T16:31:02.796+0900 LOG                  app.ts:72 (Server.<anonymous>       ) 00000000-0000-0000-0000-000000000000 [] ==============================================
2024-03-16T16:33:16.225+0900 LOG                  app.ts:28 (getOrigins               ) 00000000-0000-0000-0000-000000000000 [] origins: ["http://localhost:3000"]
2024-03-16T16:33:16.338+0900 LOG                mysql.ts:84 (Object.<anonymous>       ) 00000000-0000-0000-0000-000000000000 [] MySQL Connection has been established successfully.
2024-03-16T16:33:16.338+0900 LOG                  app.ts:68 (Server.<anonymous>       ) 00000000-0000-0000-0000-000000000000 [] [ v1.0.0, .env ] =========================================
2024-03-16T16:33:16.339+0900 LOG                  app.ts:70 (Server.<anonymous>       ) 00000000-0000-0000-0000-000000000000 [] ----------------------------------------------
2024-03-16T16:33:16.339+0900 LOG                  app.ts:71 (Server.<anonymous>       ) 00000000-0000-0000-0000-000000000000 [] 🚀 App listening on the port 3000
2024-03-16T16:33:16.339+0900 LOG                  app.ts:72 (Server.<anonymous>       ) 00000000-0000-0000-0000-000000000000 [] ==============================================
2024-03-16T16:33:23.076+0900 LOG                  app.ts:28 (getOrigins               ) 00000000-0000-0000-0000-000000000000 [] origins: ["http://localhost:3000"]
2024-03-16T16:33:23.118+0900 LOG                mysql.ts:84 (Object.<anonymous>       ) 00000000-0000-0000-0000-000000000000 [] MySQL Connection has been established successfully.
2024-03-16T16:33:23.118+0900 LOG                  app.ts:68 (Server.<anonymous>       ) 00000000-0000-0000-0000-000000000000 [] [ v1.0.0, .env ] =========================================
2024-03-16T16:33:23.119+0900 LOG                  app.ts:70 (Server.<anonymous>       ) 00000000-0000-0000-0000-000000000000 [] ----------------------------------------------
2024-03-16T16:33:23.119+0900 LOG                  app.ts:71 (Server.<anonymous>       ) 00000000-0000-0000-0000-000000000000 [] 🚀 App listening on the port 3000
2024-03-16T16:33:23.119+0900 LOG                  app.ts:72 (Server.<anonymous>       ) 00000000-0000-0000-0000-000000000000 [] ==============================================
2024-03-16T16:34:29.033+0900 LOG                  app.ts:28 (getOrigins               ) 00000000-0000-0000-0000-000000000000 [] origins: ["http://localhost:3000"]
2024-03-16T16:34:29.269+0900 LOG                mysql.ts:84 (Object.<anonymous>       ) 00000000-0000-0000-0000-000000000000 [] MySQL Connection has been established successfully.
2024-03-16T16:34:29.269+0900 LOG                  app.ts:68 (Server.<anonymous>       ) 00000000-0000-0000-0000-000000000000 [] [ v1.0.0, .env ] =========================================
2024-03-16T16:34:29.269+0900 LOG                  app.ts:70 (Server.<anonymous>       ) 00000000-0000-0000-0000-000000000000 [] ----------------------------------------------
2024-03-16T16:34:29.270+0900 LOG                  app.ts:71 (Server.<anonymous>       ) 00000000-0000-0000-0000-000000000000 [] 🚀 App listening on the port 3000
2024-03-16T16:34:29.270+0900 LOG                  app.ts:72 (Server.<anonymous>       ) 00000000-0000-0000-0000-000000000000 [] ==============================================
2024-03-16T16:41:16.036+0900 LOG                  app.ts:28 (getOrigins               ) 00000000-0000-0000-0000-000000000000 [] origins: ["http://localhost:3000"]
2024-03-16T16:41:16.174+0900 LOG                mysql.ts:84 (Object.<anonymous>       ) 00000000-0000-0000-0000-000000000000 [] MySQL Connection has been established successfully.
2024-03-16T16:41:16.175+0900 LOG                  app.ts:68 (Server.<anonymous>       ) 00000000-0000-0000-0000-000000000000 [] [ v1.0.0, .env ] =========================================
2024-03-16T16:41:16.175+0900 LOG                  app.ts:70 (Server.<anonymous>       ) 00000000-0000-0000-0000-000000000000 [] ----------------------------------------------
2024-03-16T16:41:16.175+0900 LOG                  app.ts:71 (Server.<anonymous>       ) 00000000-0000-0000-0000-000000000000 [] 🚀 App listening on the port 3000
2024-03-16T16:41:16.175+0900 LOG                  app.ts:72 (Server.<anonymous>       ) 00000000-0000-0000-0000-000000000000 [] ==============================================
2024-03-16T16:42:06.844+0900 LOG                  app.ts:28 (getOrigins               ) 00000000-0000-0000-0000-000000000000 [] origins: ["http://localhost:3000"]
2024-03-16T16:42:06.891+0900 LOG                mysql.ts:84 (Object.<anonymous>       ) 00000000-0000-0000-0000-000000000000 [] MySQL Connection has been established successfully.
2024-03-16T16:42:06.892+0900 LOG                  app.ts:68 (Server.<anonymous>       ) 00000000-0000-0000-0000-000000000000 [] [ v1.0.0, .env ] =========================================
2024-03-16T16:42:06.892+0900 LOG                  app.ts:70 (Server.<anonymous>       ) 00000000-0000-0000-0000-000000000000 [] ----------------------------------------------
2024-03-16T16:42:06.892+0900 LOG                  app.ts:71 (Server.<anonymous>       ) 00000000-0000-0000-0000-000000000000 [] 🚀 App listening on the port 3000
2024-03-16T16:42:06.893+0900 LOG                  app.ts:72 (Server.<anonymous>       ) 00000000-0000-0000-0000-000000000000 [] ==============================================
2024-03-16T16:43:06.676+0900 LOG                  app.ts:28 (getOrigins               ) 00000000-0000-0000-0000-000000000000 [] origins: ["http://localhost:3000"]
2024-03-16T16:43:06.794+0900 LOG                mysql.ts:84 (Object.<anonymous>       ) 00000000-0000-0000-0000-000000000000 [] MySQL Connection has been established successfully.
2024-03-16T16:43:06.795+0900 LOG                  app.ts:68 (Server.<anonymous>       ) 00000000-0000-0000-0000-000000000000 [] [ v1.0.0, .env ] =========================================
2024-03-16T16:43:06.795+0900 LOG                  app.ts:70 (Server.<anonymous>       ) 00000000-0000-0000-0000-000000000000 [] ----------------------------------------------
2024-03-16T16:43:06.796+0900 LOG                  app.ts:71 (Server.<anonymous>       ) 00000000-0000-0000-0000-000000000000 [] 🚀 App listening on the port 3000
2024-03-16T16:43:06.796+0900 LOG                  app.ts:72 (Server.<anonymous>       ) 00000000-0000-0000-0000-000000000000 [] ==============================================
2024-03-16T16:44:49.231+0900 LOG                  app.ts:28 (getOrigins               ) 00000000-0000-0000-0000-000000000000 [] origins: ["http://localhost:3000"]
2024-03-16T16:44:49.346+0900 LOG                mysql.ts:84 (Object.<anonymous>       ) 00000000-0000-0000-0000-000000000000 [] MySQL Connection has been established successfully.
2024-03-16T16:44:49.347+0900 LOG                  app.ts:68 (Server.<anonymous>       ) 00000000-0000-0000-0000-000000000000 [] [ v1.0.0, .env ] =========================================
2024-03-16T16:44:49.347+0900 LOG                  app.ts:70 (Server.<anonymous>       ) 00000000-0000-0000-0000-000000000000 [] ----------------------------------------------
2024-03-16T16:44:49.347+0900 LOG                  app.ts:71 (Server.<anonymous>       ) 00000000-0000-0000-0000-000000000000 [] 🚀 App listening on the port 3000
2024-03-16T16:44:49.348+0900 LOG                  app.ts:72 (Server.<anonymous>       ) 00000000-0000-0000-0000-000000000000 [] ==============================================
2024-03-16T16:45:15.364+0900 LOG                  app.ts:28 (getOrigins               ) 00000000-0000-0000-0000-000000000000 [] origins: ["http://localhost:3000"]
2024-03-16T16:45:15.516+0900 LOG                mysql.ts:84 (Object.<anonymous>       ) 00000000-0000-0000-0000-000000000000 [] MySQL Connection has been established successfully.
2024-03-16T16:45:15.516+0900 LOG                  app.ts:68 (Server.<anonymous>       ) 00000000-0000-0000-0000-000000000000 [] [ v1.0.0, .env ] =========================================
2024-03-16T16:45:15.516+0900 LOG                  app.ts:70 (Server.<anonymous>       ) 00000000-0000-0000-0000-000000000000 [] ----------------------------------------------
2024-03-16T16:45:15.517+0900 LOG                  app.ts:71 (Server.<anonymous>       ) 00000000-0000-0000-0000-000000000000 [] 🚀 App listening on the port 3000
2024-03-16T16:45:15.517+0900 LOG                  app.ts:72 (Server.<anonymous>       ) 00000000-0000-0000-0000-000000000000 [] ==============================================
2024-03-16T16:45:38.450+0900 LOG                  app.ts:28 (getOrigins               ) 00000000-0000-0000-0000-000000000000 [] origins: ["http://localhost:3000"]
2024-03-16T16:45:38.495+0900 LOG                mysql.ts:84 (Object.<anonymous>       ) 00000000-0000-0000-0000-000000000000 [] MySQL Connection has been established successfully.
2024-03-16T16:45:38.496+0900 LOG                  app.ts:68 (Server.<anonymous>       ) 00000000-0000-0000-0000-000000000000 [] [ v1.0.0, .env ] =========================================
2024-03-16T16:45:38.496+0900 LOG                  app.ts:70 (Server.<anonymous>       ) 00000000-0000-0000-0000-000000000000 [] ----------------------------------------------
2024-03-16T16:45:38.496+0900 LOG                  app.ts:71 (Server.<anonymous>       ) 00000000-0000-0000-0000-000000000000 [] 🚀 App listening on the port 3000
2024-03-16T16:45:38.496+0900 LOG                  app.ts:72 (Server.<anonymous>       ) 00000000-0000-0000-0000-000000000000 [] ==============================================
2024-03-16T16:45:53.011+0900 LOG                  app.ts:28 (getOrigins               ) 00000000-0000-0000-0000-000000000000 [] origins: ["http://localhost:3000"]
2024-03-16T16:45:53.051+0900 LOG                mysql.ts:84 (Object.<anonymous>       ) 00000000-0000-0000-0000-000000000000 [] MySQL Connection has been established successfully.
2024-03-16T16:45:53.052+0900 LOG                  app.ts:68 (Server.<anonymous>       ) 00000000-0000-0000-0000-000000000000 [] [ v1.0.0, .env ] =========================================
2024-03-16T16:45:53.052+0900 LOG                  app.ts:70 (Server.<anonymous>       ) 00000000-0000-0000-0000-000000000000 [] ----------------------------------------------
2024-03-16T16:45:53.052+0900 LOG                  app.ts:71 (Server.<anonymous>       ) 00000000-0000-0000-0000-000000000000 [] 🚀 App listening on the port 3000
2024-03-16T16:45:53.052+0900 LOG                  app.ts:72 (Server.<anonymous>       ) 00000000-0000-0000-0000-000000000000 [] ==============================================
2024-03-16T16:45:56.541+0900 LOG                  app.ts:28 (getOrigins               ) 00000000-0000-0000-0000-000000000000 [] origins: ["http://localhost:3000"]
2024-03-16T16:45:56.579+0900 LOG                mysql.ts:84 (Object.<anonymous>       ) 00000000-0000-0000-0000-000000000000 [] MySQL Connection has been established successfully.
2024-03-16T16:45:56.579+0900 LOG                  app.ts:68 (Server.<anonymous>       ) 00000000-0000-0000-0000-000000000000 [] [ v1.0.0, .env ] =========================================
2024-03-16T16:45:56.580+0900 LOG                  app.ts:70 (Server.<anonymous>       ) 00000000-0000-0000-0000-000000000000 [] ----------------------------------------------
2024-03-16T16:45:56.580+0900 LOG                  app.ts:71 (Server.<anonymous>       ) 00000000-0000-0000-0000-000000000000 [] 🚀 App listening on the port 3000
2024-03-16T16:45:56.580+0900 LOG                  app.ts:72 (Server.<anonymous>       ) 00000000-0000-0000-0000-000000000000 [] ==============================================
2024-03-16T16:46:12.910+0900 LOG                  app.ts:28 (getOrigins               ) 00000000-0000-0000-0000-000000000000 [] origins: ["http://localhost:3000"]
2024-03-16T16:46:12.962+0900 LOG                mysql.ts:84 (Object.<anonymous>       ) 00000000-0000-0000-0000-000000000000 [] MySQL Connection has been established successfully.
2024-03-16T16:46:12.962+0900 LOG                  app.ts:68 (Server.<anonymous>       ) 00000000-0000-0000-0000-000000000000 [] [ v1.0.0, .env ] =========================================
2024-03-16T16:46:12.962+0900 LOG                  app.ts:70 (Server.<anonymous>       ) 00000000-0000-0000-0000-000000000000 [] ----------------------------------------------
2024-03-16T16:46:12.963+0900 LOG                  app.ts:71 (Server.<anonymous>       ) 00000000-0000-0000-0000-000000000000 [] 🚀 App listening on the port 3000
2024-03-16T16:46:12.963+0900 LOG                  app.ts:72 (Server.<anonymous>       ) 00000000-0000-0000-0000-000000000000 [] ==============================================
2024-03-16T16:46:15.614+0900 LOG                  app.ts:28 (getOrigins               ) 00000000-0000-0000-0000-000000000000 [] origins: ["http://localhost:3000"]
2024-03-16T16:46:15.653+0900 LOG                mysql.ts:84 (Object.<anonymous>       ) 00000000-0000-0000-0000-000000000000 [] MySQL Connection has been established successfully.
2024-03-16T16:46:15.654+0900 LOG                  app.ts:68 (Server.<anonymous>       ) 00000000-0000-0000-0000-000000000000 [] [ v1.0.0, .env ] =========================================
2024-03-16T16:46:15.654+0900 LOG                  app.ts:70 (Server.<anonymous>       ) 00000000-0000-0000-0000-000000000000 [] ----------------------------------------------
2024-03-16T16:46:15.654+0900 LOG                  app.ts:71 (Server.<anonymous>       ) 00000000-0000-0000-0000-000000000000 [] 🚀 App listening on the port 3000
2024-03-16T16:46:15.654+0900 LOG                  app.ts:72 (Server.<anonymous>       ) 00000000-0000-0000-0000-000000000000 [] ==============================================
2024-03-16T16:49:09.998+0900 LOG                  app.ts:28 (getOrigins               ) 00000000-0000-0000-0000-000000000000 [] origins: ["http://localhost:3000"]
2024-03-16T16:49:10.119+0900 LOG                mysql.ts:84 (Object.<anonymous>       ) 00000000-0000-0000-0000-000000000000 [] MySQL Connection has been established successfully.
2024-03-16T16:49:10.120+0900 LOG                  app.ts:68 (Server.<anonymous>       ) 00000000-0000-0000-0000-000000000000 [] [ v1.0.0, .env ] =========================================
2024-03-16T16:49:10.120+0900 LOG                  app.ts:70 (Server.<anonymous>       ) 00000000-0000-0000-0000-000000000000 [] ----------------------------------------------
2024-03-16T16:49:10.121+0900 LOG                  app.ts:71 (Server.<anonymous>       ) 00000000-0000-0000-0000-000000000000 [] 🚀 App listening on the port 3000
2024-03-16T16:49:10.121+0900 LOG                  app.ts:72 (Server.<anonymous>       ) 00000000-0000-0000-0000-000000000000 [] ==============================================
2024-03-16T16:51:01.495+0900 LOG                  app.ts:28 (getOrigins               ) 00000000-0000-0000-0000-000000000000 [] origins: ["http://localhost:3000"]
2024-03-16T16:51:01.647+0900 LOG                mysql.ts:84 (Object.<anonymous>       ) 00000000-0000-0000-0000-000000000000 [] MySQL Connection has been established successfully.
2024-03-16T16:51:01.648+0900 LOG                  app.ts:68 (Server.<anonymous>       ) 00000000-0000-0000-0000-000000000000 [] [ v1.0.0, .env ] =========================================
2024-03-16T16:51:01.648+0900 LOG                  app.ts:70 (Server.<anonymous>       ) 00000000-0000-0000-0000-000000000000 [] ----------------------------------------------
2024-03-16T16:51:01.648+0900 LOG                  app.ts:71 (Server.<anonymous>       ) 00000000-0000-0000-0000-000000000000 [] 🚀 App listening on the port 3000
2024-03-16T16:51:01.649+0900 LOG                  app.ts:72 (Server.<anonymous>       ) 00000000-0000-0000-0000-000000000000 [] ==============================================
2024-03-16T16:51:07.831+0900 LOG                  app.ts:28 (getOrigins               ) 00000000-0000-0000-0000-000000000000 [] origins: ["http://localhost:3000"]
2024-03-16T16:51:07.883+0900 LOG                mysql.ts:84 (Object.<anonymous>       ) 00000000-0000-0000-0000-000000000000 [] MySQL Connection has been established successfully.
2024-03-16T16:51:07.884+0900 LOG                  app.ts:68 (Server.<anonymous>       ) 00000000-0000-0000-0000-000000000000 [] [ v1.0.0, .env ] =========================================
2024-03-16T16:51:07.884+0900 LOG                  app.ts:70 (Server.<anonymous>       ) 00000000-0000-0000-0000-000000000000 [] ----------------------------------------------
2024-03-16T16:51:07.885+0900 LOG                  app.ts:71 (Server.<anonymous>       ) 00000000-0000-0000-0000-000000000000 [] 🚀 App listening on the port 3000
2024-03-16T16:51:07.885+0900 LOG                  app.ts:72 (Server.<anonymous>       ) 00000000-0000-0000-0000-000000000000 [] ==============================================
2024-03-16T16:51:13.075+0900 LOG                  app.ts:28 (getOrigins               ) 00000000-0000-0000-0000-000000000000 [] origins: ["http://localhost:3000"]
2024-03-16T16:51:13.140+0900 LOG                mysql.ts:84 (Object.<anonymous>       ) 00000000-0000-0000-0000-000000000000 [] MySQL Connection has been established successfully.
2024-03-16T16:51:13.141+0900 LOG                  app.ts:68 (Server.<anonymous>       ) 00000000-0000-0000-0000-000000000000 [] [ v1.0.0, .env ] =========================================
2024-03-16T16:51:13.141+0900 LOG                  app.ts:70 (Server.<anonymous>       ) 00000000-0000-0000-0000-000000000000 [] ----------------------------------------------
2024-03-16T16:51:13.141+0900 LOG                  app.ts:71 (Server.<anonymous>       ) 00000000-0000-0000-0000-000000000000 [] 🚀 App listening on the port 3000
2024-03-16T16:51:13.142+0900 LOG                  app.ts:72 (Server.<anonymous>       ) 00000000-0000-0000-0000-000000000000 [] ==============================================
2024-03-16T16:51:22.904+0900 LOG                  app.ts:28 (getOrigins               ) 00000000-0000-0000-0000-000000000000 [] origins: ["http://localhost:3000"]
2024-03-16T16:51:22.946+0900 LOG                mysql.ts:84 (Object.<anonymous>       ) 00000000-0000-0000-0000-000000000000 [] MySQL Connection has been established successfully.
2024-03-16T16:51:22.947+0900 LOG                  app.ts:68 (Server.<anonymous>       ) 00000000-0000-0000-0000-000000000000 [] [ v1.0.0, .env ] =========================================
2024-03-16T16:51:22.947+0900 LOG                  app.ts:70 (Server.<anonymous>       ) 00000000-0000-0000-0000-000000000000 [] ----------------------------------------------
2024-03-16T16:51:22.947+0900 LOG                  app.ts:71 (Server.<anonymous>       ) 00000000-0000-0000-0000-000000000000 [] 🚀 App listening on the port 3000
2024-03-16T16:51:22.947+0900 LOG                  app.ts:72 (Server.<anonymous>       ) 00000000-0000-0000-0000-000000000000 [] ==============================================
2024-03-16T16:51:46.360+0900 LOG                  app.ts:28 (getOrigins               ) 00000000-0000-0000-0000-000000000000 [] origins: ["http://localhost:3000"]
2024-03-16T16:51:46.406+0900 LOG                mysql.ts:84 (Object.<anonymous>       ) 00000000-0000-0000-0000-000000000000 [] MySQL Connection has been established successfully.
2024-03-16T16:51:46.407+0900 LOG                  app.ts:68 (Server.<anonymous>       ) 00000000-0000-0000-0000-000000000000 [] [ v1.0.0, .env ] =========================================
2024-03-16T16:51:46.407+0900 LOG                  app.ts:70 (Server.<anonymous>       ) 00000000-0000-0000-0000-000000000000 [] ----------------------------------------------
2024-03-16T16:51:46.407+0900 LOG                  app.ts:71 (Server.<anonymous>       ) 00000000-0000-0000-0000-000000000000 [] 🚀 App listening on the port 3000
2024-03-16T16:51:46.408+0900 LOG                  app.ts:72 (Server.<anonymous>       ) 00000000-0000-0000-0000-000000000000 [] ==============================================
2024-03-16T16:51:48.385+0900 LOG                  app.ts:28 (getOrigins               ) 00000000-0000-0000-0000-000000000000 [] origins: ["http://localhost:3000"]
2024-03-16T16:51:48.432+0900 LOG                mysql.ts:84 (Object.<anonymous>       ) 00000000-0000-0000-0000-000000000000 [] MySQL Connection has been established successfully.
2024-03-16T16:51:48.433+0900 LOG                  app.ts:68 (Server.<anonymous>       ) 00000000-0000-0000-0000-000000000000 [] [ v1.0.0, .env ] =========================================
2024-03-16T16:51:48.433+0900 LOG                  app.ts:70 (Server.<anonymous>       ) 00000000-0000-0000-0000-000000000000 [] ----------------------------------------------
2024-03-16T16:51:48.433+0900 LOG                  app.ts:71 (Server.<anonymous>       ) 00000000-0000-0000-0000-000000000000 [] 🚀 App listening on the port 3000
2024-03-16T16:51:48.434+0900 LOG                  app.ts:72 (Server.<anonymous>       ) 00000000-0000-0000-0000-000000000000 [] ==============================================
2024-03-16T16:51:53.813+0900 LOG                  app.ts:28 (getOrigins               ) 00000000-0000-0000-0000-000000000000 [] origins: ["http://localhost:3000"]
2024-03-16T16:51:53.869+0900 LOG                mysql.ts:84 (Object.<anonymous>       ) 00000000-0000-0000-0000-000000000000 [] MySQL Connection has been established successfully.
2024-03-16T16:51:53.869+0900 LOG                  app.ts:68 (Server.<anonymous>       ) 00000000-0000-0000-0000-000000000000 [] [ v1.0.0, .env ] =========================================
2024-03-16T16:51:53.870+0900 LOG                  app.ts:70 (Server.<anonymous>       ) 00000000-0000-0000-0000-000000000000 [] ----------------------------------------------
2024-03-16T16:51:53.870+0900 LOG                  app.ts:71 (Server.<anonymous>       ) 00000000-0000-0000-0000-000000000000 [] 🚀 App listening on the port 3000
2024-03-16T16:51:53.870+0900 LOG                  app.ts:72 (Server.<anonymous>       ) 00000000-0000-0000-0000-000000000000 [] ==============================================
2024-03-16T16:53:18.272+0900 LOG                  app.ts:28 (getOrigins               ) 00000000-0000-0000-0000-000000000000 [] origins: ["http://localhost:3000"]
2024-03-16T16:53:18.336+0900 LOG                mysql.ts:84 (Object.<anonymous>       ) 00000000-0000-0000-0000-000000000000 [] MySQL Connection has been established successfully.
2024-03-16T16:53:18.337+0900 LOG                  app.ts:68 (Server.<anonymous>       ) 00000000-0000-0000-0000-000000000000 [] [ v1.0.0, .env ] =========================================
2024-03-16T16:53:18.337+0900 LOG                  app.ts:70 (Server.<anonymous>       ) 00000000-0000-0000-0000-000000000000 [] ----------------------------------------------
2024-03-16T16:53:18.337+0900 LOG                  app.ts:71 (Server.<anonymous>       ) 00000000-0000-0000-0000-000000000000 [] 🚀 App listening on the port 3000
2024-03-16T16:53:18.337+0900 LOG                  app.ts:72 (Server.<anonymous>       ) 00000000-0000-0000-0000-000000000000 [] ==============================================
2024-03-16T16:54:08.366+0900 LOG                  app.ts:28 (getOrigins               ) 00000000-0000-0000-0000-000000000000 [] origins: ["http://localhost:3000"]
2024-03-16T16:54:08.461+0900 LOG                mysql.ts:84 (Object.<anonymous>       ) 00000000-0000-0000-0000-000000000000 [] MySQL Connection has been established successfully.
2024-03-16T16:54:08.462+0900 LOG                  app.ts:68 (Server.<anonymous>       ) 00000000-0000-0000-0000-000000000000 [] [ v1.0.0, .env ] =========================================
2024-03-16T16:54:08.462+0900 LOG                  app.ts:70 (Server.<anonymous>       ) 00000000-0000-0000-0000-000000000000 [] ----------------------------------------------
2024-03-16T16:54:08.463+0900 LOG                  app.ts:71 (Server.<anonymous>       ) 00000000-0000-0000-0000-000000000000 [] 🚀 App listening on the port 3000
2024-03-16T16:54:08.463+0900 LOG                  app.ts:72 (Server.<anonymous>       ) 00000000-0000-0000-0000-000000000000 [] ==============================================
2024-03-16T16:54:15.439+0900 LOG                  app.ts:28 (getOrigins               ) 00000000-0000-0000-0000-000000000000 [] origins: ["http://localhost:3000"]
2024-03-16T16:54:15.483+0900 LOG                mysql.ts:84 (Object.<anonymous>       ) 00000000-0000-0000-0000-000000000000 [] MySQL Connection has been established successfully.
2024-03-16T16:54:15.484+0900 LOG                  app.ts:68 (Server.<anonymous>       ) 00000000-0000-0000-0000-000000000000 [] [ v1.0.0, .env ] =========================================
2024-03-16T16:54:15.484+0900 LOG                  app.ts:70 (Server.<anonymous>       ) 00000000-0000-0000-0000-000000000000 [] ----------------------------------------------
2024-03-16T16:54:15.484+0900 LOG                  app.ts:71 (Server.<anonymous>       ) 00000000-0000-0000-0000-000000000000 [] 🚀 App listening on the port 3000
2024-03-16T16:54:15.485+0900 LOG                  app.ts:72 (Server.<anonymous>       ) 00000000-0000-0000-0000-000000000000 [] ==============================================
2024-03-16T16:57:09.508+0900 LOG                  app.ts:28 (getOrigins               ) 00000000-0000-0000-0000-000000000000 [] origins: ["http://localhost:3000"]
2024-03-16T16:57:09.624+0900 LOG                mysql.ts:84 (Object.<anonymous>       ) 00000000-0000-0000-0000-000000000000 [] MySQL Connection has been established successfully.
2024-03-16T16:57:09.625+0900 LOG                  app.ts:68 (Server.<anonymous>       ) 00000000-0000-0000-0000-000000000000 [] [ v1.0.0, .env ] =========================================
2024-03-16T16:57:09.625+0900 LOG                  app.ts:70 (Server.<anonymous>       ) 00000000-0000-0000-0000-000000000000 [] ----------------------------------------------
2024-03-16T16:57:09.625+0900 LOG                  app.ts:71 (Server.<anonymous>       ) 00000000-0000-0000-0000-000000000000 [] 🚀 App listening on the port 3000
2024-03-16T16:57:09.626+0900 LOG                  app.ts:72 (Server.<anonymous>       ) 00000000-0000-0000-0000-000000000000 [] ==============================================
2024-03-16T16:57:14.209+0900 LOG                  app.ts:28 (getOrigins               ) 00000000-0000-0000-0000-000000000000 [] origins: ["http://localhost:3000"]
2024-03-16T16:57:14.246+0900 LOG                mysql.ts:84 (Object.<anonymous>       ) 00000000-0000-0000-0000-000000000000 [] MySQL Connection has been established successfully.
2024-03-16T16:57:14.247+0900 LOG                  app.ts:68 (Server.<anonymous>       ) 00000000-0000-0000-0000-000000000000 [] [ v1.0.0, .env ] =========================================
2024-03-16T16:57:14.247+0900 LOG                  app.ts:70 (Server.<anonymous>       ) 00000000-0000-0000-0000-000000000000 [] ----------------------------------------------
2024-03-16T16:57:14.247+0900 LOG                  app.ts:71 (Server.<anonymous>       ) 00000000-0000-0000-0000-000000000000 [] 🚀 App listening on the port 3000
2024-03-16T16:57:14.248+0900 LOG                  app.ts:72 (Server.<anonymous>       ) 00000000-0000-0000-0000-000000000000 [] ==============================================
2024-03-16T16:57:46.565+0900 LOG                  app.ts:28 (getOrigins               ) 00000000-0000-0000-0000-000000000000 [] origins: ["http://localhost:3000"]
2024-03-16T16:57:46.607+0900 LOG                mysql.ts:84 (Object.<anonymous>       ) 00000000-0000-0000-0000-000000000000 [] MySQL Connection has been established successfully.
2024-03-16T16:57:46.607+0900 LOG                  app.ts:68 (Server.<anonymous>       ) 00000000-0000-0000-0000-000000000000 [] [ v1.0.0, .env ] =========================================
2024-03-16T16:57:46.608+0900 LOG                  app.ts:70 (Server.<anonymous>       ) 00000000-0000-0000-0000-000000000000 [] ----------------------------------------------
2024-03-16T16:57:46.608+0900 LOG                  app.ts:71 (Server.<anonymous>       ) 00000000-0000-0000-0000-000000000000 [] 🚀 App listening on the port 3000
2024-03-16T16:57:46.608+0900 LOG                  app.ts:72 (Server.<anonymous>       ) 00000000-0000-0000-0000-000000000000 [] ==============================================
2024-03-16T16:58:14.721+0900 LOG                  app.ts:28 (getOrigins               ) 00000000-0000-0000-0000-000000000000 [] origins: ["http://localhost:3000"]
2024-03-16T16:58:14.765+0900 LOG                mysql.ts:84 (Object.<anonymous>       ) 00000000-0000-0000-0000-000000000000 [] MySQL Connection has been established successfully.
2024-03-16T16:58:14.766+0900 LOG                  app.ts:68 (Server.<anonymous>       ) 00000000-0000-0000-0000-000000000000 [] [ v1.0.0, .env ] =========================================
2024-03-16T16:58:14.766+0900 LOG                  app.ts:70 (Server.<anonymous>       ) 00000000-0000-0000-0000-000000000000 [] ----------------------------------------------
2024-03-16T16:58:14.766+0900 LOG                  app.ts:71 (Server.<anonymous>       ) 00000000-0000-0000-0000-000000000000 [] 🚀 App listening on the port 3000
2024-03-16T16:58:14.766+0900 LOG                  app.ts:72 (Server.<anonymous>       ) 00000000-0000-0000-0000-000000000000 [] ==============================================
2024-03-16T16:58:33.259+0900 LOG                  app.ts:28 (getOrigins               ) 00000000-0000-0000-0000-000000000000 [] origins: ["http://localhost:3000"]
2024-03-16T16:58:33.301+0900 LOG                mysql.ts:84 (Object.<anonymous>       ) 00000000-0000-0000-0000-000000000000 [] MySQL Connection has been established successfully.
2024-03-16T16:58:33.301+0900 LOG                  app.ts:68 (Server.<anonymous>       ) 00000000-0000-0000-0000-000000000000 [] [ v1.0.0, .env ] =========================================
2024-03-16T16:58:33.302+0900 LOG                  app.ts:70 (Server.<anonymous>       ) 00000000-0000-0000-0000-000000000000 [] ----------------------------------------------
2024-03-16T16:58:33.302+0900 LOG                  app.ts:71 (Server.<anonymous>       ) 00000000-0000-0000-0000-000000000000 [] 🚀 App listening on the port 3000
2024-03-16T16:58:33.302+0900 LOG                  app.ts:72 (Server.<anonymous>       ) 00000000-0000-0000-0000-000000000000 [] ==============================================
2024-03-16T16:58:36.321+0900 LOG                  app.ts:28 (getOrigins               ) 00000000-0000-0000-0000-000000000000 [] origins: ["http://localhost:3000"]
2024-03-16T16:58:36.363+0900 LOG                mysql.ts:84 (Object.<anonymous>       ) 00000000-0000-0000-0000-000000000000 [] MySQL Connection has been established successfully.
2024-03-16T16:58:36.363+0900 LOG                  app.ts:68 (Server.<anonymous>       ) 00000000-0000-0000-0000-000000000000 [] [ v1.0.0, .env ] =========================================
2024-03-16T16:58:36.364+0900 LOG                  app.ts:70 (Server.<anonymous>       ) 00000000-0000-0000-0000-000000000000 [] ----------------------------------------------
2024-03-16T16:58:36.364+0900 LOG                  app.ts:71 (Server.<anonymous>       ) 00000000-0000-0000-0000-000000000000 [] 🚀 App listening on the port 3000
2024-03-16T16:58:36.364+0900 LOG                  app.ts:72 (Server.<anonymous>       ) 00000000-0000-0000-0000-000000000000 [] ==============================================
2024-03-16T16:58:40.632+0900 LOG                  app.ts:28 (getOrigins               ) 00000000-0000-0000-0000-000000000000 [] origins: ["http://localhost:3000"]
2024-03-16T16:58:40.668+0900 LOG                mysql.ts:84 (Object.<anonymous>       ) 00000000-0000-0000-0000-000000000000 [] MySQL Connection has been established successfully.
2024-03-16T16:58:40.669+0900 LOG                  app.ts:68 (Server.<anonymous>       ) 00000000-0000-0000-0000-000000000000 [] [ v1.0.0, .env ] =========================================
2024-03-16T16:58:40.669+0900 LOG                  app.ts:70 (Server.<anonymous>       ) 00000000-0000-0000-0000-000000000000 [] ----------------------------------------------
2024-03-16T16:58:40.669+0900 LOG                  app.ts:71 (Server.<anonymous>       ) 00000000-0000-0000-0000-000000000000 [] 🚀 App listening on the port 3000
2024-03-16T16:58:40.670+0900 LOG                  app.ts:72 (Server.<anonymous>       ) 00000000-0000-0000-0000-000000000000 [] ==============================================
2024-03-16T16:58:54.824+0900 LOG                  app.ts:28 (getOrigins               ) 00000000-0000-0000-0000-000000000000 [] origins: ["http://localhost:3000"]
2024-03-16T16:58:54.875+0900 LOG                mysql.ts:84 (Object.<anonymous>       ) 00000000-0000-0000-0000-000000000000 [] MySQL Connection has been established successfully.
2024-03-16T16:58:54.876+0900 LOG                  app.ts:68 (Server.<anonymous>       ) 00000000-0000-0000-0000-000000000000 [] [ v1.0.0, .env ] =========================================
2024-03-16T16:58:54.876+0900 LOG                  app.ts:70 (Server.<anonymous>       ) 00000000-0000-0000-0000-000000000000 [] ----------------------------------------------
2024-03-16T16:58:54.876+0900 LOG                  app.ts:71 (Server.<anonymous>       ) 00000000-0000-0000-0000-000000000000 [] 🚀 App listening on the port 3000
2024-03-16T16:58:54.877+0900 LOG                  app.ts:72 (Server.<anonymous>       ) 00000000-0000-0000-0000-000000000000 [] ==============================================
2024-03-16T16:59:31.123+0900 LOG                  app.ts:28 (getOrigins               ) 00000000-0000-0000-0000-000000000000 [] origins: ["http://localhost:3000"]
2024-03-16T16:59:31.168+0900 LOG                mysql.ts:84 (Object.<anonymous>       ) 00000000-0000-0000-0000-000000000000 [] MySQL Connection has been established successfully.
2024-03-16T16:59:31.169+0900 LOG                  app.ts:68 (Server.<anonymous>       ) 00000000-0000-0000-0000-000000000000 [] [ v1.0.0, .env ] =========================================
2024-03-16T16:59:31.169+0900 LOG                  app.ts:70 (Server.<anonymous>       ) 00000000-0000-0000-0000-000000000000 [] ----------------------------------------------
2024-03-16T16:59:31.169+0900 LOG                  app.ts:71 (Server.<anonymous>       ) 00000000-0000-0000-0000-000000000000 [] 🚀 App listening on the port 3000
2024-03-16T16:59:31.169+0900 LOG                  app.ts:72 (Server.<anonymous>       ) 00000000-0000-0000-0000-000000000000 [] ==============================================
2024-03-16T17:00:29.310+0900 LOG                  app.ts:28 (getOrigins               ) 00000000-0000-0000-0000-000000000000 [] origins: ["http://localhost:3000"]
2024-03-16T17:00:29.509+0900 LOG                mysql.ts:84 (Object.<anonymous>       ) 00000000-0000-0000-0000-000000000000 [] MySQL Connection has been established successfully.
2024-03-16T17:00:29.510+0900 LOG                  app.ts:68 (Server.<anonymous>       ) 00000000-0000-0000-0000-000000000000 [] [ v1.0.0, .env ] =========================================
2024-03-16T17:00:29.510+0900 LOG                  app.ts:70 (Server.<anonymous>       ) 00000000-0000-0000-0000-000000000000 [] ----------------------------------------------
2024-03-16T17:00:29.510+0900 LOG                  app.ts:71 (Server.<anonymous>       ) 00000000-0000-0000-0000-000000000000 [] 🚀 App listening on the port 3000
2024-03-16T17:00:29.511+0900 LOG                  app.ts:72 (Server.<anonymous>       ) 00000000-0000-0000-0000-000000000000 [] ==============================================
2024-03-16T17:00:36.890+0900 LOG                  app.ts:28 (getOrigins               ) 00000000-0000-0000-0000-000000000000 [] origins: ["http://localhost:3000"]
2024-03-16T17:00:36.933+0900 LOG                mysql.ts:84 (Object.<anonymous>       ) 00000000-0000-0000-0000-000000000000 [] MySQL Connection has been established successfully.
2024-03-16T17:00:36.934+0900 LOG                  app.ts:68 (Server.<anonymous>       ) 00000000-0000-0000-0000-000000000000 [] [ v1.0.0, .env ] =========================================
2024-03-16T17:00:36.934+0900 LOG                  app.ts:70 (Server.<anonymous>       ) 00000000-0000-0000-0000-000000000000 [] ----------------------------------------------
2024-03-16T17:00:36.934+0900 LOG                  app.ts:71 (Server.<anonymous>       ) 00000000-0000-0000-0000-000000000000 [] 🚀 App listening on the port 3000
2024-03-16T17:00:36.934+0900 LOG                  app.ts:72 (Server.<anonymous>       ) 00000000-0000-0000-0000-000000000000 [] ==============================================
2024-03-16T17:00:41.846+0900 LOG                  app.ts:28 (getOrigins               ) 00000000-0000-0000-0000-000000000000 [] origins: ["http://localhost:3000"]
2024-03-16T17:00:41.887+0900 LOG                mysql.ts:84 (Object.<anonymous>       ) 00000000-0000-0000-0000-000000000000 [] MySQL Connection has been established successfully.
2024-03-16T17:00:41.888+0900 LOG                  app.ts:68 (Server.<anonymous>       ) 00000000-0000-0000-0000-000000000000 [] [ v1.0.0, .env ] =========================================
2024-03-16T17:00:41.888+0900 LOG                  app.ts:70 (Server.<anonymous>       ) 00000000-0000-0000-0000-000000000000 [] ----------------------------------------------
2024-03-16T17:00:41.889+0900 LOG                  app.ts:71 (Server.<anonymous>       ) 00000000-0000-0000-0000-000000000000 [] 🚀 App listening on the port 3000
2024-03-16T17:00:41.889+0900 LOG                  app.ts:72 (Server.<anonymous>       ) 00000000-0000-0000-0000-000000000000 [] ==============================================
2024-03-16T17:00:44.738+0900 LOG                  app.ts:28 (getOrigins               ) 00000000-0000-0000-0000-000000000000 [] origins: ["http://localhost:3000"]
2024-03-16T17:00:44.779+0900 LOG                mysql.ts:84 (Object.<anonymous>       ) 00000000-0000-0000-0000-000000000000 [] MySQL Connection has been established successfully.
2024-03-16T17:00:44.779+0900 LOG                  app.ts:68 (Server.<anonymous>       ) 00000000-0000-0000-0000-000000000000 [] [ v1.0.0, .env ] =========================================
2024-03-16T17:00:44.779+0900 LOG                  app.ts:70 (Server.<anonymous>       ) 00000000-0000-0000-0000-000000000000 [] ----------------------------------------------
2024-03-16T17:00:44.780+0900 LOG                  app.ts:71 (Server.<anonymous>       ) 00000000-0000-0000-0000-000000000000 [] 🚀 App listening on the port 3000
2024-03-16T17:00:44.780+0900 LOG                  app.ts:72 (Server.<anonymous>       ) 00000000-0000-0000-0000-000000000000 [] ==============================================
2024-03-16T17:03:27.757+0900 LOG                  app.ts:28 (getOrigins               ) 00000000-0000-0000-0000-000000000000 [] origins: ["http://localhost:3000"]
2024-03-16T17:03:27.902+0900 LOG                mysql.ts:84 (Object.<anonymous>       ) 00000000-0000-0000-0000-000000000000 [] MySQL Connection has been established successfully.
2024-03-16T17:03:27.905+0900 LOG                  app.ts:68 (Server.<anonymous>       ) 00000000-0000-0000-0000-000000000000 [] [ v1.0.0, .env ] =========================================
2024-03-16T17:03:27.907+0900 LOG                  app.ts:70 (Server.<anonymous>       ) 00000000-0000-0000-0000-000000000000 [] ----------------------------------------------
2024-03-16T17:03:27.908+0900 LOG                  app.ts:71 (Server.<anonymous>       ) 00000000-0000-0000-0000-000000000000 [] 🚀 App listening on the port 3000
2024-03-16T17:03:27.909+0900 LOG                  app.ts:72 (Server.<anonymous>       ) 00000000-0000-0000-0000-000000000000 [] ==============================================
2024-03-16T17:04:56.411+0900 LOG                  app.ts:28 (getOrigins               ) 00000000-0000-0000-0000-000000000000 [] origins: ["http://localhost:3000"]
2024-03-16T17:04:56.502+0900 LOG                mysql.ts:84 (Object.<anonymous>       ) 00000000-0000-0000-0000-000000000000 [] MySQL Connection has been established successfully.
2024-03-16T17:04:56.503+0900 LOG                  app.ts:68 (Server.<anonymous>       ) 00000000-0000-0000-0000-000000000000 [] [ v1.0.0, .env ] =========================================
2024-03-16T17:04:56.503+0900 LOG                  app.ts:70 (Server.<anonymous>       ) 00000000-0000-0000-0000-000000000000 [] ----------------------------------------------
2024-03-16T17:04:56.504+0900 LOG                  app.ts:71 (Server.<anonymous>       ) 00000000-0000-0000-0000-000000000000 [] 🚀 App listening on the port 3000
2024-03-16T17:04:56.504+0900 LOG                  app.ts:72 (Server.<anonymous>       ) 00000000-0000-0000-0000-000000000000 [] ==============================================
2024-03-16T17:05:29.141+0900 LOG                  app.ts:28 (getOrigins               ) 00000000-0000-0000-0000-000000000000 [] origins: ["http://localhost:3000"]
2024-03-16T17:05:29.188+0900 LOG                mysql.ts:84 (Object.<anonymous>       ) 00000000-0000-0000-0000-000000000000 [] MySQL Connection has been established successfully.
2024-03-16T17:05:29.189+0900 LOG                  app.ts:68 (Server.<anonymous>       ) 00000000-0000-0000-0000-000000000000 [] [ v1.0.0, .env ] =========================================
2024-03-16T17:05:29.189+0900 LOG                  app.ts:70 (Server.<anonymous>       ) 00000000-0000-0000-0000-000000000000 [] ----------------------------------------------
2024-03-16T17:05:29.189+0900 LOG                  app.ts:71 (Server.<anonymous>       ) 00000000-0000-0000-0000-000000000000 [] 🚀 App listening on the port 3000
2024-03-16T17:05:29.190+0900 LOG                  app.ts:72 (Server.<anonymous>       ) 00000000-0000-0000-0000-000000000000 [] ==============================================
2024-03-16T17:05:46.641+0900 LOG                  app.ts:28 (getOrigins               ) 00000000-0000-0000-0000-000000000000 [] origins: ["http://localhost:3000"]
2024-03-16T17:05:46.696+0900 LOG                mysql.ts:84 (Object.<anonymous>       ) 00000000-0000-0000-0000-000000000000 [] MySQL Connection has been established successfully.
2024-03-16T17:05:46.697+0900 LOG                  app.ts:68 (Server.<anonymous>       ) 00000000-0000-0000-0000-000000000000 [] [ v1.0.0, .env ] =========================================
2024-03-16T17:05:46.697+0900 LOG                  app.ts:70 (Server.<anonymous>       ) 00000000-0000-0000-0000-000000000000 [] ----------------------------------------------
2024-03-16T17:05:46.697+0900 LOG                  app.ts:71 (Server.<anonymous>       ) 00000000-0000-0000-0000-000000000000 [] 🚀 App listening on the port 3000
2024-03-16T17:05:46.697+0900 LOG                  app.ts:72 (Server.<anonymous>       ) 00000000-0000-0000-0000-000000000000 [] ==============================================
2024-03-16T17:06:08.317+0900 LOG                  app.ts:28 (getOrigins               ) 00000000-0000-0000-0000-000000000000 [] origins: ["http://localhost:3000"]
2024-03-16T17:06:08.371+0900 LOG                mysql.ts:84 (Object.<anonymous>       ) 00000000-0000-0000-0000-000000000000 [] MySQL Connection has been established successfully.
2024-03-16T17:06:08.371+0900 LOG                  app.ts:68 (Server.<anonymous>       ) 00000000-0000-0000-0000-000000000000 [] [ v1.0.0, .env ] =========================================
2024-03-16T17:06:08.372+0900 LOG                  app.ts:70 (Server.<anonymous>       ) 00000000-0000-0000-0000-000000000000 [] ----------------------------------------------
2024-03-16T17:06:08.372+0900 LOG                  app.ts:71 (Server.<anonymous>       ) 00000000-0000-0000-0000-000000000000 [] 🚀 App listening on the port 3000
2024-03-16T17:06:08.372+0900 LOG                  app.ts:72 (Server.<anonymous>       ) 00000000-0000-0000-0000-000000000000 [] ==============================================
2024-03-16T17:07:29.370+0900 LOG                  app.ts:28 (getOrigins               ) 00000000-0000-0000-0000-000000000000 [] origins: ["http://localhost:3000"]
2024-03-16T17:07:29.418+0900 LOG                mysql.ts:84 (Object.<anonymous>       ) 00000000-0000-0000-0000-000000000000 [] MySQL Connection has been established successfully.
2024-03-16T17:07:29.419+0900 LOG                  app.ts:68 (Server.<anonymous>       ) 00000000-0000-0000-0000-000000000000 [] [ v1.0.0, .env ] =========================================
2024-03-16T17:07:29.419+0900 LOG                  app.ts:70 (Server.<anonymous>       ) 00000000-0000-0000-0000-000000000000 [] ----------------------------------------------
2024-03-16T17:07:29.419+0900 LOG                  app.ts:71 (Server.<anonymous>       ) 00000000-0000-0000-0000-000000000000 [] 🚀 App listening on the port 3000
2024-03-16T17:07:29.419+0900 LOG                  app.ts:72 (Server.<anonymous>       ) 00000000-0000-0000-0000-000000000000 [] ==============================================
2024-03-16T17:07:51.356+0900 LOG                  app.ts:28 (getOrigins               ) 00000000-0000-0000-0000-000000000000 [] origins: ["http://localhost:3000"]
2024-03-16T17:07:51.412+0900 LOG                mysql.ts:84 (Object.<anonymous>       ) 00000000-0000-0000-0000-000000000000 [] MySQL Connection has been established successfully.
2024-03-16T17:07:51.412+0900 LOG                  app.ts:68 (Server.<anonymous>       ) 00000000-0000-0000-0000-000000000000 [] [ v1.0.0, .env ] =========================================
2024-03-16T17:07:51.413+0900 LOG                  app.ts:70 (Server.<anonymous>       ) 00000000-0000-0000-0000-000000000000 [] ----------------------------------------------
2024-03-16T17:07:51.413+0900 LOG                  app.ts:71 (Server.<anonymous>       ) 00000000-0000-0000-0000-000000000000 [] 🚀 App listening on the port 3000
2024-03-16T17:07:51.413+0900 LOG                  app.ts:72 (Server.<anonymous>       ) 00000000-0000-0000-0000-000000000000 [] ==============================================
2024-03-16T17:07:58.773+0900 LOG                  app.ts:28 (getOrigins               ) 00000000-0000-0000-0000-000000000000 [] origins: ["http://localhost:3000"]
2024-03-16T17:07:58.816+0900 LOG                mysql.ts:84 (Object.<anonymous>       ) 00000000-0000-0000-0000-000000000000 [] MySQL Connection has been established successfully.
2024-03-16T17:07:58.817+0900 LOG                  app.ts:68 (Server.<anonymous>       ) 00000000-0000-0000-0000-000000000000 [] [ v1.0.0, .env ] =========================================
2024-03-16T17:07:58.817+0900 LOG                  app.ts:70 (Server.<anonymous>       ) 00000000-0000-0000-0000-000000000000 [] ----------------------------------------------
2024-03-16T17:07:58.817+0900 LOG                  app.ts:71 (Server.<anonymous>       ) 00000000-0000-0000-0000-000000000000 [] 🚀 App listening on the port 3000
2024-03-16T17:07:58.818+0900 LOG                  app.ts:72 (Server.<anonymous>       ) 00000000-0000-0000-0000-000000000000 [] ==============================================
2024-03-16T17:08:55.991+0900 LOG                  app.ts:28 (getOrigins               ) 00000000-0000-0000-0000-000000000000 [] origins: ["http://localhost:3000"]
2024-03-16T17:08:56.105+0900 LOG                mysql.ts:84 (Object.<anonymous>       ) 00000000-0000-0000-0000-000000000000 [] MySQL Connection has been established successfully.
2024-03-16T17:08:56.105+0900 LOG                  app.ts:68 (Server.<anonymous>       ) 00000000-0000-0000-0000-000000000000 [] [ v1.0.0, .env ] =========================================
2024-03-16T17:08:56.106+0900 LOG                  app.ts:70 (Server.<anonymous>       ) 00000000-0000-0000-0000-000000000000 [] ----------------------------------------------
2024-03-16T17:08:56.106+0900 LOG                  app.ts:71 (Server.<anonymous>       ) 00000000-0000-0000-0000-000000000000 [] 🚀 App listening on the port 3000
2024-03-16T17:08:56.106+0900 LOG                  app.ts:72 (Server.<anonymous>       ) 00000000-0000-0000-0000-000000000000 [] ==============================================
2024-03-16T17:09:00.188+0900 LOG                  app.ts:28 (getOrigins               ) 00000000-0000-0000-0000-000000000000 [] origins: ["http://localhost:3000"]
2024-03-16T17:09:00.236+0900 LOG                mysql.ts:84 (Object.<anonymous>       ) 00000000-0000-0000-0000-000000000000 [] MySQL Connection has been established successfully.
2024-03-16T17:09:00.236+0900 LOG                  app.ts:68 (Server.<anonymous>       ) 00000000-0000-0000-0000-000000000000 [] [ v1.0.0, .env ] =========================================
2024-03-16T17:09:00.237+0900 LOG                  app.ts:70 (Server.<anonymous>       ) 00000000-0000-0000-0000-000000000000 [] ----------------------------------------------
2024-03-16T17:09:00.237+0900 LOG                  app.ts:71 (Server.<anonymous>       ) 00000000-0000-0000-0000-000000000000 [] 🚀 App listening on the port 3000
2024-03-16T17:09:00.237+0900 LOG                  app.ts:72 (Server.<anonymous>       ) 00000000-0000-0000-0000-000000000000 [] ==============================================
2024-03-16T17:09:03.866+0900 LOG                  app.ts:28 (getOrigins               ) 00000000-0000-0000-0000-000000000000 [] origins: ["http://localhost:3000"]
2024-03-16T17:09:03.908+0900 LOG                mysql.ts:84 (Object.<anonymous>       ) 00000000-0000-0000-0000-000000000000 [] MySQL Connection has been established successfully.
2024-03-16T17:09:03.909+0900 LOG                  app.ts:68 (Server.<anonymous>       ) 00000000-0000-0000-0000-000000000000 [] [ v1.0.0, .env ] =========================================
2024-03-16T17:09:03.909+0900 LOG                  app.ts:70 (Server.<anonymous>       ) 00000000-0000-0000-0000-000000000000 [] ----------------------------------------------
2024-03-16T17:09:03.909+0900 LOG                  app.ts:71 (Server.<anonymous>       ) 00000000-0000-0000-0000-000000000000 [] 🚀 App listening on the port 3000
2024-03-16T17:09:03.910+0900 LOG                  app.ts:72 (Server.<anonymous>       ) 00000000-0000-0000-0000-000000000000 [] ==============================================
2024-03-16T17:09:06.830+0900 LOG                  app.ts:28 (getOrigins               ) 00000000-0000-0000-0000-000000000000 [] origins: ["http://localhost:3000"]
2024-03-16T17:09:06.872+0900 LOG                mysql.ts:84 (Object.<anonymous>       ) 00000000-0000-0000-0000-000000000000 [] MySQL Connection has been established successfully.
2024-03-16T17:09:06.873+0900 LOG                  app.ts:68 (Server.<anonymous>       ) 00000000-0000-0000-0000-000000000000 [] [ v1.0.0, .env ] =========================================
2024-03-16T17:09:06.873+0900 LOG                  app.ts:70 (Server.<anonymous>       ) 00000000-0000-0000-0000-000000000000 [] ----------------------------------------------
2024-03-16T17:09:06.873+0900 LOG                  app.ts:71 (Server.<anonymous>       ) 00000000-0000-0000-0000-000000000000 [] 🚀 App listening on the port 3000
2024-03-16T17:09:06.874+0900 LOG                  app.ts:72 (Server.<anonymous>       ) 00000000-0000-0000-0000-000000000000 [] ==============================================
2024-03-16T17:09:12.412+0900 LOG                  app.ts:28 (getOrigins               ) 00000000-0000-0000-0000-000000000000 [] origins: ["http://localhost:3000"]
2024-03-16T17:09:12.453+0900 LOG                mysql.ts:84 (Object.<anonymous>       ) 00000000-0000-0000-0000-000000000000 [] MySQL Connection has been established successfully.
2024-03-16T17:09:12.454+0900 LOG                  app.ts:68 (Server.<anonymous>       ) 00000000-0000-0000-0000-000000000000 [] [ v1.0.0, .env ] =========================================
2024-03-16T17:09:12.454+0900 LOG                  app.ts:70 (Server.<anonymous>       ) 00000000-0000-0000-0000-000000000000 [] ----------------------------------------------
2024-03-16T17:09:12.454+0900 LOG                  app.ts:71 (Server.<anonymous>       ) 00000000-0000-0000-0000-000000000000 [] 🚀 App listening on the port 3000
2024-03-16T17:09:12.454+0900 LOG                  app.ts:72 (Server.<anonymous>       ) 00000000-0000-0000-0000-000000000000 [] ==============================================
2024-03-16T17:10:36.008+0900 LOG                  app.ts:28 (getOrigins               ) 00000000-0000-0000-0000-000000000000 [] origins: ["http://localhost:3000"]
2024-03-16T17:10:36.057+0900 LOG                mysql.ts:84 (Object.<anonymous>       ) 00000000-0000-0000-0000-000000000000 [] MySQL Connection has been established successfully.
2024-03-16T17:10:36.058+0900 LOG                  app.ts:68 (Server.<anonymous>       ) 00000000-0000-0000-0000-000000000000 [] [ v1.0.0, .env ] =========================================
2024-03-16T17:10:36.058+0900 LOG                  app.ts:70 (Server.<anonymous>       ) 00000000-0000-0000-0000-000000000000 [] ----------------------------------------------
2024-03-16T17:10:36.058+0900 LOG                  app.ts:71 (Server.<anonymous>       ) 00000000-0000-0000-0000-000000000000 [] 🚀 App listening on the port 3000
2024-03-16T17:10:36.058+0900 LOG                  app.ts:72 (Server.<anonymous>       ) 00000000-0000-0000-0000-000000000000 [] ==============================================
2024-03-16T17:11:50.893+0900 LOG                  app.ts:28 (getOrigins               ) 00000000-0000-0000-0000-000000000000 [] origins: ["http://localhost:3000"]
2024-03-16T17:11:51.005+0900 LOG                mysql.ts:84 (Object.<anonymous>       ) 00000000-0000-0000-0000-000000000000 [] MySQL Connection has been established successfully.
2024-03-16T17:11:51.006+0900 LOG                  app.ts:68 (Server.<anonymous>       ) 00000000-0000-0000-0000-000000000000 [] [ v1.0.0, .env ] =========================================
2024-03-16T17:11:51.006+0900 LOG                  app.ts:70 (Server.<anonymous>       ) 00000000-0000-0000-0000-000000000000 [] ----------------------------------------------
2024-03-16T17:11:51.007+0900 LOG                  app.ts:71 (Server.<anonymous>       ) 00000000-0000-0000-0000-000000000000 [] 🚀 App listening on the port 3000
2024-03-16T17:11:51.007+0900 LOG                  app.ts:72 (Server.<anonymous>       ) 00000000-0000-0000-0000-000000000000 [] ==============================================
2024-03-16T17:11:53.611+0900 LOG                  app.ts:28 (getOrigins               ) 00000000-0000-0000-0000-000000000000 [] origins: ["http://localhost:3000"]
2024-03-16T17:11:53.648+0900 LOG                mysql.ts:84 (Object.<anonymous>       ) 00000000-0000-0000-0000-000000000000 [] MySQL Connection has been established successfully.
2024-03-16T17:11:53.648+0900 LOG                  app.ts:68 (Server.<anonymous>       ) 00000000-0000-0000-0000-000000000000 [] [ v1.0.0, .env ] =========================================
2024-03-16T17:11:53.648+0900 LOG                  app.ts:70 (Server.<anonymous>       ) 00000000-0000-0000-0000-000000000000 [] ----------------------------------------------
2024-03-16T17:11:53.649+0900 LOG                  app.ts:71 (Server.<anonymous>       ) 00000000-0000-0000-0000-000000000000 [] 🚀 App listening on the port 3000
2024-03-16T17:11:53.649+0900 LOG                  app.ts:72 (Server.<anonymous>       ) 00000000-0000-0000-0000-000000000000 [] ==============================================
2024-03-16T17:12:35.308+0900 LOG                  app.ts:28 (getOrigins               ) 00000000-0000-0000-0000-000000000000 [] origins: ["http://localhost:3000"]
2024-03-16T17:12:35.373+0900 LOG                mysql.ts:84 (Object.<anonymous>       ) 00000000-0000-0000-0000-000000000000 [] MySQL Connection has been established successfully.
2024-03-16T17:12:35.374+0900 LOG                  app.ts:68 (Server.<anonymous>       ) 00000000-0000-0000-0000-000000000000 [] [ v1.0.0, .env ] =========================================
2024-03-16T17:12:35.374+0900 LOG                  app.ts:70 (Server.<anonymous>       ) 00000000-0000-0000-0000-000000000000 [] ----------------------------------------------
2024-03-16T17:12:35.374+0900 LOG                  app.ts:71 (Server.<anonymous>       ) 00000000-0000-0000-0000-000000000000 [] 🚀 App listening on the port 3000
2024-03-16T17:12:35.374+0900 LOG                  app.ts:72 (Server.<anonymous>       ) 00000000-0000-0000-0000-000000000000 [] ==============================================
2024-03-16T17:13:11.742+0900 LOG                  app.ts:28 (getOrigins               ) 00000000-0000-0000-0000-000000000000 [] origins: ["http://localhost:3000"]
2024-03-16T17:13:11.847+0900 LOG                mysql.ts:84 (Object.<anonymous>       ) 00000000-0000-0000-0000-000000000000 [] MySQL Connection has been established successfully.
2024-03-16T17:13:11.847+0900 LOG                  app.ts:68 (Server.<anonymous>       ) 00000000-0000-0000-0000-000000000000 [] [ v1.0.0, .env ] =========================================
2024-03-16T17:13:11.848+0900 LOG                  app.ts:70 (Server.<anonymous>       ) 00000000-0000-0000-0000-000000000000 [] ----------------------------------------------
2024-03-16T17:13:11.848+0900 LOG                  app.ts:71 (Server.<anonymous>       ) 00000000-0000-0000-0000-000000000000 [] 🚀 App listening on the port 3000
2024-03-16T17:13:11.848+0900 LOG                  app.ts:72 (Server.<anonymous>       ) 00000000-0000-0000-0000-000000000000 [] ==============================================
2024-03-16T17:15:04.223+0900 LOG                  app.ts:28 (getOrigins               ) 00000000-0000-0000-0000-000000000000 [] origins: ["http://localhost:3000"]
2024-03-16T17:15:04.328+0900 LOG                mysql.ts:84 (Object.<anonymous>       ) 00000000-0000-0000-0000-000000000000 [] MySQL Connection has been established successfully.
2024-03-16T17:15:04.329+0900 LOG                  app.ts:68 (Server.<anonymous>       ) 00000000-0000-0000-0000-000000000000 [] [ v1.0.0, .env ] =========================================
2024-03-16T17:15:04.329+0900 LOG                  app.ts:70 (Server.<anonymous>       ) 00000000-0000-0000-0000-000000000000 [] ----------------------------------------------
2024-03-16T17:15:04.329+0900 LOG                  app.ts:71 (Server.<anonymous>       ) 00000000-0000-0000-0000-000000000000 [] 🚀 App listening on the port 3000
2024-03-16T17:15:04.329+0900 LOG                  app.ts:72 (Server.<anonymous>       ) 00000000-0000-0000-0000-000000000000 [] ==============================================
2024-03-16T17:16:07.382+0900 LOG                  app.ts:28 (getOrigins               ) 00000000-0000-0000-0000-000000000000 [] origins: ["http://localhost:3000"]
2024-03-16T17:16:07.486+0900 LOG                mysql.ts:84 (Object.<anonymous>       ) 00000000-0000-0000-0000-000000000000 [] MySQL Connection has been established successfully.
2024-03-16T17:16:07.487+0900 LOG                  app.ts:68 (Server.<anonymous>       ) 00000000-0000-0000-0000-000000000000 [] [ v1.0.0, .env ] =========================================
2024-03-16T17:16:07.487+0900 LOG                  app.ts:70 (Server.<anonymous>       ) 00000000-0000-0000-0000-000000000000 [] ----------------------------------------------
2024-03-16T17:16:07.487+0900 LOG                  app.ts:71 (Server.<anonymous>       ) 00000000-0000-0000-0000-000000000000 [] 🚀 App listening on the port 3000
2024-03-16T17:16:07.487+0900 LOG                  app.ts:72 (Server.<anonymous>       ) 00000000-0000-0000-0000-000000000000 [] ==============================================
2024-03-16T17:16:16.739+0900 LOG                  app.ts:28 (getOrigins               ) 00000000-0000-0000-0000-000000000000 [] origins: ["http://localhost:3000"]
2024-03-16T17:16:16.835+0900 LOG                mysql.ts:84 (Object.<anonymous>       ) 00000000-0000-0000-0000-000000000000 [] MySQL Connection has been established successfully.
2024-03-16T17:16:16.836+0900 LOG                  app.ts:68 (Server.<anonymous>       ) 00000000-0000-0000-0000-000000000000 [] [ v1.0.0, .env ] =========================================
2024-03-16T17:16:16.836+0900 LOG                  app.ts:70 (Server.<anonymous>       ) 00000000-0000-0000-0000-000000000000 [] ----------------------------------------------
2024-03-16T17:16:16.837+0900 LOG                  app.ts:71 (Server.<anonymous>       ) 00000000-0000-0000-0000-000000000000 [] 🚀 App listening on the port 3000
2024-03-16T17:16:16.837+0900 LOG                  app.ts:72 (Server.<anonymous>       ) 00000000-0000-0000-0000-000000000000 [] ==============================================
2024-03-16T17:16:44.373+0900 LOG                  app.ts:28 (getOrigins               ) 00000000-0000-0000-0000-000000000000 [] origins: ["http://localhost:3000"]
2024-03-16T17:16:44.415+0900 LOG                mysql.ts:84 (Object.<anonymous>       ) 00000000-0000-0000-0000-000000000000 [] MySQL Connection has been established successfully.
2024-03-16T17:16:44.415+0900 LOG                  app.ts:68 (Server.<anonymous>       ) 00000000-0000-0000-0000-000000000000 [] [ v1.0.0, .env ] =========================================
2024-03-16T17:16:44.416+0900 LOG                  app.ts:70 (Server.<anonymous>       ) 00000000-0000-0000-0000-000000000000 [] ----------------------------------------------
2024-03-16T17:16:44.416+0900 LOG                  app.ts:71 (Server.<anonymous>       ) 00000000-0000-0000-0000-000000000000 [] 🚀 App listening on the port 3000
2024-03-16T17:16:44.416+0900 LOG                  app.ts:72 (Server.<anonymous>       ) 00000000-0000-0000-0000-000000000000 [] ==============================================
2024-03-16T17:17:41.390+0900 LOG                  app.ts:28 (getOrigins               ) 00000000-0000-0000-0000-000000000000 [] origins: ["http://localhost:3000"]
2024-03-16T17:17:41.445+0900 LOG                mysql.ts:84 (Object.<anonymous>       ) 00000000-0000-0000-0000-000000000000 [] MySQL Connection has been established successfully.
2024-03-16T17:17:41.446+0900 LOG                  app.ts:68 (Server.<anonymous>       ) 00000000-0000-0000-0000-000000000000 [] [ v1.0.0, .env ] =========================================
2024-03-16T17:17:41.446+0900 LOG                  app.ts:70 (Server.<anonymous>       ) 00000000-0000-0000-0000-000000000000 [] ----------------------------------------------
2024-03-16T17:17:41.446+0900 LOG                  app.ts:71 (Server.<anonymous>       ) 00000000-0000-0000-0000-000000000000 [] 🚀 App listening on the port 3000
2024-03-16T17:17:41.446+0900 LOG                  app.ts:72 (Server.<anonymous>       ) 00000000-0000-0000-0000-000000000000 [] ==============================================
2024-03-16T17:17:44.595+0900 LOG                  app.ts:28 (getOrigins               ) 00000000-0000-0000-0000-000000000000 [] origins: ["http://localhost:3000"]
2024-03-16T17:17:44.636+0900 LOG                mysql.ts:84 (Object.<anonymous>       ) 00000000-0000-0000-0000-000000000000 [] MySQL Connection has been established successfully.
2024-03-16T17:17:44.637+0900 LOG                  app.ts:68 (Server.<anonymous>       ) 00000000-0000-0000-0000-000000000000 [] [ v1.0.0, .env ] =========================================
2024-03-16T17:17:44.637+0900 LOG                  app.ts:70 (Server.<anonymous>       ) 00000000-0000-0000-0000-000000000000 [] ----------------------------------------------
2024-03-16T17:17:44.637+0900 LOG                  app.ts:71 (Server.<anonymous>       ) 00000000-0000-0000-0000-000000000000 [] 🚀 App listening on the port 3000
2024-03-16T17:17:44.637+0900 LOG                  app.ts:72 (Server.<anonymous>       ) 00000000-0000-0000-0000-000000000000 [] ==============================================
2024-03-16T17:18:26.677+0900 LOG                  app.ts:28 (getOrigins               ) 00000000-0000-0000-0000-000000000000 [] origins: ["http://localhost:3000"]
2024-03-16T17:18:26.764+0900 LOG                mysql.ts:84 (Object.<anonymous>       ) 00000000-0000-0000-0000-000000000000 [] MySQL Connection has been established successfully.
2024-03-16T17:18:26.765+0900 LOG                  app.ts:68 (Server.<anonymous>       ) 00000000-0000-0000-0000-000000000000 [] [ v1.0.0, .env ] =========================================
2024-03-16T17:18:26.765+0900 LOG                  app.ts:70 (Server.<anonymous>       ) 00000000-0000-0000-0000-000000000000 [] ----------------------------------------------
2024-03-16T17:18:26.765+0900 LOG                  app.ts:71 (Server.<anonymous>       ) 00000000-0000-0000-0000-000000000000 [] 🚀 App listening on the port 3000
2024-03-16T17:18:26.765+0900 LOG                  app.ts:72 (Server.<anonymous>       ) 00000000-0000-0000-0000-000000000000 [] ==============================================
2024-03-16T17:21:45.718+0900 LOG                  app.ts:28 (getOrigins               ) 00000000-0000-0000-0000-000000000000 [] origins: ["http://localhost:3000"]
2024-03-16T17:21:45.773+0900 LOG                mysql.ts:84 (Object.<anonymous>       ) 00000000-0000-0000-0000-000000000000 [] MySQL Connection has been established successfully.
2024-03-16T17:21:45.773+0900 LOG                  app.ts:68 (Server.<anonymous>       ) 00000000-0000-0000-0000-000000000000 [] [ v1.0.0, .env ] =========================================
2024-03-16T17:21:45.773+0900 LOG                  app.ts:70 (Server.<anonymous>       ) 00000000-0000-0000-0000-000000000000 [] ----------------------------------------------
2024-03-16T17:21:45.774+0900 LOG                  app.ts:71 (Server.<anonymous>       ) 00000000-0000-0000-0000-000000000000 [] 🚀 App listening on the port 3000
2024-03-16T17:21:45.774+0900 LOG                  app.ts:72 (Server.<anonymous>       ) 00000000-0000-0000-0000-000000000000 [] ==============================================
2024-03-16T17:22:09.888+0900 LOG                  app.ts:28 (getOrigins               ) 00000000-0000-0000-0000-000000000000 [] origins: ["http://localhost:3000"]
2024-03-16T17:22:09.936+0900 LOG                mysql.ts:84 (Object.<anonymous>       ) 00000000-0000-0000-0000-000000000000 [] MySQL Connection has been established successfully.
2024-03-16T17:22:09.936+0900 LOG                  app.ts:68 (Server.<anonymous>       ) 00000000-0000-0000-0000-000000000000 [] [ v1.0.0, .env ] =========================================
2024-03-16T17:22:09.937+0900 LOG                  app.ts:70 (Server.<anonymous>       ) 00000000-0000-0000-0000-000000000000 [] ----------------------------------------------
2024-03-16T17:22:09.937+0900 LOG                  app.ts:71 (Server.<anonymous>       ) 00000000-0000-0000-0000-000000000000 [] 🚀 App listening on the port 3000
2024-03-16T17:22:09.937+0900 LOG                  app.ts:72 (Server.<anonymous>       ) 00000000-0000-0000-0000-000000000000 [] ==============================================
2024-03-16T17:24:49.620+0900 LOG                  app.ts:28 (getOrigins               ) 00000000-0000-0000-0000-000000000000 [] origins: ["http://localhost:3000"]
2024-03-16T17:24:49.668+0900 LOG                mysql.ts:84 (Object.<anonymous>       ) 00000000-0000-0000-0000-000000000000 [] MySQL Connection has been established successfully.
2024-03-16T17:24:49.668+0900 LOG                  app.ts:68 (Server.<anonymous>       ) 00000000-0000-0000-0000-000000000000 [] [ v1.0.0, .env ] =========================================
2024-03-16T17:24:49.669+0900 LOG                  app.ts:70 (Server.<anonymous>       ) 00000000-0000-0000-0000-000000000000 [] ----------------------------------------------
2024-03-16T17:24:49.669+0900 LOG                  app.ts:71 (Server.<anonymous>       ) 00000000-0000-0000-0000-000000000000 [] 🚀 App listening on the port 3000
2024-03-16T17:24:49.669+0900 LOG                  app.ts:72 (Server.<anonymous>       ) 00000000-0000-0000-0000-000000000000 [] ==============================================
2024-03-16T17:25:59.325+0900 LOG                  app.ts:28 (getOrigins               ) 00000000-0000-0000-0000-000000000000 [] origins: ["http://localhost:3000"]
2024-03-16T17:25:59.508+0900 LOG                mysql.ts:84 (Object.<anonymous>       ) 00000000-0000-0000-0000-000000000000 [] MySQL Connection has been established successfully.
2024-03-16T17:25:59.509+0900 LOG                  app.ts:68 (Server.<anonymous>       ) 00000000-0000-0000-0000-000000000000 [] [ v1.0.0, .env ] =========================================
2024-03-16T17:25:59.509+0900 LOG                  app.ts:70 (Server.<anonymous>       ) 00000000-0000-0000-0000-000000000000 [] ----------------------------------------------
2024-03-16T17:25:59.509+0900 LOG                  app.ts:71 (Server.<anonymous>       ) 00000000-0000-0000-0000-000000000000 [] 🚀 App listening on the port 3000
2024-03-16T17:25:59.510+0900 LOG                  app.ts:72 (Server.<anonymous>       ) 00000000-0000-0000-0000-000000000000 [] ==============================================
2024-03-16T17:26:01.473+0900 LOG                  app.ts:28 (getOrigins               ) 00000000-0000-0000-0000-000000000000 [] origins: ["http://localhost:3000"]
2024-03-16T17:26:01.514+0900 LOG                mysql.ts:84 (Object.<anonymous>       ) 00000000-0000-0000-0000-000000000000 [] MySQL Connection has been established successfully.
2024-03-16T17:26:01.515+0900 LOG                  app.ts:68 (Server.<anonymous>       ) 00000000-0000-0000-0000-000000000000 [] [ v1.0.0, .env ] =========================================
2024-03-16T17:26:01.515+0900 LOG                  app.ts:70 (Server.<anonymous>       ) 00000000-0000-0000-0000-000000000000 [] ----------------------------------------------
2024-03-16T17:26:01.515+0900 LOG                  app.ts:71 (Server.<anonymous>       ) 00000000-0000-0000-0000-000000000000 [] 🚀 App listening on the port 3000
2024-03-16T17:26:01.516+0900 LOG                  app.ts:72 (Server.<anonymous>       ) 00000000-0000-0000-0000-000000000000 [] ==============================================
2024-03-16T17:26:04.390+0900 LOG                  app.ts:28 (getOrigins               ) 00000000-0000-0000-0000-000000000000 [] origins: ["http://localhost:3000"]
2024-03-16T17:26:04.430+0900 LOG                mysql.ts:84 (Object.<anonymous>       ) 00000000-0000-0000-0000-000000000000 [] MySQL Connection has been established successfully.
2024-03-16T17:26:04.431+0900 LOG                  app.ts:68 (Server.<anonymous>       ) 00000000-0000-0000-0000-000000000000 [] [ v1.0.0, .env ] =========================================
2024-03-16T17:26:04.431+0900 LOG                  app.ts:70 (Server.<anonymous>       ) 00000000-0000-0000-0000-000000000000 [] ----------------------------------------------
2024-03-16T17:26:04.432+0900 LOG                  app.ts:71 (Server.<anonymous>       ) 00000000-0000-0000-0000-000000000000 [] 🚀 App listening on the port 3000
2024-03-16T17:26:04.432+0900 LOG                  app.ts:72 (Server.<anonymous>       ) 00000000-0000-0000-0000-000000000000 [] ==============================================
2024-03-16T17:26:06.707+0900 LOG                  app.ts:28 (getOrigins               ) 00000000-0000-0000-0000-000000000000 [] origins: ["http://localhost:3000"]
2024-03-16T17:26:06.747+0900 LOG                mysql.ts:84 (Object.<anonymous>       ) 00000000-0000-0000-0000-000000000000 [] MySQL Connection has been established successfully.
2024-03-16T17:26:06.748+0900 LOG                  app.ts:68 (Server.<anonymous>       ) 00000000-0000-0000-0000-000000000000 [] [ v1.0.0, .env ] =========================================
2024-03-16T17:26:06.748+0900 LOG                  app.ts:70 (Server.<anonymous>       ) 00000000-0000-0000-0000-000000000000 [] ----------------------------------------------
2024-03-16T17:26:06.748+0900 LOG                  app.ts:71 (Server.<anonymous>       ) 00000000-0000-0000-0000-000000000000 [] 🚀 App listening on the port 3000
2024-03-16T17:26:06.749+0900 LOG                  app.ts:72 (Server.<anonymous>       ) 00000000-0000-0000-0000-000000000000 [] ==============================================
2024-03-16T17:26:10.111+0900 LOG                  app.ts:28 (getOrigins               ) 00000000-0000-0000-0000-000000000000 [] origins: ["http://localhost:3000"]
2024-03-16T17:26:10.147+0900 LOG                mysql.ts:84 (Object.<anonymous>       ) 00000000-0000-0000-0000-000000000000 [] MySQL Connection has been established successfully.
2024-03-16T17:26:10.148+0900 LOG                  app.ts:68 (Server.<anonymous>       ) 00000000-0000-0000-0000-000000000000 [] [ v1.0.0, .env ] =========================================
2024-03-16T17:26:10.148+0900 LOG                  app.ts:70 (Server.<anonymous>       ) 00000000-0000-0000-0000-000000000000 [] ----------------------------------------------
2024-03-16T17:26:10.148+0900 LOG                  app.ts:71 (Server.<anonymous>       ) 00000000-0000-0000-0000-000000000000 [] 🚀 App listening on the port 3000
2024-03-16T17:26:10.149+0900 LOG                  app.ts:72 (Server.<anonymous>       ) 00000000-0000-0000-0000-000000000000 [] ==============================================
2024-03-16T17:26:25.406+0900 LOG                  app.ts:28 (getOrigins               ) 00000000-0000-0000-0000-000000000000 [] origins: ["http://localhost:3000"]
2024-03-16T17:26:25.463+0900 LOG                mysql.ts:84 (Object.<anonymous>       ) 00000000-0000-0000-0000-000000000000 [] MySQL Connection has been established successfully.
2024-03-16T17:26:25.464+0900 LOG                  app.ts:68 (Server.<anonymous>       ) 00000000-0000-0000-0000-000000000000 [] [ v1.0.0, .env ] =========================================
2024-03-16T17:26:25.464+0900 LOG                  app.ts:70 (Server.<anonymous>       ) 00000000-0000-0000-0000-000000000000 [] ----------------------------------------------
2024-03-16T17:26:25.464+0900 LOG                  app.ts:71 (Server.<anonymous>       ) 00000000-0000-0000-0000-000000000000 [] 🚀 App listening on the port 3000
2024-03-16T17:26:25.464+0900 LOG                  app.ts:72 (Server.<anonymous>       ) 00000000-0000-0000-0000-000000000000 [] ==============================================
