2024-02-16T00:01:38.098+0900 LOG                  app.ts:25 (getOrigins               ) 00000000-0000-0000-0000-000000000000 [] origins: ["http://localhost:3000","https://ics.dev.sisoul.kr"]
2024-02-16T00:01:38.449+0900 LOG                mysql.ts:89 (Object.<anonymous>       ) 00000000-0000-0000-0000-000000000000 [] MySQL Connection has been established successfully.
2024-02-16T00:01:38.453+0900 LOG                  app.ts:65 (Server.<anonymous>       ) 00000000-0000-0000-0000-000000000000 [] [ v1.0.0, .env ] =========================================
2024-02-16T00:01:38.454+0900 LOG                  app.ts:67 (Server.<anonymous>       ) 00000000-0000-0000-0000-000000000000 [] ----------------------------------------------
2024-02-16T00:01:38.454+0900 LOG                  app.ts:68 (Server.<anonymous>       ) 00000000-0000-0000-0000-000000000000 [] 🚀 App listening on the port 3000
2024-02-16T00:01:38.455+0900 LOG                  app.ts:69 (Server.<anonymous>       ) 00000000-0000-0000-0000-000000000000 [] ==============================================
2024-02-16T00:04:41.831+0900 LOG                  app.ts:25 (getOrigins               ) 00000000-0000-0000-0000-000000000000 [] origins: ["http://localhost:3000","https://ics.dev.sisoul.kr"]
2024-02-16T00:04:41.953+0900 LOG                mysql.ts:89 (Object.<anonymous>       ) 00000000-0000-0000-0000-000000000000 [] MySQL Connection has been established successfully.
2024-02-16T00:04:41.953+0900 LOG                  app.ts:65 (Server.<anonymous>       ) 00000000-0000-0000-0000-000000000000 [] [ v1.0.0, .env ] =========================================
2024-02-16T00:04:41.954+0900 LOG                  app.ts:67 (Server.<anonymous>       ) 00000000-0000-0000-0000-000000000000 [] ----------------------------------------------
2024-02-16T00:04:41.954+0900 LOG                  app.ts:68 (Server.<anonymous>       ) 00000000-0000-0000-0000-000000000000 [] 🚀 App listening on the port 3000
2024-02-16T00:04:41.954+0900 LOG                  app.ts:69 (Server.<anonymous>       ) 00000000-0000-0000-0000-000000000000 [] ==============================================
2024-02-16T00:05:57.863+0900 LOG                  app.ts:25 (getOrigins               ) 00000000-0000-0000-0000-000000000000 [] origins: ["http://localhost:3000","https://ics.dev.sisoul.kr"]
2024-02-16T00:05:57.972+0900 LOG                mysql.ts:89 (Object.<anonymous>       ) 00000000-0000-0000-0000-000000000000 [] MySQL Connection has been established successfully.
2024-02-16T00:05:57.973+0900 LOG                  app.ts:65 (Server.<anonymous>       ) 00000000-0000-0000-0000-000000000000 [] [ v1.0.0, .env ] =========================================
2024-02-16T00:05:57.973+0900 LOG                  app.ts:67 (Server.<anonymous>       ) 00000000-0000-0000-0000-000000000000 [] ----------------------------------------------
2024-02-16T00:05:57.973+0900 LOG                  app.ts:68 (Server.<anonymous>       ) 00000000-0000-0000-0000-000000000000 [] 🚀 App listening on the port 3000
2024-02-16T00:05:57.974+0900 LOG                  app.ts:69 (Server.<anonymous>       ) 00000000-0000-0000-0000-000000000000 [] ==============================================
2024-02-16T00:07:45.155+0900 LOG                  app.ts:25 (getOrigins               ) 00000000-0000-0000-0000-000000000000 [] origins: ["http://localhost:3000","https://ics.dev.sisoul.kr"]
2024-02-16T00:07:45.200+0900 LOG                mysql.ts:89 (Object.<anonymous>       ) 00000000-0000-0000-0000-000000000000 [] MySQL Connection has been established successfully.
2024-02-16T00:07:45.201+0900 LOG                  app.ts:65 (Server.<anonymous>       ) 00000000-0000-0000-0000-000000000000 [] [ v1.0.0, .env ] =========================================
2024-02-16T00:07:45.201+0900 LOG                  app.ts:67 (Server.<anonymous>       ) 00000000-0000-0000-0000-000000000000 [] ----------------------------------------------
2024-02-16T00:07:45.201+0900 LOG                  app.ts:68 (Server.<anonymous>       ) 00000000-0000-0000-0000-000000000000 [] 🚀 App listening on the port 3000
2024-02-16T00:07:45.201+0900 LOG                  app.ts:69 (Server.<anonymous>       ) 00000000-0000-0000-0000-000000000000 [] ==============================================
2024-02-16T00:09:30.647+0900 LOG                  app.ts:25 (getOrigins               ) 00000000-0000-0000-0000-000000000000 [] origins: ["http://localhost:3000","https://ics.dev.sisoul.kr"]
2024-02-16T00:09:30.700+0900 LOG                mysql.ts:89 (Object.<anonymous>       ) 00000000-0000-0000-0000-000000000000 [] MySQL Connection has been established successfully.
2024-02-16T00:09:30.701+0900 LOG                  app.ts:65 (Server.<anonymous>       ) 00000000-0000-0000-0000-000000000000 [] [ v1.0.0, .env ] =========================================
2024-02-16T00:09:30.701+0900 LOG                  app.ts:67 (Server.<anonymous>       ) 00000000-0000-0000-0000-000000000000 [] ----------------------------------------------
2024-02-16T00:09:30.701+0900 LOG                  app.ts:68 (Server.<anonymous>       ) 00000000-0000-0000-0000-000000000000 [] 🚀 App listening on the port 3000
2024-02-16T00:09:30.701+0900 LOG                  app.ts:69 (Server.<anonymous>       ) 00000000-0000-0000-0000-000000000000 [] ==============================================
2024-02-16T00:09:35.883+0900 LOG                  app.ts:25 (getOrigins               ) 00000000-0000-0000-0000-000000000000 [] origins: ["http://localhost:3000","https://ics.dev.sisoul.kr"]
2024-02-16T00:09:35.919+0900 LOG                mysql.ts:89 (Object.<anonymous>       ) 00000000-0000-0000-0000-000000000000 [] MySQL Connection has been established successfully.
2024-02-16T00:09:35.919+0900 LOG                  app.ts:65 (Server.<anonymous>       ) 00000000-0000-0000-0000-000000000000 [] [ v1.0.0, .env ] =========================================
2024-02-16T00:09:35.920+0900 LOG                  app.ts:67 (Server.<anonymous>       ) 00000000-0000-0000-0000-000000000000 [] ----------------------------------------------
2024-02-16T00:09:35.920+0900 LOG                  app.ts:68 (Server.<anonymous>       ) 00000000-0000-0000-0000-000000000000 [] 🚀 App listening on the port 3000
2024-02-16T00:09:35.920+0900 LOG                  app.ts:69 (Server.<anonymous>       ) 00000000-0000-0000-0000-000000000000 [] ==============================================
2024-02-16T00:09:39.017+0900 LOG                  app.ts:25 (getOrigins               ) 00000000-0000-0000-0000-000000000000 [] origins: ["http://localhost:3000","https://ics.dev.sisoul.kr"]
2024-02-16T00:09:39.055+0900 LOG                mysql.ts:89 (Object.<anonymous>       ) 00000000-0000-0000-0000-000000000000 [] MySQL Connection has been established successfully.
2024-02-16T00:09:39.056+0900 LOG                  app.ts:65 (Server.<anonymous>       ) 00000000-0000-0000-0000-000000000000 [] [ v1.0.0, .env ] =========================================
2024-02-16T00:09:39.056+0900 LOG                  app.ts:67 (Server.<anonymous>       ) 00000000-0000-0000-0000-000000000000 [] ----------------------------------------------
2024-02-16T00:09:39.056+0900 LOG                  app.ts:68 (Server.<anonymous>       ) 00000000-0000-0000-0000-000000000000 [] 🚀 App listening on the port 3000
2024-02-16T00:09:39.056+0900 LOG                  app.ts:69 (Server.<anonymous>       ) 00000000-0000-0000-0000-000000000000 [] ==============================================
2024-02-16T00:10:13.567+0900 LOG                  app.ts:25 (getOrigins               ) 00000000-0000-0000-0000-000000000000 [] origins: ["http://localhost:3000","https://ics.dev.sisoul.kr"]
2024-02-16T00:10:13.692+0900 LOG                mysql.ts:89 (Object.<anonymous>       ) 00000000-0000-0000-0000-000000000000 [] MySQL Connection has been established successfully.
2024-02-16T00:10:13.693+0900 LOG                  app.ts:65 (Server.<anonymous>       ) 00000000-0000-0000-0000-000000000000 [] [ v1.0.0, .env ] =========================================
2024-02-16T00:10:13.693+0900 LOG                  app.ts:67 (Server.<anonymous>       ) 00000000-0000-0000-0000-000000000000 [] ----------------------------------------------
2024-02-16T00:10:13.693+0900 LOG                  app.ts:68 (Server.<anonymous>       ) 00000000-0000-0000-0000-000000000000 [] 🚀 App listening on the port 3000
2024-02-16T00:10:13.694+0900 LOG                  app.ts:69 (Server.<anonymous>       ) 00000000-0000-0000-0000-000000000000 [] ==============================================
2024-02-16T00:10:19.569+0900 LOG                  app.ts:25 (getOrigins               ) 00000000-0000-0000-0000-000000000000 [] origins: ["http://localhost:3000","https://ics.dev.sisoul.kr"]
2024-02-16T00:10:19.614+0900 LOG                mysql.ts:89 (Object.<anonymous>       ) 00000000-0000-0000-0000-000000000000 [] MySQL Connection has been established successfully.
2024-02-16T00:10:19.615+0900 LOG                  app.ts:65 (Server.<anonymous>       ) 00000000-0000-0000-0000-000000000000 [] [ v1.0.0, .env ] =========================================
2024-02-16T00:10:19.615+0900 LOG                  app.ts:67 (Server.<anonymous>       ) 00000000-0000-0000-0000-000000000000 [] ----------------------------------------------
2024-02-16T00:10:19.615+0900 LOG                  app.ts:68 (Server.<anonymous>       ) 00000000-0000-0000-0000-000000000000 [] 🚀 App listening on the port 3000
2024-02-16T00:10:19.615+0900 LOG                  app.ts:69 (Server.<anonymous>       ) 00000000-0000-0000-0000-000000000000 [] ==============================================
2024-02-16T00:10:49.480+0900 LOG                  app.ts:25 (getOrigins               ) 00000000-0000-0000-0000-000000000000 [] origins: ["http://localhost:3000","https://ics.dev.sisoul.kr"]
2024-02-16T00:10:49.578+0900 LOG                mysql.ts:89 (Object.<anonymous>       ) 00000000-0000-0000-0000-000000000000 [] MySQL Connection has been established successfully.
2024-02-16T00:10:49.578+0900 LOG                  app.ts:65 (Server.<anonymous>       ) 00000000-0000-0000-0000-000000000000 [] [ v1.0.0, .env ] =========================================
2024-02-16T00:10:49.579+0900 LOG                  app.ts:67 (Server.<anonymous>       ) 00000000-0000-0000-0000-000000000000 [] ----------------------------------------------
2024-02-16T00:10:49.579+0900 LOG                  app.ts:68 (Server.<anonymous>       ) 00000000-0000-0000-0000-000000000000 [] 🚀 App listening on the port 3000
2024-02-16T00:10:49.579+0900 LOG                  app.ts:69 (Server.<anonymous>       ) 00000000-0000-0000-0000-000000000000 [] ==============================================
2024-02-16T00:17:12.741+0900 LOG                  app.ts:25 (getOrigins               ) 00000000-0000-0000-0000-000000000000 [] origins: ["http://localhost:3000","https://ics.dev.sisoul.kr"]
2024-02-16T00:17:12.865+0900 LOG                mysql.ts:89 (Object.<anonymous>       ) 00000000-0000-0000-0000-000000000000 [] MySQL Connection has been established successfully.
2024-02-16T00:17:12.865+0900 LOG                  app.ts:65 (Server.<anonymous>       ) 00000000-0000-0000-0000-000000000000 [] [ v1.0.0, .env ] =========================================
2024-02-16T00:17:12.866+0900 LOG                  app.ts:67 (Server.<anonymous>       ) 00000000-0000-0000-0000-000000000000 [] ----------------------------------------------
2024-02-16T00:17:12.866+0900 LOG                  app.ts:68 (Server.<anonymous>       ) 00000000-0000-0000-0000-000000000000 [] 🚀 App listening on the port 3000
2024-02-16T00:17:12.866+0900 LOG                  app.ts:69 (Server.<anonymous>       ) 00000000-0000-0000-0000-000000000000 [] ==============================================
2024-02-16T00:17:20.202+0900 LOG                  app.ts:25 (getOrigins               ) 00000000-0000-0000-0000-000000000000 [] origins: ["http://localhost:3000","https://ics.dev.sisoul.kr"]
2024-02-16T00:17:20.242+0900 LOG                mysql.ts:89 (Object.<anonymous>       ) 00000000-0000-0000-0000-000000000000 [] MySQL Connection has been established successfully.
2024-02-16T00:17:20.243+0900 LOG                  app.ts:65 (Server.<anonymous>       ) 00000000-0000-0000-0000-000000000000 [] [ v1.0.0, .env ] =========================================
2024-02-16T00:17:20.243+0900 LOG                  app.ts:67 (Server.<anonymous>       ) 00000000-0000-0000-0000-000000000000 [] ----------------------------------------------
2024-02-16T00:17:20.243+0900 LOG                  app.ts:68 (Server.<anonymous>       ) 00000000-0000-0000-0000-000000000000 [] 🚀 App listening on the port 3000
2024-02-16T00:17:20.243+0900 LOG                  app.ts:69 (Server.<anonymous>       ) 00000000-0000-0000-0000-000000000000 [] ==============================================
2024-02-16T00:19:38.470+0900 LOG                  app.ts:25 (getOrigins               ) 00000000-0000-0000-0000-000000000000 [] origins: ["http://localhost:3000","https://ics.dev.sisoul.kr"]
2024-02-16T00:19:38.600+0900 LOG                mysql.ts:89 (Object.<anonymous>       ) 00000000-0000-0000-0000-000000000000 [] MySQL Connection has been established successfully.
2024-02-16T00:19:38.601+0900 LOG                  app.ts:65 (Server.<anonymous>       ) 00000000-0000-0000-0000-000000000000 [] [ v1.0.0, .env ] =========================================
2024-02-16T00:19:38.601+0900 LOG                  app.ts:67 (Server.<anonymous>       ) 00000000-0000-0000-0000-000000000000 [] ----------------------------------------------
2024-02-16T00:19:38.601+0900 LOG                  app.ts:68 (Server.<anonymous>       ) 00000000-0000-0000-0000-000000000000 [] 🚀 App listening on the port 3000
2024-02-16T00:19:38.601+0900 LOG                  app.ts:69 (Server.<anonymous>       ) 00000000-0000-0000-0000-000000000000 [] ==============================================
2024-02-16T00:20:16.002+0900 LOG                  app.ts:25 (getOrigins               ) 00000000-0000-0000-0000-000000000000 [] origins: ["http://localhost:3000","https://ics.dev.sisoul.kr"]
2024-02-16T00:20:16.106+0900 LOG                mysql.ts:89 (Object.<anonymous>       ) 00000000-0000-0000-0000-000000000000 [] MySQL Connection has been established successfully.
2024-02-16T00:20:16.106+0900 LOG                  app.ts:65 (Server.<anonymous>       ) 00000000-0000-0000-0000-000000000000 [] [ v1.0.0, .env ] =========================================
2024-02-16T00:20:16.107+0900 LOG                  app.ts:67 (Server.<anonymous>       ) 00000000-0000-0000-0000-000000000000 [] ----------------------------------------------
2024-02-16T00:20:16.107+0900 LOG                  app.ts:68 (Server.<anonymous>       ) 00000000-0000-0000-0000-000000000000 [] 🚀 App listening on the port 3000
2024-02-16T00:20:16.108+0900 LOG                  app.ts:69 (Server.<anonymous>       ) 00000000-0000-0000-0000-000000000000 [] ==============================================
2024-02-16T00:22:38.610+0900 LOG                  app.ts:25 (getOrigins               ) 00000000-0000-0000-0000-000000000000 [] origins: ["http://localhost:3000","https://ics.dev.sisoul.kr"]
2024-02-16T00:22:38.748+0900 LOG                mysql.ts:89 (Object.<anonymous>       ) 00000000-0000-0000-0000-000000000000 [] MySQL Connection has been established successfully.
2024-02-16T00:22:38.749+0900 LOG                  app.ts:65 (Server.<anonymous>       ) 00000000-0000-0000-0000-000000000000 [] [ v1.0.0, .env ] =========================================
2024-02-16T00:22:38.749+0900 LOG                  app.ts:67 (Server.<anonymous>       ) 00000000-0000-0000-0000-000000000000 [] ----------------------------------------------
2024-02-16T00:22:38.749+0900 LOG                  app.ts:68 (Server.<anonymous>       ) 00000000-0000-0000-0000-000000000000 [] 🚀 App listening on the port 3000
2024-02-16T00:22:38.750+0900 LOG                  app.ts:69 (Server.<anonymous>       ) 00000000-0000-0000-0000-000000000000 [] ==============================================
2024-02-16T00:23:02.840+0900 LOG                  app.ts:25 (getOrigins               ) 00000000-0000-0000-0000-000000000000 [] origins: ["http://localhost:3000","https://ics.dev.sisoul.kr"]
2024-02-16T00:23:02.936+0900 LOG                mysql.ts:89 (Object.<anonymous>       ) 00000000-0000-0000-0000-000000000000 [] MySQL Connection has been established successfully.
2024-02-16T00:23:02.937+0900 LOG                  app.ts:65 (Server.<anonymous>       ) 00000000-0000-0000-0000-000000000000 [] [ v1.0.0, .env ] =========================================
2024-02-16T00:23:02.937+0900 LOG                  app.ts:67 (Server.<anonymous>       ) 00000000-0000-0000-0000-000000000000 [] ----------------------------------------------
2024-02-16T00:23:02.938+0900 LOG                  app.ts:68 (Server.<anonymous>       ) 00000000-0000-0000-0000-000000000000 [] 🚀 App listening on the port 3000
2024-02-16T00:23:02.938+0900 LOG                  app.ts:69 (Server.<anonymous>       ) 00000000-0000-0000-0000-000000000000 [] ==============================================
2024-02-16T00:23:22.247+0900 LOG                  app.ts:25 (getOrigins               ) 00000000-0000-0000-0000-000000000000 [] origins: ["http://localhost:3000","https://ics.dev.sisoul.kr"]
2024-02-16T00:23:22.346+0900 LOG                mysql.ts:89 (Object.<anonymous>       ) 00000000-0000-0000-0000-000000000000 [] MySQL Connection has been established successfully.
2024-02-16T00:23:22.347+0900 LOG                  app.ts:65 (Server.<anonymous>       ) 00000000-0000-0000-0000-000000000000 [] [ v1.0.0, .env ] =========================================
2024-02-16T00:23:22.347+0900 LOG                  app.ts:67 (Server.<anonymous>       ) 00000000-0000-0000-0000-000000000000 [] ----------------------------------------------
2024-02-16T00:23:22.347+0900 LOG                  app.ts:68 (Server.<anonymous>       ) 00000000-0000-0000-0000-000000000000 [] 🚀 App listening on the port 3000
2024-02-16T00:23:22.347+0900 LOG                  app.ts:69 (Server.<anonymous>       ) 00000000-0000-0000-0000-000000000000 [] ==============================================
2024-02-16T00:23:28.933+0900 LOG                  app.ts:25 (getOrigins               ) 00000000-0000-0000-0000-000000000000 [] origins: ["http://localhost:3000","https://ics.dev.sisoul.kr"]
2024-02-16T00:23:28.978+0900 LOG                mysql.ts:89 (Object.<anonymous>       ) 00000000-0000-0000-0000-000000000000 [] MySQL Connection has been established successfully.
2024-02-16T00:23:28.978+0900 LOG                  app.ts:65 (Server.<anonymous>       ) 00000000-0000-0000-0000-000000000000 [] [ v1.0.0, .env ] =========================================
2024-02-16T00:23:28.979+0900 LOG                  app.ts:67 (Server.<anonymous>       ) 00000000-0000-0000-0000-000000000000 [] ----------------------------------------------
2024-02-16T00:23:28.979+0900 LOG                  app.ts:68 (Server.<anonymous>       ) 00000000-0000-0000-0000-000000000000 [] 🚀 App listening on the port 3000
2024-02-16T00:23:28.979+0900 LOG                  app.ts:69 (Server.<anonymous>       ) 00000000-0000-0000-0000-000000000000 [] ==============================================
2024-02-16T00:23:59.618+0900 LOG                  app.ts:25 (getOrigins               ) 00000000-0000-0000-0000-000000000000 [] origins: ["http://localhost:3000","https://ics.dev.sisoul.kr"]
2024-02-16T00:23:59.712+0900 LOG                mysql.ts:89 (Object.<anonymous>       ) 00000000-0000-0000-0000-000000000000 [] MySQL Connection has been established successfully.
2024-02-16T00:23:59.713+0900 LOG                  app.ts:65 (Server.<anonymous>       ) 00000000-0000-0000-0000-000000000000 [] [ v1.0.0, .env ] =========================================
2024-02-16T00:23:59.713+0900 LOG                  app.ts:67 (Server.<anonymous>       ) 00000000-0000-0000-0000-000000000000 [] ----------------------------------------------
2024-02-16T00:23:59.713+0900 LOG                  app.ts:68 (Server.<anonymous>       ) 00000000-0000-0000-0000-000000000000 [] 🚀 App listening on the port 3000
2024-02-16T00:23:59.713+0900 LOG                  app.ts:69 (Server.<anonymous>       ) 00000000-0000-0000-0000-000000000000 [] ==============================================
2024-02-16T00:24:15.545+0900 LOG                  app.ts:25 (getOrigins               ) 00000000-0000-0000-0000-000000000000 [] origins: ["http://localhost:3000","https://ics.dev.sisoul.kr"]
2024-02-16T00:24:15.595+0900 LOG                mysql.ts:89 (Object.<anonymous>       ) 00000000-0000-0000-0000-000000000000 [] MySQL Connection has been established successfully.
2024-02-16T00:24:15.596+0900 LOG                  app.ts:65 (Server.<anonymous>       ) 00000000-0000-0000-0000-000000000000 [] [ v1.0.0, .env ] =========================================
2024-02-16T00:24:15.596+0900 LOG                  app.ts:67 (Server.<anonymous>       ) 00000000-0000-0000-0000-000000000000 [] ----------------------------------------------
2024-02-16T00:24:15.596+0900 LOG                  app.ts:68 (Server.<anonymous>       ) 00000000-0000-0000-0000-000000000000 [] 🚀 App listening on the port 3000
2024-02-16T00:24:15.596+0900 LOG                  app.ts:69 (Server.<anonymous>       ) 00000000-0000-0000-0000-000000000000 [] ==============================================
2024-02-16T00:24:17.960+0900 LOG                  app.ts:25 (getOrigins               ) 00000000-0000-0000-0000-000000000000 [] origins: ["http://localhost:3000","https://ics.dev.sisoul.kr"]
2024-02-16T00:24:18.011+0900 LOG                mysql.ts:89 (Object.<anonymous>       ) 00000000-0000-0000-0000-000000000000 [] MySQL Connection has been established successfully.
2024-02-16T00:24:18.012+0900 LOG                  app.ts:65 (Server.<anonymous>       ) 00000000-0000-0000-0000-000000000000 [] [ v1.0.0, .env ] =========================================
2024-02-16T00:24:18.012+0900 LOG                  app.ts:67 (Server.<anonymous>       ) 00000000-0000-0000-0000-000000000000 [] ----------------------------------------------
2024-02-16T00:24:18.012+0900 LOG                  app.ts:68 (Server.<anonymous>       ) 00000000-0000-0000-0000-000000000000 [] 🚀 App listening on the port 3000
2024-02-16T00:24:18.012+0900 LOG                  app.ts:69 (Server.<anonymous>       ) 00000000-0000-0000-0000-000000000000 [] ==============================================
2024-02-16T00:24:56.944+0900 LOG                  app.ts:25 (getOrigins               ) 00000000-0000-0000-0000-000000000000 [] origins: ["http://localhost:3000","https://ics.dev.sisoul.kr"]
2024-02-16T00:24:56.988+0900 LOG                mysql.ts:89 (Object.<anonymous>       ) 00000000-0000-0000-0000-000000000000 [] MySQL Connection has been established successfully.
2024-02-16T00:24:56.989+0900 LOG                  app.ts:65 (Server.<anonymous>       ) 00000000-0000-0000-0000-000000000000 [] [ v1.0.0, .env ] =========================================
2024-02-16T00:24:56.989+0900 LOG                  app.ts:67 (Server.<anonymous>       ) 00000000-0000-0000-0000-000000000000 [] ----------------------------------------------
2024-02-16T00:24:56.989+0900 LOG                  app.ts:68 (Server.<anonymous>       ) 00000000-0000-0000-0000-000000000000 [] 🚀 App listening on the port 3000
2024-02-16T00:24:56.989+0900 LOG                  app.ts:69 (Server.<anonymous>       ) 00000000-0000-0000-0000-000000000000 [] ==============================================
2024-02-16T00:25:07.141+0900 LOG                  app.ts:25 (getOrigins               ) 00000000-0000-0000-0000-000000000000 [] origins: ["http://localhost:3000","https://ics.dev.sisoul.kr"]
2024-02-16T00:25:07.194+0900 LOG                mysql.ts:89 (Object.<anonymous>       ) 00000000-0000-0000-0000-000000000000 [] MySQL Connection has been established successfully.
2024-02-16T00:25:07.195+0900 LOG                  app.ts:65 (Server.<anonymous>       ) 00000000-0000-0000-0000-000000000000 [] [ v1.0.0, .env ] =========================================
2024-02-16T00:25:07.195+0900 LOG                  app.ts:67 (Server.<anonymous>       ) 00000000-0000-0000-0000-000000000000 [] ----------------------------------------------
2024-02-16T00:25:07.196+0900 LOG                  app.ts:68 (Server.<anonymous>       ) 00000000-0000-0000-0000-000000000000 [] 🚀 App listening on the port 3000
2024-02-16T00:25:07.196+0900 LOG                  app.ts:69 (Server.<anonymous>       ) 00000000-0000-0000-0000-000000000000 [] ==============================================
2024-02-16T00:25:15.521+0900 LOG                  app.ts:25 (getOrigins               ) 00000000-0000-0000-0000-000000000000 [] origins: ["http://localhost:3000","https://ics.dev.sisoul.kr"]
2024-02-16T00:25:15.562+0900 LOG                mysql.ts:89 (Object.<anonymous>       ) 00000000-0000-0000-0000-000000000000 [] MySQL Connection has been established successfully.
2024-02-16T00:25:15.563+0900 LOG                  app.ts:65 (Server.<anonymous>       ) 00000000-0000-0000-0000-000000000000 [] [ v1.0.0, .env ] =========================================
2024-02-16T00:25:15.563+0900 LOG                  app.ts:67 (Server.<anonymous>       ) 00000000-0000-0000-0000-000000000000 [] ----------------------------------------------
2024-02-16T00:25:15.563+0900 LOG                  app.ts:68 (Server.<anonymous>       ) 00000000-0000-0000-0000-000000000000 [] 🚀 App listening on the port 3000
2024-02-16T00:25:15.563+0900 LOG                  app.ts:69 (Server.<anonymous>       ) 00000000-0000-0000-0000-000000000000 [] ==============================================
2024-02-16T00:25:20.166+0900 LOG                  app.ts:25 (getOrigins               ) 00000000-0000-0000-0000-000000000000 [] origins: ["http://localhost:3000","https://ics.dev.sisoul.kr"]
2024-02-16T00:25:20.210+0900 LOG                mysql.ts:89 (Object.<anonymous>       ) 00000000-0000-0000-0000-000000000000 [] MySQL Connection has been established successfully.
2024-02-16T00:25:20.211+0900 LOG                  app.ts:65 (Server.<anonymous>       ) 00000000-0000-0000-0000-000000000000 [] [ v1.0.0, .env ] =========================================
2024-02-16T00:25:20.211+0900 LOG                  app.ts:67 (Server.<anonymous>       ) 00000000-0000-0000-0000-000000000000 [] ----------------------------------------------
2024-02-16T00:25:20.211+0900 LOG                  app.ts:68 (Server.<anonymous>       ) 00000000-0000-0000-0000-000000000000 [] 🚀 App listening on the port 3000
2024-02-16T00:25:20.211+0900 LOG                  app.ts:69 (Server.<anonymous>       ) 00000000-0000-0000-0000-000000000000 [] ==============================================
2024-02-16T00:25:45.131+0900 LOG                  app.ts:25 (getOrigins               ) 00000000-0000-0000-0000-000000000000 [] origins: ["http://localhost:3000","https://ics.dev.sisoul.kr"]
2024-02-16T00:25:45.179+0900 LOG                mysql.ts:89 (Object.<anonymous>       ) 00000000-0000-0000-0000-000000000000 [] MySQL Connection has been established successfully.
2024-02-16T00:25:45.180+0900 LOG                  app.ts:65 (Server.<anonymous>       ) 00000000-0000-0000-0000-000000000000 [] [ v1.0.0, .env ] =========================================
2024-02-16T00:25:45.180+0900 LOG                  app.ts:67 (Server.<anonymous>       ) 00000000-0000-0000-0000-000000000000 [] ----------------------------------------------
2024-02-16T00:25:45.180+0900 LOG                  app.ts:68 (Server.<anonymous>       ) 00000000-0000-0000-0000-000000000000 [] 🚀 App listening on the port 3000
2024-02-16T00:25:45.180+0900 LOG                  app.ts:69 (Server.<anonymous>       ) 00000000-0000-0000-0000-000000000000 [] ==============================================
2024-02-16T00:25:53.463+0900 LOG                  app.ts:25 (getOrigins               ) 00000000-0000-0000-0000-000000000000 [] origins: ["http://localhost:3000","https://ics.dev.sisoul.kr"]
2024-02-16T00:25:53.503+0900 LOG                mysql.ts:89 (Object.<anonymous>       ) 00000000-0000-0000-0000-000000000000 [] MySQL Connection has been established successfully.
2024-02-16T00:25:53.504+0900 LOG                  app.ts:65 (Server.<anonymous>       ) 00000000-0000-0000-0000-000000000000 [] [ v1.0.0, .env ] =========================================
2024-02-16T00:25:53.504+0900 LOG                  app.ts:67 (Server.<anonymous>       ) 00000000-0000-0000-0000-000000000000 [] ----------------------------------------------
2024-02-16T00:25:53.504+0900 LOG                  app.ts:68 (Server.<anonymous>       ) 00000000-0000-0000-0000-000000000000 [] 🚀 App listening on the port 3000
2024-02-16T00:25:53.504+0900 LOG                  app.ts:69 (Server.<anonymous>       ) 00000000-0000-0000-0000-000000000000 [] ==============================================
2024-02-16T00:25:57.480+0900 LOG                  app.ts:25 (getOrigins               ) 00000000-0000-0000-0000-000000000000 [] origins: ["http://localhost:3000","https://ics.dev.sisoul.kr"]
2024-02-16T00:25:57.519+0900 LOG                mysql.ts:89 (Object.<anonymous>       ) 00000000-0000-0000-0000-000000000000 [] MySQL Connection has been established successfully.
2024-02-16T00:25:57.520+0900 LOG                  app.ts:65 (Server.<anonymous>       ) 00000000-0000-0000-0000-000000000000 [] [ v1.0.0, .env ] =========================================
2024-02-16T00:25:57.520+0900 LOG                  app.ts:67 (Server.<anonymous>       ) 00000000-0000-0000-0000-000000000000 [] ----------------------------------------------
2024-02-16T00:25:57.520+0900 LOG                  app.ts:68 (Server.<anonymous>       ) 00000000-0000-0000-0000-000000000000 [] 🚀 App listening on the port 3000
2024-02-16T00:25:57.521+0900 LOG                  app.ts:69 (Server.<anonymous>       ) 00000000-0000-0000-0000-000000000000 [] ==============================================
2024-02-16T00:27:08.417+0900 LOG                  app.ts:25 (getOrigins               ) 00000000-0000-0000-0000-000000000000 [] origins: ["http://localhost:3000","https://ics.dev.sisoul.kr"]
2024-02-16T00:27:08.464+0900 LOG                mysql.ts:89 (Object.<anonymous>       ) 00000000-0000-0000-0000-000000000000 [] MySQL Connection has been established successfully.
2024-02-16T00:27:08.464+0900 LOG                  app.ts:65 (Server.<anonymous>       ) 00000000-0000-0000-0000-000000000000 [] [ v1.0.0, .env ] =========================================
2024-02-16T00:27:08.465+0900 LOG                  app.ts:67 (Server.<anonymous>       ) 00000000-0000-0000-0000-000000000000 [] ----------------------------------------------
2024-02-16T00:27:08.465+0900 LOG                  app.ts:68 (Server.<anonymous>       ) 00000000-0000-0000-0000-000000000000 [] 🚀 App listening on the port 3000
2024-02-16T00:27:08.465+0900 LOG                  app.ts:69 (Server.<anonymous>       ) 00000000-0000-0000-0000-000000000000 [] ==============================================
2024-02-16T00:28:25.496+0900 LOG                  app.ts:25 (getOrigins               ) 00000000-0000-0000-0000-000000000000 [] origins: ["http://localhost:3000","https://ics.dev.sisoul.kr"]
2024-02-16T00:28:25.542+0900 LOG                mysql.ts:89 (Object.<anonymous>       ) 00000000-0000-0000-0000-000000000000 [] MySQL Connection has been established successfully.
2024-02-16T00:28:25.543+0900 LOG                  app.ts:65 (Server.<anonymous>       ) 00000000-0000-0000-0000-000000000000 [] [ v1.0.0, .env ] =========================================
2024-02-16T00:28:25.543+0900 LOG                  app.ts:67 (Server.<anonymous>       ) 00000000-0000-0000-0000-000000000000 [] ----------------------------------------------
2024-02-16T00:28:25.543+0900 LOG                  app.ts:68 (Server.<anonymous>       ) 00000000-0000-0000-0000-000000000000 [] 🚀 App listening on the port 3000
2024-02-16T00:28:25.544+0900 LOG                  app.ts:69 (Server.<anonymous>       ) 00000000-0000-0000-0000-000000000000 [] ==============================================
2024-02-16T00:28:30.472+0900 LOG                  app.ts:25 (getOrigins               ) 00000000-0000-0000-0000-000000000000 [] origins: ["http://localhost:3000","https://ics.dev.sisoul.kr"]
2024-02-16T00:28:30.508+0900 LOG                mysql.ts:89 (Object.<anonymous>       ) 00000000-0000-0000-0000-000000000000 [] MySQL Connection has been established successfully.
2024-02-16T00:28:30.508+0900 LOG                  app.ts:65 (Server.<anonymous>       ) 00000000-0000-0000-0000-000000000000 [] [ v1.0.0, .env ] =========================================
2024-02-16T00:28:30.509+0900 LOG                  app.ts:67 (Server.<anonymous>       ) 00000000-0000-0000-0000-000000000000 [] ----------------------------------------------
2024-02-16T00:28:30.509+0900 LOG                  app.ts:68 (Server.<anonymous>       ) 00000000-0000-0000-0000-000000000000 [] 🚀 App listening on the port 3000
2024-02-16T00:28:30.509+0900 LOG                  app.ts:69 (Server.<anonymous>       ) 00000000-0000-0000-0000-000000000000 [] ==============================================
2024-02-16T00:29:32.153+0900 LOG                  app.ts:25 (getOrigins               ) 00000000-0000-0000-0000-000000000000 [] origins: ["http://localhost:3000","https://ics.dev.sisoul.kr"]
2024-02-16T00:29:32.197+0900 LOG                mysql.ts:89 (Object.<anonymous>       ) 00000000-0000-0000-0000-000000000000 [] MySQL Connection has been established successfully.
2024-02-16T00:29:32.198+0900 LOG                  app.ts:65 (Server.<anonymous>       ) 00000000-0000-0000-0000-000000000000 [] [ v1.0.0, .env ] =========================================
2024-02-16T00:29:32.198+0900 LOG                  app.ts:67 (Server.<anonymous>       ) 00000000-0000-0000-0000-000000000000 [] ----------------------------------------------
2024-02-16T00:29:32.198+0900 LOG                  app.ts:68 (Server.<anonymous>       ) 00000000-0000-0000-0000-000000000000 [] 🚀 App listening on the port 3000
2024-02-16T00:29:32.198+0900 LOG                  app.ts:69 (Server.<anonymous>       ) 00000000-0000-0000-0000-000000000000 [] ==============================================
2024-02-16T00:31:21.790+0900 LOG                  app.ts:25 (getOrigins               ) 00000000-0000-0000-0000-000000000000 [] origins: ["http://localhost:3000","https://ics.dev.sisoul.kr"]
2024-02-16T00:31:21.832+0900 LOG                mysql.ts:89 (Object.<anonymous>       ) 00000000-0000-0000-0000-000000000000 [] MySQL Connection has been established successfully.
2024-02-16T00:31:21.833+0900 LOG                  app.ts:65 (Server.<anonymous>       ) 00000000-0000-0000-0000-000000000000 [] [ v1.0.0, .env ] =========================================
2024-02-16T00:31:21.833+0900 LOG                  app.ts:67 (Server.<anonymous>       ) 00000000-0000-0000-0000-000000000000 [] ----------------------------------------------
2024-02-16T00:31:21.833+0900 LOG                  app.ts:68 (Server.<anonymous>       ) 00000000-0000-0000-0000-000000000000 [] 🚀 App listening on the port 3000
2024-02-16T00:31:21.834+0900 LOG                  app.ts:69 (Server.<anonymous>       ) 00000000-0000-0000-0000-000000000000 [] ==============================================
2024-02-16T00:32:34.163+0900 LOG                  app.ts:25 (getOrigins               ) 00000000-0000-0000-0000-000000000000 [] origins: ["http://localhost:3000","https://ics.dev.sisoul.kr"]
2024-02-16T00:32:34.210+0900 LOG                mysql.ts:89 (Object.<anonymous>       ) 00000000-0000-0000-0000-000000000000 [] MySQL Connection has been established successfully.
2024-02-16T00:32:34.211+0900 LOG                  app.ts:65 (Server.<anonymous>       ) 00000000-0000-0000-0000-000000000000 [] [ v1.0.0, .env ] =========================================
2024-02-16T00:32:34.211+0900 LOG                  app.ts:67 (Server.<anonymous>       ) 00000000-0000-0000-0000-000000000000 [] ----------------------------------------------
2024-02-16T00:32:34.211+0900 LOG                  app.ts:68 (Server.<anonymous>       ) 00000000-0000-0000-0000-000000000000 [] 🚀 App listening on the port 3000
2024-02-16T00:32:34.211+0900 LOG                  app.ts:69 (Server.<anonymous>       ) 00000000-0000-0000-0000-000000000000 [] ==============================================
2024-02-16T00:33:41.280+0900 LOG                  app.ts:25 (getOrigins               ) 00000000-0000-0000-0000-000000000000 [] origins: ["http://localhost:3000","https://ics.dev.sisoul.kr"]
2024-02-16T00:33:41.392+0900 LOG                mysql.ts:89 (Object.<anonymous>       ) 00000000-0000-0000-0000-000000000000 [] MySQL Connection has been established successfully.
2024-02-16T00:33:41.393+0900 LOG                  app.ts:65 (Server.<anonymous>       ) 00000000-0000-0000-0000-000000000000 [] [ v1.0.0, .env ] =========================================
2024-02-16T00:33:41.393+0900 LOG                  app.ts:67 (Server.<anonymous>       ) 00000000-0000-0000-0000-000000000000 [] ----------------------------------------------
2024-02-16T00:33:41.394+0900 LOG                  app.ts:68 (Server.<anonymous>       ) 00000000-0000-0000-0000-000000000000 [] 🚀 App listening on the port 3000
2024-02-16T00:33:41.394+0900 LOG                  app.ts:69 (Server.<anonymous>       ) 00000000-0000-0000-0000-000000000000 [] ==============================================
