2024-02-27T21:08:16.871+0900 LOG                  app.ts:25 (getOrigins               ) 00000000-0000-0000-0000-000000000000 [] origins: ["http://localhost:3000","https://ics.dev.sisoul.kr"]
2024-02-27T21:08:17.117+0900 LOG                mysql.ts:89 (Object.<anonymous>       ) 00000000-0000-0000-0000-000000000000 [] MySQL Connection has been established successfully.
2024-02-27T21:08:17.118+0900 LOG                  app.ts:65 (Server.<anonymous>       ) 00000000-0000-0000-0000-000000000000 [] [ v1.0.0, .env ] =========================================
2024-02-27T21:08:17.118+0900 LOG                  app.ts:67 (Server.<anonymous>       ) 00000000-0000-0000-0000-000000000000 [] ----------------------------------------------
2024-02-27T21:08:17.119+0900 LOG                  app.ts:68 (Server.<anonymous>       ) 00000000-0000-0000-0000-000000000000 [] 🚀 App listening on the port 3000
2024-02-27T21:08:17.119+0900 LOG                  app.ts:69 (Server.<anonymous>       ) 00000000-0000-0000-0000-000000000000 [] ==============================================
2024-02-27T21:10:31.307+0900 LOG                  app.ts:25 (getOrigins               ) 00000000-0000-0000-0000-000000000000 [] origins: ["http://localhost:3000","https://ics.dev.sisoul.kr"]
2024-02-27T21:10:31.439+0900 LOG                mysql.ts:89 (Object.<anonymous>       ) 00000000-0000-0000-0000-000000000000 [] MySQL Connection has been established successfully.
2024-02-27T21:10:31.440+0900 LOG                  app.ts:65 (Server.<anonymous>       ) 00000000-0000-0000-0000-000000000000 [] [ v1.0.0, .env ] =========================================
2024-02-27T21:10:31.440+0900 LOG                  app.ts:67 (Server.<anonymous>       ) 00000000-0000-0000-0000-000000000000 [] ----------------------------------------------
2024-02-27T21:10:31.440+0900 LOG                  app.ts:68 (Server.<anonymous>       ) 00000000-0000-0000-0000-000000000000 [] 🚀 App listening on the port 3000
2024-02-27T21:10:31.441+0900 LOG                  app.ts:69 (Server.<anonymous>       ) 00000000-0000-0000-0000-000000000000 [] ==============================================
2024-02-27T21:11:47.541+0900 LOG                  app.ts:25 (getOrigins               ) 00000000-0000-0000-0000-000000000000 [] origins: ["http://localhost:3000","https://ics.dev.sisoul.kr"]
2024-02-27T21:11:47.650+0900 LOG                mysql.ts:89 (Object.<anonymous>       ) 00000000-0000-0000-0000-000000000000 [] MySQL Connection has been established successfully.
2024-02-27T21:11:47.651+0900 LOG                  app.ts:65 (Server.<anonymous>       ) 00000000-0000-0000-0000-000000000000 [] [ v1.0.0, .env ] =========================================
2024-02-27T21:11:47.651+0900 LOG                  app.ts:67 (Server.<anonymous>       ) 00000000-0000-0000-0000-000000000000 [] ----------------------------------------------
2024-02-27T21:11:47.651+0900 LOG                  app.ts:68 (Server.<anonymous>       ) 00000000-0000-0000-0000-000000000000 [] 🚀 App listening on the port 3000
2024-02-27T21:11:47.652+0900 LOG                  app.ts:69 (Server.<anonymous>       ) 00000000-0000-0000-0000-000000000000 [] ==============================================
2024-02-27T21:11:49.279+0900 LOG                  app.ts:25 (getOrigins               ) 00000000-0000-0000-0000-000000000000 [] origins: ["http://localhost:3000","https://ics.dev.sisoul.kr"]
2024-02-27T21:11:49.315+0900 LOG                mysql.ts:89 (Object.<anonymous>       ) 00000000-0000-0000-0000-000000000000 [] MySQL Connection has been established successfully.
2024-02-27T21:11:49.316+0900 LOG                  app.ts:65 (Server.<anonymous>       ) 00000000-0000-0000-0000-000000000000 [] [ v1.0.0, .env ] =========================================
2024-02-27T21:11:49.316+0900 LOG                  app.ts:67 (Server.<anonymous>       ) 00000000-0000-0000-0000-000000000000 [] ----------------------------------------------
2024-02-27T21:11:49.316+0900 LOG                  app.ts:68 (Server.<anonymous>       ) 00000000-0000-0000-0000-000000000000 [] 🚀 App listening on the port 3000
2024-02-27T21:11:49.316+0900 LOG                  app.ts:69 (Server.<anonymous>       ) 00000000-0000-0000-0000-000000000000 [] ==============================================
2024-02-27T21:11:51.630+0900 LOG                  app.ts:25 (getOrigins               ) 00000000-0000-0000-0000-000000000000 [] origins: ["http://localhost:3000","https://ics.dev.sisoul.kr"]
2024-02-27T21:11:51.677+0900 LOG                mysql.ts:89 (Object.<anonymous>       ) 00000000-0000-0000-0000-000000000000 [] MySQL Connection has been established successfully.
2024-02-27T21:11:51.677+0900 LOG                  app.ts:65 (Server.<anonymous>       ) 00000000-0000-0000-0000-000000000000 [] [ v1.0.0, .env ] =========================================
2024-02-27T21:11:51.677+0900 LOG                  app.ts:67 (Server.<anonymous>       ) 00000000-0000-0000-0000-000000000000 [] ----------------------------------------------
2024-02-27T21:11:51.678+0900 LOG                  app.ts:68 (Server.<anonymous>       ) 00000000-0000-0000-0000-000000000000 [] 🚀 App listening on the port 3000
2024-02-27T21:11:51.678+0900 LOG                  app.ts:69 (Server.<anonymous>       ) 00000000-0000-0000-0000-000000000000 [] ==============================================
2024-02-27T21:12:38.500+0900 LOG                  app.ts:25 (getOrigins               ) 00000000-0000-0000-0000-000000000000 [] origins: ["http://localhost:3000","https://ics.dev.sisoul.kr"]
2024-02-27T21:12:38.555+0900 LOG                mysql.ts:89 (Object.<anonymous>       ) 00000000-0000-0000-0000-000000000000 [] MySQL Connection has been established successfully.
2024-02-27T21:12:38.556+0900 LOG                  app.ts:65 (Server.<anonymous>       ) 00000000-0000-0000-0000-000000000000 [] [ v1.0.0, .env ] =========================================
2024-02-27T21:12:38.556+0900 LOG                  app.ts:67 (Server.<anonymous>       ) 00000000-0000-0000-0000-000000000000 [] ----------------------------------------------
2024-02-27T21:12:38.556+0900 LOG                  app.ts:68 (Server.<anonymous>       ) 00000000-0000-0000-0000-000000000000 [] 🚀 App listening on the port 3000
2024-02-27T21:12:38.557+0900 LOG                  app.ts:69 (Server.<anonymous>       ) 00000000-0000-0000-0000-000000000000 [] ==============================================
2024-02-27T21:16:11.752+0900 LOG                  app.ts:25 (getOrigins               ) 00000000-0000-0000-0000-000000000000 [] origins: ["http://localhost:3000","https://ics.dev.sisoul.kr"]
2024-02-27T21:16:12.032+0900 LOG                mysql.ts:89 (Object.<anonymous>       ) 00000000-0000-0000-0000-000000000000 [] MySQL Connection has been established successfully.
2024-02-27T21:16:12.033+0900 LOG                  app.ts:65 (Server.<anonymous>       ) 00000000-0000-0000-0000-000000000000 [] [ v1.0.0, .env ] =========================================
2024-02-27T21:16:12.033+0900 LOG                  app.ts:67 (Server.<anonymous>       ) 00000000-0000-0000-0000-000000000000 [] ----------------------------------------------
2024-02-27T21:16:12.033+0900 LOG                  app.ts:68 (Server.<anonymous>       ) 00000000-0000-0000-0000-000000000000 [] 🚀 App listening on the port 3000
2024-02-27T21:16:12.033+0900 LOG                  app.ts:69 (Server.<anonymous>       ) 00000000-0000-0000-0000-000000000000 [] ==============================================
2024-02-27T21:16:50.125+0900 LOG                  app.ts:25 (getOrigins               ) 00000000-0000-0000-0000-000000000000 [] origins: ["http://localhost:3000","https://ics.dev.sisoul.kr"]
2024-02-27T21:16:50.265+0900 LOG                mysql.ts:89 (Object.<anonymous>       ) 00000000-0000-0000-0000-000000000000 [] MySQL Connection has been established successfully.
2024-02-27T21:16:50.266+0900 LOG                  app.ts:65 (Server.<anonymous>       ) 00000000-0000-0000-0000-000000000000 [] [ v1.0.0, .env ] =========================================
2024-02-27T21:16:50.266+0900 LOG                  app.ts:67 (Server.<anonymous>       ) 00000000-0000-0000-0000-000000000000 [] ----------------------------------------------
2024-02-27T21:16:50.266+0900 LOG                  app.ts:68 (Server.<anonymous>       ) 00000000-0000-0000-0000-000000000000 [] 🚀 App listening on the port 3000
2024-02-27T21:16:50.267+0900 LOG                  app.ts:69 (Server.<anonymous>       ) 00000000-0000-0000-0000-000000000000 [] ==============================================
2024-02-27T21:17:37.749+0900 LOG                  app.ts:25 (getOrigins               ) 00000000-0000-0000-0000-000000000000 [] origins: ["http://localhost:3000","https://ics.dev.sisoul.kr"]
2024-02-27T21:17:37.840+0900 LOG                mysql.ts:89 (Object.<anonymous>       ) 00000000-0000-0000-0000-000000000000 [] MySQL Connection has been established successfully.
2024-02-27T21:17:37.841+0900 LOG                  app.ts:65 (Server.<anonymous>       ) 00000000-0000-0000-0000-000000000000 [] [ v1.0.0, .env ] =========================================
2024-02-27T21:17:37.841+0900 LOG                  app.ts:67 (Server.<anonymous>       ) 00000000-0000-0000-0000-000000000000 [] ----------------------------------------------
2024-02-27T21:17:37.841+0900 LOG                  app.ts:68 (Server.<anonymous>       ) 00000000-0000-0000-0000-000000000000 [] 🚀 App listening on the port 3000
2024-02-27T21:17:37.842+0900 LOG                  app.ts:69 (Server.<anonymous>       ) 00000000-0000-0000-0000-000000000000 [] ==============================================
2024-02-27T21:17:46.248+0900 LOG                  app.ts:25 (getOrigins               ) 00000000-0000-0000-0000-000000000000 [] origins: ["http://localhost:3000","https://ics.dev.sisoul.kr"]
2024-02-27T21:17:46.304+0900 LOG                mysql.ts:89 (Object.<anonymous>       ) 00000000-0000-0000-0000-000000000000 [] MySQL Connection has been established successfully.
2024-02-27T21:17:46.305+0900 LOG                  app.ts:65 (Server.<anonymous>       ) 00000000-0000-0000-0000-000000000000 [] [ v1.0.0, .env ] =========================================
2024-02-27T21:17:46.305+0900 LOG                  app.ts:67 (Server.<anonymous>       ) 00000000-0000-0000-0000-000000000000 [] ----------------------------------------------
2024-02-27T21:17:46.305+0900 LOG                  app.ts:68 (Server.<anonymous>       ) 00000000-0000-0000-0000-000000000000 [] 🚀 App listening on the port 3000
2024-02-27T21:17:46.305+0900 LOG                  app.ts:69 (Server.<anonymous>       ) 00000000-0000-0000-0000-000000000000 [] ==============================================
2024-02-27T21:18:55.066+0900 LOG                  app.ts:25 (getOrigins               ) 00000000-0000-0000-0000-000000000000 [] origins: ["http://localhost:3000","https://ics.dev.sisoul.kr"]
2024-02-27T21:18:55.277+0900 LOG                mysql.ts:89 (Object.<anonymous>       ) 00000000-0000-0000-0000-000000000000 [] MySQL Connection has been established successfully.
2024-02-27T21:18:55.278+0900 LOG                  app.ts:65 (Server.<anonymous>       ) 00000000-0000-0000-0000-000000000000 [] [ v1.0.0, .env ] =========================================
2024-02-27T21:18:55.278+0900 LOG                  app.ts:67 (Server.<anonymous>       ) 00000000-0000-0000-0000-000000000000 [] ----------------------------------------------
2024-02-27T21:18:55.279+0900 LOG                  app.ts:68 (Server.<anonymous>       ) 00000000-0000-0000-0000-000000000000 [] 🚀 App listening on the port 3000
2024-02-27T21:18:55.279+0900 LOG                  app.ts:69 (Server.<anonymous>       ) 00000000-0000-0000-0000-000000000000 [] ==============================================
2024-02-27T21:19:20.543+0900 LOG                  app.ts:25 (getOrigins               ) 00000000-0000-0000-0000-000000000000 [] origins: ["http://localhost:3000","https://ics.dev.sisoul.kr"]
2024-02-27T21:19:20.651+0900 LOG                mysql.ts:89 (Object.<anonymous>       ) 00000000-0000-0000-0000-000000000000 [] MySQL Connection has been established successfully.
2024-02-27T21:19:20.652+0900 LOG                  app.ts:65 (Server.<anonymous>       ) 00000000-0000-0000-0000-000000000000 [] [ v1.0.0, .env ] =========================================
2024-02-27T21:19:20.653+0900 LOG                  app.ts:67 (Server.<anonymous>       ) 00000000-0000-0000-0000-000000000000 [] ----------------------------------------------
2024-02-27T21:19:20.653+0900 LOG                  app.ts:68 (Server.<anonymous>       ) 00000000-0000-0000-0000-000000000000 [] 🚀 App listening on the port 3000
2024-02-27T21:19:20.653+0900 LOG                  app.ts:69 (Server.<anonymous>       ) 00000000-0000-0000-0000-000000000000 [] ==============================================
2024-02-27T21:19:41.850+0900 LOG                  app.ts:25 (getOrigins               ) 00000000-0000-0000-0000-000000000000 [] origins: ["http://localhost:3000","https://ics.dev.sisoul.kr"]
2024-02-27T21:19:41.945+0900 LOG                mysql.ts:89 (Object.<anonymous>       ) 00000000-0000-0000-0000-000000000000 [] MySQL Connection has been established successfully.
2024-02-27T21:19:41.946+0900 LOG                  app.ts:65 (Server.<anonymous>       ) 00000000-0000-0000-0000-000000000000 [] [ v1.0.0, .env ] =========================================
2024-02-27T21:19:41.946+0900 LOG                  app.ts:67 (Server.<anonymous>       ) 00000000-0000-0000-0000-000000000000 [] ----------------------------------------------
2024-02-27T21:19:41.946+0900 LOG                  app.ts:68 (Server.<anonymous>       ) 00000000-0000-0000-0000-000000000000 [] 🚀 App listening on the port 3000
2024-02-27T21:19:41.947+0900 LOG                  app.ts:69 (Server.<anonymous>       ) 00000000-0000-0000-0000-000000000000 [] ==============================================
2024-02-27T21:19:46.872+0900 LOG                  app.ts:25 (getOrigins               ) 00000000-0000-0000-0000-000000000000 [] origins: ["http://localhost:3000","https://ics.dev.sisoul.kr"]
2024-02-27T21:19:46.911+0900 LOG                mysql.ts:89 (Object.<anonymous>       ) 00000000-0000-0000-0000-000000000000 [] MySQL Connection has been established successfully.
2024-02-27T21:19:46.912+0900 LOG                  app.ts:65 (Server.<anonymous>       ) 00000000-0000-0000-0000-000000000000 [] [ v1.0.0, .env ] =========================================
2024-02-27T21:19:46.912+0900 LOG                  app.ts:67 (Server.<anonymous>       ) 00000000-0000-0000-0000-000000000000 [] ----------------------------------------------
2024-02-27T21:19:46.912+0900 LOG                  app.ts:68 (Server.<anonymous>       ) 00000000-0000-0000-0000-000000000000 [] 🚀 App listening on the port 3000
2024-02-27T21:19:46.913+0900 LOG                  app.ts:69 (Server.<anonymous>       ) 00000000-0000-0000-0000-000000000000 [] ==============================================
2024-02-27T21:19:50.183+0900 LOG                  app.ts:25 (getOrigins               ) 00000000-0000-0000-0000-000000000000 [] origins: ["http://localhost:3000","https://ics.dev.sisoul.kr"]
2024-02-27T21:19:50.222+0900 LOG                mysql.ts:89 (Object.<anonymous>       ) 00000000-0000-0000-0000-000000000000 [] MySQL Connection has been established successfully.
2024-02-27T21:19:50.223+0900 LOG                  app.ts:65 (Server.<anonymous>       ) 00000000-0000-0000-0000-000000000000 [] [ v1.0.0, .env ] =========================================
2024-02-27T21:19:50.223+0900 LOG                  app.ts:67 (Server.<anonymous>       ) 00000000-0000-0000-0000-000000000000 [] ----------------------------------------------
2024-02-27T21:19:50.223+0900 LOG                  app.ts:68 (Server.<anonymous>       ) 00000000-0000-0000-0000-000000000000 [] 🚀 App listening on the port 3000
2024-02-27T21:19:50.224+0900 LOG                  app.ts:69 (Server.<anonymous>       ) 00000000-0000-0000-0000-000000000000 [] ==============================================
2024-02-27T21:21:43.888+0900 LOG                  app.ts:25 (getOrigins               ) 00000000-0000-0000-0000-000000000000 [] origins: ["http://localhost:3000","https://ics.dev.sisoul.kr"]
2024-02-27T21:21:44.071+0900 LOG                mysql.ts:89 (Object.<anonymous>       ) 00000000-0000-0000-0000-000000000000 [] MySQL Connection has been established successfully.
2024-02-27T21:21:44.072+0900 LOG                  app.ts:65 (Server.<anonymous>       ) 00000000-0000-0000-0000-000000000000 [] [ v1.0.0, .env ] =========================================
2024-02-27T21:21:44.072+0900 LOG                  app.ts:67 (Server.<anonymous>       ) 00000000-0000-0000-0000-000000000000 [] ----------------------------------------------
2024-02-27T21:21:44.072+0900 LOG                  app.ts:68 (Server.<anonymous>       ) 00000000-0000-0000-0000-000000000000 [] 🚀 App listening on the port 3000
2024-02-27T21:21:44.072+0900 LOG                  app.ts:69 (Server.<anonymous>       ) 00000000-0000-0000-0000-000000000000 [] ==============================================
2024-02-27T22:12:28.420+0900 LOG                  app.ts:25 (getOrigins               ) 00000000-0000-0000-0000-000000000000 [] origins: ["http://localhost:3000","https://ics.dev.sisoul.kr"]
2024-02-27T22:12:28.575+0900 LOG                mysql.ts:88 (Object.<anonymous>       ) 00000000-0000-0000-0000-000000000000 [] MySQL Connection has been established successfully.
2024-02-27T22:12:28.576+0900 LOG                  app.ts:65 (Server.<anonymous>       ) 00000000-0000-0000-0000-000000000000 [] [ v1.0.0, .env ] =========================================
2024-02-27T22:12:28.576+0900 LOG                  app.ts:67 (Server.<anonymous>       ) 00000000-0000-0000-0000-000000000000 [] ----------------------------------------------
2024-02-27T22:12:28.576+0900 LOG                  app.ts:68 (Server.<anonymous>       ) 00000000-0000-0000-0000-000000000000 [] 🚀 App listening on the port 3000
2024-02-27T22:12:28.577+0900 LOG                  app.ts:69 (Server.<anonymous>       ) 00000000-0000-0000-0000-000000000000 [] ==============================================
2024-02-27T22:15:01.166+0900 LOG                  app.ts:25 (getOrigins               ) 00000000-0000-0000-0000-000000000000 [] origins: ["http://localhost:3000","https://ics.dev.sisoul.kr"]
2024-02-27T22:15:01.302+0900 LOG                mysql.ts:88 (Object.<anonymous>       ) 00000000-0000-0000-0000-000000000000 [] MySQL Connection has been established successfully.
2024-02-27T22:15:01.303+0900 LOG                  app.ts:65 (Server.<anonymous>       ) 00000000-0000-0000-0000-000000000000 [] [ v1.0.0, .env ] =========================================
2024-02-27T22:15:01.304+0900 LOG                  app.ts:67 (Server.<anonymous>       ) 00000000-0000-0000-0000-000000000000 [] ----------------------------------------------
2024-02-27T22:15:01.304+0900 LOG                  app.ts:68 (Server.<anonymous>       ) 00000000-0000-0000-0000-000000000000 [] 🚀 App listening on the port 3000
2024-02-27T22:15:01.304+0900 LOG                  app.ts:69 (Server.<anonymous>       ) 00000000-0000-0000-0000-000000000000 [] ==============================================
2024-02-27T22:16:17.977+0900 LOG                  app.ts:25 (getOrigins               ) 00000000-0000-0000-0000-000000000000 [] origins: ["http://localhost:3000","https://ics.dev.sisoul.kr"]
2024-02-27T22:16:18.071+0900 LOG                mysql.ts:88 (Object.<anonymous>       ) 00000000-0000-0000-0000-000000000000 [] MySQL Connection has been established successfully.
2024-02-27T22:16:18.071+0900 LOG                  app.ts:65 (Server.<anonymous>       ) 00000000-0000-0000-0000-000000000000 [] [ v1.0.0, .env ] =========================================
2024-02-27T22:16:18.072+0900 LOG                  app.ts:67 (Server.<anonymous>       ) 00000000-0000-0000-0000-000000000000 [] ----------------------------------------------
2024-02-27T22:16:18.072+0900 LOG                  app.ts:68 (Server.<anonymous>       ) 00000000-0000-0000-0000-000000000000 [] 🚀 App listening on the port 3000
2024-02-27T22:16:18.072+0900 LOG                  app.ts:69 (Server.<anonymous>       ) 00000000-0000-0000-0000-000000000000 [] ==============================================
2024-02-27T22:18:11.610+0900 LOG                  app.ts:25 (getOrigins               ) 00000000-0000-0000-0000-000000000000 [] origins: ["http://localhost:3000","https://ics.dev.sisoul.kr"]
2024-02-27T22:18:12.174+0900 LOG                mysql.ts:88 (Object.<anonymous>       ) 00000000-0000-0000-0000-000000000000 [] MySQL Connection has been established successfully.
2024-02-27T22:18:12.175+0900 LOG                  app.ts:65 (Server.<anonymous>       ) 00000000-0000-0000-0000-000000000000 [] [ v1.0.0, .env ] =========================================
2024-02-27T22:18:12.175+0900 LOG                  app.ts:67 (Server.<anonymous>       ) 00000000-0000-0000-0000-000000000000 [] ----------------------------------------------
2024-02-27T22:18:12.175+0900 LOG                  app.ts:68 (Server.<anonymous>       ) 00000000-0000-0000-0000-000000000000 [] 🚀 App listening on the port 3000
2024-02-27T22:18:12.176+0900 LOG                  app.ts:69 (Server.<anonymous>       ) 00000000-0000-0000-0000-000000000000 [] ==============================================
2024-02-27T22:21:06.308+0900 LOG                  app.ts:25 (getOrigins               ) 00000000-0000-0000-0000-000000000000 [] origins: ["http://localhost:3000","https://ics.dev.sisoul.kr"]
2024-02-27T22:21:06.441+0900 LOG                mysql.ts:88 (Object.<anonymous>       ) 00000000-0000-0000-0000-000000000000 [] MySQL Connection has been established successfully.
2024-02-27T22:21:06.442+0900 LOG                  app.ts:65 (Server.<anonymous>       ) 00000000-0000-0000-0000-000000000000 [] [ v1.0.0, .env ] =========================================
2024-02-27T22:21:06.442+0900 LOG                  app.ts:67 (Server.<anonymous>       ) 00000000-0000-0000-0000-000000000000 [] ----------------------------------------------
2024-02-27T22:21:06.443+0900 LOG                  app.ts:68 (Server.<anonymous>       ) 00000000-0000-0000-0000-000000000000 [] 🚀 App listening on the port 3000
2024-02-27T22:21:06.443+0900 LOG                  app.ts:69 (Server.<anonymous>       ) 00000000-0000-0000-0000-000000000000 [] ==============================================
2024-02-27T22:21:53.919+0900 LOG                  app.ts:25 (getOrigins               ) 00000000-0000-0000-0000-000000000000 [] origins: ["http://localhost:3000","https://ics.dev.sisoul.kr"]
2024-02-27T22:21:54.030+0900 LOG                mysql.ts:88 (Object.<anonymous>       ) 00000000-0000-0000-0000-000000000000 [] MySQL Connection has been established successfully.
2024-02-27T22:21:54.031+0900 LOG                  app.ts:65 (Server.<anonymous>       ) 00000000-0000-0000-0000-000000000000 [] [ v1.0.0, .env ] =========================================
2024-02-27T22:21:54.032+0900 LOG                  app.ts:67 (Server.<anonymous>       ) 00000000-0000-0000-0000-000000000000 [] ----------------------------------------------
2024-02-27T22:21:54.032+0900 LOG                  app.ts:68 (Server.<anonymous>       ) 00000000-0000-0000-0000-000000000000 [] 🚀 App listening on the port 3000
2024-02-27T22:21:54.032+0900 LOG                  app.ts:69 (Server.<anonymous>       ) 00000000-0000-0000-0000-000000000000 [] ==============================================
2024-02-27T22:22:00.690+0900 LOG                  app.ts:25 (getOrigins               ) 00000000-0000-0000-0000-000000000000 [] origins: ["http://localhost:3000","https://ics.dev.sisoul.kr"]
2024-02-27T22:22:00.733+0900 LOG                mysql.ts:88 (Object.<anonymous>       ) 00000000-0000-0000-0000-000000000000 [] MySQL Connection has been established successfully.
2024-02-27T22:22:00.733+0900 LOG                  app.ts:65 (Server.<anonymous>       ) 00000000-0000-0000-0000-000000000000 [] [ v1.0.0, .env ] =========================================
2024-02-27T22:22:00.734+0900 LOG                  app.ts:67 (Server.<anonymous>       ) 00000000-0000-0000-0000-000000000000 [] ----------------------------------------------
2024-02-27T22:22:00.734+0900 LOG                  app.ts:68 (Server.<anonymous>       ) 00000000-0000-0000-0000-000000000000 [] 🚀 App listening on the port 3000
2024-02-27T22:22:00.734+0900 LOG                  app.ts:69 (Server.<anonymous>       ) 00000000-0000-0000-0000-000000000000 [] ==============================================
2024-02-27T22:24:09.483+0900 LOG                  app.ts:25 (getOrigins               ) 00000000-0000-0000-0000-000000000000 [] origins: ["http://localhost:3000","https://ics.dev.sisoul.kr"]
2024-02-27T22:24:09.664+0900 LOG                mysql.ts:88 (Object.<anonymous>       ) 00000000-0000-0000-0000-000000000000 [] MySQL Connection has been established successfully.
2024-02-27T22:24:09.665+0900 LOG                  app.ts:65 (Server.<anonymous>       ) 00000000-0000-0000-0000-000000000000 [] [ v1.0.0, .env ] =========================================
2024-02-27T22:24:09.665+0900 LOG                  app.ts:67 (Server.<anonymous>       ) 00000000-0000-0000-0000-000000000000 [] ----------------------------------------------
2024-02-27T22:24:09.665+0900 LOG                  app.ts:68 (Server.<anonymous>       ) 00000000-0000-0000-0000-000000000000 [] 🚀 App listening on the port 3000
2024-02-27T22:24:09.665+0900 LOG                  app.ts:69 (Server.<anonymous>       ) 00000000-0000-0000-0000-000000000000 [] ==============================================
2024-02-27T22:24:12.002+0900 LOG                  app.ts:25 (getOrigins               ) 00000000-0000-0000-0000-000000000000 [] origins: ["http://localhost:3000","https://ics.dev.sisoul.kr"]
2024-02-27T22:24:12.051+0900 LOG                mysql.ts:88 (Object.<anonymous>       ) 00000000-0000-0000-0000-000000000000 [] MySQL Connection has been established successfully.
2024-02-27T22:24:12.051+0900 LOG                  app.ts:65 (Server.<anonymous>       ) 00000000-0000-0000-0000-000000000000 [] [ v1.0.0, .env ] =========================================
2024-02-27T22:24:12.052+0900 LOG                  app.ts:67 (Server.<anonymous>       ) 00000000-0000-0000-0000-000000000000 [] ----------------------------------------------
2024-02-27T22:24:12.052+0900 LOG                  app.ts:68 (Server.<anonymous>       ) 00000000-0000-0000-0000-000000000000 [] 🚀 App listening on the port 3000
2024-02-27T22:24:12.052+0900 LOG                  app.ts:69 (Server.<anonymous>       ) 00000000-0000-0000-0000-000000000000 [] ==============================================
2024-02-27T22:25:26.795+0900 LOG                  app.ts:25 (getOrigins               ) 00000000-0000-0000-0000-000000000000 [] origins: ["http://localhost:3000","https://ics.dev.sisoul.kr"]
2024-02-27T22:25:26.917+0900 LOG                mysql.ts:88 (Object.<anonymous>       ) 00000000-0000-0000-0000-000000000000 [] MySQL Connection has been established successfully.
2024-02-27T22:25:26.918+0900 LOG                  app.ts:65 (Server.<anonymous>       ) 00000000-0000-0000-0000-000000000000 [] [ v1.0.0, .env ] =========================================
2024-02-27T22:25:26.918+0900 LOG                  app.ts:67 (Server.<anonymous>       ) 00000000-0000-0000-0000-000000000000 [] ----------------------------------------------
2024-02-27T22:25:26.918+0900 LOG                  app.ts:68 (Server.<anonymous>       ) 00000000-0000-0000-0000-000000000000 [] 🚀 App listening on the port 3000
2024-02-27T22:25:26.919+0900 LOG                  app.ts:69 (Server.<anonymous>       ) 00000000-0000-0000-0000-000000000000 [] ==============================================
2024-02-27T22:30:01.072+0900 LOG                  app.ts:25 (getOrigins               ) 00000000-0000-0000-0000-000000000000 [] origins: ["http://localhost:3000","https://ics.dev.sisoul.kr"]
2024-02-27T22:30:01.125+0900 LOG                mysql.ts:88 (Object.<anonymous>       ) 00000000-0000-0000-0000-000000000000 [] MySQL Connection has been established successfully.
2024-02-27T22:30:01.125+0900 LOG                  app.ts:65 (Server.<anonymous>       ) 00000000-0000-0000-0000-000000000000 [] [ v1.0.0, .env ] =========================================
2024-02-27T22:30:01.126+0900 LOG                  app.ts:67 (Server.<anonymous>       ) 00000000-0000-0000-0000-000000000000 [] ----------------------------------------------
2024-02-27T22:30:01.126+0900 LOG                  app.ts:68 (Server.<anonymous>       ) 00000000-0000-0000-0000-000000000000 [] 🚀 App listening on the port 3000
2024-02-27T22:30:01.126+0900 LOG                  app.ts:69 (Server.<anonymous>       ) 00000000-0000-0000-0000-000000000000 [] ==============================================
2024-02-27T22:31:30.125+0900 LOG                  app.ts:25 (getOrigins               ) 00000000-0000-0000-0000-000000000000 [] origins: ["http://localhost:3000","https://ics.dev.sisoul.kr"]
2024-02-27T22:31:30.170+0900 LOG                mysql.ts:88 (Object.<anonymous>       ) 00000000-0000-0000-0000-000000000000 [] MySQL Connection has been established successfully.
2024-02-27T22:31:30.170+0900 LOG                  app.ts:65 (Server.<anonymous>       ) 00000000-0000-0000-0000-000000000000 [] [ v1.0.0, .env ] =========================================
2024-02-27T22:31:30.171+0900 LOG                  app.ts:67 (Server.<anonymous>       ) 00000000-0000-0000-0000-000000000000 [] ----------------------------------------------
2024-02-27T22:31:30.171+0900 LOG                  app.ts:68 (Server.<anonymous>       ) 00000000-0000-0000-0000-000000000000 [] 🚀 App listening on the port 3000
2024-02-27T22:31:30.171+0900 LOG                  app.ts:69 (Server.<anonymous>       ) 00000000-0000-0000-0000-000000000000 [] ==============================================
2024-02-27T22:31:32.025+0900 LOG                  app.ts:25 (getOrigins               ) 00000000-0000-0000-0000-000000000000 [] origins: ["http://localhost:3000","https://ics.dev.sisoul.kr"]
2024-02-27T22:31:32.064+0900 LOG                mysql.ts:88 (Object.<anonymous>       ) 00000000-0000-0000-0000-000000000000 [] MySQL Connection has been established successfully.
2024-02-27T22:31:32.065+0900 LOG                  app.ts:65 (Server.<anonymous>       ) 00000000-0000-0000-0000-000000000000 [] [ v1.0.0, .env ] =========================================
2024-02-27T22:31:32.065+0900 LOG                  app.ts:67 (Server.<anonymous>       ) 00000000-0000-0000-0000-000000000000 [] ----------------------------------------------
2024-02-27T22:31:32.065+0900 LOG                  app.ts:68 (Server.<anonymous>       ) 00000000-0000-0000-0000-000000000000 [] 🚀 App listening on the port 3000
2024-02-27T22:31:32.065+0900 LOG                  app.ts:69 (Server.<anonymous>       ) 00000000-0000-0000-0000-000000000000 [] ==============================================
2024-02-27T22:32:02.505+0900 LOG                  app.ts:25 (getOrigins               ) 00000000-0000-0000-0000-000000000000 [] origins: ["http://localhost:3000","https://ics.dev.sisoul.kr"]
2024-02-27T22:32:02.567+0900 LOG                mysql.ts:88 (Object.<anonymous>       ) 00000000-0000-0000-0000-000000000000 [] MySQL Connection has been established successfully.
2024-02-27T22:32:02.568+0900 LOG                  app.ts:65 (Server.<anonymous>       ) 00000000-0000-0000-0000-000000000000 [] [ v1.0.0, .env ] =========================================
2024-02-27T22:32:02.568+0900 LOG                  app.ts:67 (Server.<anonymous>       ) 00000000-0000-0000-0000-000000000000 [] ----------------------------------------------
2024-02-27T22:32:02.568+0900 LOG                  app.ts:68 (Server.<anonymous>       ) 00000000-0000-0000-0000-000000000000 [] 🚀 App listening on the port 3000
2024-02-27T22:32:02.569+0900 LOG                  app.ts:69 (Server.<anonymous>       ) 00000000-0000-0000-0000-000000000000 [] ==============================================
2024-02-27T22:32:57.085+0900 LOG                  app.ts:25 (getOrigins               ) 00000000-0000-0000-0000-000000000000 [] origins: ["http://localhost:3000","https://ics.dev.sisoul.kr"]
2024-02-27T22:32:57.142+0900 LOG                mysql.ts:88 (Object.<anonymous>       ) 00000000-0000-0000-0000-000000000000 [] MySQL Connection has been established successfully.
2024-02-27T22:32:57.143+0900 LOG                  app.ts:65 (Server.<anonymous>       ) 00000000-0000-0000-0000-000000000000 [] [ v1.0.0, .env ] =========================================
2024-02-27T22:32:57.143+0900 LOG                  app.ts:67 (Server.<anonymous>       ) 00000000-0000-0000-0000-000000000000 [] ----------------------------------------------
2024-02-27T22:32:57.143+0900 LOG                  app.ts:68 (Server.<anonymous>       ) 00000000-0000-0000-0000-000000000000 [] 🚀 App listening on the port 3000
2024-02-27T22:32:57.143+0900 LOG                  app.ts:69 (Server.<anonymous>       ) 00000000-0000-0000-0000-000000000000 [] ==============================================
2024-02-27T22:33:00.228+0900 LOG                  app.ts:25 (getOrigins               ) 00000000-0000-0000-0000-000000000000 [] origins: ["http://localhost:3000","https://ics.dev.sisoul.kr"]
2024-02-27T22:33:00.269+0900 LOG                mysql.ts:88 (Object.<anonymous>       ) 00000000-0000-0000-0000-000000000000 [] MySQL Connection has been established successfully.
2024-02-27T22:33:00.270+0900 LOG                  app.ts:65 (Server.<anonymous>       ) 00000000-0000-0000-0000-000000000000 [] [ v1.0.0, .env ] =========================================
2024-02-27T22:33:00.270+0900 LOG                  app.ts:67 (Server.<anonymous>       ) 00000000-0000-0000-0000-000000000000 [] ----------------------------------------------
2024-02-27T22:33:00.270+0900 LOG                  app.ts:68 (Server.<anonymous>       ) 00000000-0000-0000-0000-000000000000 [] 🚀 App listening on the port 3000
2024-02-27T22:33:00.271+0900 LOG                  app.ts:69 (Server.<anonymous>       ) 00000000-0000-0000-0000-000000000000 [] ==============================================
2024-02-27T22:33:27.762+0900 LOG                  app.ts:25 (getOrigins               ) 00000000-0000-0000-0000-000000000000 [] origins: ["http://localhost:3000","https://ics.dev.sisoul.kr"]
2024-02-27T22:33:27.809+0900 LOG                mysql.ts:88 (Object.<anonymous>       ) 00000000-0000-0000-0000-000000000000 [] MySQL Connection has been established successfully.
2024-02-27T22:33:27.810+0900 LOG                  app.ts:65 (Server.<anonymous>       ) 00000000-0000-0000-0000-000000000000 [] [ v1.0.0, .env ] =========================================
2024-02-27T22:33:27.810+0900 LOG                  app.ts:67 (Server.<anonymous>       ) 00000000-0000-0000-0000-000000000000 [] ----------------------------------------------
2024-02-27T22:33:27.810+0900 LOG                  app.ts:68 (Server.<anonymous>       ) 00000000-0000-0000-0000-000000000000 [] 🚀 App listening on the port 3000
2024-02-27T22:33:27.810+0900 LOG                  app.ts:69 (Server.<anonymous>       ) 00000000-0000-0000-0000-000000000000 [] ==============================================
2024-02-27T22:33:51.638+0900 LOG                  app.ts:25 (getOrigins               ) 00000000-0000-0000-0000-000000000000 [] origins: ["http://localhost:3000","https://ics.dev.sisoul.kr"]
2024-02-27T22:33:51.824+0900 LOG                mysql.ts:88 (Object.<anonymous>       ) 00000000-0000-0000-0000-000000000000 [] MySQL Connection has been established successfully.
2024-02-27T22:33:51.825+0900 LOG                  app.ts:65 (Server.<anonymous>       ) 00000000-0000-0000-0000-000000000000 [] [ v1.0.0, .env ] =========================================
2024-02-27T22:33:51.826+0900 LOG                  app.ts:67 (Server.<anonymous>       ) 00000000-0000-0000-0000-000000000000 [] ----------------------------------------------
2024-02-27T22:33:51.826+0900 LOG                  app.ts:68 (Server.<anonymous>       ) 00000000-0000-0000-0000-000000000000 [] 🚀 App listening on the port 3000
2024-02-27T22:33:51.826+0900 LOG                  app.ts:69 (Server.<anonymous>       ) 00000000-0000-0000-0000-000000000000 [] ==============================================
2024-02-27T22:34:27.568+0900 LOG                  app.ts:25 (getOrigins               ) 00000000-0000-0000-0000-000000000000 [] origins: ["http://localhost:3000","https://ics.dev.sisoul.kr"]
2024-02-27T22:34:27.626+0900 LOG                mysql.ts:88 (Object.<anonymous>       ) 00000000-0000-0000-0000-000000000000 [] MySQL Connection has been established successfully.
2024-02-27T22:34:27.627+0900 LOG                  app.ts:65 (Server.<anonymous>       ) 00000000-0000-0000-0000-000000000000 [] [ v1.0.0, .env ] =========================================
2024-02-27T22:34:27.627+0900 LOG                  app.ts:67 (Server.<anonymous>       ) 00000000-0000-0000-0000-000000000000 [] ----------------------------------------------
2024-02-27T22:34:27.627+0900 LOG                  app.ts:68 (Server.<anonymous>       ) 00000000-0000-0000-0000-000000000000 [] 🚀 App listening on the port 3000
2024-02-27T22:34:27.628+0900 LOG                  app.ts:69 (Server.<anonymous>       ) 00000000-0000-0000-0000-000000000000 [] ==============================================
2024-02-27T22:34:46.191+0900 LOG                  app.ts:25 (getOrigins               ) 00000000-0000-0000-0000-000000000000 [] origins: ["http://localhost:3000","https://ics.dev.sisoul.kr"]
2024-02-27T22:34:46.238+0900 LOG                mysql.ts:88 (Object.<anonymous>       ) 00000000-0000-0000-0000-000000000000 [] MySQL Connection has been established successfully.
2024-02-27T22:34:46.239+0900 LOG                  app.ts:65 (Server.<anonymous>       ) 00000000-0000-0000-0000-000000000000 [] [ v1.0.0, .env ] =========================================
2024-02-27T22:34:46.239+0900 LOG                  app.ts:67 (Server.<anonymous>       ) 00000000-0000-0000-0000-000000000000 [] ----------------------------------------------
2024-02-27T22:34:46.239+0900 LOG                  app.ts:68 (Server.<anonymous>       ) 00000000-0000-0000-0000-000000000000 [] 🚀 App listening on the port 3000
2024-02-27T22:34:46.239+0900 LOG                  app.ts:69 (Server.<anonymous>       ) 00000000-0000-0000-0000-000000000000 [] ==============================================
2024-02-27T22:36:47.904+0900 LOG                  app.ts:25 (getOrigins               ) 00000000-0000-0000-0000-000000000000 [] origins: ["http://localhost:3000","https://ics.dev.sisoul.kr"]
2024-02-27T22:36:47.949+0900 LOG                mysql.ts:88 (Object.<anonymous>       ) 00000000-0000-0000-0000-000000000000 [] MySQL Connection has been established successfully.
2024-02-27T22:36:47.949+0900 LOG                  app.ts:65 (Server.<anonymous>       ) 00000000-0000-0000-0000-000000000000 [] [ v1.0.0, .env ] =========================================
2024-02-27T22:36:47.949+0900 LOG                  app.ts:67 (Server.<anonymous>       ) 00000000-0000-0000-0000-000000000000 [] ----------------------------------------------
2024-02-27T22:36:47.950+0900 LOG                  app.ts:68 (Server.<anonymous>       ) 00000000-0000-0000-0000-000000000000 [] 🚀 App listening on the port 3000
2024-02-27T22:36:47.950+0900 LOG                  app.ts:69 (Server.<anonymous>       ) 00000000-0000-0000-0000-000000000000 [] ==============================================
2024-02-27T22:38:53.650+0900 LOG                  app.ts:25 (getOrigins               ) 00000000-0000-0000-0000-000000000000 [] origins: ["http://localhost:3000","https://ics.dev.sisoul.kr"]
2024-02-27T22:38:53.715+0900 LOG                mysql.ts:88 (Object.<anonymous>       ) 00000000-0000-0000-0000-000000000000 [] MySQL Connection has been established successfully.
2024-02-27T22:38:53.716+0900 LOG                  app.ts:65 (Server.<anonymous>       ) 00000000-0000-0000-0000-000000000000 [] [ v1.0.0, .env ] =========================================
2024-02-27T22:38:53.716+0900 LOG                  app.ts:67 (Server.<anonymous>       ) 00000000-0000-0000-0000-000000000000 [] ----------------------------------------------
2024-02-27T22:38:53.716+0900 LOG                  app.ts:68 (Server.<anonymous>       ) 00000000-0000-0000-0000-000000000000 [] 🚀 App listening on the port 3000
2024-02-27T22:38:53.716+0900 LOG                  app.ts:69 (Server.<anonymous>       ) 00000000-0000-0000-0000-000000000000 [] ==============================================
2024-02-27T22:41:37.809+0900 LOG                  app.ts:25 (getOrigins               ) 00000000-0000-0000-0000-000000000000 [] origins: ["http://localhost:3000","https://ics.dev.sisoul.kr"]
2024-02-27T22:41:37.938+0900 LOG                mysql.ts:84 (Object.<anonymous>       ) 00000000-0000-0000-0000-000000000000 [] MySQL Connection has been established successfully.
2024-02-27T22:41:37.939+0900 LOG                  app.ts:65 (Server.<anonymous>       ) 00000000-0000-0000-0000-000000000000 [] [ v1.0.0, .env ] =========================================
2024-02-27T22:41:37.939+0900 LOG                  app.ts:67 (Server.<anonymous>       ) 00000000-0000-0000-0000-000000000000 [] ----------------------------------------------
2024-02-27T22:41:37.939+0900 LOG                  app.ts:68 (Server.<anonymous>       ) 00000000-0000-0000-0000-000000000000 [] 🚀 App listening on the port 3000
2024-02-27T22:41:37.939+0900 LOG                  app.ts:69 (Server.<anonymous>       ) 00000000-0000-0000-0000-000000000000 [] ==============================================
2024-02-27T22:42:19.514+0900 LOG                  app.ts:25 (getOrigins               ) 00000000-0000-0000-0000-000000000000 [] origins: ["http://localhost:3000","https://ics.dev.sisoul.kr"]
2024-02-27T22:42:19.618+0900 LOG                mysql.ts:84 (Object.<anonymous>       ) 00000000-0000-0000-0000-000000000000 [] MySQL Connection has been established successfully.
2024-02-27T22:42:19.618+0900 LOG                  app.ts:65 (Server.<anonymous>       ) 00000000-0000-0000-0000-000000000000 [] [ v1.0.0, .env ] =========================================
2024-02-27T22:42:19.618+0900 LOG                  app.ts:67 (Server.<anonymous>       ) 00000000-0000-0000-0000-000000000000 [] ----------------------------------------------
2024-02-27T22:42:19.619+0900 LOG                  app.ts:68 (Server.<anonymous>       ) 00000000-0000-0000-0000-000000000000 [] 🚀 App listening on the port 3000
2024-02-27T22:42:19.619+0900 LOG                  app.ts:69 (Server.<anonymous>       ) 00000000-0000-0000-0000-000000000000 [] ==============================================
2024-02-27T22:44:12.177+0900 LOG                  app.ts:25 (getOrigins               ) 00000000-0000-0000-0000-000000000000 [] origins: ["http://localhost:3000","https://ics.dev.sisoul.kr"]
2024-02-27T22:44:12.298+0900 LOG                mysql.ts:84 (Object.<anonymous>       ) 00000000-0000-0000-0000-000000000000 [] MySQL Connection has been established successfully.
2024-02-27T22:44:12.299+0900 LOG                  app.ts:65 (Server.<anonymous>       ) 00000000-0000-0000-0000-000000000000 [] [ v1.0.0, .env ] =========================================
2024-02-27T22:44:12.299+0900 LOG                  app.ts:67 (Server.<anonymous>       ) 00000000-0000-0000-0000-000000000000 [] ----------------------------------------------
2024-02-27T22:44:12.299+0900 LOG                  app.ts:68 (Server.<anonymous>       ) 00000000-0000-0000-0000-000000000000 [] 🚀 App listening on the port 3000
2024-02-27T22:44:12.300+0900 LOG                  app.ts:69 (Server.<anonymous>       ) 00000000-0000-0000-0000-000000000000 [] ==============================================
2024-02-27T22:44:14.836+0900 LOG                  app.ts:25 (getOrigins               ) 00000000-0000-0000-0000-000000000000 [] origins: ["http://localhost:3000","https://ics.dev.sisoul.kr"]
2024-02-27T22:44:14.892+0900 LOG                mysql.ts:84 (Object.<anonymous>       ) 00000000-0000-0000-0000-000000000000 [] MySQL Connection has been established successfully.
2024-02-27T22:44:14.893+0900 LOG                  app.ts:65 (Server.<anonymous>       ) 00000000-0000-0000-0000-000000000000 [] [ v1.0.0, .env ] =========================================
2024-02-27T22:44:14.893+0900 LOG                  app.ts:67 (Server.<anonymous>       ) 00000000-0000-0000-0000-000000000000 [] ----------------------------------------------
2024-02-27T22:44:14.893+0900 LOG                  app.ts:68 (Server.<anonymous>       ) 00000000-0000-0000-0000-000000000000 [] 🚀 App listening on the port 3000
2024-02-27T22:44:14.894+0900 LOG                  app.ts:69 (Server.<anonymous>       ) 00000000-0000-0000-0000-000000000000 [] ==============================================
2024-02-27T22:44:16.865+0900 LOG                  app.ts:25 (getOrigins               ) 00000000-0000-0000-0000-000000000000 [] origins: ["http://localhost:3000","https://ics.dev.sisoul.kr"]
2024-02-27T22:44:16.905+0900 LOG                mysql.ts:84 (Object.<anonymous>       ) 00000000-0000-0000-0000-000000000000 [] MySQL Connection has been established successfully.
2024-02-27T22:44:16.906+0900 LOG                  app.ts:65 (Server.<anonymous>       ) 00000000-0000-0000-0000-000000000000 [] [ v1.0.0, .env ] =========================================
2024-02-27T22:44:16.906+0900 LOG                  app.ts:67 (Server.<anonymous>       ) 00000000-0000-0000-0000-000000000000 [] ----------------------------------------------
2024-02-27T22:44:16.906+0900 LOG                  app.ts:68 (Server.<anonymous>       ) 00000000-0000-0000-0000-000000000000 [] 🚀 App listening on the port 3000
2024-02-27T22:44:16.907+0900 LOG                  app.ts:69 (Server.<anonymous>       ) 00000000-0000-0000-0000-000000000000 [] ==============================================
2024-02-27T22:44:19.961+0900 LOG                  app.ts:25 (getOrigins               ) 00000000-0000-0000-0000-000000000000 [] origins: ["http://localhost:3000","https://ics.dev.sisoul.kr"]
2024-02-27T22:44:20.004+0900 LOG                mysql.ts:84 (Object.<anonymous>       ) 00000000-0000-0000-0000-000000000000 [] MySQL Connection has been established successfully.
2024-02-27T22:44:20.005+0900 LOG                  app.ts:65 (Server.<anonymous>       ) 00000000-0000-0000-0000-000000000000 [] [ v1.0.0, .env ] =========================================
2024-02-27T22:44:20.005+0900 LOG                  app.ts:67 (Server.<anonymous>       ) 00000000-0000-0000-0000-000000000000 [] ----------------------------------------------
2024-02-27T22:44:20.005+0900 LOG                  app.ts:68 (Server.<anonymous>       ) 00000000-0000-0000-0000-000000000000 [] 🚀 App listening on the port 3000
2024-02-27T22:44:20.006+0900 LOG                  app.ts:69 (Server.<anonymous>       ) 00000000-0000-0000-0000-000000000000 [] ==============================================
2024-02-27T22:45:21.092+0900 LOG                  app.ts:25 (getOrigins               ) 00000000-0000-0000-0000-000000000000 [] origins: ["http://localhost:3000","https://ics.dev.sisoul.kr"]
2024-02-27T22:45:21.161+0900 LOG                mysql.ts:84 (Object.<anonymous>       ) 00000000-0000-0000-0000-000000000000 [] MySQL Connection has been established successfully.
2024-02-27T22:45:21.162+0900 LOG                  app.ts:65 (Server.<anonymous>       ) 00000000-0000-0000-0000-000000000000 [] [ v1.0.0, .env ] =========================================
2024-02-27T22:45:21.162+0900 LOG                  app.ts:67 (Server.<anonymous>       ) 00000000-0000-0000-0000-000000000000 [] ----------------------------------------------
2024-02-27T22:45:21.162+0900 LOG                  app.ts:68 (Server.<anonymous>       ) 00000000-0000-0000-0000-000000000000 [] 🚀 App listening on the port 3000
2024-02-27T22:45:21.162+0900 LOG                  app.ts:69 (Server.<anonymous>       ) 00000000-0000-0000-0000-000000000000 [] ==============================================
2024-02-27T22:47:06.147+0900 LOG                  app.ts:25 (getOrigins               ) 00000000-0000-0000-0000-000000000000 [] origins: ["http://localhost:3000","https://ics.dev.sisoul.kr"]
2024-02-27T22:47:06.265+0900 LOG                mysql.ts:84 (Object.<anonymous>       ) 00000000-0000-0000-0000-000000000000 [] MySQL Connection has been established successfully.
2024-02-27T22:47:06.265+0900 LOG                  app.ts:65 (Server.<anonymous>       ) 00000000-0000-0000-0000-000000000000 [] [ v1.0.0, .env ] =========================================
2024-02-27T22:47:06.266+0900 LOG                  app.ts:67 (Server.<anonymous>       ) 00000000-0000-0000-0000-000000000000 [] ----------------------------------------------
2024-02-27T22:47:06.266+0900 LOG                  app.ts:68 (Server.<anonymous>       ) 00000000-0000-0000-0000-000000000000 [] 🚀 App listening on the port 3000
2024-02-27T22:47:06.266+0900 LOG                  app.ts:69 (Server.<anonymous>       ) 00000000-0000-0000-0000-000000000000 [] ==============================================
2024-02-27T22:49:43.826+0900 LOG                  app.ts:25 (getOrigins               ) 00000000-0000-0000-0000-000000000000 [] origins: ["http://localhost:3000","https://ics.dev.sisoul.kr"]
2024-02-27T22:49:43.930+0900 LOG                mysql.ts:84 (Object.<anonymous>       ) 00000000-0000-0000-0000-000000000000 [] MySQL Connection has been established successfully.
2024-02-27T22:49:43.931+0900 LOG                  app.ts:65 (Server.<anonymous>       ) 00000000-0000-0000-0000-000000000000 [] [ v1.0.0, .env ] =========================================
2024-02-27T22:49:43.931+0900 LOG                  app.ts:67 (Server.<anonymous>       ) 00000000-0000-0000-0000-000000000000 [] ----------------------------------------------
2024-02-27T22:49:43.932+0900 LOG                  app.ts:68 (Server.<anonymous>       ) 00000000-0000-0000-0000-000000000000 [] 🚀 App listening on the port 3000
2024-02-27T22:49:43.932+0900 LOG                  app.ts:69 (Server.<anonymous>       ) 00000000-0000-0000-0000-000000000000 [] ==============================================
2024-02-27T22:50:58.877+0900 LOG                  app.ts:25 (getOrigins               ) 00000000-0000-0000-0000-000000000000 [] origins: ["http://localhost:3000","https://ics.dev.sisoul.kr"]
2024-02-27T22:50:58.982+0900 LOG                mysql.ts:84 (Object.<anonymous>       ) 00000000-0000-0000-0000-000000000000 [] MySQL Connection has been established successfully.
2024-02-27T22:50:58.983+0900 LOG                  app.ts:65 (Server.<anonymous>       ) 00000000-0000-0000-0000-000000000000 [] [ v1.0.0, .env ] =========================================
2024-02-27T22:50:58.983+0900 LOG                  app.ts:67 (Server.<anonymous>       ) 00000000-0000-0000-0000-000000000000 [] ----------------------------------------------
2024-02-27T22:50:58.983+0900 LOG                  app.ts:68 (Server.<anonymous>       ) 00000000-0000-0000-0000-000000000000 [] 🚀 App listening on the port 3000
2024-02-27T22:50:58.984+0900 LOG                  app.ts:69 (Server.<anonymous>       ) 00000000-0000-0000-0000-000000000000 [] ==============================================
2024-02-27T22:52:15.744+0900 LOG                  app.ts:25 (getOrigins               ) 00000000-0000-0000-0000-000000000000 [] origins: ["http://localhost:3000","https://ics.dev.sisoul.kr"]
2024-02-27T22:52:15.859+0900 LOG                mysql.ts:84 (Object.<anonymous>       ) 00000000-0000-0000-0000-000000000000 [] MySQL Connection has been established successfully.
2024-02-27T22:52:15.860+0900 LOG                  app.ts:65 (Server.<anonymous>       ) 00000000-0000-0000-0000-000000000000 [] [ v1.0.0, .env ] =========================================
2024-02-27T22:52:15.860+0900 LOG                  app.ts:67 (Server.<anonymous>       ) 00000000-0000-0000-0000-000000000000 [] ----------------------------------------------
2024-02-27T22:52:15.860+0900 LOG                  app.ts:68 (Server.<anonymous>       ) 00000000-0000-0000-0000-000000000000 [] 🚀 App listening on the port 3000
2024-02-27T22:52:15.860+0900 LOG                  app.ts:69 (Server.<anonymous>       ) 00000000-0000-0000-0000-000000000000 [] ==============================================
2024-02-27T22:52:36.628+0900 LOG                  app.ts:25 (getOrigins               ) 00000000-0000-0000-0000-000000000000 [] origins: ["http://localhost:3000","https://ics.dev.sisoul.kr"]
2024-02-27T22:52:36.869+0900 LOG                mysql.ts:84 (Object.<anonymous>       ) 00000000-0000-0000-0000-000000000000 [] MySQL Connection has been established successfully.
2024-02-27T22:52:36.870+0900 LOG                  app.ts:65 (Server.<anonymous>       ) 00000000-0000-0000-0000-000000000000 [] [ v1.0.0, .env ] =========================================
2024-02-27T22:52:36.871+0900 LOG                  app.ts:67 (Server.<anonymous>       ) 00000000-0000-0000-0000-000000000000 [] ----------------------------------------------
2024-02-27T22:52:36.872+0900 LOG                  app.ts:68 (Server.<anonymous>       ) 00000000-0000-0000-0000-000000000000 [] 🚀 App listening on the port 3000
2024-02-27T22:52:36.872+0900 LOG                  app.ts:69 (Server.<anonymous>       ) 00000000-0000-0000-0000-000000000000 [] ==============================================
2024-02-27T22:54:44.878+0900 LOG                  app.ts:25 (getOrigins               ) 00000000-0000-0000-0000-000000000000 [] origins: ["http://localhost:3000","https://ics.dev.sisoul.kr"]
2024-02-27T22:54:45.018+0900 LOG                mysql.ts:84 (Object.<anonymous>       ) 00000000-0000-0000-0000-000000000000 [] MySQL Connection has been established successfully.
2024-02-27T22:54:45.019+0900 LOG                  app.ts:65 (Server.<anonymous>       ) 00000000-0000-0000-0000-000000000000 [] [ v1.0.0, .env ] =========================================
2024-02-27T22:54:45.019+0900 LOG                  app.ts:67 (Server.<anonymous>       ) 00000000-0000-0000-0000-000000000000 [] ----------------------------------------------
2024-02-27T22:54:45.019+0900 LOG                  app.ts:68 (Server.<anonymous>       ) 00000000-0000-0000-0000-000000000000 [] 🚀 App listening on the port 3000
2024-02-27T22:54:45.020+0900 LOG                  app.ts:69 (Server.<anonymous>       ) 00000000-0000-0000-0000-000000000000 [] ==============================================
2024-02-27T22:57:08.886+0900 LOG                  app.ts:25 (getOrigins               ) 00000000-0000-0000-0000-000000000000 [] origins: ["http://localhost:3000","https://ics.dev.sisoul.kr"]
2024-02-27T22:57:09.004+0900 LOG                mysql.ts:84 (Object.<anonymous>       ) 00000000-0000-0000-0000-000000000000 [] MySQL Connection has been established successfully.
2024-02-27T22:57:09.005+0900 LOG                  app.ts:65 (Server.<anonymous>       ) 00000000-0000-0000-0000-000000000000 [] [ v1.0.0, .env ] =========================================
2024-02-27T22:57:09.005+0900 LOG                  app.ts:67 (Server.<anonymous>       ) 00000000-0000-0000-0000-000000000000 [] ----------------------------------------------
2024-02-27T22:57:09.006+0900 LOG                  app.ts:68 (Server.<anonymous>       ) 00000000-0000-0000-0000-000000000000 [] 🚀 App listening on the port 3000
2024-02-27T22:57:09.006+0900 LOG                  app.ts:69 (Server.<anonymous>       ) 00000000-0000-0000-0000-000000000000 [] ==============================================
2024-02-27T22:57:22.702+0900 LOG                  app.ts:25 (getOrigins               ) 00000000-0000-0000-0000-000000000000 [] origins: ["http://localhost:3000","https://ics.dev.sisoul.kr"]
2024-02-27T22:57:22.810+0900 LOG                mysql.ts:84 (Object.<anonymous>       ) 00000000-0000-0000-0000-000000000000 [] MySQL Connection has been established successfully.
2024-02-27T22:57:22.810+0900 LOG                  app.ts:65 (Server.<anonymous>       ) 00000000-0000-0000-0000-000000000000 [] [ v1.0.0, .env ] =========================================
2024-02-27T22:57:22.811+0900 LOG                  app.ts:67 (Server.<anonymous>       ) 00000000-0000-0000-0000-000000000000 [] ----------------------------------------------
2024-02-27T22:57:22.811+0900 LOG                  app.ts:68 (Server.<anonymous>       ) 00000000-0000-0000-0000-000000000000 [] 🚀 App listening on the port 3000
2024-02-27T22:57:22.811+0900 LOG                  app.ts:69 (Server.<anonymous>       ) 00000000-0000-0000-0000-000000000000 [] ==============================================
2024-02-27T22:58:02.275+0900 LOG                  app.ts:25 (getOrigins               ) 00000000-0000-0000-0000-000000000000 [] origins: ["http://localhost:3000","https://ics.dev.sisoul.kr"]
2024-02-27T22:58:02.416+0900 LOG                mysql.ts:84 (Object.<anonymous>       ) 00000000-0000-0000-0000-000000000000 [] MySQL Connection has been established successfully.
2024-02-27T22:58:02.417+0900 LOG                  app.ts:65 (Server.<anonymous>       ) 00000000-0000-0000-0000-000000000000 [] [ v1.0.0, .env ] =========================================
2024-02-27T22:58:02.417+0900 LOG                  app.ts:67 (Server.<anonymous>       ) 00000000-0000-0000-0000-000000000000 [] ----------------------------------------------
2024-02-27T22:58:02.417+0900 LOG                  app.ts:68 (Server.<anonymous>       ) 00000000-0000-0000-0000-000000000000 [] 🚀 App listening on the port 3000
2024-02-27T22:58:02.418+0900 LOG                  app.ts:69 (Server.<anonymous>       ) 00000000-0000-0000-0000-000000000000 [] ==============================================
2024-02-27T22:59:38.172+0900 LOG                  app.ts:25 (getOrigins               ) 00000000-0000-0000-0000-000000000000 [] origins: ["http://localhost:3000","https://ics.dev.sisoul.kr"]
2024-02-27T22:59:38.325+0900 LOG                mysql.ts:84 (Object.<anonymous>       ) 00000000-0000-0000-0000-000000000000 [] MySQL Connection has been established successfully.
2024-02-27T22:59:38.326+0900 LOG                  app.ts:65 (Server.<anonymous>       ) 00000000-0000-0000-0000-000000000000 [] [ v1.0.0, .env ] =========================================
2024-02-27T22:59:38.326+0900 LOG                  app.ts:67 (Server.<anonymous>       ) 00000000-0000-0000-0000-000000000000 [] ----------------------------------------------
2024-02-27T22:59:38.326+0900 LOG                  app.ts:68 (Server.<anonymous>       ) 00000000-0000-0000-0000-000000000000 [] 🚀 App listening on the port 3000
2024-02-27T22:59:38.327+0900 LOG                  app.ts:69 (Server.<anonymous>       ) 00000000-0000-0000-0000-000000000000 [] ==============================================
2024-02-27T22:59:50.471+0900 LOG                  app.ts:25 (getOrigins               ) 00000000-0000-0000-0000-000000000000 [] origins: ["http://localhost:3000","https://ics.dev.sisoul.kr"]
2024-02-27T22:59:50.564+0900 LOG                mysql.ts:84 (Object.<anonymous>       ) 00000000-0000-0000-0000-000000000000 [] MySQL Connection has been established successfully.
2024-02-27T22:59:50.565+0900 LOG                  app.ts:65 (Server.<anonymous>       ) 00000000-0000-0000-0000-000000000000 [] [ v1.0.0, .env ] =========================================
2024-02-27T22:59:50.565+0900 LOG                  app.ts:67 (Server.<anonymous>       ) 00000000-0000-0000-0000-000000000000 [] ----------------------------------------------
2024-02-27T22:59:50.565+0900 LOG                  app.ts:68 (Server.<anonymous>       ) 00000000-0000-0000-0000-000000000000 [] 🚀 App listening on the port 3000
2024-02-27T22:59:50.566+0900 LOG                  app.ts:69 (Server.<anonymous>       ) 00000000-0000-0000-0000-000000000000 [] ==============================================
2024-02-27T23:00:06.840+0900 LOG                  app.ts:25 (getOrigins               ) 00000000-0000-0000-0000-000000000000 [] origins: ["http://localhost:3000","https://ics.dev.sisoul.kr"]
2024-02-27T23:00:06.884+0900 LOG                mysql.ts:84 (Object.<anonymous>       ) 00000000-0000-0000-0000-000000000000 [] MySQL Connection has been established successfully.
2024-02-27T23:00:06.885+0900 LOG                  app.ts:65 (Server.<anonymous>       ) 00000000-0000-0000-0000-000000000000 [] [ v1.0.0, .env ] =========================================
2024-02-27T23:00:06.885+0900 LOG                  app.ts:67 (Server.<anonymous>       ) 00000000-0000-0000-0000-000000000000 [] ----------------------------------------------
2024-02-27T23:00:06.885+0900 LOG                  app.ts:68 (Server.<anonymous>       ) 00000000-0000-0000-0000-000000000000 [] 🚀 App listening on the port 3000
2024-02-27T23:00:06.885+0900 LOG                  app.ts:69 (Server.<anonymous>       ) 00000000-0000-0000-0000-000000000000 [] ==============================================
2024-02-27T23:00:14.254+0900 LOG                  app.ts:25 (getOrigins               ) 00000000-0000-0000-0000-000000000000 [] origins: ["http://localhost:3000","https://ics.dev.sisoul.kr"]
2024-02-27T23:00:14.296+0900 LOG                mysql.ts:84 (Object.<anonymous>       ) 00000000-0000-0000-0000-000000000000 [] MySQL Connection has been established successfully.
2024-02-27T23:00:14.297+0900 LOG                  app.ts:65 (Server.<anonymous>       ) 00000000-0000-0000-0000-000000000000 [] [ v1.0.0, .env ] =========================================
2024-02-27T23:00:14.297+0900 LOG                  app.ts:67 (Server.<anonymous>       ) 00000000-0000-0000-0000-000000000000 [] ----------------------------------------------
2024-02-27T23:00:14.297+0900 LOG                  app.ts:68 (Server.<anonymous>       ) 00000000-0000-0000-0000-000000000000 [] 🚀 App listening on the port 3000
2024-02-27T23:00:14.297+0900 LOG                  app.ts:69 (Server.<anonymous>       ) 00000000-0000-0000-0000-000000000000 [] ==============================================
2024-02-27T23:00:42.638+0900 LOG                  app.ts:25 (getOrigins               ) 00000000-0000-0000-0000-000000000000 [] origins: ["http://localhost:3000","https://ics.dev.sisoul.kr"]
2024-02-27T23:00:44.244+0900 LOG                  app.ts:25 (getOrigins               ) 00000000-0000-0000-0000-000000000000 [] origins: ["http://localhost:3000","https://ics.dev.sisoul.kr"]
2024-02-27T23:00:44.282+0900 LOG                mysql.ts:84 (Object.<anonymous>       ) 00000000-0000-0000-0000-000000000000 [] MySQL Connection has been established successfully.
2024-02-27T23:00:44.283+0900 LOG                  app.ts:65 (Server.<anonymous>       ) 00000000-0000-0000-0000-000000000000 [] [ v1.0.0, .env ] =========================================
2024-02-27T23:00:44.283+0900 LOG                  app.ts:67 (Server.<anonymous>       ) 00000000-0000-0000-0000-000000000000 [] ----------------------------------------------
2024-02-27T23:00:44.283+0900 LOG                  app.ts:68 (Server.<anonymous>       ) 00000000-0000-0000-0000-000000000000 [] 🚀 App listening on the port 3000
2024-02-27T23:00:44.284+0900 LOG                  app.ts:69 (Server.<anonymous>       ) 00000000-0000-0000-0000-000000000000 [] ==============================================
