2024-03-18T16:42:25.084+0900 LOG                  app.ts:28 (getOrigins               ) 00000000-0000-0000-0000-000000000000 [] origins: ["http://localhost:3000"]
2024-03-18T16:42:25.251+0900 LOG                mysql.ts:84 (Object.<anonymous>       ) 00000000-0000-0000-0000-000000000000 [] MySQL Connection has been established successfully.
2024-03-18T16:42:25.256+0900 LOG                  app.ts:68 (Server.<anonymous>       ) 00000000-0000-0000-0000-000000000000 [] [ v1.0.0, .env ] =========================================
2024-03-18T16:42:25.257+0900 LOG                  app.ts:70 (Server.<anonymous>       ) 00000000-0000-0000-0000-000000000000 [] ----------------------------------------------
2024-03-18T16:42:25.258+0900 LOG                  app.ts:71 (Server.<anonymous>       ) 00000000-0000-0000-0000-000000000000 [] 🚀 App listening on the port 3000
2024-03-18T16:42:25.259+0900 LOG                  app.ts:72 (Server.<anonymous>       ) 00000000-0000-0000-0000-000000000000 [] ==============================================
2024-03-18T16:43:49.008+0900 LOG                  app.ts:28 (getOrigins               ) 00000000-0000-0000-0000-000000000000 [] origins: ["http://localhost:3000"]
2024-03-18T16:43:49.132+0900 LOG                mysql.ts:84 (Object.<anonymous>       ) 00000000-0000-0000-0000-000000000000 [] MySQL Connection has been established successfully.
2024-03-18T16:43:49.136+0900 LOG                  app.ts:68 (Server.<anonymous>       ) 00000000-0000-0000-0000-000000000000 [] [ v1.0.0, .env ] =========================================
2024-03-18T16:43:49.136+0900 LOG                  app.ts:70 (Server.<anonymous>       ) 00000000-0000-0000-0000-000000000000 [] ----------------------------------------------
2024-03-18T16:43:49.137+0900 LOG                  app.ts:71 (Server.<anonymous>       ) 00000000-0000-0000-0000-000000000000 [] 🚀 App listening on the port 3000
2024-03-18T16:43:49.138+0900 LOG                  app.ts:72 (Server.<anonymous>       ) 00000000-0000-0000-0000-000000000000 [] ==============================================
2024-03-18T16:44:24.804+0900 LOG                  app.ts:28 (getOrigins               ) 00000000-0000-0000-0000-000000000000 [] origins: ["http://localhost:3000"]
2024-03-18T16:44:24.904+0900 LOG                mysql.ts:84 (Object.<anonymous>       ) 00000000-0000-0000-0000-000000000000 [] MySQL Connection has been established successfully.
2024-03-18T16:44:24.906+0900 LOG                  app.ts:68 (Server.<anonymous>       ) 00000000-0000-0000-0000-000000000000 [] [ v1.0.0, .env ] =========================================
2024-03-18T16:44:24.907+0900 LOG                  app.ts:70 (Server.<anonymous>       ) 00000000-0000-0000-0000-000000000000 [] ----------------------------------------------
2024-03-18T16:44:24.907+0900 LOG                  app.ts:71 (Server.<anonymous>       ) 00000000-0000-0000-0000-000000000000 [] 🚀 App listening on the port 3000
2024-03-18T16:44:24.908+0900 LOG                  app.ts:72 (Server.<anonymous>       ) 00000000-0000-0000-0000-000000000000 [] ==============================================
2024-03-18T16:45:01.387+0900 LOG                  app.ts:28 (getOrigins               ) 00000000-0000-0000-0000-000000000000 [] origins: ["http://localhost:3000"]
2024-03-18T16:45:01.483+0900 LOG                mysql.ts:84 (Object.<anonymous>       ) 00000000-0000-0000-0000-000000000000 [] MySQL Connection has been established successfully.
2024-03-18T16:45:01.485+0900 LOG                  app.ts:68 (Server.<anonymous>       ) 00000000-0000-0000-0000-000000000000 [] [ v1.0.0, .env ] =========================================
2024-03-18T16:45:01.485+0900 LOG                  app.ts:70 (Server.<anonymous>       ) 00000000-0000-0000-0000-000000000000 [] ----------------------------------------------
2024-03-18T16:45:01.486+0900 LOG                  app.ts:71 (Server.<anonymous>       ) 00000000-0000-0000-0000-000000000000 [] 🚀 App listening on the port 3000
2024-03-18T16:45:01.487+0900 LOG                  app.ts:72 (Server.<anonymous>       ) 00000000-0000-0000-0000-000000000000 [] ==============================================
2024-03-18T16:45:18.442+0900 LOG                  app.ts:28 (getOrigins               ) 00000000-0000-0000-0000-000000000000 [] origins: ["http://localhost:3000"]
2024-03-18T16:45:18.540+0900 LOG                mysql.ts:84 (Object.<anonymous>       ) 00000000-0000-0000-0000-000000000000 [] MySQL Connection has been established successfully.
2024-03-18T16:45:18.545+0900 LOG                  app.ts:68 (Server.<anonymous>       ) 00000000-0000-0000-0000-000000000000 [] [ v1.0.0, .env ] =========================================
2024-03-18T16:45:18.545+0900 LOG                  app.ts:70 (Server.<anonymous>       ) 00000000-0000-0000-0000-000000000000 [] ----------------------------------------------
2024-03-18T16:45:18.546+0900 LOG                  app.ts:71 (Server.<anonymous>       ) 00000000-0000-0000-0000-000000000000 [] 🚀 App listening on the port 3000
2024-03-18T16:45:18.547+0900 LOG                  app.ts:72 (Server.<anonymous>       ) 00000000-0000-0000-0000-000000000000 [] ==============================================
2024-03-18T22:04:15.032+0900 LOG                  app.ts:28 (getOrigins               ) 00000000-0000-0000-0000-000000000000 [] origins: ["http://localhost:3000"]
2024-03-18T22:04:46.487+0900 LOG                  app.ts:28 (getOrigins               ) 00000000-0000-0000-0000-000000000000 [] origins: ["http://localhost:3000"]
2024-03-18T22:05:08.894+0900 LOG                  app.ts:28 (getOrigins               ) 00000000-0000-0000-0000-000000000000 [] origins: ["http://localhost:3000"]
2024-03-18T22:05:08.964+0900 LOG                mysql.ts:84 (Object.<anonymous>       ) 00000000-0000-0000-0000-000000000000 [] MySQL Connection has been established successfully.
2024-03-18T22:05:08.965+0900 LOG                  app.ts:68 (Server.<anonymous>       ) 00000000-0000-0000-0000-000000000000 [] [ v1.0.0, .env ] =========================================
2024-03-18T22:05:08.965+0900 LOG                  app.ts:70 (Server.<anonymous>       ) 00000000-0000-0000-0000-000000000000 [] ----------------------------------------------
2024-03-18T22:05:08.965+0900 LOG                  app.ts:71 (Server.<anonymous>       ) 00000000-0000-0000-0000-000000000000 [] 🚀 App listening on the port 3000
2024-03-18T22:05:08.966+0900 LOG                  app.ts:72 (Server.<anonymous>       ) 00000000-0000-0000-0000-000000000000 [] ==============================================
2024-03-18T22:10:00.860+0900 LOG                  app.ts:28 (getOrigins               ) 00000000-0000-0000-0000-000000000000 [] origins: ["http://localhost:3000"]
2024-03-18T22:10:00.972+0900 LOG                mysql.ts:84 (Object.<anonymous>       ) 00000000-0000-0000-0000-000000000000 [] MySQL Connection has been established successfully.
2024-03-18T22:10:00.973+0900 LOG                  app.ts:68 (Server.<anonymous>       ) 00000000-0000-0000-0000-000000000000 [] [ v1.0.0, .env ] =========================================
2024-03-18T22:10:00.974+0900 LOG                  app.ts:70 (Server.<anonymous>       ) 00000000-0000-0000-0000-000000000000 [] ----------------------------------------------
2024-03-18T22:10:00.974+0900 LOG                  app.ts:71 (Server.<anonymous>       ) 00000000-0000-0000-0000-000000000000 [] 🚀 App listening on the port 3000
2024-03-18T22:10:00.974+0900 LOG                  app.ts:72 (Server.<anonymous>       ) 00000000-0000-0000-0000-000000000000 [] ==============================================
2024-03-18T22:11:03.460+0900 LOG                  app.ts:28 (getOrigins               ) 00000000-0000-0000-0000-000000000000 [] origins: ["http://localhost:3000"]
2024-03-18T22:11:03.578+0900 LOG                mysql.ts:84 (Object.<anonymous>       ) 00000000-0000-0000-0000-000000000000 [] MySQL Connection has been established successfully.
2024-03-18T22:11:03.578+0900 LOG                  app.ts:68 (Server.<anonymous>       ) 00000000-0000-0000-0000-000000000000 [] [ v1.0.0, .env ] =========================================
2024-03-18T22:11:03.579+0900 LOG                  app.ts:70 (Server.<anonymous>       ) 00000000-0000-0000-0000-000000000000 [] ----------------------------------------------
2024-03-18T22:11:03.579+0900 LOG                  app.ts:71 (Server.<anonymous>       ) 00000000-0000-0000-0000-000000000000 [] 🚀 App listening on the port 3000
2024-03-18T22:11:03.579+0900 LOG                  app.ts:72 (Server.<anonymous>       ) 00000000-0000-0000-0000-000000000000 [] ==============================================
2024-03-18T22:12:18.394+0900 LOG                  app.ts:28 (getOrigins               ) 00000000-0000-0000-0000-000000000000 [] origins: ["http://localhost:3000"]
2024-03-18T22:12:18.710+0900 LOG                mysql.ts:84 (Object.<anonymous>       ) 00000000-0000-0000-0000-000000000000 [] MySQL Connection has been established successfully.
2024-03-18T22:12:18.711+0900 LOG                  app.ts:68 (Server.<anonymous>       ) 00000000-0000-0000-0000-000000000000 [] [ v1.0.0, .env ] =========================================
2024-03-18T22:12:18.711+0900 LOG                  app.ts:70 (Server.<anonymous>       ) 00000000-0000-0000-0000-000000000000 [] ----------------------------------------------
2024-03-18T22:12:18.712+0900 LOG                  app.ts:71 (Server.<anonymous>       ) 00000000-0000-0000-0000-000000000000 [] 🚀 App listening on the port 3000
2024-03-18T22:12:18.712+0900 LOG                  app.ts:72 (Server.<anonymous>       ) 00000000-0000-0000-0000-000000000000 [] ==============================================
2024-03-18T22:28:36.430+0900 LOG                  app.ts:28 (getOrigins               ) 00000000-0000-0000-0000-000000000000 [] origins: ["http://localhost:3000"]
2024-03-18T22:28:36.548+0900 LOG                mysql.ts:84 (Object.<anonymous>       ) 00000000-0000-0000-0000-000000000000 [] MySQL Connection has been established successfully.
2024-03-18T22:28:36.548+0900 LOG                  app.ts:68 (Server.<anonymous>       ) 00000000-0000-0000-0000-000000000000 [] [ v1.0.0, .env ] =========================================
2024-03-18T22:28:36.549+0900 LOG                  app.ts:70 (Server.<anonymous>       ) 00000000-0000-0000-0000-000000000000 [] ----------------------------------------------
2024-03-18T22:28:36.549+0900 LOG                  app.ts:71 (Server.<anonymous>       ) 00000000-0000-0000-0000-000000000000 [] 🚀 App listening on the port 3000
2024-03-18T22:28:36.549+0900 LOG                  app.ts:72 (Server.<anonymous>       ) 00000000-0000-0000-0000-000000000000 [] ==============================================
2024-03-18T22:29:36.786+0900 LOG                  app.ts:28 (getOrigins               ) 00000000-0000-0000-0000-000000000000 [] origins: ["http://localhost:3000"]
2024-03-18T22:29:36.856+0900 LOG                mysql.ts:84 (Object.<anonymous>       ) 00000000-0000-0000-0000-000000000000 [] MySQL Connection has been established successfully.
2024-03-18T22:29:36.857+0900 LOG                  app.ts:68 (Server.<anonymous>       ) 00000000-0000-0000-0000-000000000000 [] [ v1.0.0, .env ] =========================================
2024-03-18T22:29:36.857+0900 LOG                  app.ts:70 (Server.<anonymous>       ) 00000000-0000-0000-0000-000000000000 [] ----------------------------------------------
2024-03-18T22:29:36.858+0900 LOG                  app.ts:71 (Server.<anonymous>       ) 00000000-0000-0000-0000-000000000000 [] 🚀 App listening on the port 3000
2024-03-18T22:29:36.858+0900 LOG                  app.ts:72 (Server.<anonymous>       ) 00000000-0000-0000-0000-000000000000 [] ==============================================
2024-03-18T22:33:42.448+0900 LOG                  app.ts:28 (getOrigins               ) 00000000-0000-0000-0000-000000000000 [] origins: ["http://localhost:3000"]
2024-03-18T22:33:42.987+0900 LOG                mysql.ts:84 (Object.<anonymous>       ) 00000000-0000-0000-0000-000000000000 [] MySQL Connection has been established successfully.
2024-03-18T22:33:42.988+0900 LOG                  app.ts:68 (Server.<anonymous>       ) 00000000-0000-0000-0000-000000000000 [] [ v1.0.0, .env ] =========================================
2024-03-18T22:33:42.988+0900 LOG                  app.ts:70 (Server.<anonymous>       ) 00000000-0000-0000-0000-000000000000 [] ----------------------------------------------
2024-03-18T22:33:42.988+0900 LOG                  app.ts:71 (Server.<anonymous>       ) 00000000-0000-0000-0000-000000000000 [] 🚀 App listening on the port 3000
2024-03-18T22:33:42.988+0900 LOG                  app.ts:72 (Server.<anonymous>       ) 00000000-0000-0000-0000-000000000000 [] ==============================================
2024-03-18T22:35:47.720+0900 LOG                  app.ts:28 (getOrigins               ) 00000000-0000-0000-0000-000000000000 [] origins: ["http://localhost:3000"]
2024-03-18T22:35:47.776+0900 LOG                mysql.ts:84 (Object.<anonymous>       ) 00000000-0000-0000-0000-000000000000 [] MySQL Connection has been established successfully.
2024-03-18T22:35:47.777+0900 LOG                  app.ts:68 (Server.<anonymous>       ) 00000000-0000-0000-0000-000000000000 [] [ v1.0.0, .env ] =========================================
2024-03-18T22:35:47.777+0900 LOG                  app.ts:70 (Server.<anonymous>       ) 00000000-0000-0000-0000-000000000000 [] ----------------------------------------------
2024-03-18T22:35:47.777+0900 LOG                  app.ts:71 (Server.<anonymous>       ) 00000000-0000-0000-0000-000000000000 [] 🚀 App listening on the port 3000
2024-03-18T22:35:47.778+0900 LOG                  app.ts:72 (Server.<anonymous>       ) 00000000-0000-0000-0000-000000000000 [] ==============================================
2024-03-18T22:38:32.490+0900 LOG                  app.ts:28 (getOrigins               ) 00000000-0000-0000-0000-000000000000 [] origins: ["http://localhost:3000"]
2024-03-18T22:38:32.600+0900 LOG                mysql.ts:84 (Object.<anonymous>       ) 00000000-0000-0000-0000-000000000000 [] MySQL Connection has been established successfully.
2024-03-18T22:38:32.601+0900 LOG                  app.ts:68 (Server.<anonymous>       ) 00000000-0000-0000-0000-000000000000 [] [ v1.0.0, .env ] =========================================
2024-03-18T22:38:32.601+0900 LOG                  app.ts:70 (Server.<anonymous>       ) 00000000-0000-0000-0000-000000000000 [] ----------------------------------------------
2024-03-18T22:38:32.601+0900 LOG                  app.ts:71 (Server.<anonymous>       ) 00000000-0000-0000-0000-000000000000 [] 🚀 App listening on the port 3000
2024-03-18T22:38:32.601+0900 LOG                  app.ts:72 (Server.<anonymous>       ) 00000000-0000-0000-0000-000000000000 [] ==============================================
2024-03-18T22:42:38.207+0900 LOG                  app.ts:28 (getOrigins               ) 00000000-0000-0000-0000-000000000000 [] origins: ["http://localhost:3000"]
2024-03-18T22:42:38.308+0900 LOG                mysql.ts:84 (Object.<anonymous>       ) 00000000-0000-0000-0000-000000000000 [] MySQL Connection has been established successfully.
2024-03-18T22:42:38.308+0900 LOG                  app.ts:68 (Server.<anonymous>       ) 00000000-0000-0000-0000-000000000000 [] [ v1.0.0, .env ] =========================================
2024-03-18T22:42:38.309+0900 LOG                  app.ts:70 (Server.<anonymous>       ) 00000000-0000-0000-0000-000000000000 [] ----------------------------------------------
2024-03-18T22:42:38.309+0900 LOG                  app.ts:71 (Server.<anonymous>       ) 00000000-0000-0000-0000-000000000000 [] 🚀 App listening on the port 3000
2024-03-18T22:42:38.309+0900 LOG                  app.ts:72 (Server.<anonymous>       ) 00000000-0000-0000-0000-000000000000 [] ==============================================
2024-03-18T22:43:43.728+0900 LOG                  app.ts:28 (getOrigins               ) 00000000-0000-0000-0000-000000000000 [] origins: ["http://localhost:3000"]
2024-03-18T22:44:10.283+0900 LOG                  app.ts:28 (getOrigins               ) 00000000-0000-0000-0000-000000000000 [] origins: ["http://localhost:3000"]
2024-03-18T22:44:10.329+0900 LOG                mysql.ts:84 (Object.<anonymous>       ) 00000000-0000-0000-0000-000000000000 [] MySQL Connection has been established successfully.
2024-03-18T22:44:10.329+0900 LOG                  app.ts:68 (Server.<anonymous>       ) 00000000-0000-0000-0000-000000000000 [] [ v1.0.0, .env ] =========================================
2024-03-18T22:44:10.330+0900 LOG                  app.ts:70 (Server.<anonymous>       ) 00000000-0000-0000-0000-000000000000 [] ----------------------------------------------
2024-03-18T22:44:10.330+0900 LOG                  app.ts:71 (Server.<anonymous>       ) 00000000-0000-0000-0000-000000000000 [] 🚀 App listening on the port 3000
2024-03-18T22:44:10.330+0900 LOG                  app.ts:72 (Server.<anonymous>       ) 00000000-0000-0000-0000-000000000000 [] ==============================================
2024-03-18T22:46:02.061+0900 LOG                  app.ts:28 (getOrigins               ) 00000000-0000-0000-0000-000000000000 [] origins: ["http://localhost:3000"]
2024-03-18T22:46:02.109+0900 LOG                mysql.ts:84 (Object.<anonymous>       ) 00000000-0000-0000-0000-000000000000 [] MySQL Connection has been established successfully.
2024-03-18T22:46:02.110+0900 LOG                  app.ts:68 (Server.<anonymous>       ) 00000000-0000-0000-0000-000000000000 [] [ v1.0.0, .env ] =========================================
2024-03-18T22:46:02.110+0900 LOG                  app.ts:70 (Server.<anonymous>       ) 00000000-0000-0000-0000-000000000000 [] ----------------------------------------------
2024-03-18T22:46:02.111+0900 LOG                  app.ts:71 (Server.<anonymous>       ) 00000000-0000-0000-0000-000000000000 [] 🚀 App listening on the port 3000
2024-03-18T22:46:02.111+0900 LOG                  app.ts:72 (Server.<anonymous>       ) 00000000-0000-0000-0000-000000000000 [] ==============================================
2024-03-18T22:46:52.449+0900 LOG                  app.ts:28 (getOrigins               ) 00000000-0000-0000-0000-000000000000 [] origins: ["http://localhost:3000"]
2024-03-18T22:46:52.554+0900 LOG                mysql.ts:84 (Object.<anonymous>       ) 00000000-0000-0000-0000-000000000000 [] MySQL Connection has been established successfully.
2024-03-18T22:46:52.555+0900 LOG                  app.ts:68 (Server.<anonymous>       ) 00000000-0000-0000-0000-000000000000 [] [ v1.0.0, .env ] =========================================
2024-03-18T22:46:52.555+0900 LOG                  app.ts:70 (Server.<anonymous>       ) 00000000-0000-0000-0000-000000000000 [] ----------------------------------------------
2024-03-18T22:46:52.555+0900 LOG                  app.ts:71 (Server.<anonymous>       ) 00000000-0000-0000-0000-000000000000 [] 🚀 App listening on the port 3000
2024-03-18T22:46:52.556+0900 LOG                  app.ts:72 (Server.<anonymous>       ) 00000000-0000-0000-0000-000000000000 [] ==============================================
2024-03-18T23:28:12.113+0900 LOG                  app.ts:28 (getOrigins               ) 00000000-0000-0000-0000-000000000000 [] origins: ["http://localhost:3000"]
2024-03-18T23:28:12.234+0900 LOG                mysql.ts:84 (Object.<anonymous>       ) 00000000-0000-0000-0000-000000000000 [] MySQL Connection has been established successfully.
2024-03-18T23:28:12.235+0900 LOG                  app.ts:68 (Server.<anonymous>       ) 00000000-0000-0000-0000-000000000000 [] [ v1.0.0, .env ] =========================================
2024-03-18T23:28:12.235+0900 LOG                  app.ts:70 (Server.<anonymous>       ) 00000000-0000-0000-0000-000000000000 [] ----------------------------------------------
2024-03-18T23:28:12.236+0900 LOG                  app.ts:71 (Server.<anonymous>       ) 00000000-0000-0000-0000-000000000000 [] 🚀 App listening on the port 3000
2024-03-18T23:28:12.236+0900 LOG                  app.ts:72 (Server.<anonymous>       ) 00000000-0000-0000-0000-000000000000 [] ==============================================
2024-03-18T23:32:53.877+0900 LOG                  app.ts:28 (getOrigins               ) 00000000-0000-0000-0000-000000000000 [] origins: ["http://localhost:3000"]
2024-03-18T23:32:54.005+0900 LOG                mysql.ts:84 (Object.<anonymous>       ) 00000000-0000-0000-0000-000000000000 [] MySQL Connection has been established successfully.
2024-03-18T23:32:54.006+0900 LOG                  app.ts:68 (Server.<anonymous>       ) 00000000-0000-0000-0000-000000000000 [] [ v1.0.0, .env ] =========================================
2024-03-18T23:32:54.006+0900 LOG                  app.ts:70 (Server.<anonymous>       ) 00000000-0000-0000-0000-000000000000 [] ----------------------------------------------
2024-03-18T23:32:54.007+0900 LOG                  app.ts:71 (Server.<anonymous>       ) 00000000-0000-0000-0000-000000000000 [] 🚀 App listening on the port 3000
2024-03-18T23:32:54.007+0900 LOG                  app.ts:72 (Server.<anonymous>       ) 00000000-0000-0000-0000-000000000000 [] ==============================================
2024-03-18T23:32:56.156+0900 LOG                  app.ts:28 (getOrigins               ) 00000000-0000-0000-0000-000000000000 [] origins: ["http://localhost:3000"]
2024-03-18T23:32:56.219+0900 LOG                mysql.ts:84 (Object.<anonymous>       ) 00000000-0000-0000-0000-000000000000 [] MySQL Connection has been established successfully.
2024-03-18T23:32:56.220+0900 LOG                  app.ts:68 (Server.<anonymous>       ) 00000000-0000-0000-0000-000000000000 [] [ v1.0.0, .env ] =========================================
2024-03-18T23:32:56.220+0900 LOG                  app.ts:70 (Server.<anonymous>       ) 00000000-0000-0000-0000-000000000000 [] ----------------------------------------------
2024-03-18T23:32:56.220+0900 LOG                  app.ts:71 (Server.<anonymous>       ) 00000000-0000-0000-0000-000000000000 [] 🚀 App listening on the port 3000
2024-03-18T23:32:56.221+0900 LOG                  app.ts:72 (Server.<anonymous>       ) 00000000-0000-0000-0000-000000000000 [] ==============================================
2024-03-18T23:32:57.671+0900 LOG                  app.ts:28 (getOrigins               ) 00000000-0000-0000-0000-000000000000 [] origins: ["http://localhost:3000"]
2024-03-18T23:32:57.725+0900 LOG                mysql.ts:84 (Object.<anonymous>       ) 00000000-0000-0000-0000-000000000000 [] MySQL Connection has been established successfully.
2024-03-18T23:32:57.726+0900 LOG                  app.ts:68 (Server.<anonymous>       ) 00000000-0000-0000-0000-000000000000 [] [ v1.0.0, .env ] =========================================
2024-03-18T23:32:57.726+0900 LOG                  app.ts:70 (Server.<anonymous>       ) 00000000-0000-0000-0000-000000000000 [] ----------------------------------------------
2024-03-18T23:32:57.726+0900 LOG                  app.ts:71 (Server.<anonymous>       ) 00000000-0000-0000-0000-000000000000 [] 🚀 App listening on the port 3000
2024-03-18T23:32:57.727+0900 LOG                  app.ts:72 (Server.<anonymous>       ) 00000000-0000-0000-0000-000000000000 [] ==============================================
2024-03-18T23:33:23.630+0900 LOG                  app.ts:28 (getOrigins               ) 00000000-0000-0000-0000-000000000000 [] origins: ["http://localhost:3000"]
2024-03-18T23:33:23.670+0900 LOG                mysql.ts:84 (Object.<anonymous>       ) 00000000-0000-0000-0000-000000000000 [] MySQL Connection has been established successfully.
2024-03-18T23:33:23.670+0900 LOG                  app.ts:68 (Server.<anonymous>       ) 00000000-0000-0000-0000-000000000000 [] [ v1.0.0, .env ] =========================================
2024-03-18T23:33:23.671+0900 LOG                  app.ts:70 (Server.<anonymous>       ) 00000000-0000-0000-0000-000000000000 [] ----------------------------------------------
2024-03-18T23:33:23.671+0900 LOG                  app.ts:71 (Server.<anonymous>       ) 00000000-0000-0000-0000-000000000000 [] 🚀 App listening on the port 3000
2024-03-18T23:33:23.671+0900 LOG                  app.ts:72 (Server.<anonymous>       ) 00000000-0000-0000-0000-000000000000 [] ==============================================
2024-03-18T23:34:11.511+0900 LOG                  app.ts:28 (getOrigins               ) 00000000-0000-0000-0000-000000000000 [] origins: ["http://localhost:3000"]
2024-03-18T23:34:11.554+0900 LOG                mysql.ts:84 (Object.<anonymous>       ) 00000000-0000-0000-0000-000000000000 [] MySQL Connection has been established successfully.
2024-03-18T23:34:11.554+0900 LOG                  app.ts:68 (Server.<anonymous>       ) 00000000-0000-0000-0000-000000000000 [] [ v1.0.0, .env ] =========================================
2024-03-18T23:34:11.555+0900 LOG                  app.ts:70 (Server.<anonymous>       ) 00000000-0000-0000-0000-000000000000 [] ----------------------------------------------
2024-03-18T23:34:11.555+0900 LOG                  app.ts:71 (Server.<anonymous>       ) 00000000-0000-0000-0000-000000000000 [] 🚀 App listening on the port 3000
2024-03-18T23:34:11.555+0900 LOG                  app.ts:72 (Server.<anonymous>       ) 00000000-0000-0000-0000-000000000000 [] ==============================================
2024-03-18T23:36:00.487+0900 LOG                  app.ts:28 (getOrigins               ) 00000000-0000-0000-0000-000000000000 [] origins: ["http://localhost:3000"]
2024-03-18T23:36:00.530+0900 LOG                mysql.ts:84 (Object.<anonymous>       ) 00000000-0000-0000-0000-000000000000 [] MySQL Connection has been established successfully.
2024-03-18T23:36:00.531+0900 LOG                  app.ts:68 (Server.<anonymous>       ) 00000000-0000-0000-0000-000000000000 [] [ v1.0.0, .env ] =========================================
2024-03-18T23:36:00.531+0900 LOG                  app.ts:70 (Server.<anonymous>       ) 00000000-0000-0000-0000-000000000000 [] ----------------------------------------------
2024-03-18T23:36:00.531+0900 LOG                  app.ts:71 (Server.<anonymous>       ) 00000000-0000-0000-0000-000000000000 [] 🚀 App listening on the port 3000
2024-03-18T23:36:00.532+0900 LOG                  app.ts:72 (Server.<anonymous>       ) 00000000-0000-0000-0000-000000000000 [] ==============================================
2024-03-18T23:36:02.517+0900 LOG                  app.ts:28 (getOrigins               ) 00000000-0000-0000-0000-000000000000 [] origins: ["http://localhost:3000"]
2024-03-18T23:36:02.558+0900 LOG                mysql.ts:84 (Object.<anonymous>       ) 00000000-0000-0000-0000-000000000000 [] MySQL Connection has been established successfully.
2024-03-18T23:36:02.559+0900 LOG                  app.ts:68 (Server.<anonymous>       ) 00000000-0000-0000-0000-000000000000 [] [ v1.0.0, .env ] =========================================
2024-03-18T23:36:02.559+0900 LOG                  app.ts:70 (Server.<anonymous>       ) 00000000-0000-0000-0000-000000000000 [] ----------------------------------------------
2024-03-18T23:36:02.559+0900 LOG                  app.ts:71 (Server.<anonymous>       ) 00000000-0000-0000-0000-000000000000 [] 🚀 App listening on the port 3000
2024-03-18T23:36:02.559+0900 LOG                  app.ts:72 (Server.<anonymous>       ) 00000000-0000-0000-0000-000000000000 [] ==============================================
2024-03-18T23:36:06.068+0900 LOG                  app.ts:28 (getOrigins               ) 00000000-0000-0000-0000-000000000000 [] origins: ["http://localhost:3000"]
2024-03-18T23:36:06.103+0900 LOG                mysql.ts:84 (Object.<anonymous>       ) 00000000-0000-0000-0000-000000000000 [] MySQL Connection has been established successfully.
2024-03-18T23:36:06.104+0900 LOG                  app.ts:68 (Server.<anonymous>       ) 00000000-0000-0000-0000-000000000000 [] [ v1.0.0, .env ] =========================================
2024-03-18T23:36:06.104+0900 LOG                  app.ts:70 (Server.<anonymous>       ) 00000000-0000-0000-0000-000000000000 [] ----------------------------------------------
2024-03-18T23:36:06.104+0900 LOG                  app.ts:71 (Server.<anonymous>       ) 00000000-0000-0000-0000-000000000000 [] 🚀 App listening on the port 3000
2024-03-18T23:36:06.104+0900 LOG                  app.ts:72 (Server.<anonymous>       ) 00000000-0000-0000-0000-000000000000 [] ==============================================
2024-03-18T23:36:54.103+0900 LOG                  app.ts:28 (getOrigins               ) 00000000-0000-0000-0000-000000000000 [] origins: ["http://localhost:3000"]
2024-03-18T23:36:54.149+0900 LOG                mysql.ts:84 (Object.<anonymous>       ) 00000000-0000-0000-0000-000000000000 [] MySQL Connection has been established successfully.
2024-03-18T23:36:54.150+0900 LOG                  app.ts:68 (Server.<anonymous>       ) 00000000-0000-0000-0000-000000000000 [] [ v1.0.0, .env ] =========================================
2024-03-18T23:36:54.150+0900 LOG                  app.ts:70 (Server.<anonymous>       ) 00000000-0000-0000-0000-000000000000 [] ----------------------------------------------
2024-03-18T23:36:54.150+0900 LOG                  app.ts:71 (Server.<anonymous>       ) 00000000-0000-0000-0000-000000000000 [] 🚀 App listening on the port 3000
2024-03-18T23:36:54.150+0900 LOG                  app.ts:72 (Server.<anonymous>       ) 00000000-0000-0000-0000-000000000000 [] ==============================================
2024-03-18T23:36:56.411+0900 LOG                  app.ts:28 (getOrigins               ) 00000000-0000-0000-0000-000000000000 [] origins: ["http://localhost:3000"]
2024-03-18T23:36:56.448+0900 LOG                mysql.ts:84 (Object.<anonymous>       ) 00000000-0000-0000-0000-000000000000 [] MySQL Connection has been established successfully.
2024-03-18T23:36:56.448+0900 LOG                  app.ts:68 (Server.<anonymous>       ) 00000000-0000-0000-0000-000000000000 [] [ v1.0.0, .env ] =========================================
2024-03-18T23:36:56.448+0900 LOG                  app.ts:70 (Server.<anonymous>       ) 00000000-0000-0000-0000-000000000000 [] ----------------------------------------------
2024-03-18T23:36:56.449+0900 LOG                  app.ts:71 (Server.<anonymous>       ) 00000000-0000-0000-0000-000000000000 [] 🚀 App listening on the port 3000
2024-03-18T23:36:56.449+0900 LOG                  app.ts:72 (Server.<anonymous>       ) 00000000-0000-0000-0000-000000000000 [] ==============================================
2024-03-18T23:36:58.413+0900 LOG                  app.ts:28 (getOrigins               ) 00000000-0000-0000-0000-000000000000 [] origins: ["http://localhost:3000"]
2024-03-18T23:36:58.456+0900 LOG                mysql.ts:84 (Object.<anonymous>       ) 00000000-0000-0000-0000-000000000000 [] MySQL Connection has been established successfully.
2024-03-18T23:36:58.457+0900 LOG                  app.ts:68 (Server.<anonymous>       ) 00000000-0000-0000-0000-000000000000 [] [ v1.0.0, .env ] =========================================
2024-03-18T23:36:58.457+0900 LOG                  app.ts:70 (Server.<anonymous>       ) 00000000-0000-0000-0000-000000000000 [] ----------------------------------------------
2024-03-18T23:36:58.457+0900 LOG                  app.ts:71 (Server.<anonymous>       ) 00000000-0000-0000-0000-000000000000 [] 🚀 App listening on the port 3000
2024-03-18T23:36:58.458+0900 LOG                  app.ts:72 (Server.<anonymous>       ) 00000000-0000-0000-0000-000000000000 [] ==============================================
2024-03-18T23:37:24.343+0900 LOG                  app.ts:28 (getOrigins               ) 00000000-0000-0000-0000-000000000000 [] origins: ["http://localhost:3000"]
2024-03-18T23:37:24.405+0900 LOG                mysql.ts:84 (Object.<anonymous>       ) 00000000-0000-0000-0000-000000000000 [] MySQL Connection has been established successfully.
2024-03-18T23:37:24.406+0900 LOG                  app.ts:68 (Server.<anonymous>       ) 00000000-0000-0000-0000-000000000000 [] [ v1.0.0, .env ] =========================================
2024-03-18T23:37:24.406+0900 LOG                  app.ts:70 (Server.<anonymous>       ) 00000000-0000-0000-0000-000000000000 [] ----------------------------------------------
2024-03-18T23:37:24.406+0900 LOG                  app.ts:71 (Server.<anonymous>       ) 00000000-0000-0000-0000-000000000000 [] 🚀 App listening on the port 3000
2024-03-18T23:37:24.407+0900 LOG                  app.ts:72 (Server.<anonymous>       ) 00000000-0000-0000-0000-000000000000 [] ==============================================
2024-03-18T23:37:42.650+0900 LOG                  app.ts:28 (getOrigins               ) 00000000-0000-0000-0000-000000000000 [] origins: ["http://localhost:3000"]
2024-03-18T23:37:42.698+0900 LOG                mysql.ts:84 (Object.<anonymous>       ) 00000000-0000-0000-0000-000000000000 [] MySQL Connection has been established successfully.
2024-03-18T23:37:42.698+0900 LOG                  app.ts:68 (Server.<anonymous>       ) 00000000-0000-0000-0000-000000000000 [] [ v1.0.0, .env ] =========================================
2024-03-18T23:37:42.699+0900 LOG                  app.ts:70 (Server.<anonymous>       ) 00000000-0000-0000-0000-000000000000 [] ----------------------------------------------
2024-03-18T23:37:42.699+0900 LOG                  app.ts:71 (Server.<anonymous>       ) 00000000-0000-0000-0000-000000000000 [] 🚀 App listening on the port 3000
2024-03-18T23:37:42.699+0900 LOG                  app.ts:72 (Server.<anonymous>       ) 00000000-0000-0000-0000-000000000000 [] ==============================================
2024-03-18T23:38:16.806+0900 LOG                  app.ts:28 (getOrigins               ) 00000000-0000-0000-0000-000000000000 [] origins: ["http://localhost:3000"]
2024-03-18T23:38:16.847+0900 LOG                mysql.ts:84 (Object.<anonymous>       ) 00000000-0000-0000-0000-000000000000 [] MySQL Connection has been established successfully.
2024-03-18T23:38:16.848+0900 LOG                  app.ts:68 (Server.<anonymous>       ) 00000000-0000-0000-0000-000000000000 [] [ v1.0.0, .env ] =========================================
2024-03-18T23:38:16.848+0900 LOG                  app.ts:70 (Server.<anonymous>       ) 00000000-0000-0000-0000-000000000000 [] ----------------------------------------------
2024-03-18T23:38:16.848+0900 LOG                  app.ts:71 (Server.<anonymous>       ) 00000000-0000-0000-0000-000000000000 [] 🚀 App listening on the port 3000
2024-03-18T23:38:16.849+0900 LOG                  app.ts:72 (Server.<anonymous>       ) 00000000-0000-0000-0000-000000000000 [] ==============================================
2024-03-18T23:38:22.338+0900 LOG                  app.ts:28 (getOrigins               ) 00000000-0000-0000-0000-000000000000 [] origins: ["http://localhost:3000"]
2024-03-18T23:38:22.391+0900 LOG                mysql.ts:84 (Object.<anonymous>       ) 00000000-0000-0000-0000-000000000000 [] MySQL Connection has been established successfully.
2024-03-18T23:38:22.392+0900 LOG                  app.ts:68 (Server.<anonymous>       ) 00000000-0000-0000-0000-000000000000 [] [ v1.0.0, .env ] =========================================
2024-03-18T23:38:22.392+0900 LOG                  app.ts:70 (Server.<anonymous>       ) 00000000-0000-0000-0000-000000000000 [] ----------------------------------------------
2024-03-18T23:38:22.392+0900 LOG                  app.ts:71 (Server.<anonymous>       ) 00000000-0000-0000-0000-000000000000 [] 🚀 App listening on the port 3000
2024-03-18T23:38:22.392+0900 LOG                  app.ts:72 (Server.<anonymous>       ) 00000000-0000-0000-0000-000000000000 [] ==============================================
2024-03-18T23:38:25.621+0900 LOG                  app.ts:28 (getOrigins               ) 00000000-0000-0000-0000-000000000000 [] origins: ["http://localhost:3000"]
2024-03-18T23:38:25.660+0900 LOG                mysql.ts:84 (Object.<anonymous>       ) 00000000-0000-0000-0000-000000000000 [] MySQL Connection has been established successfully.
2024-03-18T23:38:25.660+0900 LOG                  app.ts:68 (Server.<anonymous>       ) 00000000-0000-0000-0000-000000000000 [] [ v1.0.0, .env ] =========================================
2024-03-18T23:38:25.660+0900 LOG                  app.ts:70 (Server.<anonymous>       ) 00000000-0000-0000-0000-000000000000 [] ----------------------------------------------
2024-03-18T23:38:25.661+0900 LOG                  app.ts:71 (Server.<anonymous>       ) 00000000-0000-0000-0000-000000000000 [] 🚀 App listening on the port 3000
2024-03-18T23:38:25.661+0900 LOG                  app.ts:72 (Server.<anonymous>       ) 00000000-0000-0000-0000-000000000000 [] ==============================================
2024-03-18T23:40:20.464+0900 LOG                  app.ts:28 (getOrigins               ) 00000000-0000-0000-0000-000000000000 [] origins: ["http://localhost:3000"]
2024-03-18T23:40:20.567+0900 LOG                mysql.ts:84 (Object.<anonymous>       ) 00000000-0000-0000-0000-000000000000 [] MySQL Connection has been established successfully.
2024-03-18T23:40:20.568+0900 LOG                  app.ts:68 (Server.<anonymous>       ) 00000000-0000-0000-0000-000000000000 [] [ v1.0.0, .env ] =========================================
2024-03-18T23:40:20.568+0900 LOG                  app.ts:70 (Server.<anonymous>       ) 00000000-0000-0000-0000-000000000000 [] ----------------------------------------------
2024-03-18T23:40:20.569+0900 LOG                  app.ts:71 (Server.<anonymous>       ) 00000000-0000-0000-0000-000000000000 [] 🚀 App listening on the port 3000
2024-03-18T23:40:20.569+0900 LOG                  app.ts:72 (Server.<anonymous>       ) 00000000-0000-0000-0000-000000000000 [] ==============================================
2024-03-18T23:40:38.320+0900 LOG                  app.ts:28 (getOrigins               ) 00000000-0000-0000-0000-000000000000 [] origins: ["http://localhost:3000"]
2024-03-18T23:40:38.369+0900 LOG                mysql.ts:84 (Object.<anonymous>       ) 00000000-0000-0000-0000-000000000000 [] MySQL Connection has been established successfully.
2024-03-18T23:40:38.369+0900 LOG                  app.ts:68 (Server.<anonymous>       ) 00000000-0000-0000-0000-000000000000 [] [ v1.0.0, .env ] =========================================
2024-03-18T23:40:38.369+0900 LOG                  app.ts:70 (Server.<anonymous>       ) 00000000-0000-0000-0000-000000000000 [] ----------------------------------------------
2024-03-18T23:40:38.370+0900 LOG                  app.ts:71 (Server.<anonymous>       ) 00000000-0000-0000-0000-000000000000 [] 🚀 App listening on the port 3000
2024-03-18T23:40:38.370+0900 LOG                  app.ts:72 (Server.<anonymous>       ) 00000000-0000-0000-0000-000000000000 [] ==============================================
2024-03-18T23:40:42.410+0900 LOG                  app.ts:28 (getOrigins               ) 00000000-0000-0000-0000-000000000000 [] origins: ["http://localhost:3000"]
2024-03-18T23:40:42.448+0900 LOG                mysql.ts:84 (Object.<anonymous>       ) 00000000-0000-0000-0000-000000000000 [] MySQL Connection has been established successfully.
2024-03-18T23:40:42.448+0900 LOG                  app.ts:68 (Server.<anonymous>       ) 00000000-0000-0000-0000-000000000000 [] [ v1.0.0, .env ] =========================================
2024-03-18T23:40:42.448+0900 LOG                  app.ts:70 (Server.<anonymous>       ) 00000000-0000-0000-0000-000000000000 [] ----------------------------------------------
2024-03-18T23:40:42.449+0900 LOG                  app.ts:71 (Server.<anonymous>       ) 00000000-0000-0000-0000-000000000000 [] 🚀 App listening on the port 3000
2024-03-18T23:40:42.449+0900 LOG                  app.ts:72 (Server.<anonymous>       ) 00000000-0000-0000-0000-000000000000 [] ==============================================
2024-03-18T23:41:07.004+0900 LOG                  app.ts:28 (getOrigins               ) 00000000-0000-0000-0000-000000000000 [] origins: ["http://localhost:3000"]
2024-03-18T23:41:07.066+0900 LOG                mysql.ts:84 (Object.<anonymous>       ) 00000000-0000-0000-0000-000000000000 [] MySQL Connection has been established successfully.
2024-03-18T23:41:07.066+0900 LOG                  app.ts:68 (Server.<anonymous>       ) 00000000-0000-0000-0000-000000000000 [] [ v1.0.0, .env ] =========================================
2024-03-18T23:41:07.067+0900 LOG                  app.ts:70 (Server.<anonymous>       ) 00000000-0000-0000-0000-000000000000 [] ----------------------------------------------
2024-03-18T23:41:07.067+0900 LOG                  app.ts:71 (Server.<anonymous>       ) 00000000-0000-0000-0000-000000000000 [] 🚀 App listening on the port 3000
2024-03-18T23:41:07.067+0900 LOG                  app.ts:72 (Server.<anonymous>       ) 00000000-0000-0000-0000-000000000000 [] ==============================================
2024-03-18T23:42:07.907+0900 LOG                  app.ts:28 (getOrigins               ) 00000000-0000-0000-0000-000000000000 [] origins: ["http://localhost:3000"]
2024-03-18T23:42:07.945+0900 LOG                mysql.ts:84 (Object.<anonymous>       ) 00000000-0000-0000-0000-000000000000 [] MySQL Connection has been established successfully.
2024-03-18T23:42:07.946+0900 LOG                  app.ts:68 (Server.<anonymous>       ) 00000000-0000-0000-0000-000000000000 [] [ v1.0.0, .env ] =========================================
2024-03-18T23:42:07.946+0900 LOG                  app.ts:70 (Server.<anonymous>       ) 00000000-0000-0000-0000-000000000000 [] ----------------------------------------------
2024-03-18T23:42:07.946+0900 LOG                  app.ts:71 (Server.<anonymous>       ) 00000000-0000-0000-0000-000000000000 [] 🚀 App listening on the port 3000
2024-03-18T23:42:07.946+0900 LOG                  app.ts:72 (Server.<anonymous>       ) 00000000-0000-0000-0000-000000000000 [] ==============================================
2024-03-18T23:42:10.930+0900 LOG                  app.ts:28 (getOrigins               ) 00000000-0000-0000-0000-000000000000 [] origins: ["http://localhost:3000"]
2024-03-18T23:42:10.970+0900 LOG                mysql.ts:84 (Object.<anonymous>       ) 00000000-0000-0000-0000-000000000000 [] MySQL Connection has been established successfully.
2024-03-18T23:42:10.971+0900 LOG                  app.ts:68 (Server.<anonymous>       ) 00000000-0000-0000-0000-000000000000 [] [ v1.0.0, .env ] =========================================
2024-03-18T23:42:10.971+0900 LOG                  app.ts:70 (Server.<anonymous>       ) 00000000-0000-0000-0000-000000000000 [] ----------------------------------------------
2024-03-18T23:42:10.972+0900 LOG                  app.ts:71 (Server.<anonymous>       ) 00000000-0000-0000-0000-000000000000 [] 🚀 App listening on the port 3000
2024-03-18T23:42:10.972+0900 LOG                  app.ts:72 (Server.<anonymous>       ) 00000000-0000-0000-0000-000000000000 [] ==============================================
2024-03-18T23:43:43.543+0900 LOG                  app.ts:28 (getOrigins               ) 00000000-0000-0000-0000-000000000000 [] origins: ["http://localhost:3000"]
2024-03-18T23:43:43.607+0900 LOG                mysql.ts:84 (Object.<anonymous>       ) 00000000-0000-0000-0000-000000000000 [] MySQL Connection has been established successfully.
2024-03-18T23:43:43.608+0900 LOG                  app.ts:68 (Server.<anonymous>       ) 00000000-0000-0000-0000-000000000000 [] [ v1.0.0, .env ] =========================================
2024-03-18T23:43:43.608+0900 LOG                  app.ts:70 (Server.<anonymous>       ) 00000000-0000-0000-0000-000000000000 [] ----------------------------------------------
2024-03-18T23:43:43.609+0900 LOG                  app.ts:71 (Server.<anonymous>       ) 00000000-0000-0000-0000-000000000000 [] 🚀 App listening on the port 3000
2024-03-18T23:43:43.609+0900 LOG                  app.ts:72 (Server.<anonymous>       ) 00000000-0000-0000-0000-000000000000 [] ==============================================
2024-03-18T23:43:52.364+0900 LOG                  app.ts:28 (getOrigins               ) 00000000-0000-0000-0000-000000000000 [] origins: ["http://localhost:3000"]
2024-03-18T23:43:52.407+0900 LOG                mysql.ts:84 (Object.<anonymous>       ) 00000000-0000-0000-0000-000000000000 [] MySQL Connection has been established successfully.
2024-03-18T23:43:52.407+0900 LOG                  app.ts:68 (Server.<anonymous>       ) 00000000-0000-0000-0000-000000000000 [] [ v1.0.0, .env ] =========================================
2024-03-18T23:43:52.407+0900 LOG                  app.ts:70 (Server.<anonymous>       ) 00000000-0000-0000-0000-000000000000 [] ----------------------------------------------
2024-03-18T23:43:52.408+0900 LOG                  app.ts:71 (Server.<anonymous>       ) 00000000-0000-0000-0000-000000000000 [] 🚀 App listening on the port 3000
2024-03-18T23:43:52.408+0900 LOG                  app.ts:72 (Server.<anonymous>       ) 00000000-0000-0000-0000-000000000000 [] ==============================================
2024-03-18T23:49:27.815+0900 LOG                  app.ts:28 (getOrigins               ) 00000000-0000-0000-0000-000000000000 [] origins: ["http://localhost:3000"]
2024-03-18T23:49:27.910+0900 LOG                mysql.ts:84 (Object.<anonymous>       ) 00000000-0000-0000-0000-000000000000 [] MySQL Connection has been established successfully.
2024-03-18T23:49:27.911+0900 LOG                  app.ts:68 (Server.<anonymous>       ) 00000000-0000-0000-0000-000000000000 [] [ v1.0.0, .env ] =========================================
2024-03-18T23:49:27.911+0900 LOG                  app.ts:70 (Server.<anonymous>       ) 00000000-0000-0000-0000-000000000000 [] ----------------------------------------------
2024-03-18T23:49:27.911+0900 LOG                  app.ts:71 (Server.<anonymous>       ) 00000000-0000-0000-0000-000000000000 [] 🚀 App listening on the port 3000
2024-03-18T23:49:27.911+0900 LOG                  app.ts:72 (Server.<anonymous>       ) 00000000-0000-0000-0000-000000000000 [] ==============================================
2024-03-18T23:56:58.352+0900 LOG                  app.ts:28 (getOrigins               ) 00000000-0000-0000-0000-000000000000 [] origins: ["http://localhost:3000"]
2024-03-18T23:56:58.404+0900 LOG                mysql.ts:84 (Object.<anonymous>       ) 00000000-0000-0000-0000-000000000000 [] MySQL Connection has been established successfully.
2024-03-18T23:56:58.404+0900 LOG                  app.ts:68 (Server.<anonymous>       ) 00000000-0000-0000-0000-000000000000 [] [ v1.0.0, .env ] =========================================
2024-03-18T23:56:58.404+0900 LOG                  app.ts:70 (Server.<anonymous>       ) 00000000-0000-0000-0000-000000000000 [] ----------------------------------------------
2024-03-18T23:56:58.405+0900 LOG                  app.ts:71 (Server.<anonymous>       ) 00000000-0000-0000-0000-000000000000 [] 🚀 App listening on the port 3000
2024-03-18T23:56:58.405+0900 LOG                  app.ts:72 (Server.<anonymous>       ) 00000000-0000-0000-0000-000000000000 [] ==============================================
2024-03-18T23:57:03.270+0900 LOG                  app.ts:28 (getOrigins               ) 00000000-0000-0000-0000-000000000000 [] origins: ["http://localhost:3000"]
2024-03-18T23:57:03.323+0900 LOG                mysql.ts:84 (Object.<anonymous>       ) 00000000-0000-0000-0000-000000000000 [] MySQL Connection has been established successfully.
2024-03-18T23:57:03.323+0900 LOG                  app.ts:68 (Server.<anonymous>       ) 00000000-0000-0000-0000-000000000000 [] [ v1.0.0, .env ] =========================================
2024-03-18T23:57:03.324+0900 LOG                  app.ts:70 (Server.<anonymous>       ) 00000000-0000-0000-0000-000000000000 [] ----------------------------------------------
2024-03-18T23:57:03.324+0900 LOG                  app.ts:71 (Server.<anonymous>       ) 00000000-0000-0000-0000-000000000000 [] 🚀 App listening on the port 3000
2024-03-18T23:57:03.324+0900 LOG                  app.ts:72 (Server.<anonymous>       ) 00000000-0000-0000-0000-000000000000 [] ==============================================
2024-03-18T23:58:58.723+0900 LOG                  app.ts:28 (getOrigins               ) 00000000-0000-0000-0000-000000000000 [] origins: ["http://localhost:3000"]
2024-03-18T23:58:58.814+0900 LOG                mysql.ts:84 (Object.<anonymous>       ) 00000000-0000-0000-0000-000000000000 [] MySQL Connection has been established successfully.
2024-03-18T23:58:58.815+0900 LOG                  app.ts:68 (Server.<anonymous>       ) 00000000-0000-0000-0000-000000000000 [] [ v1.0.0, .env ] =========================================
2024-03-18T23:58:58.815+0900 LOG                  app.ts:70 (Server.<anonymous>       ) 00000000-0000-0000-0000-000000000000 [] ----------------------------------------------
2024-03-18T23:58:58.815+0900 LOG                  app.ts:71 (Server.<anonymous>       ) 00000000-0000-0000-0000-000000000000 [] 🚀 App listening on the port 3000
2024-03-18T23:58:58.815+0900 LOG                  app.ts:72 (Server.<anonymous>       ) 00000000-0000-0000-0000-000000000000 [] ==============================================
2024-03-18T23:59:25.334+0900 LOG                  app.ts:28 (getOrigins               ) 00000000-0000-0000-0000-000000000000 [] origins: ["http://localhost:3000"]
2024-03-18T23:59:25.380+0900 LOG                mysql.ts:84 (Object.<anonymous>       ) 00000000-0000-0000-0000-000000000000 [] MySQL Connection has been established successfully.
2024-03-18T23:59:25.381+0900 LOG                  app.ts:68 (Server.<anonymous>       ) 00000000-0000-0000-0000-000000000000 [] [ v1.0.0, .env ] =========================================
2024-03-18T23:59:25.381+0900 LOG                  app.ts:70 (Server.<anonymous>       ) 00000000-0000-0000-0000-000000000000 [] ----------------------------------------------
2024-03-18T23:59:25.381+0900 LOG                  app.ts:71 (Server.<anonymous>       ) 00000000-0000-0000-0000-000000000000 [] 🚀 App listening on the port 3000
2024-03-18T23:59:25.381+0900 LOG                  app.ts:72 (Server.<anonymous>       ) 00000000-0000-0000-0000-000000000000 [] ==============================================
