2024-03-11T20:45:25.239+0900 LOG                  app.ts:25 (getOrigins               ) 00000000-0000-0000-0000-000000000000 [] origins: ["http://localhost:3000","https://ics.dev.sisoul.kr"]
2024-03-11T20:45:25.896+0900 LOG                mysql.ts:84 (Object.<anonymous>       ) 00000000-0000-0000-0000-000000000000 [] MySQL Connection has been established successfully.
2024-03-11T20:45:25.897+0900 LOG                  app.ts:65 (Server.<anonymous>       ) 00000000-0000-0000-0000-000000000000 [] [ v1.0.0, .env ] =========================================
2024-03-11T20:45:25.897+0900 LOG                  app.ts:67 (Server.<anonymous>       ) 00000000-0000-0000-0000-000000000000 [] ----------------------------------------------
2024-03-11T20:45:25.898+0900 LOG                  app.ts:68 (Server.<anonymous>       ) 00000000-0000-0000-0000-000000000000 [] 🚀 App listening on the port 3000
2024-03-11T20:45:25.898+0900 LOG                  app.ts:69 (Server.<anonymous>       ) 00000000-0000-0000-0000-000000000000 [] ==============================================
2024-03-11T20:46:48.137+0900 LOG                  app.ts:25 (getOrigins               ) 00000000-0000-0000-0000-000000000000 [] origins: ["http://localhost:3000","https://ics.dev.sisoul.kr"]
2024-03-11T20:46:48.257+0900 LOG                mysql.ts:84 (Object.<anonymous>       ) 00000000-0000-0000-0000-000000000000 [] MySQL Connection has been established successfully.
2024-03-11T20:46:48.258+0900 LOG                  app.ts:65 (Server.<anonymous>       ) 00000000-0000-0000-0000-000000000000 [] [ v1.0.0, .env ] =========================================
2024-03-11T20:46:48.258+0900 LOG                  app.ts:67 (Server.<anonymous>       ) 00000000-0000-0000-0000-000000000000 [] ----------------------------------------------
2024-03-11T20:46:48.258+0900 LOG                  app.ts:68 (Server.<anonymous>       ) 00000000-0000-0000-0000-000000000000 [] 🚀 App listening on the port 3000
2024-03-11T20:46:48.259+0900 LOG                  app.ts:69 (Server.<anonymous>       ) 00000000-0000-0000-0000-000000000000 [] ==============================================
2024-03-11T20:47:38.017+0900 LOG                  app.ts:25 (getOrigins               ) 00000000-0000-0000-0000-000000000000 [] origins: ["http://localhost:3000","https://ics.dev.sisoul.kr"]
2024-03-11T20:47:38.171+0900 LOG                mysql.ts:84 (Object.<anonymous>       ) 00000000-0000-0000-0000-000000000000 [] MySQL Connection has been established successfully.
2024-03-11T20:47:38.172+0900 LOG                  app.ts:65 (Server.<anonymous>       ) 00000000-0000-0000-0000-000000000000 [] [ v1.0.0, .env ] =========================================
2024-03-11T20:47:38.173+0900 LOG                  app.ts:67 (Server.<anonymous>       ) 00000000-0000-0000-0000-000000000000 [] ----------------------------------------------
2024-03-11T20:47:38.173+0900 LOG                  app.ts:68 (Server.<anonymous>       ) 00000000-0000-0000-0000-000000000000 [] 🚀 App listening on the port 3000
2024-03-11T20:47:38.174+0900 LOG                  app.ts:69 (Server.<anonymous>       ) 00000000-0000-0000-0000-000000000000 [] ==============================================
2024-03-11T22:14:29.799+0900 LOG                  app.ts:25 (getOrigins               ) 00000000-0000-0000-0000-000000000000 [] origins: ["http://localhost:3000","https://ics.dev.sisoul.kr"]
2024-03-11T22:14:29.966+0900 LOG                mysql.ts:84 (Object.<anonymous>       ) 00000000-0000-0000-0000-000000000000 [] MySQL Connection has been established successfully.
2024-03-11T22:14:29.966+0900 LOG                  app.ts:65 (Server.<anonymous>       ) 00000000-0000-0000-0000-000000000000 [] [ v1.0.0, .env ] =========================================
2024-03-11T22:14:29.967+0900 LOG                  app.ts:67 (Server.<anonymous>       ) 00000000-0000-0000-0000-000000000000 [] ----------------------------------------------
2024-03-11T22:14:29.967+0900 LOG                  app.ts:68 (Server.<anonymous>       ) 00000000-0000-0000-0000-000000000000 [] 🚀 App listening on the port 3000
2024-03-11T22:14:29.967+0900 LOG                  app.ts:69 (Server.<anonymous>       ) 00000000-0000-0000-0000-000000000000 [] ==============================================
2024-03-11T22:14:51.794+0900 LOG                  app.ts:25 (getOrigins               ) 00000000-0000-0000-0000-000000000000 [] origins: ["http://localhost:3000","https://ics.dev.sisoul.kr"]
2024-03-11T22:14:51.859+0900 LOG                mysql.ts:84 (Object.<anonymous>       ) 00000000-0000-0000-0000-000000000000 [] MySQL Connection has been established successfully.
2024-03-11T22:14:51.860+0900 LOG                  app.ts:65 (Server.<anonymous>       ) 00000000-0000-0000-0000-000000000000 [] [ v1.0.0, .env ] =========================================
2024-03-11T22:14:51.860+0900 LOG                  app.ts:67 (Server.<anonymous>       ) 00000000-0000-0000-0000-000000000000 [] ----------------------------------------------
2024-03-11T22:14:51.860+0900 LOG                  app.ts:68 (Server.<anonymous>       ) 00000000-0000-0000-0000-000000000000 [] 🚀 App listening on the port 3000
2024-03-11T22:14:51.861+0900 LOG                  app.ts:69 (Server.<anonymous>       ) 00000000-0000-0000-0000-000000000000 [] ==============================================
2024-03-11T22:15:21.231+0900 LOG                  app.ts:25 (getOrigins               ) 00000000-0000-0000-0000-000000000000 [] origins: ["http://localhost:3000","https://ics.dev.sisoul.kr"]
2024-03-11T22:15:21.278+0900 LOG                mysql.ts:84 (Object.<anonymous>       ) 00000000-0000-0000-0000-000000000000 [] MySQL Connection has been established successfully.
2024-03-11T22:15:21.278+0900 LOG                  app.ts:65 (Server.<anonymous>       ) 00000000-0000-0000-0000-000000000000 [] [ v1.0.0, .env ] =========================================
2024-03-11T22:15:21.278+0900 LOG                  app.ts:67 (Server.<anonymous>       ) 00000000-0000-0000-0000-000000000000 [] ----------------------------------------------
2024-03-11T22:15:21.279+0900 LOG                  app.ts:68 (Server.<anonymous>       ) 00000000-0000-0000-0000-000000000000 [] 🚀 App listening on the port 3000
2024-03-11T22:15:21.279+0900 LOG                  app.ts:69 (Server.<anonymous>       ) 00000000-0000-0000-0000-000000000000 [] ==============================================
2024-03-11T22:17:14.555+0900 LOG                  app.ts:25 (getOrigins               ) 00000000-0000-0000-0000-000000000000 [] origins: ["http://localhost:3000","https://ics.dev.sisoul.kr"]
2024-03-11T22:17:14.676+0900 LOG                mysql.ts:84 (Object.<anonymous>       ) 00000000-0000-0000-0000-000000000000 [] MySQL Connection has been established successfully.
2024-03-11T22:17:14.676+0900 LOG                  app.ts:65 (Server.<anonymous>       ) 00000000-0000-0000-0000-000000000000 [] [ v1.0.0, .env ] =========================================
2024-03-11T22:17:14.677+0900 LOG                  app.ts:67 (Server.<anonymous>       ) 00000000-0000-0000-0000-000000000000 [] ----------------------------------------------
2024-03-11T22:17:14.677+0900 LOG                  app.ts:68 (Server.<anonymous>       ) 00000000-0000-0000-0000-000000000000 [] 🚀 App listening on the port 3000
2024-03-11T22:17:14.677+0900 LOG                  app.ts:69 (Server.<anonymous>       ) 00000000-0000-0000-0000-000000000000 [] ==============================================
2024-03-11T22:25:38.695+0900 LOG                  app.ts:25 (getOrigins               ) 00000000-0000-0000-0000-000000000000 [] origins: ["http://localhost:3000","https://ics.dev.sisoul.kr"]
2024-03-11T22:25:38.818+0900 LOG                mysql.ts:84 (Object.<anonymous>       ) 00000000-0000-0000-0000-000000000000 [] MySQL Connection has been established successfully.
2024-03-11T22:25:38.818+0900 LOG                  app.ts:65 (Server.<anonymous>       ) 00000000-0000-0000-0000-000000000000 [] [ v1.0.0, .env ] =========================================
2024-03-11T22:25:38.819+0900 LOG                  app.ts:67 (Server.<anonymous>       ) 00000000-0000-0000-0000-000000000000 [] ----------------------------------------------
2024-03-11T22:25:38.819+0900 LOG                  app.ts:68 (Server.<anonymous>       ) 00000000-0000-0000-0000-000000000000 [] 🚀 App listening on the port 3000
2024-03-11T22:25:38.820+0900 LOG                  app.ts:69 (Server.<anonymous>       ) 00000000-0000-0000-0000-000000000000 [] ==============================================
2024-03-11T22:29:09.998+0900 LOG                  app.ts:25 (getOrigins               ) 00000000-0000-0000-0000-000000000000 [] origins: ["http://localhost:3000","https://ics.dev.sisoul.kr"]
2024-03-11T22:29:10.097+0900 LOG                mysql.ts:84 (Object.<anonymous>       ) 00000000-0000-0000-0000-000000000000 [] MySQL Connection has been established successfully.
2024-03-11T22:29:10.098+0900 LOG                  app.ts:65 (Server.<anonymous>       ) 00000000-0000-0000-0000-000000000000 [] [ v1.0.0, .env ] =========================================
2024-03-11T22:29:10.098+0900 LOG                  app.ts:67 (Server.<anonymous>       ) 00000000-0000-0000-0000-000000000000 [] ----------------------------------------------
2024-03-11T22:29:10.099+0900 LOG                  app.ts:68 (Server.<anonymous>       ) 00000000-0000-0000-0000-000000000000 [] 🚀 App listening on the port 3000
2024-03-11T22:29:10.099+0900 LOG                  app.ts:69 (Server.<anonymous>       ) 00000000-0000-0000-0000-000000000000 [] ==============================================
2024-03-11T22:31:04.911+0900 LOG                  app.ts:25 (getOrigins               ) 00000000-0000-0000-0000-000000000000 [] origins: ["http://localhost:3000","https://ics.dev.sisoul.kr"]
2024-03-11T22:31:05.155+0900 LOG                mysql.ts:84 (Object.<anonymous>       ) 00000000-0000-0000-0000-000000000000 [] MySQL Connection has been established successfully.
2024-03-11T22:31:05.156+0900 LOG                  app.ts:65 (Server.<anonymous>       ) 00000000-0000-0000-0000-000000000000 [] [ v1.0.0, .env ] =========================================
2024-03-11T22:31:05.156+0900 LOG                  app.ts:67 (Server.<anonymous>       ) 00000000-0000-0000-0000-000000000000 [] ----------------------------------------------
2024-03-11T22:31:05.156+0900 LOG                  app.ts:68 (Server.<anonymous>       ) 00000000-0000-0000-0000-000000000000 [] 🚀 App listening on the port 3000
2024-03-11T22:31:05.157+0900 LOG                  app.ts:69 (Server.<anonymous>       ) 00000000-0000-0000-0000-000000000000 [] ==============================================
2024-03-11T23:06:05.184+0900 LOG                  app.ts:28 (getOrigins               ) 00000000-0000-0000-0000-000000000000 [] origins: ["http://localhost:3000","https://ics.dev.sisoul.kr"]
2024-03-11T23:06:05.348+0900 LOG                mysql.ts:84 (Object.<anonymous>       ) 00000000-0000-0000-0000-000000000000 [] MySQL Connection has been established successfully.
2024-03-11T23:06:05.349+0900 LOG                  app.ts:68 (Server.<anonymous>       ) 00000000-0000-0000-0000-000000000000 [] [ v1.0.0, .env ] =========================================
2024-03-11T23:06:05.349+0900 LOG                  app.ts:70 (Server.<anonymous>       ) 00000000-0000-0000-0000-000000000000 [] ----------------------------------------------
2024-03-11T23:06:05.350+0900 LOG                  app.ts:71 (Server.<anonymous>       ) 00000000-0000-0000-0000-000000000000 [] 🚀 App listening on the port 3000
2024-03-11T23:06:05.350+0900 LOG                  app.ts:72 (Server.<anonymous>       ) 00000000-0000-0000-0000-000000000000 [] ==============================================
2024-03-11T23:06:52.867+0900 LOG                  app.ts:28 (getOrigins               ) 00000000-0000-0000-0000-000000000000 [] origins: ["http://localhost:3000","https://ics.dev.sisoul.kr"]
2024-03-11T23:06:52.983+0900 LOG                mysql.ts:84 (Object.<anonymous>       ) 00000000-0000-0000-0000-000000000000 [] MySQL Connection has been established successfully.
2024-03-11T23:06:52.984+0900 LOG                  app.ts:68 (Server.<anonymous>       ) 00000000-0000-0000-0000-000000000000 [] [ v1.0.0, .env ] =========================================
2024-03-11T23:06:52.984+0900 LOG                  app.ts:70 (Server.<anonymous>       ) 00000000-0000-0000-0000-000000000000 [] ----------------------------------------------
2024-03-11T23:06:52.984+0900 LOG                  app.ts:71 (Server.<anonymous>       ) 00000000-0000-0000-0000-000000000000 [] 🚀 App listening on the port 3000
2024-03-11T23:06:52.984+0900 LOG                  app.ts:72 (Server.<anonymous>       ) 00000000-0000-0000-0000-000000000000 [] ==============================================
2024-03-11T23:13:07.924+0900 LOG                  app.ts:28 (getOrigins               ) 00000000-0000-0000-0000-000000000000 [] origins: ["http://localhost:3000","https://ics.dev.sisoul.kr"]
2024-03-11T23:13:08.051+0900 LOG                mysql.ts:84 (Object.<anonymous>       ) 00000000-0000-0000-0000-000000000000 [] MySQL Connection has been established successfully.
2024-03-11T23:13:08.052+0900 LOG                  app.ts:68 (Server.<anonymous>       ) 00000000-0000-0000-0000-000000000000 [] [ v1.0.0, .env ] =========================================
2024-03-11T23:13:08.052+0900 LOG                  app.ts:70 (Server.<anonymous>       ) 00000000-0000-0000-0000-000000000000 [] ----------------------------------------------
2024-03-11T23:13:08.053+0900 LOG                  app.ts:71 (Server.<anonymous>       ) 00000000-0000-0000-0000-000000000000 [] 🚀 App listening on the port 3000
2024-03-11T23:13:08.053+0900 LOG                  app.ts:72 (Server.<anonymous>       ) 00000000-0000-0000-0000-000000000000 [] ==============================================
2024-03-11T23:15:10.239+0900 LOG                  app.ts:28 (getOrigins               ) 00000000-0000-0000-0000-000000000000 [] origins: ["http://localhost:3000","https://ics.dev.sisoul.kr"]
2024-03-11T23:15:10.374+0900 LOG                mysql.ts:84 (Object.<anonymous>       ) 00000000-0000-0000-0000-000000000000 [] MySQL Connection has been established successfully.
2024-03-11T23:15:10.375+0900 LOG                  app.ts:68 (Server.<anonymous>       ) 00000000-0000-0000-0000-000000000000 [] [ v1.0.0, .env ] =========================================
2024-03-11T23:15:10.375+0900 LOG                  app.ts:70 (Server.<anonymous>       ) 00000000-0000-0000-0000-000000000000 [] ----------------------------------------------
2024-03-11T23:15:10.375+0900 LOG                  app.ts:71 (Server.<anonymous>       ) 00000000-0000-0000-0000-000000000000 [] 🚀 App listening on the port 3000
2024-03-11T23:15:10.376+0900 LOG                  app.ts:72 (Server.<anonymous>       ) 00000000-0000-0000-0000-000000000000 [] ==============================================
2024-03-11T23:15:30.835+0900 LOG                  app.ts:28 (getOrigins               ) 00000000-0000-0000-0000-000000000000 [] origins: ["http://localhost:3000","https://ics.dev.sisoul.kr"]
2024-03-11T23:15:30.884+0900 LOG                mysql.ts:84 (Object.<anonymous>       ) 00000000-0000-0000-0000-000000000000 [] MySQL Connection has been established successfully.
2024-03-11T23:15:30.884+0900 LOG                  app.ts:68 (Server.<anonymous>       ) 00000000-0000-0000-0000-000000000000 [] [ v1.0.0, .env ] =========================================
2024-03-11T23:15:30.885+0900 LOG                  app.ts:70 (Server.<anonymous>       ) 00000000-0000-0000-0000-000000000000 [] ----------------------------------------------
2024-03-11T23:15:30.885+0900 LOG                  app.ts:71 (Server.<anonymous>       ) 00000000-0000-0000-0000-000000000000 [] 🚀 App listening on the port 3000
2024-03-11T23:15:30.885+0900 LOG                  app.ts:72 (Server.<anonymous>       ) 00000000-0000-0000-0000-000000000000 [] ==============================================
2024-03-11T23:15:39.102+0900 LOG                  app.ts:28 (getOrigins               ) 00000000-0000-0000-0000-000000000000 [] origins: ["http://localhost:3000","https://ics.dev.sisoul.kr"]
2024-03-11T23:15:39.149+0900 LOG                mysql.ts:84 (Object.<anonymous>       ) 00000000-0000-0000-0000-000000000000 [] MySQL Connection has been established successfully.
2024-03-11T23:15:39.150+0900 LOG                  app.ts:68 (Server.<anonymous>       ) 00000000-0000-0000-0000-000000000000 [] [ v1.0.0, .env ] =========================================
2024-03-11T23:15:39.150+0900 LOG                  app.ts:70 (Server.<anonymous>       ) 00000000-0000-0000-0000-000000000000 [] ----------------------------------------------
2024-03-11T23:15:39.151+0900 LOG                  app.ts:71 (Server.<anonymous>       ) 00000000-0000-0000-0000-000000000000 [] 🚀 App listening on the port 3000
2024-03-11T23:15:39.151+0900 LOG                  app.ts:72 (Server.<anonymous>       ) 00000000-0000-0000-0000-000000000000 [] ==============================================
2024-03-11T23:15:45.508+0900 LOG                  app.ts:28 (getOrigins               ) 00000000-0000-0000-0000-000000000000 [] origins: ["http://localhost:3000","https://ics.dev.sisoul.kr"]
2024-03-11T23:15:45.598+0900 LOG                mysql.ts:84 (Object.<anonymous>       ) 00000000-0000-0000-0000-000000000000 [] MySQL Connection has been established successfully.
2024-03-11T23:15:45.599+0900 LOG                  app.ts:68 (Server.<anonymous>       ) 00000000-0000-0000-0000-000000000000 [] [ v1.0.0, .env ] =========================================
2024-03-11T23:15:45.599+0900 LOG                  app.ts:70 (Server.<anonymous>       ) 00000000-0000-0000-0000-000000000000 [] ----------------------------------------------
2024-03-11T23:15:45.599+0900 LOG                  app.ts:71 (Server.<anonymous>       ) 00000000-0000-0000-0000-000000000000 [] 🚀 App listening on the port 3000
2024-03-11T23:15:45.600+0900 LOG                  app.ts:72 (Server.<anonymous>       ) 00000000-0000-0000-0000-000000000000 [] ==============================================
2024-03-11T23:16:33.209+0900 LOG                  app.ts:28 (getOrigins               ) 00000000-0000-0000-0000-000000000000 [] origins: ["http://localhost:3000","https://ics.dev.sisoul.kr"]
2024-03-11T23:16:33.266+0900 LOG                mysql.ts:84 (Object.<anonymous>       ) 00000000-0000-0000-0000-000000000000 [] MySQL Connection has been established successfully.
2024-03-11T23:16:33.267+0900 LOG                  app.ts:68 (Server.<anonymous>       ) 00000000-0000-0000-0000-000000000000 [] [ v1.0.0, .env ] =========================================
2024-03-11T23:16:33.267+0900 LOG                  app.ts:70 (Server.<anonymous>       ) 00000000-0000-0000-0000-000000000000 [] ----------------------------------------------
2024-03-11T23:16:33.267+0900 LOG                  app.ts:71 (Server.<anonymous>       ) 00000000-0000-0000-0000-000000000000 [] 🚀 App listening on the port 3000
2024-03-11T23:16:33.268+0900 LOG                  app.ts:72 (Server.<anonymous>       ) 00000000-0000-0000-0000-000000000000 [] ==============================================
2024-03-11T23:16:44.301+0900 LOG                  app.ts:28 (getOrigins               ) 00000000-0000-0000-0000-000000000000 [] origins: ["http://localhost:3000","https://ics.dev.sisoul.kr"]
2024-03-11T23:16:44.349+0900 LOG                mysql.ts:84 (Object.<anonymous>       ) 00000000-0000-0000-0000-000000000000 [] MySQL Connection has been established successfully.
2024-03-11T23:16:44.349+0900 LOG                  app.ts:68 (Server.<anonymous>       ) 00000000-0000-0000-0000-000000000000 [] [ v1.0.0, .env ] =========================================
2024-03-11T23:16:44.349+0900 LOG                  app.ts:70 (Server.<anonymous>       ) 00000000-0000-0000-0000-000000000000 [] ----------------------------------------------
2024-03-11T23:16:44.350+0900 LOG                  app.ts:71 (Server.<anonymous>       ) 00000000-0000-0000-0000-000000000000 [] 🚀 App listening on the port 3000
2024-03-11T23:16:44.350+0900 LOG                  app.ts:72 (Server.<anonymous>       ) 00000000-0000-0000-0000-000000000000 [] ==============================================
2024-03-11T23:16:48.312+0900 LOG                  app.ts:28 (getOrigins               ) 00000000-0000-0000-0000-000000000000 [] origins: ["http://localhost:3000","https://ics.dev.sisoul.kr"]
2024-03-11T23:16:48.350+0900 LOG                mysql.ts:84 (Object.<anonymous>       ) 00000000-0000-0000-0000-000000000000 [] MySQL Connection has been established successfully.
2024-03-11T23:16:48.350+0900 LOG                  app.ts:68 (Server.<anonymous>       ) 00000000-0000-0000-0000-000000000000 [] [ v1.0.0, .env ] =========================================
2024-03-11T23:16:48.351+0900 LOG                  app.ts:70 (Server.<anonymous>       ) 00000000-0000-0000-0000-000000000000 [] ----------------------------------------------
2024-03-11T23:16:48.351+0900 LOG                  app.ts:71 (Server.<anonymous>       ) 00000000-0000-0000-0000-000000000000 [] 🚀 App listening on the port 3000
2024-03-11T23:16:48.351+0900 LOG                  app.ts:72 (Server.<anonymous>       ) 00000000-0000-0000-0000-000000000000 [] ==============================================
2024-03-11T23:16:58.219+0900 LOG                  app.ts:28 (getOrigins               ) 00000000-0000-0000-0000-000000000000 [] origins: ["http://localhost:3000","https://ics.dev.sisoul.kr"]
2024-03-11T23:16:58.269+0900 LOG                mysql.ts:84 (Object.<anonymous>       ) 00000000-0000-0000-0000-000000000000 [] MySQL Connection has been established successfully.
2024-03-11T23:16:58.269+0900 LOG                  app.ts:68 (Server.<anonymous>       ) 00000000-0000-0000-0000-000000000000 [] [ v1.0.0, .env ] =========================================
2024-03-11T23:16:58.270+0900 LOG                  app.ts:70 (Server.<anonymous>       ) 00000000-0000-0000-0000-000000000000 [] ----------------------------------------------
2024-03-11T23:16:58.270+0900 LOG                  app.ts:71 (Server.<anonymous>       ) 00000000-0000-0000-0000-000000000000 [] 🚀 App listening on the port 3000
2024-03-11T23:16:58.270+0900 LOG                  app.ts:72 (Server.<anonymous>       ) 00000000-0000-0000-0000-000000000000 [] ==============================================
2024-03-11T23:17:19.998+0900 LOG                  app.ts:28 (getOrigins               ) 00000000-0000-0000-0000-000000000000 [] origins: ["http://localhost:3000","https://ics.dev.sisoul.kr"]
2024-03-11T23:17:20.045+0900 LOG                mysql.ts:84 (Object.<anonymous>       ) 00000000-0000-0000-0000-000000000000 [] MySQL Connection has been established successfully.
2024-03-11T23:17:20.046+0900 LOG                  app.ts:68 (Server.<anonymous>       ) 00000000-0000-0000-0000-000000000000 [] [ v1.0.0, .env ] =========================================
2024-03-11T23:17:20.046+0900 LOG                  app.ts:70 (Server.<anonymous>       ) 00000000-0000-0000-0000-000000000000 [] ----------------------------------------------
2024-03-11T23:17:20.046+0900 LOG                  app.ts:71 (Server.<anonymous>       ) 00000000-0000-0000-0000-000000000000 [] 🚀 App listening on the port 3000
2024-03-11T23:17:20.047+0900 LOG                  app.ts:72 (Server.<anonymous>       ) 00000000-0000-0000-0000-000000000000 [] ==============================================
2024-03-11T23:17:57.321+0900 LOG                  app.ts:28 (getOrigins               ) 00000000-0000-0000-0000-000000000000 [] origins: ["http://localhost:3000","https://ics.dev.sisoul.kr"]
2024-03-11T23:17:57.365+0900 LOG                mysql.ts:84 (Object.<anonymous>       ) 00000000-0000-0000-0000-000000000000 [] MySQL Connection has been established successfully.
2024-03-11T23:17:57.366+0900 LOG                  app.ts:68 (Server.<anonymous>       ) 00000000-0000-0000-0000-000000000000 [] [ v1.0.0, .env ] =========================================
2024-03-11T23:17:57.366+0900 LOG                  app.ts:70 (Server.<anonymous>       ) 00000000-0000-0000-0000-000000000000 [] ----------------------------------------------
2024-03-11T23:17:57.366+0900 LOG                  app.ts:71 (Server.<anonymous>       ) 00000000-0000-0000-0000-000000000000 [] 🚀 App listening on the port 3000
2024-03-11T23:17:57.367+0900 LOG                  app.ts:72 (Server.<anonymous>       ) 00000000-0000-0000-0000-000000000000 [] ==============================================
2024-03-11T23:22:03.398+0900 LOG                  app.ts:28 (getOrigins               ) 00000000-0000-0000-0000-000000000000 [] origins: ["http://localhost:3000","https://ics.dev.sisoul.kr"]
2024-03-11T23:22:03.491+0900 LOG                mysql.ts:84 (Object.<anonymous>       ) 00000000-0000-0000-0000-000000000000 [] MySQL Connection has been established successfully.
2024-03-11T23:22:03.492+0900 LOG                  app.ts:68 (Server.<anonymous>       ) 00000000-0000-0000-0000-000000000000 [] [ v1.0.0, .env ] =========================================
2024-03-11T23:22:03.492+0900 LOG                  app.ts:70 (Server.<anonymous>       ) 00000000-0000-0000-0000-000000000000 [] ----------------------------------------------
2024-03-11T23:22:03.492+0900 LOG                  app.ts:71 (Server.<anonymous>       ) 00000000-0000-0000-0000-000000000000 [] 🚀 App listening on the port 3000
2024-03-11T23:22:03.493+0900 LOG                  app.ts:72 (Server.<anonymous>       ) 00000000-0000-0000-0000-000000000000 [] ==============================================
2024-03-11T23:22:38.871+0900 LOG                  app.ts:28 (getOrigins               ) 00000000-0000-0000-0000-000000000000 [] origins: ["http://localhost:3000","https://ics.dev.sisoul.kr"]
2024-03-11T23:22:38.983+0900 LOG                mysql.ts:84 (Object.<anonymous>       ) 00000000-0000-0000-0000-000000000000 [] MySQL Connection has been established successfully.
2024-03-11T23:22:38.984+0900 LOG                  app.ts:68 (Server.<anonymous>       ) 00000000-0000-0000-0000-000000000000 [] [ v1.0.0, .env ] =========================================
2024-03-11T23:22:38.984+0900 LOG                  app.ts:70 (Server.<anonymous>       ) 00000000-0000-0000-0000-000000000000 [] ----------------------------------------------
2024-03-11T23:22:38.984+0900 LOG                  app.ts:71 (Server.<anonymous>       ) 00000000-0000-0000-0000-000000000000 [] 🚀 App listening on the port 3000
2024-03-11T23:22:38.985+0900 LOG                  app.ts:72 (Server.<anonymous>       ) 00000000-0000-0000-0000-000000000000 [] ==============================================
2024-03-11T23:25:18.077+0900 LOG                  app.ts:28 (getOrigins               ) 00000000-0000-0000-0000-000000000000 [] origins: ["http://localhost:3000","https://ics.dev.sisoul.kr"]
2024-03-11T23:25:18.193+0900 LOG                mysql.ts:84 (Object.<anonymous>       ) 00000000-0000-0000-0000-000000000000 [] MySQL Connection has been established successfully.
2024-03-11T23:25:18.194+0900 LOG                  app.ts:68 (Server.<anonymous>       ) 00000000-0000-0000-0000-000000000000 [] [ v1.0.0, .env ] =========================================
2024-03-11T23:25:18.194+0900 LOG                  app.ts:70 (Server.<anonymous>       ) 00000000-0000-0000-0000-000000000000 [] ----------------------------------------------
2024-03-11T23:25:18.194+0900 LOG                  app.ts:71 (Server.<anonymous>       ) 00000000-0000-0000-0000-000000000000 [] 🚀 App listening on the port 3000
2024-03-11T23:25:18.195+0900 LOG                  app.ts:72 (Server.<anonymous>       ) 00000000-0000-0000-0000-000000000000 [] ==============================================
2024-03-11T23:27:51.808+0900 LOG                  app.ts:28 (getOrigins               ) 00000000-0000-0000-0000-000000000000 [] origins: ["http://localhost:3000","https://ics.dev.sisoul.kr"]
2024-03-11T23:27:51.908+0900 LOG                mysql.ts:84 (Object.<anonymous>       ) 00000000-0000-0000-0000-000000000000 [] MySQL Connection has been established successfully.
2024-03-11T23:27:51.908+0900 LOG                  app.ts:68 (Server.<anonymous>       ) 00000000-0000-0000-0000-000000000000 [] [ v1.0.0, .env ] =========================================
2024-03-11T23:27:51.909+0900 LOG                  app.ts:70 (Server.<anonymous>       ) 00000000-0000-0000-0000-000000000000 [] ----------------------------------------------
2024-03-11T23:27:51.909+0900 LOG                  app.ts:71 (Server.<anonymous>       ) 00000000-0000-0000-0000-000000000000 [] 🚀 App listening on the port 3000
2024-03-11T23:27:51.909+0900 LOG                  app.ts:72 (Server.<anonymous>       ) 00000000-0000-0000-0000-000000000000 [] ==============================================
2024-03-11T23:29:59.713+0900 LOG                  app.ts:28 (getOrigins               ) 00000000-0000-0000-0000-000000000000 [] origins: ["http://localhost:3000","https://ics.dev.sisoul.kr"]
2024-03-11T23:29:59.829+0900 LOG                mysql.ts:84 (Object.<anonymous>       ) 00000000-0000-0000-0000-000000000000 [] MySQL Connection has been established successfully.
2024-03-11T23:29:59.830+0900 LOG                  app.ts:68 (Server.<anonymous>       ) 00000000-0000-0000-0000-000000000000 [] [ v1.0.0, .env ] =========================================
2024-03-11T23:29:59.830+0900 LOG                  app.ts:70 (Server.<anonymous>       ) 00000000-0000-0000-0000-000000000000 [] ----------------------------------------------
2024-03-11T23:29:59.831+0900 LOG                  app.ts:71 (Server.<anonymous>       ) 00000000-0000-0000-0000-000000000000 [] 🚀 App listening on the port 3000
2024-03-11T23:29:59.831+0900 LOG                  app.ts:72 (Server.<anonymous>       ) 00000000-0000-0000-0000-000000000000 [] ==============================================
2024-03-11T23:32:09.190+0900 LOG                  app.ts:28 (getOrigins               ) 00000000-0000-0000-0000-000000000000 [] origins: ["http://localhost:3000","https://ics.dev.sisoul.kr"]
2024-03-11T23:32:09.311+0900 LOG                mysql.ts:84 (Object.<anonymous>       ) 00000000-0000-0000-0000-000000000000 [] MySQL Connection has been established successfully.
2024-03-11T23:32:09.312+0900 LOG                  app.ts:68 (Server.<anonymous>       ) 00000000-0000-0000-0000-000000000000 [] [ v1.0.0, .env ] =========================================
2024-03-11T23:32:09.313+0900 LOG                  app.ts:70 (Server.<anonymous>       ) 00000000-0000-0000-0000-000000000000 [] ----------------------------------------------
2024-03-11T23:32:09.313+0900 LOG                  app.ts:71 (Server.<anonymous>       ) 00000000-0000-0000-0000-000000000000 [] 🚀 App listening on the port 3000
2024-03-11T23:32:09.313+0900 LOG                  app.ts:72 (Server.<anonymous>       ) 00000000-0000-0000-0000-000000000000 [] ==============================================
2024-03-11T23:35:20.555+0900 LOG                  app.ts:28 (getOrigins               ) 00000000-0000-0000-0000-000000000000 [] origins: ["http://localhost:3000","https://ics.dev.sisoul.kr"]
2024-03-11T23:35:20.667+0900 LOG                mysql.ts:84 (Object.<anonymous>       ) 00000000-0000-0000-0000-000000000000 [] MySQL Connection has been established successfully.
2024-03-11T23:35:20.667+0900 LOG                  app.ts:68 (Server.<anonymous>       ) 00000000-0000-0000-0000-000000000000 [] [ v1.0.0, .env ] =========================================
2024-03-11T23:35:20.668+0900 LOG                  app.ts:70 (Server.<anonymous>       ) 00000000-0000-0000-0000-000000000000 [] ----------------------------------------------
2024-03-11T23:35:20.668+0900 LOG                  app.ts:71 (Server.<anonymous>       ) 00000000-0000-0000-0000-000000000000 [] 🚀 App listening on the port 3000
2024-03-11T23:35:20.668+0900 LOG                  app.ts:72 (Server.<anonymous>       ) 00000000-0000-0000-0000-000000000000 [] ==============================================
2024-03-11T23:37:03.741+0900 LOG                  app.ts:28 (getOrigins               ) 00000000-0000-0000-0000-000000000000 [] origins: ["http://localhost:3000","https://ics.dev.sisoul.kr"]
2024-03-11T23:37:03.835+0900 LOG                mysql.ts:84 (Object.<anonymous>       ) 00000000-0000-0000-0000-000000000000 [] MySQL Connection has been established successfully.
2024-03-11T23:37:03.836+0900 LOG                  app.ts:68 (Server.<anonymous>       ) 00000000-0000-0000-0000-000000000000 [] [ v1.0.0, .env ] =========================================
2024-03-11T23:37:03.836+0900 LOG                  app.ts:70 (Server.<anonymous>       ) 00000000-0000-0000-0000-000000000000 [] ----------------------------------------------
2024-03-11T23:37:03.836+0900 LOG                  app.ts:71 (Server.<anonymous>       ) 00000000-0000-0000-0000-000000000000 [] 🚀 App listening on the port 3000
2024-03-11T23:37:03.837+0900 LOG                  app.ts:72 (Server.<anonymous>       ) 00000000-0000-0000-0000-000000000000 [] ==============================================
2024-03-11T23:37:37.167+0900 LOG                  app.ts:28 (getOrigins               ) 00000000-0000-0000-0000-000000000000 [] origins: ["http://localhost:3000","https://ics.dev.sisoul.kr"]
2024-03-11T23:37:37.255+0900 LOG                mysql.ts:84 (Object.<anonymous>       ) 00000000-0000-0000-0000-000000000000 [] MySQL Connection has been established successfully.
2024-03-11T23:37:37.255+0900 LOG                  app.ts:68 (Server.<anonymous>       ) 00000000-0000-0000-0000-000000000000 [] [ v1.0.0, .env ] =========================================
2024-03-11T23:37:37.256+0900 LOG                  app.ts:70 (Server.<anonymous>       ) 00000000-0000-0000-0000-000000000000 [] ----------------------------------------------
2024-03-11T23:37:37.256+0900 LOG                  app.ts:71 (Server.<anonymous>       ) 00000000-0000-0000-0000-000000000000 [] 🚀 App listening on the port 3000
2024-03-11T23:37:37.256+0900 LOG                  app.ts:72 (Server.<anonymous>       ) 00000000-0000-0000-0000-000000000000 [] ==============================================
2024-03-11T23:39:59.633+0900 LOG                  app.ts:28 (getOrigins               ) 00000000-0000-0000-0000-000000000000 [] origins: ["http://localhost:3000","https://ics.dev.sisoul.kr"]
2024-03-11T23:39:59.731+0900 LOG                mysql.ts:84 (Object.<anonymous>       ) 00000000-0000-0000-0000-000000000000 [] MySQL Connection has been established successfully.
2024-03-11T23:39:59.732+0900 LOG                  app.ts:68 (Server.<anonymous>       ) 00000000-0000-0000-0000-000000000000 [] [ v1.0.0, .env ] =========================================
2024-03-11T23:39:59.732+0900 LOG                  app.ts:70 (Server.<anonymous>       ) 00000000-0000-0000-0000-000000000000 [] ----------------------------------------------
2024-03-11T23:39:59.733+0900 LOG                  app.ts:71 (Server.<anonymous>       ) 00000000-0000-0000-0000-000000000000 [] 🚀 App listening on the port 3000
2024-03-11T23:39:59.733+0900 LOG                  app.ts:72 (Server.<anonymous>       ) 00000000-0000-0000-0000-000000000000 [] ==============================================
2024-03-11T23:41:31.012+0900 LOG                  app.ts:28 (getOrigins               ) 00000000-0000-0000-0000-000000000000 [] origins: ["http://localhost:3000","https://ics.dev.sisoul.kr"]
2024-03-11T23:41:31.142+0900 LOG                mysql.ts:84 (Object.<anonymous>       ) 00000000-0000-0000-0000-000000000000 [] MySQL Connection has been established successfully.
2024-03-11T23:41:31.143+0900 LOG                  app.ts:68 (Server.<anonymous>       ) 00000000-0000-0000-0000-000000000000 [] [ v1.0.0, .env ] =========================================
2024-03-11T23:41:31.143+0900 LOG                  app.ts:70 (Server.<anonymous>       ) 00000000-0000-0000-0000-000000000000 [] ----------------------------------------------
2024-03-11T23:41:31.143+0900 LOG                  app.ts:71 (Server.<anonymous>       ) 00000000-0000-0000-0000-000000000000 [] 🚀 App listening on the port 3000
2024-03-11T23:41:31.144+0900 LOG                  app.ts:72 (Server.<anonymous>       ) 00000000-0000-0000-0000-000000000000 [] ==============================================
2024-03-11T23:42:29.687+0900 LOG                  app.ts:28 (getOrigins               ) 00000000-0000-0000-0000-000000000000 [] origins: ["http://localhost:3000","https://ics.dev.sisoul.kr"]
2024-03-11T23:42:29.816+0900 LOG                mysql.ts:84 (Object.<anonymous>       ) 00000000-0000-0000-0000-000000000000 [] MySQL Connection has been established successfully.
2024-03-11T23:42:29.816+0900 LOG                  app.ts:68 (Server.<anonymous>       ) 00000000-0000-0000-0000-000000000000 [] [ v1.0.0, .env ] =========================================
2024-03-11T23:42:29.816+0900 LOG                  app.ts:70 (Server.<anonymous>       ) 00000000-0000-0000-0000-000000000000 [] ----------------------------------------------
2024-03-11T23:42:29.817+0900 LOG                  app.ts:71 (Server.<anonymous>       ) 00000000-0000-0000-0000-000000000000 [] 🚀 App listening on the port 3000
2024-03-11T23:42:29.817+0900 LOG                  app.ts:72 (Server.<anonymous>       ) 00000000-0000-0000-0000-000000000000 [] ==============================================
2024-03-11T23:42:54.483+0900 LOG                  app.ts:28 (getOrigins               ) 00000000-0000-0000-0000-000000000000 [] origins: ["http://localhost:3000","https://ics.dev.sisoul.kr"]
2024-03-11T23:42:54.577+0900 LOG                mysql.ts:84 (Object.<anonymous>       ) 00000000-0000-0000-0000-000000000000 [] MySQL Connection has been established successfully.
2024-03-11T23:42:54.578+0900 LOG                  app.ts:68 (Server.<anonymous>       ) 00000000-0000-0000-0000-000000000000 [] [ v1.0.0, .env ] =========================================
2024-03-11T23:42:54.578+0900 LOG                  app.ts:70 (Server.<anonymous>       ) 00000000-0000-0000-0000-000000000000 [] ----------------------------------------------
2024-03-11T23:42:54.578+0900 LOG                  app.ts:71 (Server.<anonymous>       ) 00000000-0000-0000-0000-000000000000 [] 🚀 App listening on the port 3000
2024-03-11T23:42:54.579+0900 LOG                  app.ts:72 (Server.<anonymous>       ) 00000000-0000-0000-0000-000000000000 [] ==============================================
2024-03-11T23:43:41.572+0900 LOG                  app.ts:28 (getOrigins               ) 00000000-0000-0000-0000-000000000000 [] origins: ["http://localhost:3000","https://ics.dev.sisoul.kr"]
2024-03-11T23:43:41.627+0900 LOG                mysql.ts:84 (Object.<anonymous>       ) 00000000-0000-0000-0000-000000000000 [] MySQL Connection has been established successfully.
2024-03-11T23:43:41.628+0900 LOG                  app.ts:68 (Server.<anonymous>       ) 00000000-0000-0000-0000-000000000000 [] [ v1.0.0, .env ] =========================================
2024-03-11T23:43:41.628+0900 LOG                  app.ts:70 (Server.<anonymous>       ) 00000000-0000-0000-0000-000000000000 [] ----------------------------------------------
2024-03-11T23:43:41.628+0900 LOG                  app.ts:71 (Server.<anonymous>       ) 00000000-0000-0000-0000-000000000000 [] 🚀 App listening on the port 3000
2024-03-11T23:43:41.629+0900 LOG                  app.ts:72 (Server.<anonymous>       ) 00000000-0000-0000-0000-000000000000 [] ==============================================
2024-03-11T23:44:56.166+0900 LOG                  app.ts:28 (getOrigins               ) 00000000-0000-0000-0000-000000000000 [] origins: ["http://localhost:3000","https://ics.dev.sisoul.kr"]
2024-03-11T23:44:56.279+0900 LOG                mysql.ts:84 (Object.<anonymous>       ) 00000000-0000-0000-0000-000000000000 [] MySQL Connection has been established successfully.
2024-03-11T23:44:56.280+0900 LOG                  app.ts:68 (Server.<anonymous>       ) 00000000-0000-0000-0000-000000000000 [] [ v1.0.0, .env ] =========================================
2024-03-11T23:44:56.280+0900 LOG                  app.ts:70 (Server.<anonymous>       ) 00000000-0000-0000-0000-000000000000 [] ----------------------------------------------
2024-03-11T23:44:56.280+0900 LOG                  app.ts:71 (Server.<anonymous>       ) 00000000-0000-0000-0000-000000000000 [] 🚀 App listening on the port 3000
2024-03-11T23:44:56.281+0900 LOG                  app.ts:72 (Server.<anonymous>       ) 00000000-0000-0000-0000-000000000000 [] ==============================================
