2024-02-14T21:00:13.229+0900 LOG                  app.ts:25 (getOrigins               ) 00000000-0000-0000-0000-000000000000 [] origins: ["http://localhost:3000","https://ics.dev.sisoul.kr"]
2024-02-14T21:00:13.365+0900 LOG                mysql.ts:89 (Object.<anonymous>       ) 00000000-0000-0000-0000-000000000000 [] MySQL Connection has been established successfully.
2024-02-14T21:00:13.365+0900 LOG                  app.ts:65 (Server.<anonymous>       ) 00000000-0000-0000-0000-000000000000 [] [ v1.0.0, .env ] =========================================
2024-02-14T21:00:13.366+0900 LOG                  app.ts:67 (Server.<anonymous>       ) 00000000-0000-0000-0000-000000000000 [] ----------------------------------------------
2024-02-14T21:00:13.366+0900 LOG                  app.ts:68 (Server.<anonymous>       ) 00000000-0000-0000-0000-000000000000 [] 🚀 App listening on the port 3000
2024-02-14T21:00:13.366+0900 LOG                  app.ts:69 (Server.<anonymous>       ) 00000000-0000-0000-0000-000000000000 [] ==============================================
2024-02-14T21:01:03.608+0900 LOG                  app.ts:25 (getOrigins               ) 00000000-0000-0000-0000-000000000000 [] origins: ["http://localhost:3000","https://ics.dev.sisoul.kr"]
2024-02-14T21:01:03.723+0900 LOG                mysql.ts:89 (Object.<anonymous>       ) 00000000-0000-0000-0000-000000000000 [] MySQL Connection has been established successfully.
2024-02-14T21:01:03.723+0900 LOG                  app.ts:65 (Server.<anonymous>       ) 00000000-0000-0000-0000-000000000000 [] [ v1.0.0, .env ] =========================================
2024-02-14T21:01:03.724+0900 LOG                  app.ts:67 (Server.<anonymous>       ) 00000000-0000-0000-0000-000000000000 [] ----------------------------------------------
2024-02-14T21:01:03.724+0900 LOG                  app.ts:68 (Server.<anonymous>       ) 00000000-0000-0000-0000-000000000000 [] 🚀 App listening on the port 3000
2024-02-14T21:01:03.724+0900 LOG                  app.ts:69 (Server.<anonymous>       ) 00000000-0000-0000-0000-000000000000 [] ==============================================
2024-02-14T21:01:49.122+0900 LOG                  app.ts:25 (getOrigins               ) 00000000-0000-0000-0000-000000000000 [] origins: ["http://localhost:3000","https://ics.dev.sisoul.kr"]
2024-02-14T21:01:49.217+0900 LOG                mysql.ts:89 (Object.<anonymous>       ) 00000000-0000-0000-0000-000000000000 [] MySQL Connection has been established successfully.
2024-02-14T21:01:49.217+0900 LOG                  app.ts:65 (Server.<anonymous>       ) 00000000-0000-0000-0000-000000000000 [] [ v1.0.0, .env ] =========================================
2024-02-14T21:01:49.218+0900 LOG                  app.ts:67 (Server.<anonymous>       ) 00000000-0000-0000-0000-000000000000 [] ----------------------------------------------
2024-02-14T21:01:49.218+0900 LOG                  app.ts:68 (Server.<anonymous>       ) 00000000-0000-0000-0000-000000000000 [] 🚀 App listening on the port 3000
2024-02-14T21:01:49.218+0900 LOG                  app.ts:69 (Server.<anonymous>       ) 00000000-0000-0000-0000-000000000000 [] ==============================================
2024-02-14T21:02:05.019+0900 LOG                  app.ts:25 (getOrigins               ) 00000000-0000-0000-0000-000000000000 [] origins: ["http://localhost:3000","https://ics.dev.sisoul.kr"]
2024-02-14T21:02:05.066+0900 LOG                mysql.ts:89 (Object.<anonymous>       ) 00000000-0000-0000-0000-000000000000 [] MySQL Connection has been established successfully.
2024-02-14T21:02:05.066+0900 LOG                  app.ts:65 (Server.<anonymous>       ) 00000000-0000-0000-0000-000000000000 [] [ v1.0.0, .env ] =========================================
2024-02-14T21:02:05.066+0900 LOG                  app.ts:67 (Server.<anonymous>       ) 00000000-0000-0000-0000-000000000000 [] ----------------------------------------------
2024-02-14T21:02:05.067+0900 LOG                  app.ts:68 (Server.<anonymous>       ) 00000000-0000-0000-0000-000000000000 [] 🚀 App listening on the port 3000
2024-02-14T21:02:05.067+0900 LOG                  app.ts:69 (Server.<anonymous>       ) 00000000-0000-0000-0000-000000000000 [] ==============================================
2024-02-14T21:02:16.878+0900 LOG                  app.ts:25 (getOrigins               ) 00000000-0000-0000-0000-000000000000 [] origins: ["http://localhost:3000","https://ics.dev.sisoul.kr"]
2024-02-14T21:02:16.920+0900 LOG                mysql.ts:89 (Object.<anonymous>       ) 00000000-0000-0000-0000-000000000000 [] MySQL Connection has been established successfully.
2024-02-14T21:02:16.920+0900 LOG                  app.ts:65 (Server.<anonymous>       ) 00000000-0000-0000-0000-000000000000 [] [ v1.0.0, .env ] =========================================
2024-02-14T21:02:16.921+0900 LOG                  app.ts:67 (Server.<anonymous>       ) 00000000-0000-0000-0000-000000000000 [] ----------------------------------------------
2024-02-14T21:02:16.921+0900 LOG                  app.ts:68 (Server.<anonymous>       ) 00000000-0000-0000-0000-000000000000 [] 🚀 App listening on the port 3000
2024-02-14T21:02:16.921+0900 LOG                  app.ts:69 (Server.<anonymous>       ) 00000000-0000-0000-0000-000000000000 [] ==============================================
2024-02-14T21:02:26.123+0900 LOG                  app.ts:25 (getOrigins               ) 00000000-0000-0000-0000-000000000000 [] origins: ["http://localhost:3000","https://ics.dev.sisoul.kr"]
2024-02-14T21:02:26.165+0900 LOG                mysql.ts:89 (Object.<anonymous>       ) 00000000-0000-0000-0000-000000000000 [] MySQL Connection has been established successfully.
2024-02-14T21:02:26.166+0900 LOG                  app.ts:65 (Server.<anonymous>       ) 00000000-0000-0000-0000-000000000000 [] [ v1.0.0, .env ] =========================================
2024-02-14T21:02:26.166+0900 LOG                  app.ts:67 (Server.<anonymous>       ) 00000000-0000-0000-0000-000000000000 [] ----------------------------------------------
2024-02-14T21:02:26.166+0900 LOG                  app.ts:68 (Server.<anonymous>       ) 00000000-0000-0000-0000-000000000000 [] 🚀 App listening on the port 3000
2024-02-14T21:02:26.167+0900 LOG                  app.ts:69 (Server.<anonymous>       ) 00000000-0000-0000-0000-000000000000 [] ==============================================
2024-02-14T21:02:55.352+0900 LOG                  app.ts:25 (getOrigins               ) 00000000-0000-0000-0000-000000000000 [] origins: ["http://localhost:3000","https://ics.dev.sisoul.kr"]
2024-02-14T21:02:55.390+0900 LOG                mysql.ts:89 (Object.<anonymous>       ) 00000000-0000-0000-0000-000000000000 [] MySQL Connection has been established successfully.
2024-02-14T21:02:55.391+0900 LOG                  app.ts:65 (Server.<anonymous>       ) 00000000-0000-0000-0000-000000000000 [] [ v1.0.0, .env ] =========================================
2024-02-14T21:02:55.391+0900 LOG                  app.ts:67 (Server.<anonymous>       ) 00000000-0000-0000-0000-000000000000 [] ----------------------------------------------
2024-02-14T21:02:55.391+0900 LOG                  app.ts:68 (Server.<anonymous>       ) 00000000-0000-0000-0000-000000000000 [] 🚀 App listening on the port 3000
2024-02-14T21:02:55.391+0900 LOG                  app.ts:69 (Server.<anonymous>       ) 00000000-0000-0000-0000-000000000000 [] ==============================================
2024-02-14T21:02:57.856+0900 LOG                  app.ts:25 (getOrigins               ) 00000000-0000-0000-0000-000000000000 [] origins: ["http://localhost:3000","https://ics.dev.sisoul.kr"]
2024-02-14T21:02:57.893+0900 LOG                mysql.ts:89 (Object.<anonymous>       ) 00000000-0000-0000-0000-000000000000 [] MySQL Connection has been established successfully.
2024-02-14T21:02:57.893+0900 LOG                  app.ts:65 (Server.<anonymous>       ) 00000000-0000-0000-0000-000000000000 [] [ v1.0.0, .env ] =========================================
2024-02-14T21:02:57.894+0900 LOG                  app.ts:67 (Server.<anonymous>       ) 00000000-0000-0000-0000-000000000000 [] ----------------------------------------------
2024-02-14T21:02:57.894+0900 LOG                  app.ts:68 (Server.<anonymous>       ) 00000000-0000-0000-0000-000000000000 [] 🚀 App listening on the port 3000
2024-02-14T21:02:57.894+0900 LOG                  app.ts:69 (Server.<anonymous>       ) 00000000-0000-0000-0000-000000000000 [] ==============================================
2024-02-14T21:03:05.031+0900 LOG                  app.ts:25 (getOrigins               ) 00000000-0000-0000-0000-000000000000 [] origins: ["http://localhost:3000","https://ics.dev.sisoul.kr"]
2024-02-14T21:03:05.082+0900 LOG                mysql.ts:89 (Object.<anonymous>       ) 00000000-0000-0000-0000-000000000000 [] MySQL Connection has been established successfully.
2024-02-14T21:03:05.082+0900 LOG                  app.ts:65 (Server.<anonymous>       ) 00000000-0000-0000-0000-000000000000 [] [ v1.0.0, .env ] =========================================
2024-02-14T21:03:05.083+0900 LOG                  app.ts:67 (Server.<anonymous>       ) 00000000-0000-0000-0000-000000000000 [] ----------------------------------------------
2024-02-14T21:03:05.083+0900 LOG                  app.ts:68 (Server.<anonymous>       ) 00000000-0000-0000-0000-000000000000 [] 🚀 App listening on the port 3000
2024-02-14T21:03:05.083+0900 LOG                  app.ts:69 (Server.<anonymous>       ) 00000000-0000-0000-0000-000000000000 [] ==============================================
2024-02-14T21:03:42.611+0900 LOG                  app.ts:25 (getOrigins               ) 00000000-0000-0000-0000-000000000000 [] origins: ["http://localhost:3000","https://ics.dev.sisoul.kr"]
2024-02-14T21:03:42.671+0900 LOG                mysql.ts:89 (Object.<anonymous>       ) 00000000-0000-0000-0000-000000000000 [] MySQL Connection has been established successfully.
2024-02-14T21:03:42.671+0900 LOG                  app.ts:65 (Server.<anonymous>       ) 00000000-0000-0000-0000-000000000000 [] [ v1.0.0, .env ] =========================================
2024-02-14T21:03:42.672+0900 LOG                  app.ts:67 (Server.<anonymous>       ) 00000000-0000-0000-0000-000000000000 [] ----------------------------------------------
2024-02-14T21:03:42.672+0900 LOG                  app.ts:68 (Server.<anonymous>       ) 00000000-0000-0000-0000-000000000000 [] 🚀 App listening on the port 3000
2024-02-14T21:03:42.672+0900 LOG                  app.ts:69 (Server.<anonymous>       ) 00000000-0000-0000-0000-000000000000 [] ==============================================
2024-02-14T21:03:47.084+0900 LOG                  app.ts:25 (getOrigins               ) 00000000-0000-0000-0000-000000000000 [] origins: ["http://localhost:3000","https://ics.dev.sisoul.kr"]
2024-02-14T21:03:47.122+0900 LOG                mysql.ts:89 (Object.<anonymous>       ) 00000000-0000-0000-0000-000000000000 [] MySQL Connection has been established successfully.
2024-02-14T21:03:47.123+0900 LOG                  app.ts:65 (Server.<anonymous>       ) 00000000-0000-0000-0000-000000000000 [] [ v1.0.0, .env ] =========================================
2024-02-14T21:03:47.123+0900 LOG                  app.ts:67 (Server.<anonymous>       ) 00000000-0000-0000-0000-000000000000 [] ----------------------------------------------
2024-02-14T21:03:47.123+0900 LOG                  app.ts:68 (Server.<anonymous>       ) 00000000-0000-0000-0000-000000000000 [] 🚀 App listening on the port 3000
2024-02-14T21:03:47.123+0900 LOG                  app.ts:69 (Server.<anonymous>       ) 00000000-0000-0000-0000-000000000000 [] ==============================================
2024-02-14T21:07:21.717+0900 LOG                  app.ts:25 (getOrigins               ) 00000000-0000-0000-0000-000000000000 [] origins: ["http://localhost:3000","https://ics.dev.sisoul.kr"]
2024-02-14T21:07:21.762+0900 LOG                mysql.ts:89 (Object.<anonymous>       ) 00000000-0000-0000-0000-000000000000 [] MySQL Connection has been established successfully.
2024-02-14T21:07:21.762+0900 LOG                  app.ts:65 (Server.<anonymous>       ) 00000000-0000-0000-0000-000000000000 [] [ v1.0.0, .env ] =========================================
2024-02-14T21:07:21.763+0900 LOG                  app.ts:67 (Server.<anonymous>       ) 00000000-0000-0000-0000-000000000000 [] ----------------------------------------------
2024-02-14T21:07:21.763+0900 LOG                  app.ts:68 (Server.<anonymous>       ) 00000000-0000-0000-0000-000000000000 [] 🚀 App listening on the port 3000
2024-02-14T21:07:21.763+0900 LOG                  app.ts:69 (Server.<anonymous>       ) 00000000-0000-0000-0000-000000000000 [] ==============================================
2024-02-14T21:07:23.306+0900 LOG                  app.ts:25 (getOrigins               ) 00000000-0000-0000-0000-000000000000 [] origins: ["http://localhost:3000","https://ics.dev.sisoul.kr"]
2024-02-14T21:07:23.356+0900 LOG                mysql.ts:89 (Object.<anonymous>       ) 00000000-0000-0000-0000-000000000000 [] MySQL Connection has been established successfully.
2024-02-14T21:07:23.357+0900 LOG                  app.ts:65 (Server.<anonymous>       ) 00000000-0000-0000-0000-000000000000 [] [ v1.0.0, .env ] =========================================
2024-02-14T21:07:23.357+0900 LOG                  app.ts:67 (Server.<anonymous>       ) 00000000-0000-0000-0000-000000000000 [] ----------------------------------------------
2024-02-14T21:07:23.357+0900 LOG                  app.ts:68 (Server.<anonymous>       ) 00000000-0000-0000-0000-000000000000 [] 🚀 App listening on the port 3000
2024-02-14T21:07:23.358+0900 LOG                  app.ts:69 (Server.<anonymous>       ) 00000000-0000-0000-0000-000000000000 [] ==============================================
2024-02-14T21:07:28.645+0900 LOG                  app.ts:25 (getOrigins               ) 00000000-0000-0000-0000-000000000000 [] origins: ["http://localhost:3000","https://ics.dev.sisoul.kr"]
2024-02-14T21:07:28.693+0900 LOG                mysql.ts:89 (Object.<anonymous>       ) 00000000-0000-0000-0000-000000000000 [] MySQL Connection has been established successfully.
2024-02-14T21:07:28.693+0900 LOG                  app.ts:65 (Server.<anonymous>       ) 00000000-0000-0000-0000-000000000000 [] [ v1.0.0, .env ] =========================================
2024-02-14T21:07:28.694+0900 LOG                  app.ts:67 (Server.<anonymous>       ) 00000000-0000-0000-0000-000000000000 [] ----------------------------------------------
2024-02-14T21:07:28.694+0900 LOG                  app.ts:68 (Server.<anonymous>       ) 00000000-0000-0000-0000-000000000000 [] 🚀 App listening on the port 3000
2024-02-14T21:07:28.694+0900 LOG                  app.ts:69 (Server.<anonymous>       ) 00000000-0000-0000-0000-000000000000 [] ==============================================
2024-02-14T21:07:32.265+0900 LOG                  app.ts:25 (getOrigins               ) 00000000-0000-0000-0000-000000000000 [] origins: ["http://localhost:3000","https://ics.dev.sisoul.kr"]
2024-02-14T21:07:32.315+0900 LOG                mysql.ts:89 (Object.<anonymous>       ) 00000000-0000-0000-0000-000000000000 [] MySQL Connection has been established successfully.
2024-02-14T21:07:32.316+0900 LOG                  app.ts:65 (Server.<anonymous>       ) 00000000-0000-0000-0000-000000000000 [] [ v1.0.0, .env ] =========================================
2024-02-14T21:07:32.316+0900 LOG                  app.ts:67 (Server.<anonymous>       ) 00000000-0000-0000-0000-000000000000 [] ----------------------------------------------
2024-02-14T21:07:32.316+0900 LOG                  app.ts:68 (Server.<anonymous>       ) 00000000-0000-0000-0000-000000000000 [] 🚀 App listening on the port 3000
2024-02-14T21:07:32.316+0900 LOG                  app.ts:69 (Server.<anonymous>       ) 00000000-0000-0000-0000-000000000000 [] ==============================================
2024-02-14T21:07:38.266+0900 LOG                  app.ts:25 (getOrigins               ) 00000000-0000-0000-0000-000000000000 [] origins: ["http://localhost:3000","https://ics.dev.sisoul.kr"]
2024-02-14T21:07:38.308+0900 LOG                mysql.ts:89 (Object.<anonymous>       ) 00000000-0000-0000-0000-000000000000 [] MySQL Connection has been established successfully.
2024-02-14T21:07:38.309+0900 LOG                  app.ts:65 (Server.<anonymous>       ) 00000000-0000-0000-0000-000000000000 [] [ v1.0.0, .env ] =========================================
2024-02-14T21:07:38.309+0900 LOG                  app.ts:67 (Server.<anonymous>       ) 00000000-0000-0000-0000-000000000000 [] ----------------------------------------------
2024-02-14T21:07:38.309+0900 LOG                  app.ts:68 (Server.<anonymous>       ) 00000000-0000-0000-0000-000000000000 [] 🚀 App listening on the port 3000
2024-02-14T21:07:38.309+0900 LOG                  app.ts:69 (Server.<anonymous>       ) 00000000-0000-0000-0000-000000000000 [] ==============================================
2024-02-14T21:07:40.865+0900 LOG                  app.ts:25 (getOrigins               ) 00000000-0000-0000-0000-000000000000 [] origins: ["http://localhost:3000","https://ics.dev.sisoul.kr"]
2024-02-14T21:07:40.898+0900 LOG                mysql.ts:89 (Object.<anonymous>       ) 00000000-0000-0000-0000-000000000000 [] MySQL Connection has been established successfully.
2024-02-14T21:07:40.899+0900 LOG                  app.ts:65 (Server.<anonymous>       ) 00000000-0000-0000-0000-000000000000 [] [ v1.0.0, .env ] =========================================
2024-02-14T21:07:40.899+0900 LOG                  app.ts:67 (Server.<anonymous>       ) 00000000-0000-0000-0000-000000000000 [] ----------------------------------------------
2024-02-14T21:07:40.899+0900 LOG                  app.ts:68 (Server.<anonymous>       ) 00000000-0000-0000-0000-000000000000 [] 🚀 App listening on the port 3000
2024-02-14T21:07:40.899+0900 LOG                  app.ts:69 (Server.<anonymous>       ) 00000000-0000-0000-0000-000000000000 [] ==============================================
2024-02-14T21:08:11.628+0900 LOG                  app.ts:25 (getOrigins               ) 00000000-0000-0000-0000-000000000000 [] origins: ["http://localhost:3000","https://ics.dev.sisoul.kr"]
2024-02-14T21:08:11.674+0900 LOG                mysql.ts:89 (Object.<anonymous>       ) 00000000-0000-0000-0000-000000000000 [] MySQL Connection has been established successfully.
2024-02-14T21:08:11.675+0900 LOG                  app.ts:65 (Server.<anonymous>       ) 00000000-0000-0000-0000-000000000000 [] [ v1.0.0, .env ] =========================================
2024-02-14T21:08:11.675+0900 LOG                  app.ts:67 (Server.<anonymous>       ) 00000000-0000-0000-0000-000000000000 [] ----------------------------------------------
2024-02-14T21:08:11.675+0900 LOG                  app.ts:68 (Server.<anonymous>       ) 00000000-0000-0000-0000-000000000000 [] 🚀 App listening on the port 3000
2024-02-14T21:08:11.675+0900 LOG                  app.ts:69 (Server.<anonymous>       ) 00000000-0000-0000-0000-000000000000 [] ==============================================
2024-02-14T21:08:27.790+0900 LOG                  app.ts:25 (getOrigins               ) 00000000-0000-0000-0000-000000000000 [] origins: ["http://localhost:3000","https://ics.dev.sisoul.kr"]
2024-02-14T21:08:27.842+0900 LOG                mysql.ts:89 (Object.<anonymous>       ) 00000000-0000-0000-0000-000000000000 [] MySQL Connection has been established successfully.
2024-02-14T21:08:27.842+0900 LOG                  app.ts:65 (Server.<anonymous>       ) 00000000-0000-0000-0000-000000000000 [] [ v1.0.0, .env ] =========================================
2024-02-14T21:08:27.842+0900 LOG                  app.ts:67 (Server.<anonymous>       ) 00000000-0000-0000-0000-000000000000 [] ----------------------------------------------
2024-02-14T21:08:27.843+0900 LOG                  app.ts:68 (Server.<anonymous>       ) 00000000-0000-0000-0000-000000000000 [] 🚀 App listening on the port 3000
2024-02-14T21:08:27.843+0900 LOG                  app.ts:69 (Server.<anonymous>       ) 00000000-0000-0000-0000-000000000000 [] ==============================================
2024-02-14T21:10:17.293+0900 LOG                  app.ts:25 (getOrigins               ) 00000000-0000-0000-0000-000000000000 [] origins: ["http://localhost:3000","https://ics.dev.sisoul.kr"]
2024-02-14T21:10:17.409+0900 LOG                mysql.ts:89 (Object.<anonymous>       ) 00000000-0000-0000-0000-000000000000 [] MySQL Connection has been established successfully.
2024-02-14T21:10:17.410+0900 LOG                  app.ts:65 (Server.<anonymous>       ) 00000000-0000-0000-0000-000000000000 [] [ v1.0.0, .env ] =========================================
2024-02-14T21:10:17.410+0900 LOG                  app.ts:67 (Server.<anonymous>       ) 00000000-0000-0000-0000-000000000000 [] ----------------------------------------------
2024-02-14T21:10:17.411+0900 LOG                  app.ts:68 (Server.<anonymous>       ) 00000000-0000-0000-0000-000000000000 [] 🚀 App listening on the port 3000
2024-02-14T21:10:17.411+0900 LOG                  app.ts:69 (Server.<anonymous>       ) 00000000-0000-0000-0000-000000000000 [] ==============================================
2024-02-14T21:10:21.721+0900 LOG                  app.ts:25 (getOrigins               ) 00000000-0000-0000-0000-000000000000 [] origins: ["http://localhost:3000","https://ics.dev.sisoul.kr"]
2024-02-14T21:10:21.757+0900 LOG                mysql.ts:89 (Object.<anonymous>       ) 00000000-0000-0000-0000-000000000000 [] MySQL Connection has been established successfully.
2024-02-14T21:10:21.757+0900 LOG                  app.ts:65 (Server.<anonymous>       ) 00000000-0000-0000-0000-000000000000 [] [ v1.0.0, .env ] =========================================
2024-02-14T21:10:21.758+0900 LOG                  app.ts:67 (Server.<anonymous>       ) 00000000-0000-0000-0000-000000000000 [] ----------------------------------------------
2024-02-14T21:10:21.758+0900 LOG                  app.ts:68 (Server.<anonymous>       ) 00000000-0000-0000-0000-000000000000 [] 🚀 App listening on the port 3000
2024-02-14T21:10:21.758+0900 LOG                  app.ts:69 (Server.<anonymous>       ) 00000000-0000-0000-0000-000000000000 [] ==============================================
2024-02-14T21:10:25.620+0900 LOG                  app.ts:25 (getOrigins               ) 00000000-0000-0000-0000-000000000000 [] origins: ["http://localhost:3000","https://ics.dev.sisoul.kr"]
2024-02-14T21:10:25.657+0900 LOG                mysql.ts:89 (Object.<anonymous>       ) 00000000-0000-0000-0000-000000000000 [] MySQL Connection has been established successfully.
2024-02-14T21:10:25.658+0900 LOG                  app.ts:65 (Server.<anonymous>       ) 00000000-0000-0000-0000-000000000000 [] [ v1.0.0, .env ] =========================================
2024-02-14T21:10:25.658+0900 LOG                  app.ts:67 (Server.<anonymous>       ) 00000000-0000-0000-0000-000000000000 [] ----------------------------------------------
2024-02-14T21:10:25.658+0900 LOG                  app.ts:68 (Server.<anonymous>       ) 00000000-0000-0000-0000-000000000000 [] 🚀 App listening on the port 3000
2024-02-14T21:10:25.658+0900 LOG                  app.ts:69 (Server.<anonymous>       ) 00000000-0000-0000-0000-000000000000 [] ==============================================
2024-02-14T21:10:32.062+0900 LOG                  app.ts:25 (getOrigins               ) 00000000-0000-0000-0000-000000000000 [] origins: ["http://localhost:3000","https://ics.dev.sisoul.kr"]
2024-02-14T21:10:32.105+0900 LOG                mysql.ts:89 (Object.<anonymous>       ) 00000000-0000-0000-0000-000000000000 [] MySQL Connection has been established successfully.
2024-02-14T21:10:32.106+0900 LOG                  app.ts:65 (Server.<anonymous>       ) 00000000-0000-0000-0000-000000000000 [] [ v1.0.0, .env ] =========================================
2024-02-14T21:10:32.106+0900 LOG                  app.ts:67 (Server.<anonymous>       ) 00000000-0000-0000-0000-000000000000 [] ----------------------------------------------
2024-02-14T21:10:32.106+0900 LOG                  app.ts:68 (Server.<anonymous>       ) 00000000-0000-0000-0000-000000000000 [] 🚀 App listening on the port 3000
2024-02-14T21:10:32.107+0900 LOG                  app.ts:69 (Server.<anonymous>       ) 00000000-0000-0000-0000-000000000000 [] ==============================================
2024-02-14T21:10:50.990+0900 LOG                  app.ts:25 (getOrigins               ) 00000000-0000-0000-0000-000000000000 [] origins: ["http://localhost:3000","https://ics.dev.sisoul.kr"]
2024-02-14T21:10:51.036+0900 LOG                mysql.ts:89 (Object.<anonymous>       ) 00000000-0000-0000-0000-000000000000 [] MySQL Connection has been established successfully.
2024-02-14T21:10:51.037+0900 LOG                  app.ts:65 (Server.<anonymous>       ) 00000000-0000-0000-0000-000000000000 [] [ v1.0.0, .env ] =========================================
2024-02-14T21:10:51.037+0900 LOG                  app.ts:67 (Server.<anonymous>       ) 00000000-0000-0000-0000-000000000000 [] ----------------------------------------------
2024-02-14T21:10:51.037+0900 LOG                  app.ts:68 (Server.<anonymous>       ) 00000000-0000-0000-0000-000000000000 [] 🚀 App listening on the port 3000
2024-02-14T21:10:51.038+0900 LOG                  app.ts:69 (Server.<anonymous>       ) 00000000-0000-0000-0000-000000000000 [] ==============================================
2024-02-14T21:11:14.330+0900 LOG                  app.ts:25 (getOrigins               ) 00000000-0000-0000-0000-000000000000 [] origins: ["http://localhost:3000","https://ics.dev.sisoul.kr"]
2024-02-14T21:11:14.460+0900 LOG                mysql.ts:89 (Object.<anonymous>       ) 00000000-0000-0000-0000-000000000000 [] MySQL Connection has been established successfully.
2024-02-14T21:11:14.461+0900 LOG                  app.ts:65 (Server.<anonymous>       ) 00000000-0000-0000-0000-000000000000 [] [ v1.0.0, .env ] =========================================
2024-02-14T21:11:14.461+0900 LOG                  app.ts:67 (Server.<anonymous>       ) 00000000-0000-0000-0000-000000000000 [] ----------------------------------------------
2024-02-14T21:11:14.461+0900 LOG                  app.ts:68 (Server.<anonymous>       ) 00000000-0000-0000-0000-000000000000 [] 🚀 App listening on the port 3000
2024-02-14T21:11:14.462+0900 LOG                  app.ts:69 (Server.<anonymous>       ) 00000000-0000-0000-0000-000000000000 [] ==============================================
2024-02-14T21:11:34.674+0900 LOG                  app.ts:25 (getOrigins               ) 00000000-0000-0000-0000-000000000000 [] origins: ["http://localhost:3000","https://ics.dev.sisoul.kr"]
2024-02-14T21:11:34.769+0900 LOG                mysql.ts:89 (Object.<anonymous>       ) 00000000-0000-0000-0000-000000000000 [] MySQL Connection has been established successfully.
2024-02-14T21:11:34.770+0900 LOG                  app.ts:65 (Server.<anonymous>       ) 00000000-0000-0000-0000-000000000000 [] [ v1.0.0, .env ] =========================================
2024-02-14T21:11:34.770+0900 LOG                  app.ts:67 (Server.<anonymous>       ) 00000000-0000-0000-0000-000000000000 [] ----------------------------------------------
2024-02-14T21:11:34.771+0900 LOG                  app.ts:68 (Server.<anonymous>       ) 00000000-0000-0000-0000-000000000000 [] 🚀 App listening on the port 3000
2024-02-14T21:11:34.771+0900 LOG                  app.ts:69 (Server.<anonymous>       ) 00000000-0000-0000-0000-000000000000 [] ==============================================
2024-02-14T21:11:40.277+0900 LOG                  app.ts:25 (getOrigins               ) 00000000-0000-0000-0000-000000000000 [] origins: ["http://localhost:3000","https://ics.dev.sisoul.kr"]
2024-02-14T21:11:40.319+0900 LOG                mysql.ts:89 (Object.<anonymous>       ) 00000000-0000-0000-0000-000000000000 [] MySQL Connection has been established successfully.
2024-02-14T21:11:40.319+0900 LOG                  app.ts:65 (Server.<anonymous>       ) 00000000-0000-0000-0000-000000000000 [] [ v1.0.0, .env ] =========================================
2024-02-14T21:11:40.320+0900 LOG                  app.ts:67 (Server.<anonymous>       ) 00000000-0000-0000-0000-000000000000 [] ----------------------------------------------
2024-02-14T21:11:40.320+0900 LOG                  app.ts:68 (Server.<anonymous>       ) 00000000-0000-0000-0000-000000000000 [] 🚀 App listening on the port 3000
2024-02-14T21:11:40.320+0900 LOG                  app.ts:69 (Server.<anonymous>       ) 00000000-0000-0000-0000-000000000000 [] ==============================================
2024-02-14T21:12:27.309+0900 LOG                  app.ts:25 (getOrigins               ) 00000000-0000-0000-0000-000000000000 [] origins: ["http://localhost:3000","https://ics.dev.sisoul.kr"]
2024-02-14T21:12:27.447+0900 LOG                mysql.ts:89 (Object.<anonymous>       ) 00000000-0000-0000-0000-000000000000 [] MySQL Connection has been established successfully.
2024-02-14T21:12:27.447+0900 LOG                  app.ts:65 (Server.<anonymous>       ) 00000000-0000-0000-0000-000000000000 [] [ v1.0.0, .env ] =========================================
2024-02-14T21:12:27.448+0900 LOG                  app.ts:67 (Server.<anonymous>       ) 00000000-0000-0000-0000-000000000000 [] ----------------------------------------------
2024-02-14T21:12:27.448+0900 LOG                  app.ts:68 (Server.<anonymous>       ) 00000000-0000-0000-0000-000000000000 [] 🚀 App listening on the port 3000
2024-02-14T21:12:27.448+0900 LOG                  app.ts:69 (Server.<anonymous>       ) 00000000-0000-0000-0000-000000000000 [] ==============================================
2024-02-14T21:12:57.087+0900 LOG                  app.ts:25 (getOrigins               ) 00000000-0000-0000-0000-000000000000 [] origins: ["http://localhost:3000","https://ics.dev.sisoul.kr"]
2024-02-14T21:12:57.198+0900 LOG                mysql.ts:89 (Object.<anonymous>       ) 00000000-0000-0000-0000-000000000000 [] MySQL Connection has been established successfully.
2024-02-14T21:12:57.199+0900 LOG                  app.ts:65 (Server.<anonymous>       ) 00000000-0000-0000-0000-000000000000 [] [ v1.0.0, .env ] =========================================
2024-02-14T21:12:57.199+0900 LOG                  app.ts:67 (Server.<anonymous>       ) 00000000-0000-0000-0000-000000000000 [] ----------------------------------------------
2024-02-14T21:12:57.200+0900 LOG                  app.ts:68 (Server.<anonymous>       ) 00000000-0000-0000-0000-000000000000 [] 🚀 App listening on the port 3000
2024-02-14T21:12:57.200+0900 LOG                  app.ts:69 (Server.<anonymous>       ) 00000000-0000-0000-0000-000000000000 [] ==============================================
2024-02-14T21:13:46.684+0900 LOG                  app.ts:25 (getOrigins               ) 00000000-0000-0000-0000-000000000000 [] origins: ["http://localhost:3000","https://ics.dev.sisoul.kr"]
2024-02-14T21:13:46.784+0900 LOG                mysql.ts:89 (Object.<anonymous>       ) 00000000-0000-0000-0000-000000000000 [] MySQL Connection has been established successfully.
2024-02-14T21:13:46.785+0900 LOG                  app.ts:65 (Server.<anonymous>       ) 00000000-0000-0000-0000-000000000000 [] [ v1.0.0, .env ] =========================================
2024-02-14T21:13:46.785+0900 LOG                  app.ts:67 (Server.<anonymous>       ) 00000000-0000-0000-0000-000000000000 [] ----------------------------------------------
2024-02-14T21:13:46.785+0900 LOG                  app.ts:68 (Server.<anonymous>       ) 00000000-0000-0000-0000-000000000000 [] 🚀 App listening on the port 3000
2024-02-14T21:13:46.786+0900 LOG                  app.ts:69 (Server.<anonymous>       ) 00000000-0000-0000-0000-000000000000 [] ==============================================
2024-02-14T21:14:13.265+0900 LOG                  app.ts:25 (getOrigins               ) 00000000-0000-0000-0000-000000000000 [] origins: ["http://localhost:3000","https://ics.dev.sisoul.kr"]
2024-02-14T21:14:13.303+0900 LOG                mysql.ts:89 (Object.<anonymous>       ) 00000000-0000-0000-0000-000000000000 [] MySQL Connection has been established successfully.
2024-02-14T21:14:13.304+0900 LOG                  app.ts:65 (Server.<anonymous>       ) 00000000-0000-0000-0000-000000000000 [] [ v1.0.0, .env ] =========================================
2024-02-14T21:14:13.304+0900 LOG                  app.ts:67 (Server.<anonymous>       ) 00000000-0000-0000-0000-000000000000 [] ----------------------------------------------
2024-02-14T21:14:13.304+0900 LOG                  app.ts:68 (Server.<anonymous>       ) 00000000-0000-0000-0000-000000000000 [] 🚀 App listening on the port 3000
2024-02-14T21:14:13.304+0900 LOG                  app.ts:69 (Server.<anonymous>       ) 00000000-0000-0000-0000-000000000000 [] ==============================================
2024-02-14T21:14:42.473+0900 LOG                  app.ts:25 (getOrigins               ) 00000000-0000-0000-0000-000000000000 [] origins: ["http://localhost:3000","https://ics.dev.sisoul.kr"]
2024-02-14T21:14:42.574+0900 LOG                mysql.ts:89 (Object.<anonymous>       ) 00000000-0000-0000-0000-000000000000 [] MySQL Connection has been established successfully.
2024-02-14T21:14:42.574+0900 LOG                  app.ts:65 (Server.<anonymous>       ) 00000000-0000-0000-0000-000000000000 [] [ v1.0.0, .env ] =========================================
2024-02-14T21:14:42.575+0900 LOG                  app.ts:67 (Server.<anonymous>       ) 00000000-0000-0000-0000-000000000000 [] ----------------------------------------------
2024-02-14T21:14:42.575+0900 LOG                  app.ts:68 (Server.<anonymous>       ) 00000000-0000-0000-0000-000000000000 [] 🚀 App listening on the port 3000
2024-02-14T21:14:42.575+0900 LOG                  app.ts:69 (Server.<anonymous>       ) 00000000-0000-0000-0000-000000000000 [] ==============================================
2024-02-14T21:14:58.909+0900 LOG                  app.ts:25 (getOrigins               ) 00000000-0000-0000-0000-000000000000 [] origins: ["http://localhost:3000","https://ics.dev.sisoul.kr"]
2024-02-14T21:14:58.998+0900 LOG                mysql.ts:89 (Object.<anonymous>       ) 00000000-0000-0000-0000-000000000000 [] MySQL Connection has been established successfully.
2024-02-14T21:14:58.999+0900 LOG                  app.ts:65 (Server.<anonymous>       ) 00000000-0000-0000-0000-000000000000 [] [ v1.0.0, .env ] =========================================
2024-02-14T21:14:58.999+0900 LOG                  app.ts:67 (Server.<anonymous>       ) 00000000-0000-0000-0000-000000000000 [] ----------------------------------------------
2024-02-14T21:14:59.000+0900 LOG                  app.ts:68 (Server.<anonymous>       ) 00000000-0000-0000-0000-000000000000 [] 🚀 App listening on the port 3000
2024-02-14T21:14:59.000+0900 LOG                  app.ts:69 (Server.<anonymous>       ) 00000000-0000-0000-0000-000000000000 [] ==============================================
2024-02-14T21:15:13.229+0900 LOG                  app.ts:25 (getOrigins               ) 00000000-0000-0000-0000-000000000000 [] origins: ["http://localhost:3000","https://ics.dev.sisoul.kr"]
2024-02-14T21:15:13.282+0900 LOG                mysql.ts:89 (Object.<anonymous>       ) 00000000-0000-0000-0000-000000000000 [] MySQL Connection has been established successfully.
2024-02-14T21:15:13.283+0900 LOG                  app.ts:65 (Server.<anonymous>       ) 00000000-0000-0000-0000-000000000000 [] [ v1.0.0, .env ] =========================================
2024-02-14T21:15:13.283+0900 LOG                  app.ts:67 (Server.<anonymous>       ) 00000000-0000-0000-0000-000000000000 [] ----------------------------------------------
2024-02-14T21:15:13.283+0900 LOG                  app.ts:68 (Server.<anonymous>       ) 00000000-0000-0000-0000-000000000000 [] 🚀 App listening on the port 3000
2024-02-14T21:15:13.283+0900 LOG                  app.ts:69 (Server.<anonymous>       ) 00000000-0000-0000-0000-000000000000 [] ==============================================
2024-02-14T21:16:27.477+0900 LOG                  app.ts:25 (getOrigins               ) 00000000-0000-0000-0000-000000000000 [] origins: ["http://localhost:3000","https://ics.dev.sisoul.kr"]
2024-02-14T21:16:27.587+0900 LOG                mysql.ts:89 (Object.<anonymous>       ) 00000000-0000-0000-0000-000000000000 [] MySQL Connection has been established successfully.
2024-02-14T21:16:27.588+0900 LOG                  app.ts:65 (Server.<anonymous>       ) 00000000-0000-0000-0000-000000000000 [] [ v1.0.0, .env ] =========================================
2024-02-14T21:16:27.589+0900 LOG                  app.ts:67 (Server.<anonymous>       ) 00000000-0000-0000-0000-000000000000 [] ----------------------------------------------
2024-02-14T21:16:27.589+0900 LOG                  app.ts:68 (Server.<anonymous>       ) 00000000-0000-0000-0000-000000000000 [] 🚀 App listening on the port 3000
2024-02-14T21:16:27.589+0900 LOG                  app.ts:69 (Server.<anonymous>       ) 00000000-0000-0000-0000-000000000000 [] ==============================================
2024-02-14T21:17:20.625+0900 LOG                  app.ts:25 (getOrigins               ) 00000000-0000-0000-0000-000000000000 [] origins: ["http://localhost:3000","https://ics.dev.sisoul.kr"]
2024-02-14T21:17:20.753+0900 LOG                mysql.ts:89 (Object.<anonymous>       ) 00000000-0000-0000-0000-000000000000 [] MySQL Connection has been established successfully.
2024-02-14T21:17:20.754+0900 LOG                  app.ts:65 (Server.<anonymous>       ) 00000000-0000-0000-0000-000000000000 [] [ v1.0.0, .env ] =========================================
2024-02-14T21:17:20.754+0900 LOG                  app.ts:67 (Server.<anonymous>       ) 00000000-0000-0000-0000-000000000000 [] ----------------------------------------------
2024-02-14T21:17:20.755+0900 LOG                  app.ts:68 (Server.<anonymous>       ) 00000000-0000-0000-0000-000000000000 [] 🚀 App listening on the port 3000
2024-02-14T21:17:20.755+0900 LOG                  app.ts:69 (Server.<anonymous>       ) 00000000-0000-0000-0000-000000000000 [] ==============================================
2024-02-14T21:17:37.596+0900 LOG                  app.ts:25 (getOrigins               ) 00000000-0000-0000-0000-000000000000 [] origins: ["http://localhost:3000","https://ics.dev.sisoul.kr"]
2024-02-14T21:17:37.633+0900 LOG                mysql.ts:89 (Object.<anonymous>       ) 00000000-0000-0000-0000-000000000000 [] MySQL Connection has been established successfully.
2024-02-14T21:17:37.634+0900 LOG                  app.ts:65 (Server.<anonymous>       ) 00000000-0000-0000-0000-000000000000 [] [ v1.0.0, .env ] =========================================
2024-02-14T21:17:37.634+0900 LOG                  app.ts:67 (Server.<anonymous>       ) 00000000-0000-0000-0000-000000000000 [] ----------------------------------------------
2024-02-14T21:17:37.634+0900 LOG                  app.ts:68 (Server.<anonymous>       ) 00000000-0000-0000-0000-000000000000 [] 🚀 App listening on the port 3000
2024-02-14T21:17:37.634+0900 LOG                  app.ts:69 (Server.<anonymous>       ) 00000000-0000-0000-0000-000000000000 [] ==============================================
2024-02-14T21:20:28.684+0900 LOG                  app.ts:25 (getOrigins               ) 00000000-0000-0000-0000-000000000000 [] origins: ["http://localhost:3000","https://ics.dev.sisoul.kr"]
2024-02-14T21:20:28.805+0900 LOG                mysql.ts:89 (Object.<anonymous>       ) 00000000-0000-0000-0000-000000000000 [] MySQL Connection has been established successfully.
2024-02-14T21:20:28.806+0900 LOG                  app.ts:65 (Server.<anonymous>       ) 00000000-0000-0000-0000-000000000000 [] [ v1.0.0, .env ] =========================================
2024-02-14T21:20:28.806+0900 LOG                  app.ts:67 (Server.<anonymous>       ) 00000000-0000-0000-0000-000000000000 [] ----------------------------------------------
2024-02-14T21:20:28.807+0900 LOG                  app.ts:68 (Server.<anonymous>       ) 00000000-0000-0000-0000-000000000000 [] 🚀 App listening on the port 3000
2024-02-14T21:20:28.807+0900 LOG                  app.ts:69 (Server.<anonymous>       ) 00000000-0000-0000-0000-000000000000 [] ==============================================
2024-02-14T21:23:10.445+0900 LOG                  app.ts:25 (getOrigins               ) 00000000-0000-0000-0000-000000000000 [] origins: ["http://localhost:3000","https://ics.dev.sisoul.kr"]
2024-02-14T21:23:10.560+0900 LOG                mysql.ts:89 (Object.<anonymous>       ) 00000000-0000-0000-0000-000000000000 [] MySQL Connection has been established successfully.
2024-02-14T21:23:10.561+0900 LOG                  app.ts:65 (Server.<anonymous>       ) 00000000-0000-0000-0000-000000000000 [] [ v1.0.0, .env ] =========================================
2024-02-14T21:23:10.561+0900 LOG                  app.ts:67 (Server.<anonymous>       ) 00000000-0000-0000-0000-000000000000 [] ----------------------------------------------
2024-02-14T21:23:10.561+0900 LOG                  app.ts:68 (Server.<anonymous>       ) 00000000-0000-0000-0000-000000000000 [] 🚀 App listening on the port 3000
2024-02-14T21:23:10.562+0900 LOG                  app.ts:69 (Server.<anonymous>       ) 00000000-0000-0000-0000-000000000000 [] ==============================================
2024-02-14T21:23:50.696+0900 LOG                  app.ts:25 (getOrigins               ) 00000000-0000-0000-0000-000000000000 [] origins: ["http://localhost:3000","https://ics.dev.sisoul.kr"]
2024-02-14T21:23:50.810+0900 LOG                mysql.ts:89 (Object.<anonymous>       ) 00000000-0000-0000-0000-000000000000 [] MySQL Connection has been established successfully.
2024-02-14T21:23:50.811+0900 LOG                  app.ts:65 (Server.<anonymous>       ) 00000000-0000-0000-0000-000000000000 [] [ v1.0.0, .env ] =========================================
2024-02-14T21:23:50.811+0900 LOG                  app.ts:67 (Server.<anonymous>       ) 00000000-0000-0000-0000-000000000000 [] ----------------------------------------------
2024-02-14T21:23:50.811+0900 LOG                  app.ts:68 (Server.<anonymous>       ) 00000000-0000-0000-0000-000000000000 [] 🚀 App listening on the port 3000
2024-02-14T21:23:50.812+0900 LOG                  app.ts:69 (Server.<anonymous>       ) 00000000-0000-0000-0000-000000000000 [] ==============================================
2024-02-14T21:24:17.637+0900 LOG                  app.ts:25 (getOrigins               ) 00000000-0000-0000-0000-000000000000 [] origins: ["http://localhost:3000","https://ics.dev.sisoul.kr"]
2024-02-14T21:24:17.692+0900 LOG                mysql.ts:89 (Object.<anonymous>       ) 00000000-0000-0000-0000-000000000000 [] MySQL Connection has been established successfully.
2024-02-14T21:24:17.692+0900 LOG                  app.ts:65 (Server.<anonymous>       ) 00000000-0000-0000-0000-000000000000 [] [ v1.0.0, .env ] =========================================
2024-02-14T21:24:17.693+0900 LOG                  app.ts:67 (Server.<anonymous>       ) 00000000-0000-0000-0000-000000000000 [] ----------------------------------------------
2024-02-14T21:24:17.693+0900 LOG                  app.ts:68 (Server.<anonymous>       ) 00000000-0000-0000-0000-000000000000 [] 🚀 App listening on the port 3000
2024-02-14T21:24:17.693+0900 LOG                  app.ts:69 (Server.<anonymous>       ) 00000000-0000-0000-0000-000000000000 [] ==============================================
2024-02-14T21:24:20.346+0900 LOG                  app.ts:25 (getOrigins               ) 00000000-0000-0000-0000-000000000000 [] origins: ["http://localhost:3000","https://ics.dev.sisoul.kr"]
2024-02-14T21:24:20.385+0900 LOG                mysql.ts:89 (Object.<anonymous>       ) 00000000-0000-0000-0000-000000000000 [] MySQL Connection has been established successfully.
2024-02-14T21:24:20.385+0900 LOG                  app.ts:65 (Server.<anonymous>       ) 00000000-0000-0000-0000-000000000000 [] [ v1.0.0, .env ] =========================================
2024-02-14T21:24:20.386+0900 LOG                  app.ts:67 (Server.<anonymous>       ) 00000000-0000-0000-0000-000000000000 [] ----------------------------------------------
2024-02-14T21:24:20.386+0900 LOG                  app.ts:68 (Server.<anonymous>       ) 00000000-0000-0000-0000-000000000000 [] 🚀 App listening on the port 3000
2024-02-14T21:24:20.386+0900 LOG                  app.ts:69 (Server.<anonymous>       ) 00000000-0000-0000-0000-000000000000 [] ==============================================
2024-02-14T21:24:43.286+0900 LOG                  app.ts:25 (getOrigins               ) 00000000-0000-0000-0000-000000000000 [] origins: ["http://localhost:3000","https://ics.dev.sisoul.kr"]
2024-02-14T21:24:43.389+0900 LOG                mysql.ts:89 (Object.<anonymous>       ) 00000000-0000-0000-0000-000000000000 [] MySQL Connection has been established successfully.
2024-02-14T21:24:43.389+0900 LOG                  app.ts:65 (Server.<anonymous>       ) 00000000-0000-0000-0000-000000000000 [] [ v1.0.0, .env ] =========================================
2024-02-14T21:24:43.390+0900 LOG                  app.ts:67 (Server.<anonymous>       ) 00000000-0000-0000-0000-000000000000 [] ----------------------------------------------
2024-02-14T21:24:43.390+0900 LOG                  app.ts:68 (Server.<anonymous>       ) 00000000-0000-0000-0000-000000000000 [] 🚀 App listening on the port 3000
2024-02-14T21:24:43.390+0900 LOG                  app.ts:69 (Server.<anonymous>       ) 00000000-0000-0000-0000-000000000000 [] ==============================================
2024-02-14T21:25:04.467+0900 LOG                  app.ts:25 (getOrigins               ) 00000000-0000-0000-0000-000000000000 [] origins: ["http://localhost:3000","https://ics.dev.sisoul.kr"]
2024-02-14T21:25:04.561+0900 LOG                mysql.ts:89 (Object.<anonymous>       ) 00000000-0000-0000-0000-000000000000 [] MySQL Connection has been established successfully.
2024-02-14T21:27:27.923+0900 LOG                  app.ts:25 (getOrigins               ) 00000000-0000-0000-0000-000000000000 [] origins: ["http://localhost:3000","https://ics.dev.sisoul.kr"]
2024-02-14T21:27:27.967+0900 LOG                mysql.ts:89 (Object.<anonymous>       ) 00000000-0000-0000-0000-000000000000 [] MySQL Connection has been established successfully.
2024-02-14T21:27:27.968+0900 LOG                  app.ts:65 (Server.<anonymous>       ) 00000000-0000-0000-0000-000000000000 [] [ v1.0.0, .env ] =========================================
2024-02-14T21:27:27.968+0900 LOG                  app.ts:67 (Server.<anonymous>       ) 00000000-0000-0000-0000-000000000000 [] ----------------------------------------------
2024-02-14T21:27:27.968+0900 LOG                  app.ts:68 (Server.<anonymous>       ) 00000000-0000-0000-0000-000000000000 [] 🚀 App listening on the port 3000
2024-02-14T21:27:27.968+0900 LOG                  app.ts:69 (Server.<anonymous>       ) 00000000-0000-0000-0000-000000000000 [] ==============================================
2024-02-14T21:27:29.651+0900 LOG                  app.ts:25 (getOrigins               ) 00000000-0000-0000-0000-000000000000 [] origins: ["http://localhost:3000","https://ics.dev.sisoul.kr"]
2024-02-14T21:27:29.687+0900 LOG                mysql.ts:89 (Object.<anonymous>       ) 00000000-0000-0000-0000-000000000000 [] MySQL Connection has been established successfully.
2024-02-14T21:27:29.687+0900 LOG                  app.ts:65 (Server.<anonymous>       ) 00000000-0000-0000-0000-000000000000 [] [ v1.0.0, .env ] =========================================
2024-02-14T21:27:29.688+0900 LOG                  app.ts:67 (Server.<anonymous>       ) 00000000-0000-0000-0000-000000000000 [] ----------------------------------------------
2024-02-14T21:27:29.688+0900 LOG                  app.ts:68 (Server.<anonymous>       ) 00000000-0000-0000-0000-000000000000 [] 🚀 App listening on the port 3000
2024-02-14T21:27:29.688+0900 LOG                  app.ts:69 (Server.<anonymous>       ) 00000000-0000-0000-0000-000000000000 [] ==============================================
2024-02-14T21:27:44.019+0900 LOG                  app.ts:25 (getOrigins               ) 00000000-0000-0000-0000-000000000000 [] origins: ["http://localhost:3000","https://ics.dev.sisoul.kr"]
2024-02-14T21:27:44.060+0900 LOG                mysql.ts:89 (Object.<anonymous>       ) 00000000-0000-0000-0000-000000000000 [] MySQL Connection has been established successfully.
2024-02-14T21:27:44.060+0900 LOG                  app.ts:65 (Server.<anonymous>       ) 00000000-0000-0000-0000-000000000000 [] [ v1.0.0, .env ] =========================================
2024-02-14T21:27:44.061+0900 LOG                  app.ts:67 (Server.<anonymous>       ) 00000000-0000-0000-0000-000000000000 [] ----------------------------------------------
2024-02-14T21:27:44.061+0900 LOG                  app.ts:68 (Server.<anonymous>       ) 00000000-0000-0000-0000-000000000000 [] 🚀 App listening on the port 3000
2024-02-14T21:27:44.061+0900 LOG                  app.ts:69 (Server.<anonymous>       ) 00000000-0000-0000-0000-000000000000 [] ==============================================
2024-02-14T21:27:51.797+0900 LOG                  app.ts:25 (getOrigins               ) 00000000-0000-0000-0000-000000000000 [] origins: ["http://localhost:3000","https://ics.dev.sisoul.kr"]
2024-02-14T21:27:51.835+0900 LOG                mysql.ts:89 (Object.<anonymous>       ) 00000000-0000-0000-0000-000000000000 [] MySQL Connection has been established successfully.
2024-02-14T21:27:51.835+0900 LOG                  app.ts:65 (Server.<anonymous>       ) 00000000-0000-0000-0000-000000000000 [] [ v1.0.0, .env ] =========================================
2024-02-14T21:27:51.836+0900 LOG                  app.ts:67 (Server.<anonymous>       ) 00000000-0000-0000-0000-000000000000 [] ----------------------------------------------
2024-02-14T21:27:51.836+0900 LOG                  app.ts:68 (Server.<anonymous>       ) 00000000-0000-0000-0000-000000000000 [] 🚀 App listening on the port 3000
2024-02-14T21:27:51.836+0900 LOG                  app.ts:69 (Server.<anonymous>       ) 00000000-0000-0000-0000-000000000000 [] ==============================================
2024-02-14T21:27:58.486+0900 LOG                  app.ts:25 (getOrigins               ) 00000000-0000-0000-0000-000000000000 [] origins: ["http://localhost:3000","https://ics.dev.sisoul.kr"]
2024-02-14T21:27:58.524+0900 LOG                mysql.ts:89 (Object.<anonymous>       ) 00000000-0000-0000-0000-000000000000 [] MySQL Connection has been established successfully.
2024-02-14T21:27:58.524+0900 LOG                  app.ts:65 (Server.<anonymous>       ) 00000000-0000-0000-0000-000000000000 [] [ v1.0.0, .env ] =========================================
2024-02-14T21:27:58.525+0900 LOG                  app.ts:67 (Server.<anonymous>       ) 00000000-0000-0000-0000-000000000000 [] ----------------------------------------------
2024-02-14T21:27:58.525+0900 LOG                  app.ts:68 (Server.<anonymous>       ) 00000000-0000-0000-0000-000000000000 [] 🚀 App listening on the port 3000
2024-02-14T21:27:58.525+0900 LOG                  app.ts:69 (Server.<anonymous>       ) 00000000-0000-0000-0000-000000000000 [] ==============================================
2024-02-14T21:28:14.994+0900 LOG                  app.ts:25 (getOrigins               ) 00000000-0000-0000-0000-000000000000 [] origins: ["http://localhost:3000","https://ics.dev.sisoul.kr"]
2024-02-14T21:28:15.036+0900 LOG                mysql.ts:89 (Object.<anonymous>       ) 00000000-0000-0000-0000-000000000000 [] MySQL Connection has been established successfully.
2024-02-14T21:28:15.036+0900 LOG                  app.ts:65 (Server.<anonymous>       ) 00000000-0000-0000-0000-000000000000 [] [ v1.0.0, .env ] =========================================
2024-02-14T21:28:15.036+0900 LOG                  app.ts:67 (Server.<anonymous>       ) 00000000-0000-0000-0000-000000000000 [] ----------------------------------------------
2024-02-14T21:28:15.037+0900 LOG                  app.ts:68 (Server.<anonymous>       ) 00000000-0000-0000-0000-000000000000 [] 🚀 App listening on the port 3000
2024-02-14T21:28:15.037+0900 LOG                  app.ts:69 (Server.<anonymous>       ) 00000000-0000-0000-0000-000000000000 [] ==============================================
2024-02-14T21:28:16.506+0900 LOG                  app.ts:25 (getOrigins               ) 00000000-0000-0000-0000-000000000000 [] origins: ["http://localhost:3000","https://ics.dev.sisoul.kr"]
2024-02-14T21:28:16.554+0900 LOG                mysql.ts:89 (Object.<anonymous>       ) 00000000-0000-0000-0000-000000000000 [] MySQL Connection has been established successfully.
2024-02-14T21:28:16.555+0900 LOG                  app.ts:65 (Server.<anonymous>       ) 00000000-0000-0000-0000-000000000000 [] [ v1.0.0, .env ] =========================================
2024-02-14T21:28:16.555+0900 LOG                  app.ts:67 (Server.<anonymous>       ) 00000000-0000-0000-0000-000000000000 [] ----------------------------------------------
2024-02-14T21:28:16.555+0900 LOG                  app.ts:68 (Server.<anonymous>       ) 00000000-0000-0000-0000-000000000000 [] 🚀 App listening on the port 3000
2024-02-14T21:28:16.555+0900 LOG                  app.ts:69 (Server.<anonymous>       ) 00000000-0000-0000-0000-000000000000 [] ==============================================
2024-02-14T21:28:19.266+0900 LOG                  app.ts:25 (getOrigins               ) 00000000-0000-0000-0000-000000000000 [] origins: ["http://localhost:3000","https://ics.dev.sisoul.kr"]
2024-02-14T21:28:19.312+0900 LOG                mysql.ts:89 (Object.<anonymous>       ) 00000000-0000-0000-0000-000000000000 [] MySQL Connection has been established successfully.
2024-02-14T21:28:19.313+0900 LOG                  app.ts:65 (Server.<anonymous>       ) 00000000-0000-0000-0000-000000000000 [] [ v1.0.0, .env ] =========================================
2024-02-14T21:28:19.313+0900 LOG                  app.ts:67 (Server.<anonymous>       ) 00000000-0000-0000-0000-000000000000 [] ----------------------------------------------
2024-02-14T21:28:19.313+0900 LOG                  app.ts:68 (Server.<anonymous>       ) 00000000-0000-0000-0000-000000000000 [] 🚀 App listening on the port 3000
2024-02-14T21:28:19.314+0900 LOG                  app.ts:69 (Server.<anonymous>       ) 00000000-0000-0000-0000-000000000000 [] ==============================================
2024-02-14T21:29:05.871+0900 LOG                  app.ts:25 (getOrigins               ) 00000000-0000-0000-0000-000000000000 [] origins: ["http://localhost:3000","https://ics.dev.sisoul.kr"]
2024-02-14T21:29:06.672+0900 LOG                mysql.ts:89 (Object.<anonymous>       ) 00000000-0000-0000-0000-000000000000 [] MySQL Connection has been established successfully.
2024-02-14T21:29:06.673+0900 LOG                  app.ts:65 (Server.<anonymous>       ) 00000000-0000-0000-0000-000000000000 [] [ v1.0.0, .env ] =========================================
2024-02-14T21:29:06.673+0900 LOG                  app.ts:67 (Server.<anonymous>       ) 00000000-0000-0000-0000-000000000000 [] ----------------------------------------------
2024-02-14T21:29:06.674+0900 LOG                  app.ts:68 (Server.<anonymous>       ) 00000000-0000-0000-0000-000000000000 [] 🚀 App listening on the port 3000
2024-02-14T21:29:06.674+0900 LOG                  app.ts:69 (Server.<anonymous>       ) 00000000-0000-0000-0000-000000000000 [] ==============================================
2024-02-14T21:29:24.373+0900 LOG                  app.ts:25 (getOrigins               ) 00000000-0000-0000-0000-000000000000 [] origins: ["http://localhost:3000","https://ics.dev.sisoul.kr"]
2024-02-14T21:29:24.465+0900 LOG                mysql.ts:89 (Object.<anonymous>       ) 00000000-0000-0000-0000-000000000000 [] MySQL Connection has been established successfully.
2024-02-14T21:29:24.465+0900 LOG                  app.ts:65 (Server.<anonymous>       ) 00000000-0000-0000-0000-000000000000 [] [ v1.0.0, .env ] =========================================
2024-02-14T21:29:24.466+0900 LOG                  app.ts:67 (Server.<anonymous>       ) 00000000-0000-0000-0000-000000000000 [] ----------------------------------------------
2024-02-14T21:29:24.466+0900 LOG                  app.ts:68 (Server.<anonymous>       ) 00000000-0000-0000-0000-000000000000 [] 🚀 App listening on the port 3000
2024-02-14T21:29:24.466+0900 LOG                  app.ts:69 (Server.<anonymous>       ) 00000000-0000-0000-0000-000000000000 [] ==============================================
2024-02-14T21:31:01.103+0900 LOG                  app.ts:25 (getOrigins               ) 00000000-0000-0000-0000-000000000000 [] origins: ["http://localhost:3000","https://ics.dev.sisoul.kr"]
2024-02-14T21:31:01.235+0900 LOG                mysql.ts:89 (Object.<anonymous>       ) 00000000-0000-0000-0000-000000000000 [] MySQL Connection has been established successfully.
2024-02-14T21:31:01.235+0900 LOG                  app.ts:65 (Server.<anonymous>       ) 00000000-0000-0000-0000-000000000000 [] [ v1.0.0, .env ] =========================================
2024-02-14T21:31:01.236+0900 LOG                  app.ts:67 (Server.<anonymous>       ) 00000000-0000-0000-0000-000000000000 [] ----------------------------------------------
2024-02-14T21:31:01.236+0900 LOG                  app.ts:68 (Server.<anonymous>       ) 00000000-0000-0000-0000-000000000000 [] 🚀 App listening on the port 3000
2024-02-14T21:31:01.236+0900 LOG                  app.ts:69 (Server.<anonymous>       ) 00000000-0000-0000-0000-000000000000 [] ==============================================
2024-02-14T21:31:23.175+0900 LOG                  app.ts:25 (getOrigins               ) 00000000-0000-0000-0000-000000000000 [] origins: ["http://localhost:3000","https://ics.dev.sisoul.kr"]
2024-02-14T21:31:23.217+0900 LOG                mysql.ts:89 (Object.<anonymous>       ) 00000000-0000-0000-0000-000000000000 [] MySQL Connection has been established successfully.
2024-02-14T21:31:23.217+0900 LOG                  app.ts:65 (Server.<anonymous>       ) 00000000-0000-0000-0000-000000000000 [] [ v1.0.0, .env ] =========================================
2024-02-14T21:31:23.217+0900 LOG                  app.ts:67 (Server.<anonymous>       ) 00000000-0000-0000-0000-000000000000 [] ----------------------------------------------
2024-02-14T21:31:23.218+0900 LOG                  app.ts:68 (Server.<anonymous>       ) 00000000-0000-0000-0000-000000000000 [] 🚀 App listening on the port 3000
2024-02-14T21:31:23.218+0900 LOG                  app.ts:69 (Server.<anonymous>       ) 00000000-0000-0000-0000-000000000000 [] ==============================================
2024-02-14T21:32:03.494+0900 LOG                  app.ts:25 (getOrigins               ) 00000000-0000-0000-0000-000000000000 [] origins: ["http://localhost:3000","https://ics.dev.sisoul.kr"]
2024-02-14T21:32:04.956+0900 LOG                  app.ts:25 (getOrigins               ) 00000000-0000-0000-0000-000000000000 [] origins: ["http://localhost:3000","https://ics.dev.sisoul.kr"]
2024-02-14T21:32:05.061+0900 LOG                mysql.ts:89 (Object.<anonymous>       ) 00000000-0000-0000-0000-000000000000 [] MySQL Connection has been established successfully.
2024-02-14T21:32:05.062+0900 LOG                  app.ts:65 (Server.<anonymous>       ) 00000000-0000-0000-0000-000000000000 [] [ v1.0.0, .env ] =========================================
2024-02-14T21:32:05.062+0900 LOG                  app.ts:67 (Server.<anonymous>       ) 00000000-0000-0000-0000-000000000000 [] ----------------------------------------------
2024-02-14T21:32:05.063+0900 LOG                  app.ts:68 (Server.<anonymous>       ) 00000000-0000-0000-0000-000000000000 [] 🚀 App listening on the port 3000
2024-02-14T21:32:05.063+0900 LOG                  app.ts:69 (Server.<anonymous>       ) 00000000-0000-0000-0000-000000000000 [] ==============================================
2024-02-14T21:33:17.512+0900 LOG                  app.ts:25 (getOrigins               ) 00000000-0000-0000-0000-000000000000 [] origins: ["http://localhost:3000","https://ics.dev.sisoul.kr"]
2024-02-14T21:33:17.619+0900 LOG                mysql.ts:89 (Object.<anonymous>       ) 00000000-0000-0000-0000-000000000000 [] MySQL Connection has been established successfully.
2024-02-14T21:33:17.620+0900 LOG                  app.ts:65 (Server.<anonymous>       ) 00000000-0000-0000-0000-000000000000 [] [ v1.0.0, .env ] =========================================
2024-02-14T21:33:17.620+0900 LOG                  app.ts:67 (Server.<anonymous>       ) 00000000-0000-0000-0000-000000000000 [] ----------------------------------------------
2024-02-14T21:33:17.620+0900 LOG                  app.ts:68 (Server.<anonymous>       ) 00000000-0000-0000-0000-000000000000 [] 🚀 App listening on the port 3000
2024-02-14T21:33:17.621+0900 LOG                  app.ts:69 (Server.<anonymous>       ) 00000000-0000-0000-0000-000000000000 [] ==============================================
2024-02-14T21:41:36.954+0900 LOG                  app.ts:25 (getOrigins               ) 00000000-0000-0000-0000-000000000000 [] origins: ["http://localhost:3000","https://ics.dev.sisoul.kr"]
2024-02-14T21:41:37.058+0900 LOG                mysql.ts:89 (Object.<anonymous>       ) 00000000-0000-0000-0000-000000000000 [] MySQL Connection has been established successfully.
2024-02-14T21:41:37.058+0900 LOG                  app.ts:65 (Server.<anonymous>       ) 00000000-0000-0000-0000-000000000000 [] [ v1.0.0, .env ] =========================================
2024-02-14T21:41:37.059+0900 LOG                  app.ts:67 (Server.<anonymous>       ) 00000000-0000-0000-0000-000000000000 [] ----------------------------------------------
2024-02-14T21:41:37.059+0900 LOG                  app.ts:68 (Server.<anonymous>       ) 00000000-0000-0000-0000-000000000000 [] 🚀 App listening on the port 3000
2024-02-14T21:41:37.059+0900 LOG                  app.ts:69 (Server.<anonymous>       ) 00000000-0000-0000-0000-000000000000 [] ==============================================
2024-02-14T21:41:39.666+0900 LOG                  app.ts:25 (getOrigins               ) 00000000-0000-0000-0000-000000000000 [] origins: ["http://localhost:3000","https://ics.dev.sisoul.kr"]
2024-02-14T21:41:39.708+0900 LOG                mysql.ts:89 (Object.<anonymous>       ) 00000000-0000-0000-0000-000000000000 [] MySQL Connection has been established successfully.
2024-02-14T21:41:39.709+0900 LOG                  app.ts:65 (Server.<anonymous>       ) 00000000-0000-0000-0000-000000000000 [] [ v1.0.0, .env ] =========================================
2024-02-14T21:41:39.709+0900 LOG                  app.ts:67 (Server.<anonymous>       ) 00000000-0000-0000-0000-000000000000 [] ----------------------------------------------
2024-02-14T21:41:39.709+0900 LOG                  app.ts:68 (Server.<anonymous>       ) 00000000-0000-0000-0000-000000000000 [] 🚀 App listening on the port 3000
2024-02-14T21:41:39.709+0900 LOG                  app.ts:69 (Server.<anonymous>       ) 00000000-0000-0000-0000-000000000000 [] ==============================================
2024-02-14T21:43:56.377+0900 LOG                  app.ts:25 (getOrigins               ) 00000000-0000-0000-0000-000000000000 [] origins: ["http://localhost:3000","https://ics.dev.sisoul.kr"]
2024-02-14T21:43:56.432+0900 LOG                mysql.ts:89 (Object.<anonymous>       ) 00000000-0000-0000-0000-000000000000 [] MySQL Connection has been established successfully.
2024-02-14T21:43:56.433+0900 LOG                  app.ts:65 (Server.<anonymous>       ) 00000000-0000-0000-0000-000000000000 [] [ v1.0.0, .env ] =========================================
2024-02-14T21:43:56.433+0900 LOG                  app.ts:67 (Server.<anonymous>       ) 00000000-0000-0000-0000-000000000000 [] ----------------------------------------------
2024-02-14T21:43:56.433+0900 LOG                  app.ts:68 (Server.<anonymous>       ) 00000000-0000-0000-0000-000000000000 [] 🚀 App listening on the port 3000
2024-02-14T21:43:56.433+0900 LOG                  app.ts:69 (Server.<anonymous>       ) 00000000-0000-0000-0000-000000000000 [] ==============================================
2024-02-14T21:44:17.716+0900 LOG                  app.ts:25 (getOrigins               ) 00000000-0000-0000-0000-000000000000 [] origins: ["http://localhost:3000","https://ics.dev.sisoul.kr"]
2024-02-14T21:44:17.760+0900 LOG                mysql.ts:89 (Object.<anonymous>       ) 00000000-0000-0000-0000-000000000000 [] MySQL Connection has been established successfully.
2024-02-14T21:44:17.760+0900 LOG                  app.ts:65 (Server.<anonymous>       ) 00000000-0000-0000-0000-000000000000 [] [ v1.0.0, .env ] =========================================
2024-02-14T21:44:17.761+0900 LOG                  app.ts:67 (Server.<anonymous>       ) 00000000-0000-0000-0000-000000000000 [] ----------------------------------------------
2024-02-14T21:44:17.761+0900 LOG                  app.ts:68 (Server.<anonymous>       ) 00000000-0000-0000-0000-000000000000 [] 🚀 App listening on the port 3000
2024-02-14T21:44:17.761+0900 LOG                  app.ts:69 (Server.<anonymous>       ) 00000000-0000-0000-0000-000000000000 [] ==============================================
2024-02-14T21:44:38.467+0900 LOG                  app.ts:25 (getOrigins               ) 00000000-0000-0000-0000-000000000000 [] origins: ["http://localhost:3000","https://ics.dev.sisoul.kr"]
2024-02-14T21:44:38.526+0900 LOG                mysql.ts:89 (Object.<anonymous>       ) 00000000-0000-0000-0000-000000000000 [] MySQL Connection has been established successfully.
2024-02-14T21:44:38.527+0900 LOG                  app.ts:65 (Server.<anonymous>       ) 00000000-0000-0000-0000-000000000000 [] [ v1.0.0, .env ] =========================================
2024-02-14T21:44:38.527+0900 LOG                  app.ts:67 (Server.<anonymous>       ) 00000000-0000-0000-0000-000000000000 [] ----------------------------------------------
2024-02-14T21:44:38.527+0900 LOG                  app.ts:68 (Server.<anonymous>       ) 00000000-0000-0000-0000-000000000000 [] 🚀 App listening on the port 3000
2024-02-14T21:44:38.528+0900 LOG                  app.ts:69 (Server.<anonymous>       ) 00000000-0000-0000-0000-000000000000 [] ==============================================
2024-02-14T21:44:43.942+0900 LOG                  app.ts:25 (getOrigins               ) 00000000-0000-0000-0000-000000000000 [] origins: ["http://localhost:3000","https://ics.dev.sisoul.kr"]
2024-02-14T21:44:43.989+0900 LOG                mysql.ts:89 (Object.<anonymous>       ) 00000000-0000-0000-0000-000000000000 [] MySQL Connection has been established successfully.
2024-02-14T21:44:43.990+0900 LOG                  app.ts:65 (Server.<anonymous>       ) 00000000-0000-0000-0000-000000000000 [] [ v1.0.0, .env ] =========================================
2024-02-14T21:44:43.990+0900 LOG                  app.ts:67 (Server.<anonymous>       ) 00000000-0000-0000-0000-000000000000 [] ----------------------------------------------
2024-02-14T21:44:43.990+0900 LOG                  app.ts:68 (Server.<anonymous>       ) 00000000-0000-0000-0000-000000000000 [] 🚀 App listening on the port 3000
2024-02-14T21:44:43.990+0900 LOG                  app.ts:69 (Server.<anonymous>       ) 00000000-0000-0000-0000-000000000000 [] ==============================================
2024-02-14T21:45:18.697+0900 LOG                  app.ts:25 (getOrigins               ) 00000000-0000-0000-0000-000000000000 [] origins: ["http://localhost:3000","https://ics.dev.sisoul.kr"]
2024-02-14T21:45:18.827+0900 LOG                mysql.ts:89 (Object.<anonymous>       ) 00000000-0000-0000-0000-000000000000 [] MySQL Connection has been established successfully.
2024-02-14T21:45:18.828+0900 LOG                  app.ts:65 (Server.<anonymous>       ) 00000000-0000-0000-0000-000000000000 [] [ v1.0.0, .env ] =========================================
2024-02-14T21:45:18.828+0900 LOG                  app.ts:67 (Server.<anonymous>       ) 00000000-0000-0000-0000-000000000000 [] ----------------------------------------------
2024-02-14T21:45:18.828+0900 LOG                  app.ts:68 (Server.<anonymous>       ) 00000000-0000-0000-0000-000000000000 [] 🚀 App listening on the port 3000
2024-02-14T21:45:18.829+0900 LOG                  app.ts:69 (Server.<anonymous>       ) 00000000-0000-0000-0000-000000000000 [] ==============================================
2024-02-14T21:45:27.716+0900 LOG                  app.ts:25 (getOrigins               ) 00000000-0000-0000-0000-000000000000 [] origins: ["http://localhost:3000","https://ics.dev.sisoul.kr"]
2024-02-14T21:45:27.784+0900 LOG                mysql.ts:89 (Object.<anonymous>       ) 00000000-0000-0000-0000-000000000000 [] MySQL Connection has been established successfully.
2024-02-14T21:45:27.784+0900 LOG                  app.ts:65 (Server.<anonymous>       ) 00000000-0000-0000-0000-000000000000 [] [ v1.0.0, .env ] =========================================
2024-02-14T21:45:27.785+0900 LOG                  app.ts:67 (Server.<anonymous>       ) 00000000-0000-0000-0000-000000000000 [] ----------------------------------------------
2024-02-14T21:45:27.785+0900 LOG                  app.ts:68 (Server.<anonymous>       ) 00000000-0000-0000-0000-000000000000 [] 🚀 App listening on the port 3000
2024-02-14T21:45:27.785+0900 LOG                  app.ts:69 (Server.<anonymous>       ) 00000000-0000-0000-0000-000000000000 [] ==============================================
2024-02-14T21:46:20.031+0900 LOG                  app.ts:25 (getOrigins               ) 00000000-0000-0000-0000-000000000000 [] origins: ["http://localhost:3000","https://ics.dev.sisoul.kr"]
2024-02-14T21:46:20.077+0900 LOG                mysql.ts:89 (Object.<anonymous>       ) 00000000-0000-0000-0000-000000000000 [] MySQL Connection has been established successfully.
2024-02-14T21:46:20.078+0900 LOG                  app.ts:65 (Server.<anonymous>       ) 00000000-0000-0000-0000-000000000000 [] [ v1.0.0, .env ] =========================================
2024-02-14T21:46:20.078+0900 LOG                  app.ts:67 (Server.<anonymous>       ) 00000000-0000-0000-0000-000000000000 [] ----------------------------------------------
2024-02-14T21:46:20.078+0900 LOG                  app.ts:68 (Server.<anonymous>       ) 00000000-0000-0000-0000-000000000000 [] 🚀 App listening on the port 3000
2024-02-14T21:46:20.079+0900 LOG                  app.ts:69 (Server.<anonymous>       ) 00000000-0000-0000-0000-000000000000 [] ==============================================
2024-02-14T21:47:43.122+0900 LOG                  app.ts:25 (getOrigins               ) 00000000-0000-0000-0000-000000000000 [] origins: ["http://localhost:3000","https://ics.dev.sisoul.kr"]
2024-02-14T21:47:43.240+0900 LOG                mysql.ts:89 (Object.<anonymous>       ) 00000000-0000-0000-0000-000000000000 [] MySQL Connection has been established successfully.
2024-02-14T21:47:43.241+0900 LOG                  app.ts:65 (Server.<anonymous>       ) 00000000-0000-0000-0000-000000000000 [] [ v1.0.0, .env ] =========================================
2024-02-14T21:47:43.241+0900 LOG                  app.ts:67 (Server.<anonymous>       ) 00000000-0000-0000-0000-000000000000 [] ----------------------------------------------
2024-02-14T21:47:43.241+0900 LOG                  app.ts:68 (Server.<anonymous>       ) 00000000-0000-0000-0000-000000000000 [] 🚀 App listening on the port 3000
2024-02-14T21:47:43.242+0900 LOG                  app.ts:69 (Server.<anonymous>       ) 00000000-0000-0000-0000-000000000000 [] ==============================================
2024-02-14T21:47:45.354+0900 LOG                  app.ts:25 (getOrigins               ) 00000000-0000-0000-0000-000000000000 [] origins: ["http://localhost:3000","https://ics.dev.sisoul.kr"]
2024-02-14T21:47:45.389+0900 LOG                mysql.ts:89 (Object.<anonymous>       ) 00000000-0000-0000-0000-000000000000 [] MySQL Connection has been established successfully.
2024-02-14T21:47:45.389+0900 LOG                  app.ts:65 (Server.<anonymous>       ) 00000000-0000-0000-0000-000000000000 [] [ v1.0.0, .env ] =========================================
2024-02-14T21:47:45.390+0900 LOG                  app.ts:67 (Server.<anonymous>       ) 00000000-0000-0000-0000-000000000000 [] ----------------------------------------------
2024-02-14T21:47:45.390+0900 LOG                  app.ts:68 (Server.<anonymous>       ) 00000000-0000-0000-0000-000000000000 [] 🚀 App listening on the port 3000
2024-02-14T21:47:45.390+0900 LOG                  app.ts:69 (Server.<anonymous>       ) 00000000-0000-0000-0000-000000000000 [] ==============================================
2024-02-14T21:47:47.179+0900 LOG                  app.ts:25 (getOrigins               ) 00000000-0000-0000-0000-000000000000 [] origins: ["http://localhost:3000","https://ics.dev.sisoul.kr"]
2024-02-14T21:47:47.220+0900 LOG                mysql.ts:89 (Object.<anonymous>       ) 00000000-0000-0000-0000-000000000000 [] MySQL Connection has been established successfully.
2024-02-14T21:47:47.220+0900 LOG                  app.ts:65 (Server.<anonymous>       ) 00000000-0000-0000-0000-000000000000 [] [ v1.0.0, .env ] =========================================
2024-02-14T21:47:47.221+0900 LOG                  app.ts:67 (Server.<anonymous>       ) 00000000-0000-0000-0000-000000000000 [] ----------------------------------------------
2024-02-14T21:47:47.221+0900 LOG                  app.ts:68 (Server.<anonymous>       ) 00000000-0000-0000-0000-000000000000 [] 🚀 App listening on the port 3000
2024-02-14T21:47:47.221+0900 LOG                  app.ts:69 (Server.<anonymous>       ) 00000000-0000-0000-0000-000000000000 [] ==============================================
2024-02-14T21:47:49.791+0900 LOG                  app.ts:25 (getOrigins               ) 00000000-0000-0000-0000-000000000000 [] origins: ["http://localhost:3000","https://ics.dev.sisoul.kr"]
2024-02-14T21:47:49.827+0900 LOG                mysql.ts:89 (Object.<anonymous>       ) 00000000-0000-0000-0000-000000000000 [] MySQL Connection has been established successfully.
2024-02-14T21:47:49.828+0900 LOG                  app.ts:65 (Server.<anonymous>       ) 00000000-0000-0000-0000-000000000000 [] [ v1.0.0, .env ] =========================================
2024-02-14T21:47:49.828+0900 LOG                  app.ts:67 (Server.<anonymous>       ) 00000000-0000-0000-0000-000000000000 [] ----------------------------------------------
2024-02-14T21:47:49.828+0900 LOG                  app.ts:68 (Server.<anonymous>       ) 00000000-0000-0000-0000-000000000000 [] 🚀 App listening on the port 3000
2024-02-14T21:47:49.828+0900 LOG                  app.ts:69 (Server.<anonymous>       ) 00000000-0000-0000-0000-000000000000 [] ==============================================
2024-02-14T21:47:51.740+0900 LOG                  app.ts:25 (getOrigins               ) 00000000-0000-0000-0000-000000000000 [] origins: ["http://localhost:3000","https://ics.dev.sisoul.kr"]
2024-02-14T21:47:51.773+0900 LOG                mysql.ts:89 (Object.<anonymous>       ) 00000000-0000-0000-0000-000000000000 [] MySQL Connection has been established successfully.
2024-02-14T21:47:51.774+0900 LOG                  app.ts:65 (Server.<anonymous>       ) 00000000-0000-0000-0000-000000000000 [] [ v1.0.0, .env ] =========================================
2024-02-14T21:47:51.774+0900 LOG                  app.ts:67 (Server.<anonymous>       ) 00000000-0000-0000-0000-000000000000 [] ----------------------------------------------
2024-02-14T21:47:51.774+0900 LOG                  app.ts:68 (Server.<anonymous>       ) 00000000-0000-0000-0000-000000000000 [] 🚀 App listening on the port 3000
2024-02-14T21:47:51.775+0900 LOG                  app.ts:69 (Server.<anonymous>       ) 00000000-0000-0000-0000-000000000000 [] ==============================================
2024-02-14T21:48:04.450+0900 LOG                  app.ts:25 (getOrigins               ) 00000000-0000-0000-0000-000000000000 [] origins: ["http://localhost:3000","https://ics.dev.sisoul.kr"]
2024-02-14T21:48:04.507+0900 LOG                mysql.ts:89 (Object.<anonymous>       ) 00000000-0000-0000-0000-000000000000 [] MySQL Connection has been established successfully.
2024-02-14T21:48:04.508+0900 LOG                  app.ts:65 (Server.<anonymous>       ) 00000000-0000-0000-0000-000000000000 [] [ v1.0.0, .env ] =========================================
2024-02-14T21:48:04.508+0900 LOG                  app.ts:67 (Server.<anonymous>       ) 00000000-0000-0000-0000-000000000000 [] ----------------------------------------------
2024-02-14T21:48:04.508+0900 LOG                  app.ts:68 (Server.<anonymous>       ) 00000000-0000-0000-0000-000000000000 [] 🚀 App listening on the port 3000
2024-02-14T21:48:04.509+0900 LOG                  app.ts:69 (Server.<anonymous>       ) 00000000-0000-0000-0000-000000000000 [] ==============================================
2024-02-14T21:49:24.537+0900 LOG                  app.ts:25 (getOrigins               ) 00000000-0000-0000-0000-000000000000 [] origins: ["http://localhost:3000","https://ics.dev.sisoul.kr"]
2024-02-14T21:49:24.586+0900 LOG                mysql.ts:89 (Object.<anonymous>       ) 00000000-0000-0000-0000-000000000000 [] MySQL Connection has been established successfully.
2024-02-14T21:49:24.586+0900 LOG                  app.ts:65 (Server.<anonymous>       ) 00000000-0000-0000-0000-000000000000 [] [ v1.0.0, .env ] =========================================
2024-02-14T21:49:24.586+0900 LOG                  app.ts:67 (Server.<anonymous>       ) 00000000-0000-0000-0000-000000000000 [] ----------------------------------------------
2024-02-14T21:49:24.587+0900 LOG                  app.ts:68 (Server.<anonymous>       ) 00000000-0000-0000-0000-000000000000 [] 🚀 App listening on the port 3000
2024-02-14T21:49:24.587+0900 LOG                  app.ts:69 (Server.<anonymous>       ) 00000000-0000-0000-0000-000000000000 [] ==============================================
2024-02-14T21:51:32.373+0900 LOG                  app.ts:25 (getOrigins               ) 00000000-0000-0000-0000-000000000000 [] origins: ["http://localhost:3000","https://ics.dev.sisoul.kr"]
2024-02-14T21:51:32.482+0900 LOG                mysql.ts:89 (Object.<anonymous>       ) 00000000-0000-0000-0000-000000000000 [] MySQL Connection has been established successfully.
2024-02-14T21:51:32.483+0900 LOG                  app.ts:65 (Server.<anonymous>       ) 00000000-0000-0000-0000-000000000000 [] [ v1.0.0, .env ] =========================================
2024-02-14T21:51:32.483+0900 LOG                  app.ts:67 (Server.<anonymous>       ) 00000000-0000-0000-0000-000000000000 [] ----------------------------------------------
2024-02-14T21:51:32.483+0900 LOG                  app.ts:68 (Server.<anonymous>       ) 00000000-0000-0000-0000-000000000000 [] 🚀 App listening on the port 3000
2024-02-14T21:51:32.484+0900 LOG                  app.ts:69 (Server.<anonymous>       ) 00000000-0000-0000-0000-000000000000 [] ==============================================
2024-02-14T21:52:14.769+0900 LOG                  app.ts:25 (getOrigins               ) 00000000-0000-0000-0000-000000000000 [] origins: ["http://localhost:3000","https://ics.dev.sisoul.kr"]
2024-02-14T21:52:14.811+0900 LOG                mysql.ts:89 (Object.<anonymous>       ) 00000000-0000-0000-0000-000000000000 [] MySQL Connection has been established successfully.
2024-02-14T21:52:14.811+0900 LOG                  app.ts:65 (Server.<anonymous>       ) 00000000-0000-0000-0000-000000000000 [] [ v1.0.0, .env ] =========================================
2024-02-14T21:52:14.812+0900 LOG                  app.ts:67 (Server.<anonymous>       ) 00000000-0000-0000-0000-000000000000 [] ----------------------------------------------
2024-02-14T21:52:14.812+0900 LOG                  app.ts:68 (Server.<anonymous>       ) 00000000-0000-0000-0000-000000000000 [] 🚀 App listening on the port 3000
2024-02-14T21:52:14.812+0900 LOG                  app.ts:69 (Server.<anonymous>       ) 00000000-0000-0000-0000-000000000000 [] ==============================================
