2024-03-03T16:51:43.615+0900 SQL dcb118d0-d932-11ee-9f2f-8d1d481a7203 [] Executing (default): INSERT INTO `SerachedHotelData` (`id`,`site`,`hotelName`,`startDate`,`endDate`,`price`,`searchTime`) VALUES (DEFAULT,?,?,?,?,?,?);
2024-03-03T16:51:44.560+0900 SQL dcb118d0-d932-11ee-9f2f-8d1d481a7203 [] Executing (default): INSERT INTO `SerachedHotelData` (`id`,`site`,`hotelName`,`startDate`,`endDate`,`price`,`searchTime`) VALUES (DEFAULT,?,?,?,?,?,?);
2024-03-03T16:57:05.369+0900 SQL 9d352790-d933-11ee-a52b-47813b8d2391 [] Executing (default): INSERT INTO `SerachedHotelData` (`id`,`site`,`hotelName`,`startDate`,`endDate`,`price`,`searchTime`) VALUES (DEFAULT,?,?,?,?,?,?);
2024-03-03T16:57:07.189+0900 SQL 9d352790-d933-11ee-a52b-47813b8d2391 [] Executing (default): INSERT INTO `SerachedHotelData` (`id`,`site`,`hotelName`,`startDate`,`endDate`,`price`,`searchTime`) VALUES (DEFAULT,?,?,?,?,?,?);
2024-03-03T17:00:45.343+0900 SQL 1fa64060-d934-11ee-a5e7-f354c398828f [] Executing (default): INSERT INTO `SerachedHotelData` (`id`,`site`,`hotelName`,`startDate`,`endDate`,`price`,`searchTime`) VALUES (DEFAULT,?,?,?,?,?,?);
2024-03-03T17:00:45.752+0900 SQL 1fa64060-d934-11ee-a5e7-f354c398828f [] Executing (default): INSERT INTO `SerachedHotelData` (`id`,`site`,`hotelName`,`startDate`,`endDate`,`price`,`searchTime`) VALUES (DEFAULT,?,?,?,?,?,?);
2024-03-03T17:07:47.250+0900 SQL 1b4c1890-d935-11ee-81f6-e977fff89237 [] Executing (default): INSERT INTO `SerachedHotelData` (`id`,`site`,`hotelName`,`startDate`,`endDate`,`price`,`searchTime`) VALUES (DEFAULT,?,?,?,?,?,?);
2024-03-03T17:07:49.093+0900 SQL 1b4c1890-d935-11ee-81f6-e977fff89237 [] Executing (default): INSERT INTO `SerachedHotelData` (`id`,`site`,`hotelName`,`startDate`,`endDate`,`price`,`searchTime`) VALUES (DEFAULT,?,?,?,?,?,?);
2024-03-03T18:57:28.327+0900 SQL 71ab7690-d944-11ee-bef3-2be23d3f89a5 [] Executing (default): SELECT `price` FROM `SerachedHotelData` AS `HotelData` WHERE `HotelData`.`site` = 'agoda' AND `HotelData`.`hotelName` = '서울신라호텔' ORDER BY `HotelData`.`searchTime` DESC LIMIT 1;
2024-03-03T18:57:28.332+0900 SQL 71ab7690-d944-11ee-bef3-2be23d3f89a5 [] Executing (default): SELECT `price` FROM `SerachedHotelData` AS `HotelData` WHERE `HotelData`.`site` = 'yeogi' AND `HotelData`.`hotelName` = '서울신라호텔' ORDER BY `HotelData`.`searchTime` DESC LIMIT 1;
2024-03-03T18:57:40.025+0900 SQL 78a1feb0-d944-11ee-bef3-2be23d3f89a5 [] Executing (default): SELECT `price` FROM `SerachedHotelData` AS `HotelData` WHERE `HotelData`.`site` = 'agoda' AND `HotelData`.`hotelName` = '서울신라호텔' ORDER BY `HotelData`.`searchTime` DESC LIMIT 1;
2024-03-03T18:57:40.027+0900 SQL 78a1feb0-d944-11ee-bef3-2be23d3f89a5 [] Executing (default): SELECT `price` FROM `SerachedHotelData` AS `HotelData` WHERE `HotelData`.`site` = 'yeogi' AND `HotelData`.`hotelName` = '서울신라호텔' ORDER BY `HotelData`.`searchTime` DESC LIMIT 1;
2024-03-03T18:57:40.832+0900 SQL 792167e0-d944-11ee-bef3-2be23d3f89a5 [] Executing (default): SELECT `price` FROM `SerachedHotelData` AS `HotelData` WHERE `HotelData`.`site` = 'agoda' AND `HotelData`.`hotelName` = '서울신라호텔' ORDER BY `HotelData`.`searchTime` DESC LIMIT 1;
2024-03-03T18:57:40.832+0900 SQL 792167e0-d944-11ee-bef3-2be23d3f89a5 [] Executing (default): SELECT `price` FROM `SerachedHotelData` AS `HotelData` WHERE `HotelData`.`site` = 'yeogi' AND `HotelData`.`hotelName` = '서울신라호텔' ORDER BY `HotelData`.`searchTime` DESC LIMIT 1;
2024-03-03T19:03:23.500+0900 SQL 45601680-d945-11ee-bb9a-a1e8ef51112b [] Executing (default): SELECT `price` FROM `SerachedHotelData` AS `HotelData` WHERE `HotelData`.`site` = '서울신라호텔' AND `HotelData`.`hotelName` = 'agoda' ORDER BY `HotelData`.`searchTime` DESC LIMIT 1;
2024-03-03T19:03:23.513+0900 SQL 45601680-d945-11ee-bb9a-a1e8ef51112b [] Executing (default): SELECT `price` FROM `SerachedHotelData` AS `HotelData` WHERE `HotelData`.`site` = '서울신라호텔' AND `HotelData`.`hotelName` = 'yeogi' ORDER BY `HotelData`.`searchTime` DESC LIMIT 1;
2024-03-03T19:03:25.507+0900 SQL 4692a310-d945-11ee-bb9a-a1e8ef51112b [] Executing (default): SELECT `price` FROM `SerachedHotelData` AS `HotelData` WHERE `HotelData`.`site` = '서울신라호텔' AND `HotelData`.`hotelName` = 'agoda' ORDER BY `HotelData`.`searchTime` DESC LIMIT 1;
2024-03-03T19:03:25.508+0900 SQL 4692a310-d945-11ee-bb9a-a1e8ef51112b [] Executing (default): SELECT `price` FROM `SerachedHotelData` AS `HotelData` WHERE `HotelData`.`site` = '서울신라호텔' AND `HotelData`.`hotelName` = 'yeogi' ORDER BY `HotelData`.`searchTime` DESC LIMIT 1;
2024-03-03T19:04:01.915+0900 SQL 5c452430-d945-11ee-81ad-276ca87667fa [] Executing (default): SELECT `price` FROM `SerachedHotelData` AS `HotelData` WHERE `HotelData`.`site` = 'agoda' AND `HotelData`.`hotelName` = '서울신라호텔' ORDER BY `HotelData`.`searchTime` DESC LIMIT 1;
2024-03-03T19:04:01.927+0900 SQL 5c452430-d945-11ee-81ad-276ca87667fa [] Executing (default): SELECT `price` FROM `SerachedHotelData` AS `HotelData` WHERE `HotelData`.`site` = 'yeogi' AND `HotelData`.`hotelName` = '서울신라호텔' ORDER BY `HotelData`.`searchTime` DESC LIMIT 1;
2024-03-03T19:08:19.944+0900 SQL f60f6940-d945-11ee-b3a7-a1f561735daa [] Executing (default): SELECT `price` FROM `SerachedHotelData` AS `HotelData` WHERE `HotelData`.`site` = 'agoda' AND `HotelData`.`hotelName` = '서울신라호텔' ORDER BY `HotelData`.`searchTime` DESC LIMIT 1;
2024-03-03T19:08:19.968+0900 SQL f60f6940-d945-11ee-b3a7-a1f561735daa [] Executing (default): SELECT `price` FROM `SerachedHotelData` AS `HotelData` WHERE `HotelData`.`site` = 'yeogi' AND `HotelData`.`hotelName` = '서울신라호텔' ORDER BY `HotelData`.`searchTime` DESC LIMIT 1;
2024-03-03T19:10:02.815+0900 SQL 3361f560-d946-11ee-b76f-7d80979a44bc [] Executing (default): SELECT `price` FROM `SerachedHotelData` AS `HotelData` WHERE `HotelData`.`site` = 'agoda' AND `HotelData`.`hotelName` = '서울신라호텔' ORDER BY `HotelData`.`searchTime` DESC LIMIT 1;
2024-03-03T19:10:02.834+0900 SQL 3361f560-d946-11ee-b76f-7d80979a44bc [] Executing (default): SELECT `price` FROM `SerachedHotelData` AS `HotelData` WHERE `HotelData`.`site` = 'yeogi' AND `HotelData`.`hotelName` = '서울신라호텔' ORDER BY `HotelData`.`searchTime` DESC LIMIT 1;
2024-03-03T19:10:23.954+0900 SQL 3ff78bf0-d946-11ee-b76f-7d80979a44bc [] Executing (default): SELECT `price` FROM `SerachedHotelData` AS `HotelData` WHERE `HotelData`.`site` = 'yeogi' AND `HotelData`.`hotelName` = '서울신라호텔' ORDER BY `HotelData`.`searchTime` DESC LIMIT 1;
2024-03-03T19:10:23.956+0900 SQL 3ff78bf0-d946-11ee-b76f-7d80979a44bc [] Executing (default): SELECT `price` FROM `SerachedHotelData` AS `HotelData` WHERE `HotelData`.`site` = 'agoda' AND `HotelData`.`hotelName` = '서울신라호텔' ORDER BY `HotelData`.`searchTime` DESC LIMIT 1;
2024-03-03T19:10:24.613+0900 SQL 4060fc20-d946-11ee-b76f-7d80979a44bc [] Executing (default): SELECT `price` FROM `SerachedHotelData` AS `HotelData` WHERE `HotelData`.`site` = 'yeogi' AND `HotelData`.`hotelName` = '서울신라호텔' ORDER BY `HotelData`.`searchTime` DESC LIMIT 1;
2024-03-03T19:10:24.613+0900 SQL 4060fc20-d946-11ee-b76f-7d80979a44bc [] Executing (default): SELECT `price` FROM `SerachedHotelData` AS `HotelData` WHERE `HotelData`.`site` = 'agoda' AND `HotelData`.`hotelName` = '서울신라호텔' ORDER BY `HotelData`.`searchTime` DESC LIMIT 1;
2024-03-03T19:14:04.929+0900 SQL c3b214b0-d946-11ee-8188-f726176f5f0d [] Executing (default): SELECT `price` FROM `SerachedHotelData` AS `HotelData` WHERE `HotelData`.`site` = '서울신라호텔' AND `HotelData`.`hotelName` = 'yeogi' ORDER BY `HotelData`.`searchTime` DESC LIMIT 1;
2024-03-03T19:14:04.936+0900 SQL c3b214b0-d946-11ee-8188-f726176f5f0d [] Executing (default): SELECT `price` FROM `SerachedHotelData` AS `HotelData` WHERE `HotelData`.`site` = '서울신라호텔' AND `HotelData`.`hotelName` = 'agoda' ORDER BY `HotelData`.`searchTime` DESC LIMIT 1;
2024-03-03T19:14:05.793+0900 SQL c43638d0-d946-11ee-8188-f726176f5f0d [] Executing (default): SELECT `price` FROM `SerachedHotelData` AS `HotelData` WHERE `HotelData`.`site` = '서울신라호텔' AND `HotelData`.`hotelName` = 'yeogi' ORDER BY `HotelData`.`searchTime` DESC LIMIT 1;
2024-03-03T19:14:05.793+0900 SQL c43638d0-d946-11ee-8188-f726176f5f0d [] Executing (default): SELECT `price` FROM `SerachedHotelData` AS `HotelData` WHERE `HotelData`.`site` = '서울신라호텔' AND `HotelData`.`hotelName` = 'agoda' ORDER BY `HotelData`.`searchTime` DESC LIMIT 1;
2024-03-03T19:14:06.467+0900 SQL c49d5f10-d946-11ee-8188-f726176f5f0d [] Executing (default): SELECT `price` FROM `SerachedHotelData` AS `HotelData` WHERE `HotelData`.`site` = '서울신라호텔' AND `HotelData`.`hotelName` = 'yeogi' ORDER BY `HotelData`.`searchTime` DESC LIMIT 1;
2024-03-03T19:14:06.467+0900 SQL c49d5f10-d946-11ee-8188-f726176f5f0d [] Executing (default): SELECT `price` FROM `SerachedHotelData` AS `HotelData` WHERE `HotelData`.`site` = '서울신라호텔' AND `HotelData`.`hotelName` = 'agoda' ORDER BY `HotelData`.`searchTime` DESC LIMIT 1;
2024-03-03T19:16:55.149+0900 SQL 2927e590-d947-11ee-b602-89325f28aa34 [] Executing (default): SELECT `id`, `site`, `hotelName`, `startDate`, `endDate`, `price`, `searchTime` FROM `SerachedHotelData` AS `HotelData` WHERE `HotelData`.`site` = 'yeogi' AND `HotelData`.`hotelName` = '서울신라호텔' ORDER BY `HotelData`.`searchTime` DESC LIMIT 1;
2024-03-03T19:16:55.283+0900 SQL 2927e590-d947-11ee-b602-89325f28aa34 [] Executing (default): SELECT `id`, `site`, `hotelName`, `startDate`, `endDate`, `price`, `searchTime` FROM `SerachedHotelData` AS `HotelData` WHERE `HotelData`.`site` = 'agoda' AND `HotelData`.`hotelName` = '서울신라호텔' ORDER BY `HotelData`.`searchTime` DESC LIMIT 1;
2024-03-03T19:18:24.036+0900 SQL 5e22abe0-d947-11ee-9d10-77727a7970dd [] Executing (default): SELECT `id`, `site`, `hotelName`, `startDate`, `endDate`, `price`, `searchTime` FROM `SerachedHotelData` AS `HotelData` WHERE `HotelData`.`site` = 'yeogi' AND `HotelData`.`hotelName` = '서울신라호텔' ORDER BY `HotelData`.`searchTime` DESC LIMIT 1;
2024-03-03T19:18:24.042+0900 SQL 5e22abe0-d947-11ee-9d10-77727a7970dd [] Executing (default): SELECT `id`, `site`, `hotelName`, `startDate`, `endDate`, `price`, `searchTime` FROM `SerachedHotelData` AS `HotelData` WHERE `HotelData`.`site` = 'agoda' AND `HotelData`.`hotelName` = '서울신라호텔' ORDER BY `HotelData`.`searchTime` DESC LIMIT 1;
2024-03-03T19:19:03.859+0900 SQL 75d98880-d947-11ee-9d10-77727a7970dd [] Executing (default): SELECT `id`, `site`, `hotelName`, `startDate`, `endDate`, `price`, `searchTime` FROM `SerachedHotelData` AS `HotelData` WHERE `HotelData`.`site` = 'agoda' AND `HotelData`.`hotelName` = '서울신라호텔' ORDER BY `HotelData`.`searchTime` DESC LIMIT 1;
2024-03-03T19:19:03.860+0900 SQL 75d98880-d947-11ee-9d10-77727a7970dd [] Executing (default): SELECT `id`, `site`, `hotelName`, `startDate`, `endDate`, `price`, `searchTime` FROM `SerachedHotelData` AS `HotelData` WHERE `HotelData`.`site` = 'yeogi' AND `HotelData`.`hotelName` = '서울신라호텔' ORDER BY `HotelData`.`searchTime` DESC LIMIT 1;
2024-03-03T19:19:11.787+0900 SQL 7a995a80-d947-11ee-9d10-77727a7970dd [] Executing (default): SELECT `id`, `site`, `hotelName`, `startDate`, `endDate`, `price`, `searchTime` FROM `SerachedHotelData` AS `HotelData` WHERE `HotelData`.`site` = 'yeogi' AND `HotelData`.`hotelName` = '서울신라호텔' ORDER BY `HotelData`.`searchTime` DESC LIMIT 1;
2024-03-03T19:19:11.788+0900 SQL 7a995a80-d947-11ee-9d10-77727a7970dd [] Executing (default): SELECT `id`, `site`, `hotelName`, `startDate`, `endDate`, `price`, `searchTime` FROM `SerachedHotelData` AS `HotelData` WHERE `HotelData`.`site` = 'agoda' AND `HotelData`.`hotelName` = '서울신라호텔' ORDER BY `HotelData`.`searchTime` DESC LIMIT 1;
2024-03-03T19:20:52.068+0900 SQL b2fcc740-d947-11ee-9b37-cbdf0f94df48 [] Executing (default): INSERT INTO `SerachedHotelData` (`id`,`site`,`hotelName`,`startDate`,`endDate`,`price`,`searchTime`) VALUES (DEFAULT,?,?,?,?,?,?);
2024-03-03T19:20:53.945+0900 SQL b2fcc740-d947-11ee-9b37-cbdf0f94df48 [] Executing (default): INSERT INTO `SerachedHotelData` (`id`,`site`,`hotelName`,`startDate`,`endDate`,`price`,`searchTime`) VALUES (DEFAULT,?,?,?,?,?,?);
2024-03-03T19:21:01.186+0900 SQL bbca0b30-d947-11ee-9b37-cbdf0f94df48 [] Executing (default): SELECT `id`, `site`, `hotelName`, `startDate`, `endDate`, `price`, `searchTime` FROM `SerachedHotelData` AS `HotelData` WHERE `HotelData`.`site` = 'yeogi' AND `HotelData`.`hotelName` = '서울신라호텔' ORDER BY `HotelData`.`searchTime` DESC LIMIT 1;
2024-03-03T19:21:01.187+0900 SQL bbca0b30-d947-11ee-9b37-cbdf0f94df48 [] Executing (default): SELECT `id`, `site`, `hotelName`, `startDate`, `endDate`, `price`, `searchTime` FROM `SerachedHotelData` AS `HotelData` WHERE `HotelData`.`site` = 'agoda' AND `HotelData`.`hotelName` = '서울신라호텔' ORDER BY `HotelData`.`searchTime` DESC LIMIT 1;
2024-03-03T19:29:29.072+0900 SQL ea85bd10-d948-11ee-95bf-c1ffb0950273 [] Executing (default): SELECT `id`, `site`, `hotelName`, `startDate`, `endDate`, `price`, `searchTime` FROM `SerachedHotelData` AS `HotelData` WHERE `HotelData`.`site` = ':yeogi' AND `HotelData`.`hotelName` = '서울신라호텔' ORDER BY `HotelData`.`searchTime` DESC LIMIT 1;
2024-03-03T19:29:29.083+0900 SQL ea85bd10-d948-11ee-95bf-c1ffb0950273 [] Executing (default): SELECT `id`, `site`, `hotelName`, `startDate`, `endDate`, `price`, `searchTime` FROM `SerachedHotelData` AS `HotelData` WHERE `HotelData`.`site` = 'agoda' AND `HotelData`.`hotelName` = '서울신라호텔' ORDER BY `HotelData`.`searchTime` DESC LIMIT 1;
2024-03-03T19:29:42.448+0900 SQL f27ec110-d948-11ee-95bf-c1ffb0950273 [] Executing (default): SELECT `id`, `site`, `hotelName`, `startDate`, `endDate`, `price`, `searchTime` FROM `SerachedHotelData` AS `HotelData` WHERE `HotelData`.`site` = 'yeogi' AND `HotelData`.`hotelName` = '서울신라호텔' ORDER BY `HotelData`.`searchTime` DESC LIMIT 1;
2024-03-03T19:29:42.450+0900 SQL f27ec110-d948-11ee-95bf-c1ffb0950273 [] Executing (default): SELECT `id`, `site`, `hotelName`, `startDate`, `endDate`, `price`, `searchTime` FROM `SerachedHotelData` AS `HotelData` WHERE `HotelData`.`site` = 'agoda' AND `HotelData`.`hotelName` = '서울신라호텔' ORDER BY `HotelData`.`searchTime` DESC LIMIT 1;
2024-03-03T19:33:51.573+0900 SQL 86fd20c0-d949-11ee-a6dd-41be9f28c448 [] Executing (default): SELECT `id`, `site`, `hotelName`, `startDate`, `endDate`, `price`, `searchTime` FROM `SerachedHotelData` AS `HotelData` WHERE `HotelData`.`site` = 'yeogi' AND `HotelData`.`hotelName` = '서울신라호텔' ORDER BY `HotelData`.`searchTime` DESC LIMIT 1;
2024-03-03T19:33:51.584+0900 SQL 86fd20c0-d949-11ee-a6dd-41be9f28c448 [] Executing (default): SELECT `id`, `site`, `hotelName`, `startDate`, `endDate`, `price`, `searchTime` FROM `SerachedHotelData` AS `HotelData` WHERE `HotelData`.`site` = 'agoda' AND `HotelData`.`hotelName` = '서울신라호텔' ORDER BY `HotelData`.`searchTime` DESC LIMIT 1;
