2024-03-12T21:51:20.756+0900 SQL 3992fcb0-e06f-11ee-9363-f9c8ac9b056e [] Executing (default): SELECT `id`, `site`, `hotelName`, `startDate`, `endDate`, `price`, `searchTime` FROM `SerachedHotelData` AS `HotelData` WHERE `HotelData`.`site` = 'yeogi' AND `HotelData`.`hotelName` = '서울신라호텔' ORDER BY `HotelData`.`searchTime` DESC LIMIT 1;
2024-03-12T21:51:20.762+0900 SQL 3992fcb0-e06f-11ee-9363-f9c8ac9b056e [] Executing (default): SELECT `id`, `site`, `hotelName`, `startDate`, `endDate`, `price`, `searchTime` FROM `SerachedHotelData` AS `HotelData` WHERE `HotelData`.`site` = 'agoda' AND `HotelData`.`hotelName` = '서울신라호텔' ORDER BY `HotelData`.`searchTime` DESC LIMIT 1;
2024-03-12T21:51:27.067+0900 SQL 3992fcb0-e06f-11ee-9363-f9c8ac9b056e [] Executing (default): INSERT INTO `SerachedHotelData` (`id`,`site`,`hotelName`,`startDate`,`endDate`,`price`,`searchTime`) VALUES (DEFAULT,?,?,?,?,?,?);
2024-03-12T21:51:30.058+0900 SQL 3992fcb0-e06f-11ee-9363-f9c8ac9b056e [] Executing (default): INSERT INTO `SerachedHotelData` (`id`,`site`,`hotelName`,`startDate`,`endDate`,`price`,`searchTime`) VALUES (DEFAULT,?,?,?,?,?,?);
2024-03-12T21:52:11.101+0900 SQL 53cc3e70-e06f-11ee-9ea6-7142a2ec74ba [] Executing (default): INSERT INTO `SerachedHotelData` (`id`,`site`,`hotelName`,`startDate`,`endDate`,`price`,`searchTime`) VALUES (DEFAULT,?,?,?,?,?,?);
2024-03-12T21:52:12.986+0900 SQL 53cc3e70-e06f-11ee-9ea6-7142a2ec74ba [] Executing (default): INSERT INTO `SerachedHotelData` (`id`,`site`,`hotelName`,`startDate`,`endDate`,`price`,`searchTime`) VALUES (DEFAULT,?,?,?,?,?,?);
2024-03-12T21:52:13.057+0900 SQL 53cc3e70-e06f-11ee-9ea6-7142a2ec74ba [] Executing (default): SELECT `id`, `site`, `hotelName`, `startDate`, `endDate`, `price`, `searchTime` FROM `SerachedHotelData` AS `HotelData` WHERE `HotelData`.`site` = 'yeogi' AND `HotelData`.`hotelName` = '서울신라호텔' ORDER BY `HotelData`.`searchTime` DESC LIMIT 1;
2024-03-12T21:52:13.102+0900 SQL 53cc3e70-e06f-11ee-9ea6-7142a2ec74ba [] Executing (default): SELECT `id`, `site`, `hotelName`, `startDate`, `endDate`, `price`, `searchTime` FROM `SerachedHotelData` AS `HotelData` WHERE `HotelData`.`site` = 'agoda' AND `HotelData`.`hotelName` = '서울신라호텔' ORDER BY `HotelData`.`searchTime` DESC LIMIT 1;
2024-03-12T21:53:03.508+0900 SQL 76d8b790-e06f-11ee-a4b4-e7782cea3c10 [] Executing (default): SELECT `id`, `site`, `hotelName`, `startDate`, `endDate`, `price`, `searchTime` FROM `SerachedHotelData` AS `HotelData` WHERE `HotelData`.`site` = 'yeogi' AND `HotelData`.`hotelName` = '서울신라호텔' ORDER BY `HotelData`.`searchTime` DESC LIMIT 1;
2024-03-12T21:53:03.520+0900 SQL 76d8b790-e06f-11ee-a4b4-e7782cea3c10 [] Executing (default): SELECT `id`, `site`, `hotelName`, `startDate`, `endDate`, `price`, `searchTime` FROM `SerachedHotelData` AS `HotelData` WHERE `HotelData`.`site` = 'agoda' AND `HotelData`.`hotelName` = '서울신라호텔' ORDER BY `HotelData`.`searchTime` DESC LIMIT 1;
2024-03-12T21:53:13.602+0900 SQL 76d8b790-e06f-11ee-a4b4-e7782cea3c10 [] Executing (default): INSERT INTO `SerachedHotelData` (`id`,`site`,`hotelName`,`startDate`,`endDate`,`price`,`searchTime`) VALUES (DEFAULT,?,?,?,?,?,?);
2024-03-12T21:53:21.493+0900 SQL 76d8b790-e06f-11ee-a4b4-e7782cea3c10 [] Executing (default): INSERT INTO `SerachedHotelData` (`id`,`site`,`hotelName`,`startDate`,`endDate`,`price`,`searchTime`) VALUES (DEFAULT,?,?,?,?,?,?);
2024-03-12T21:58:37.838+0900 SQL 3e192ba0-e070-11ee-9192-adcb9908e611 [] Executing (default): SELECT `id`, `site`, `hotelName`, `startDate`, `endDate`, `price`, `searchTime` FROM `SerachedHotelData` AS `HotelData` WHERE `HotelData`.`site` = 'yeogi' AND `HotelData`.`hotelName` = '서울신라호텔' ORDER BY `HotelData`.`searchTime` DESC LIMIT 1;
2024-03-12T21:58:37.859+0900 SQL 3e192ba0-e070-11ee-9192-adcb9908e611 [] Executing (default): SELECT `id`, `site`, `hotelName`, `startDate`, `endDate`, `price`, `searchTime` FROM `SerachedHotelData` AS `HotelData` WHERE `HotelData`.`site` = 'agoda' AND `HotelData`.`hotelName` = '서울신라호텔' ORDER BY `HotelData`.`searchTime` DESC LIMIT 1;
2024-03-12T21:58:46.733+0900 SQL 3e192ba0-e070-11ee-9192-adcb9908e611 [] Executing (default): INSERT INTO `SerachedHotelData` (`id`,`site`,`hotelName`,`startDate`,`endDate`,`price`,`searchTime`) VALUES (DEFAULT,?,?,?,?,?,?);
2024-03-12T21:58:46.736+0900 SQL 3e192ba0-e070-11ee-9192-adcb9908e611 [] Executing (default): INSERT INTO `SerachedHotelData` (`id`,`site`,`hotelName`,`startDate`,`endDate`,`price`,`searchTime`) VALUES (DEFAULT,?,?,?,?,?,?);
2024-03-12T21:59:57.809+0900 SQL 6daa7270-e070-11ee-9192-adcb9908e611 [] Executing (default): SELECT `id`, `site`, `hotelName`, `startDate`, `endDate`, `price`, `searchTime` FROM `SerachedHotelData` AS `HotelData` WHERE `HotelData`.`site` = 'yeogi' AND `HotelData`.`hotelName` = '서울신라호텔' ORDER BY `HotelData`.`searchTime` DESC LIMIT 1;
2024-03-12T21:59:57.812+0900 SQL 6daa7270-e070-11ee-9192-adcb9908e611 [] Executing (default): SELECT `id`, `site`, `hotelName`, `startDate`, `endDate`, `price`, `searchTime` FROM `SerachedHotelData` AS `HotelData` WHERE `HotelData`.`site` = 'agoda' AND `HotelData`.`hotelName` = '서울신라호텔' ORDER BY `HotelData`.`searchTime` DESC LIMIT 1;
2024-03-12T22:00:03.710+0900 SQL 6daa7270-e070-11ee-9192-adcb9908e611 [] Executing (default): INSERT INTO `SerachedHotelData` (`id`,`site`,`hotelName`,`startDate`,`endDate`,`price`,`searchTime`) VALUES (DEFAULT,?,?,?,?,?,?);
2024-03-12T22:00:06.611+0900 SQL 6daa7270-e070-11ee-9192-adcb9908e611 [] Executing (default): INSERT INTO `SerachedHotelData` (`id`,`site`,`hotelName`,`startDate`,`endDate`,`price`,`searchTime`) VALUES (DEFAULT,?,?,?,?,?,?);
2024-03-12T22:00:28.495+0900 SQL 7fd3ccd0-e070-11ee-9192-adcb9908e611 [] Executing (default): SELECT `id`, `site`, `hotelName`, `startDate`, `endDate`, `price`, `searchTime` FROM `SerachedHotelData` AS `HotelData` WHERE `HotelData`.`site` = 'yeogi' AND `HotelData`.`hotelName` = '서울신라호텔' ORDER BY `HotelData`.`searchTime` DESC LIMIT 1;
2024-03-12T22:00:28.499+0900 SQL 7fd3ccd0-e070-11ee-9192-adcb9908e611 [] Executing (default): SELECT `id`, `site`, `hotelName`, `startDate`, `endDate`, `price`, `searchTime` FROM `SerachedHotelData` AS `HotelData` WHERE `HotelData`.`site` = 'agoda' AND `HotelData`.`hotelName` = '서울신라호텔' ORDER BY `HotelData`.`searchTime` DESC LIMIT 1;
2024-03-12T22:00:33.565+0900 SQL 7fd3ccd0-e070-11ee-9192-adcb9908e611 [] Executing (default): INSERT INTO `SerachedHotelData` (`id`,`site`,`hotelName`,`startDate`,`endDate`,`price`,`searchTime`) VALUES (DEFAULT,?,?,?,?,?,?);
2024-03-12T22:00:36.793+0900 SQL 7fd3ccd0-e070-11ee-9192-adcb9908e611 [] Executing (default): INSERT INTO `SerachedHotelData` (`id`,`site`,`hotelName`,`startDate`,`endDate`,`price`,`searchTime`) VALUES (DEFAULT,?,?,?,?,?,?);
2024-03-12T22:03:20.482+0900 SQL e6269030-e070-11ee-9192-adcb9908e611 [] Executing (default): SELECT `id`, `site`, `hotelName`, `startDate`, `endDate`, `price`, `searchTime` FROM `SerachedHotelData` AS `HotelData` WHERE `HotelData`.`site` = 'yeogi' AND `HotelData`.`hotelName` = '시그니엘서울' ORDER BY `HotelData`.`searchTime` DESC LIMIT 1;
2024-03-12T22:03:20.485+0900 SQL e6269030-e070-11ee-9192-adcb9908e611 [] Executing (default): SELECT `id`, `site`, `hotelName`, `startDate`, `endDate`, `price`, `searchTime` FROM `SerachedHotelData` AS `HotelData` WHERE `HotelData`.`site` = 'agoda' AND `HotelData`.`hotelName` = '시그니엘서울' ORDER BY `HotelData`.`searchTime` DESC LIMIT 1;
2024-03-12T22:03:26.388+0900 SQL e6269030-e070-11ee-9192-adcb9908e611 [] Executing (default): INSERT INTO `SerachedHotelData` (`id`,`site`,`hotelName`,`startDate`,`endDate`,`price`,`searchTime`) VALUES (DEFAULT,?,?,?,?,?,?);
2024-03-12T22:04:06.658+0900 SQL 021aef70-e071-11ee-bd0a-4b9ea38c757f [] Executing (default): SELECT `id`, `site`, `hotelName`, `startDate`, `endDate`, `price`, `searchTime` FROM `SerachedHotelData` AS `HotelData` WHERE `HotelData`.`site` = 'yeogi' AND `HotelData`.`hotelName` = '시그니엘서울' ORDER BY `HotelData`.`searchTime` DESC LIMIT 1;
2024-03-12T22:04:06.679+0900 SQL 021aef70-e071-11ee-bd0a-4b9ea38c757f [] Executing (default): SELECT `id`, `site`, `hotelName`, `startDate`, `endDate`, `price`, `searchTime` FROM `SerachedHotelData` AS `HotelData` WHERE `HotelData`.`site` = 'agoda' AND `HotelData`.`hotelName` = '시그니엘서울' ORDER BY `HotelData`.`searchTime` DESC LIMIT 1;
2024-03-12T22:04:11.457+0900 SQL 021aef70-e071-11ee-bd0a-4b9ea38c757f [] Executing (default): INSERT INTO `SerachedHotelData` (`id`,`site`,`hotelName`,`startDate`,`endDate`,`price`,`searchTime`) VALUES (DEFAULT,?,?,?,?,?,?);
2024-03-12T22:04:51.600+0900 SQL 1cda5120-e071-11ee-bd0a-4b9ea38c757f [] Executing (default): SELECT `id`, `site`, `hotelName`, `startDate`, `endDate`, `price`, `searchTime` FROM `SerachedHotelData` AS `HotelData` WHERE `HotelData`.`site` = 'yeogi' AND `HotelData`.`hotelName` = '서울 시그니엘' ORDER BY `HotelData`.`searchTime` DESC LIMIT 1;
2024-03-12T22:04:51.600+0900 SQL 1cda5120-e071-11ee-bd0a-4b9ea38c757f [] Executing (default): SELECT `id`, `site`, `hotelName`, `startDate`, `endDate`, `price`, `searchTime` FROM `SerachedHotelData` AS `HotelData` WHERE `HotelData`.`site` = 'agoda' AND `HotelData`.`hotelName` = '서울 시그니엘' ORDER BY `HotelData`.`searchTime` DESC LIMIT 1;
2024-03-12T22:05:06.583+0900 SQL 1cda5120-e071-11ee-bd0a-4b9ea38c757f [] Executing (default): INSERT INTO `SerachedHotelData` (`id`,`site`,`hotelName`,`startDate`,`endDate`,`price`,`searchTime`) VALUES (DEFAULT,?,?,?,?,?,?);
2024-03-12T22:05:14.578+0900 SQL 2a90e810-e071-11ee-bd0a-4b9ea38c757f [] Executing (default): SELECT `id`, `site`, `hotelName`, `startDate`, `endDate`, `price`, `searchTime` FROM `SerachedHotelData` AS `HotelData` WHERE `HotelData`.`site` = 'yeogi' AND `HotelData`.`hotelName` = '신라호텔' ORDER BY `HotelData`.`searchTime` DESC LIMIT 1;
2024-03-12T22:05:14.579+0900 SQL 2a90e810-e071-11ee-bd0a-4b9ea38c757f [] Executing (default): SELECT `id`, `site`, `hotelName`, `startDate`, `endDate`, `price`, `searchTime` FROM `SerachedHotelData` AS `HotelData` WHERE `HotelData`.`site` = 'agoda' AND `HotelData`.`hotelName` = '신라호텔' ORDER BY `HotelData`.`searchTime` DESC LIMIT 1;
2024-03-12T22:05:19.348+0900 SQL 2a90e810-e071-11ee-bd0a-4b9ea38c757f [] Executing (default): INSERT INTO `SerachedHotelData` (`id`,`site`,`hotelName`,`startDate`,`endDate`,`price`,`searchTime`) VALUES (DEFAULT,?,?,?,?,?,?);
2024-03-12T22:05:39.715+0900 SQL 39911600-e071-11ee-bd0a-4b9ea38c757f [] Executing (default): SELECT `id`, `site`, `hotelName`, `startDate`, `endDate`, `price`, `searchTime` FROM `SerachedHotelData` AS `HotelData` WHERE `HotelData`.`site` = 'yeogi' AND `HotelData`.`hotelName` = '서울신라호텔' ORDER BY `HotelData`.`searchTime` DESC LIMIT 1;
2024-03-12T22:05:39.720+0900 SQL 39911600-e071-11ee-bd0a-4b9ea38c757f [] Executing (default): SELECT `id`, `site`, `hotelName`, `startDate`, `endDate`, `price`, `searchTime` FROM `SerachedHotelData` AS `HotelData` WHERE `HotelData`.`site` = 'agoda' AND `HotelData`.`hotelName` = '서울신라호텔' ORDER BY `HotelData`.`searchTime` DESC LIMIT 1;
2024-03-12T22:05:48.453+0900 SQL 39911600-e071-11ee-bd0a-4b9ea38c757f [] Executing (default): INSERT INTO `SerachedHotelData` (`id`,`site`,`hotelName`,`startDate`,`endDate`,`price`,`searchTime`) VALUES (DEFAULT,?,?,?,?,?,?);
2024-03-12T22:05:54.571+0900 SQL 39911600-e071-11ee-bd0a-4b9ea38c757f [] Executing (default): INSERT INTO `SerachedHotelData` (`id`,`site`,`hotelName`,`startDate`,`endDate`,`price`,`searchTime`) VALUES (DEFAULT,?,?,?,?,?,?);
2024-03-12T22:08:11.023+0900 SQL 93c08ca0-e071-11ee-a2bd-f966dc83721c [] Executing (default): SELECT `id`, `site`, `hotelName`, `startDate`, `endDate`, `price`, `searchTime` FROM `SerachedHotelData` AS `HotelData` WHERE `HotelData`.`site` = 'yeogi' AND `HotelData`.`hotelName` = '서울신라호텔' ORDER BY `HotelData`.`searchTime` DESC LIMIT 1;
2024-03-12T22:08:11.043+0900 SQL 93c08ca0-e071-11ee-a2bd-f966dc83721c [] Executing (default): SELECT `id`, `site`, `hotelName`, `startDate`, `endDate`, `price`, `searchTime` FROM `SerachedHotelData` AS `HotelData` WHERE `HotelData`.`site` = 'agoda' AND `HotelData`.`hotelName` = '서울신라호텔' ORDER BY `HotelData`.`searchTime` DESC LIMIT 1;
2024-03-12T22:08:16.062+0900 SQL 93c08ca0-e071-11ee-a2bd-f966dc83721c [] Executing (default): INSERT INTO `SerachedHotelData` (`id`,`site`,`hotelName`,`startDate`,`endDate`,`price`,`searchTime`) VALUES (DEFAULT,?,?,?,?,?,?);
2024-03-12T22:08:18.217+0900 SQL 93c08ca0-e071-11ee-a2bd-f966dc83721c [] Executing (default): INSERT INTO `SerachedHotelData` (`id`,`site`,`hotelName`,`startDate`,`endDate`,`price`,`searchTime`) VALUES (DEFAULT,?,?,?,?,?,?);
